#
# There is insufficient memory for the Java Runtime Environment to continue.
# Native memory allocation (malloc) failed to allocate 620016 bytes. Error detail: Chunk::new
# Possible reasons:
#   The system is out of physical RAM or swap space
#   This process is running with CompressedOops enabled, and the Java Heap may be blocking the growth of the native heap
# Possible solutions:
#   Reduce memory load on the system
#   Increase physical memory or swap space
#   Check if swap backing store is full
#   Decrease Java heap size (-Xmx/-Xms)
#   Decrease number of Java threads
#   Decrease Java thread stack sizes (-Xss)
#   Set larger code cache with -XX:ReservedCodeCacheSize=
#   JVM is running with Unscaled Compressed Oops mode in which the Java heap is
#     placed in the first 4GB address space. The Java Heap base address is the
#     maximum limit for the native heap growth. Please use -XX:HeapBaseMinAddress
#     to set the Java Heap base and to place the Java Heap above 4GB virtual address.
# This output file may be truncated or incomplete.
#
#  Out of Memory Error (arena.cpp:191), pid=23360, tid=18688
#
# JRE version: OpenJDK Runtime Environment Temurin-17.0.11+9 (17.0.11+9) (build 17.0.11+9)
# Java VM: OpenJDK 64-Bit Server VM Temurin-17.0.11+9 (17.0.11+9, mixed mode, tiered, compressed oops, compressed class ptrs, parallel gc, windows-amd64)
# No core dump will be written. Minidumps are not enabled by default on client versions of Windows
#

---------------  S U M M A R Y ------------

Command Line: --add-modules=ALL-SYSTEM --add-opens=java.base/java.util=ALL-UNNAMED --add-opens=java.base/java.lang=ALL-UNNAMED --add-opens=java.base/sun.nio.fs=ALL-UNNAMED -Declipse.application=org.eclipse.jdt.ls.core.id1 -Dosgi.bundles.defaultStartLevel=4 -Declipse.product=org.eclipse.jdt.ls.core.product -Djava.import.generatesMetadataFilesAtProjectRoot=false -DDetectVMInstallationsJob.disabled=true -Dfile.encoding=utf8 -XX:+UseParallelGC -XX:GCTimeRatio=4 -XX:AdaptiveSizePolicyWeight=90 -Dsun.zip.disableMemoryMapping=true -Xmx1G -Xms100m -Xlog:disable -javaagent:c:\Users\55119\.vscode\extensions\redhat.java-1.33.0-win32-x64\lombok\lombok-1.18.33.jar -XX:+HeapDumpOnOutOfMemoryError -XX:HeapDumpPath=c:\Users\55119\AppData\Roaming\Code\User\workspaceStorage\ed399de286a856b5668f17e944be6a14\redhat.java -Daether.dependencyCollector.impl=bf c:\Users\55119\.vscode\extensions\redhat.java-1.33.0-win32-x64\server\plugins\org.eclipse.equinox.launcher_1.6.900.v20240613-2009.jar -configuration c:\Users\55119\AppData\Roaming\Code\User\globalStorage\redhat.java\1.33.0\config_win -data c:\Users\55119\AppData\Roaming\Code\User\workspaceStorage\ed399de286a856b5668f17e944be6a14\redhat.java\jdt_ws --pipe=\\.\pipe\lsp-20a66f8f039871729ea399afc7451f2a-sock

Host: 11th Gen Intel(R) Core(TM) i3-1115G4 @ 3.00GHz, 4 cores, 3G,  Windows 11 , 64 bit Build 22000 (10.0.22000.2538)
Time: Tue Aug 20 01:15:15 2024 Hora oficial do Brasil elapsed time: 35.564287 seconds (0d 0h 0m 35s)

---------------  T H R E A D  ---------------

Current thread (0x00000195ab7d0120):  JavaThread "C2 CompilerThread0" daemon [_thread_in_native, id=18688, stack(0x0000003498200000,0x0000003498300000)]


Current CompileTask:
C2:  35564 9476       4       org.eclipse.jdt.internal.compiler.parser.Scanner::internalScanIdentifierOrKeyword (4921 bytes)

Stack: [0x0000003498200000,0x0000003498300000]
Native frames: (J=compiled Java code, j=interpreted, Vv=VM code, C=native code)
V  [jvm.dll+0x67d429]
V  [jvm.dll+0x834b7a]
V  [jvm.dll+0x83663e]
V  [jvm.dll+0x836ca3]
V  [jvm.dll+0x247dbf]
V  [jvm.dll+0xac534]
V  [jvm.dll+0xacb7c]
V  [jvm.dll+0x3665f2]
V  [jvm.dll+0x330bba]
V  [jvm.dll+0x33005a]
V  [jvm.dll+0x21a471]
V  [jvm.dll+0x2198b1]
V  [jvm.dll+0x1a534d]
V  [jvm.dll+0x2295cd]
V  [jvm.dll+0x22779c]
V  [jvm.dll+0x7e9d07]
V  [jvm.dll+0x7e410a]
V  [jvm.dll+0x67c315]
C  [ucrtbase.dll+0x26c0c]
C  [KERNEL32.DLL+0x153e0]
C  [ntdll.dll+0x485b]


---------------  P R O C E S S  ---------------

Threads class SMR info:
_java_thread_list=0x00000195b37ee9a0, length=42, elements={
0x0000019595a2bb40, 0x0000019595adca90, 0x00000195ab798290, 0x00000195ab7c4320,
0x00000195ab7c7470, 0x00000195ab7c85b0, 0x00000195ab7ccbf0, 0x00000195ab7d0120,
0x00000195ab7d0ae0, 0x00000195ab7d5390, 0x00000195b0a5c7a0, 0x00000195b0cd40e0,
0x00000195b12ffd90, 0x00000195b12fe2d0, 0x00000195b12fea80, 0x00000195b1b6d820,
0x00000195b18ac8c0, 0x00000195b1e7afd0, 0x00000195b1e77d30, 0x00000195b1e78240,
0x00000195b1e79680, 0x00000195b1e78750, 0x00000195b1e79170, 0x00000195b1e78c60,
0x00000195b1e79b90, 0x00000195b1e7a0a0, 0x00000195b1e7a5b0, 0x00000195b36db740,
0x00000195b36d9df0, 0x00000195b36d7f90, 0x00000195b36da300, 0x00000195b36d89b0,
0x00000195b36dbc50, 0x00000195b36d6130, 0x00000195b36dad20, 0x00000195b36d6640,
0x00000195b36d8ec0, 0x00000195b36d6b50, 0x00000195b36d93d0, 0x00000195b36d7570,
0x00000195b36dcb80, 0x00000195b36dd090
}

Java Threads: ( => current thread )
  0x0000019595a2bb40 JavaThread "main" [_thread_blocked, id=18300, stack(0x0000003497900000,0x0000003497a00000)]
  0x0000019595adca90 JavaThread "Reference Handler" daemon [_thread_blocked, id=19868, stack(0x0000003497c00000,0x0000003497d00000)]
  0x00000195ab798290 JavaThread "Finalizer" daemon [_thread_blocked, id=11648, stack(0x0000003497d00000,0x0000003497e00000)]
  0x00000195ab7c4320 JavaThread "Signal Dispatcher" daemon [_thread_blocked, id=22484, stack(0x0000003497e00000,0x0000003497f00000)]
  0x00000195ab7c7470 JavaThread "Attach Listener" daemon [_thread_blocked, id=15980, stack(0x0000003497f00000,0x0000003498000000)]
  0x00000195ab7c85b0 JavaThread "Service Thread" daemon [_thread_blocked, id=16172, stack(0x0000003498000000,0x0000003498100000)]
  0x00000195ab7ccbf0 JavaThread "Monitor Deflation Thread" daemon [_thread_blocked, id=28328, stack(0x0000003498100000,0x0000003498200000)]
=>0x00000195ab7d0120 JavaThread "C2 CompilerThread0" daemon [_thread_in_native, id=18688, stack(0x0000003498200000,0x0000003498300000)]
  0x00000195ab7d0ae0 JavaThread "C1 CompilerThread0" daemon [_thread_blocked, id=27940, stack(0x0000003498300000,0x0000003498400000)]
  0x00000195ab7d5390 JavaThread "Sweeper thread" daemon [_thread_blocked, id=15096, stack(0x0000003498400000,0x0000003498500000)]
  0x00000195b0a5c7a0 JavaThread "Common-Cleaner" daemon [_thread_blocked, id=16244, stack(0x0000003498500000,0x0000003498600000)]
  0x00000195b0cd40e0 JavaThread "Notification Thread" daemon [_thread_blocked, id=26400, stack(0x0000003498600000,0x0000003498700000)]
  0x00000195b12ffd90 JavaThread "Active Thread: Equinox Container: 5d6547a8-1c97-4cdc-a5ec-383d2083127c" [_thread_blocked, id=1656, stack(0x0000003498b00000,0x0000003498c00000)]
  0x00000195b12fe2d0 JavaThread "Framework Event Dispatcher: Equinox Container: 5d6547a8-1c97-4cdc-a5ec-383d2083127c" daemon [_thread_blocked, id=12812, stack(0x0000003498c00000,0x0000003498d00000)]
  0x00000195b12fea80 JavaThread "Start Level: Equinox Container: 5d6547a8-1c97-4cdc-a5ec-383d2083127c" daemon [_thread_blocked, id=1072, stack(0x0000003498d00000,0x0000003498e00000)]
  0x00000195b1b6d820 JavaThread "Bundle File Closer" daemon [_thread_blocked, id=27392, stack(0x0000003498e00000,0x0000003498f00000)]
  0x00000195b18ac8c0 JavaThread "SCR Component Actor" daemon [_thread_blocked, id=19392, stack(0x0000003498f00000,0x0000003499000000)]
  0x00000195b1e7afd0 JavaThread "Worker-JM" [_thread_blocked, id=13648, stack(0x0000003499100000,0x0000003499200000)]
  0x00000195b1e77d30 JavaThread "JNA Cleaner" daemon [_thread_blocked, id=31108, stack(0x0000003499200000,0x0000003499300000)]
  0x00000195b1e78240 JavaThread "Worker-0" [_thread_blocked, id=30812, stack(0x0000003499300000,0x0000003499400000)]
  0x00000195b1e79680 JavaThread "Worker-1" [_thread_blocked, id=29520, stack(0x0000003499400000,0x0000003499500000)]
  0x00000195b1e78750 JavaThread "Java indexing" daemon [_thread_blocked, id=29128, stack(0x0000003499500000,0x0000003499600000)]
  0x00000195b1e79170 JavaThread "Worker-2: Initialize workspace" [_thread_in_native, id=24932, stack(0x0000003499600000,0x0000003499700000)]
  0x00000195b1e78c60 JavaThread "Thread-2" daemon [_thread_in_native, id=31488, stack(0x0000003499700000,0x0000003499800000)]
  0x00000195b1e79b90 JavaThread "Thread-3" daemon [_thread_in_native, id=29412, stack(0x0000003499800000,0x0000003499900000)]
  0x00000195b1e7a0a0 JavaThread "Thread-4" daemon [_thread_in_native, id=3940, stack(0x0000003499900000,0x0000003499a00000)]
  0x00000195b1e7a5b0 JavaThread "Thread-5" daemon [_thread_in_native, id=13880, stack(0x0000003499a00000,0x0000003499b00000)]
  0x00000195b36db740 JavaThread "Thread-6" daemon [_thread_in_native, id=27208, stack(0x0000003499b00000,0x0000003499c00000)]
  0x00000195b36d9df0 JavaThread "pool-2-thread-1" [_thread_blocked, id=17256, stack(0x0000003499c00000,0x0000003499d00000)]
  0x00000195b36d7f90 JavaThread "WorkspaceEventsHandler" [_thread_blocked, id=10660, stack(0x0000003499d00000,0x0000003499e00000)]
  0x00000195b36da300 JavaThread "pool-1-thread-1" [_thread_blocked, id=9748, stack(0x0000003499e00000,0x0000003499f00000)]
  0x00000195b36d89b0 JavaThread "ForkJoinPool.commonPool-worker-1" daemon [_thread_in_native, id=8260, stack(0x0000003499000000,0x0000003499100000)]
  0x00000195b36dbc50 JavaThread "Worker-3" [_thread_blocked, id=18648, stack(0x0000003499f00000,0x000000349a000000)]
  0x00000195b36d6130 JavaThread "Worker-4" [_thread_blocked, id=31624, stack(0x000000349a000000,0x000000349a100000)]
  0x00000195b36dad20 JavaThread "Compiler Source File Reader" daemon [_thread_blocked, id=2180, stack(0x000000349a100000,0x000000349a200000)]
  0x00000195b36d6640 JavaThread "Compiler Source File Reader" daemon [_thread_blocked, id=9740, stack(0x000000349a200000,0x000000349a300000)]
  0x00000195b36d8ec0 JavaThread "ForkJoinPool.commonPool-worker-2" daemon [_thread_blocked, id=29556, stack(0x000000349a300000,0x000000349a400000)]
  0x00000195b36d6b50 JavaThread "ForkJoinPool.commonPool-worker-3" daemon [_thread_blocked, id=26988, stack(0x000000349a400000,0x000000349a500000)]
  0x00000195b36d93d0 JavaThread "Worker-5" [_thread_blocked, id=22892, stack(0x000000349a500000,0x000000349a600000)]
  0x00000195b36d7570 JavaThread "Compiler Processing Task" daemon [_thread_blocked, id=916, stack(0x000000349a600000,0x000000349a700000)]
  0x00000195b36dcb80 JavaThread "SCR Component Registry" daemon [_thread_blocked, id=28232, stack(0x000000349a700000,0x000000349a800000)]
  0x00000195b36dd090 JavaThread "Cleaner-0" daemon [_thread_blocked, id=28088, stack(0x000000349aa00000,0x000000349ab00000)]

Other Threads:
  0x00000195ab786c20 VMThread "VM Thread" [stack: 0x0000003497b00000,0x0000003497c00000] [id=13020]
  0x00000195b0dac0d0 WatcherThread [stack: 0x0000003498700000,0x0000003498800000] [id=31548]
  0x0000019595a41530 GCTaskThread "GC Thread#0" [stack: 0x0000003497a00000,0x0000003497b00000] [id=18224]
  0x00000195b1119020 GCTaskThread "GC Thread#1" [stack: 0x0000003498800000,0x0000003498900000] [id=28252]
  0x00000195b10a7cc0 GCTaskThread "GC Thread#2" [stack: 0x0000003498900000,0x0000003498a00000] [id=18888]
  0x00000195b10a7f80 GCTaskThread "GC Thread#3" [stack: 0x0000003498a00000,0x0000003498b00000] [id=732]

Threads with active compile tasks:
C2 CompilerThread0    35643 9476       4       org.eclipse.jdt.internal.compiler.parser.Scanner::internalScanIdentifierOrKeyword (4921 bytes)

VM state: not at safepoint (normal execution)

VM Mutex/Monitor currently owned by a thread: None

Heap address: 0x00000000c0000000, size: 1024 MB, Compressed Oops mode: 32-bit

CDS archive(s) not mapped
Compressed class space mapped at: 0x0000000100000000-0x0000000140000000, reserved size: 1073741824
Narrow klass base: 0x0000000000000000, Narrow klass shift: 3, Narrow klass range: 0x140000000

GC Precious Log:
 CPUs: 4 total, 4 available
 Memory: 3879M
 Large Page Support: Disabled
 NUMA Support: Disabled
 Compressed Oops: Enabled (32-bit)
 Alignments: Space 512K, Generation 512K, Heap 2M
 Heap Min Capacity: 100M
 Heap Initial Capacity: 100M
 Heap Max Capacity: 1G
 Pre-touch: Disabled
 Parallel Workers: 4

Heap:
 PSYoungGen      total 16896K, used 15880K [0x00000000eab00000, 0x00000000ebf00000, 0x0000000100000000)
  eden space 14848K, 95% used [0x00000000eab00000,0x00000000eb8d0578,0x00000000eb980000)
  from space 2048K, 84% used [0x00000000ebd00000,0x00000000ebeb1d58,0x00000000ebf00000)
  to   space 2560K, 0% used [0x00000000eba00000,0x00000000eba00000,0x00000000ebc80000)
 ParOldGen       total 77312K, used 50379K [0x00000000c0000000, 0x00000000c4b80000, 0x00000000eab00000)
  object space 77312K, 65% used [0x00000000c0000000,0x00000000c3132ed0,0x00000000c4b80000)
 Metaspace       used 70136K, committed 71424K, reserved 1114112K
  class space    used 7355K, committed 7936K, reserved 1048576K

Card table byte_map: [0x00000195a9080000,0x00000195a9290000] _byte_map_base: 0x00000195a8a80000

Marking Bits: (ParMarkBitMap*) 0x00007ff9cd8dd820
 Begin Bits: [0x00000195a93f0000, 0x00000195aa3f0000)
 End Bits:   [0x00000195aa3f0000, 0x00000195ab3f0000)

Polling page: 0x00000195958c0000

Metaspace:

Usage:
  Non-class:     61.31 MB used.
      Class:      7.18 MB used.
       Both:     68.49 MB used.

Virtual space:
  Non-class space:       64.00 MB reserved,      62.00 MB ( 97%) committed,  1 nodes.
      Class space:        1.00 GB reserved,       7.75 MB ( <1%) committed,  1 nodes.
             Both:        1.06 GB reserved,      69.75 MB (  6%) committed. 

Chunk freelists:
   Non-Class:  1.42 MB
       Class:  8.08 MB
        Both:  9.50 MB

MaxMetaspaceSize: unlimited
CompressedClassSpaceSize: 1.00 GB
Initial GC threshold: 21.00 MB
Current GC threshold: 112.75 MB
CDS: off
MetaspaceReclaimPolicy: balanced
 - commit_granule_bytes: 65536.
 - commit_granule_words: 8192.
 - virtual_space_node_default_size: 8388608.
 - enlarge_chunks_in_place: 1.
 - new_chunks_are_fully_committed: 0.
 - uncommit_free_chunks: 1.
 - use_allocation_guard: 0.
 - handle_deallocations: 1.


Internal statistics:

num_allocs_failed_limit: 11.
num_arena_births: 862.
num_arena_deaths: 20.
num_vsnodes_births: 2.
num_vsnodes_deaths: 0.
num_space_committed: 1116.
num_space_uncommitted: 0.
num_chunks_returned_to_freelist: 33.
num_chunks_taken_from_freelist: 3761.
num_chunk_merges: 17.
num_chunk_splits: 2340.
num_chunks_enlarged: 1341.
num_inconsistent_stats: 0.

CodeHeap 'non-profiled nmethods': size=120000Kb used=4893Kb max_used=4893Kb free=115106Kb
 bounds [0x00000195a1970000, 0x00000195a1e40000, 0x00000195a8ea0000]
CodeHeap 'profiled nmethods': size=120000Kb used=17952Kb max_used=17952Kb free=102047Kb
 bounds [0x0000019599ea0000, 0x000001959b030000, 0x00000195a13d0000]
CodeHeap 'non-nmethods': size=5760Kb used=1376Kb max_used=1443Kb free=4383Kb
 bounds [0x00000195a13d0000, 0x00000195a1640000, 0x00000195a1970000]
 total_blobs=8944 nmethods=8224 adapters=631
 compilation: enabled
              stopped_count=0, restarted_count=0
 full_count=0

Compilation events (20 events):
Event: 35.498 Thread 0x00000195ab7d0ae0 9626       1       org.apache.maven.model.Build::getOutputDirectory (5 bytes)
Event: 35.498 Thread 0x00000195ab7d0ae0 nmethod 9626 0x00000195a1aed510 code [0x00000195a1aed6a0, 0x00000195a1aed778]
Event: 35.510 Thread 0x00000195ab7d0ae0 9627       2       java.nio.charset.CharsetDecoder::implReplaceWith (1 bytes)
Event: 35.510 Thread 0x00000195ab7d0ae0 nmethod 9627 0x000001959a01ce90 code [0x000001959a01d020, 0x000001959a01d118]
Event: 35.510 Thread 0x00000195ab7d0ae0 9628       2       java.nio.HeapByteBuffer::<init> (21 bytes)
Event: 35.510 Thread 0x00000195ab7d0ae0 nmethod 9628 0x000001959b010390 code [0x000001959b010520, 0x000001959b010728]
Event: 35.514 Thread 0x00000195ab7d0120 nmethod 9573 0x00000195a1e30e10 code [0x00000195a1e311e0, 0x00000195a1e34930]
Event: 35.515 Thread 0x00000195ab7d0120 9484       4       org.eclipse.jdt.internal.compiler.parser.ScannerHelper::isJavaIdentifierStart (28 bytes)
Event: 35.515 Thread 0x00000195ab7d0ae0 9629   !   2       sun.nio.ch.NativeThreadSet::add (155 bytes)
Event: 35.515 Thread 0x00000195ab7d0120 nmethod 9484 0x00000195a1aed210 code [0x00000195a1aed380, 0x00000195a1aed438]
Event: 35.515 Thread 0x00000195ab7d0120 9485       4       org.eclipse.jdt.internal.compiler.parser.ScannerHelper::isJavaIdentifierPart (28 bytes)
Event: 35.515 Thread 0x00000195ab7d0ae0 nmethod 9629 0x000001959b010810 code [0x000001959b0109e0, 0x000001959b010e68]
Event: 35.515 Thread 0x00000195ab7d0ae0 9630   !   2       sun.nio.ch.NativeThreadSet::remove (50 bytes)
Event: 35.515 Thread 0x00000195ab7d0ae0 nmethod 9630 0x000001959b011110 code [0x000001959b0112c0, 0x000001959b011508]
Event: 35.516 Thread 0x00000195ab7d0120 nmethod 9485 0x00000195a1aecf10 code [0x00000195a1aed080, 0x00000195a1aed138]
Event: 35.516 Thread 0x00000195ab7d0120 9608       4       org.apache.maven.model.validation.DefaultModelValidator::isValidIdCharacter (60 bytes)
Event: 35.516 Thread 0x00000195ab7d0120 nmethod 9608 0x00000195a1aecc10 code [0x00000195a1aecd80, 0x00000195a1aece58]
Event: 35.516 Thread 0x00000195ab7d0120 9476       4       org.eclipse.jdt.internal.compiler.parser.Scanner::internalScanIdentifierOrKeyword (4921 bytes)
Event: 35.517 Thread 0x00000195ab7d0ae0 9631       3       java.io.Reader::<init> (15 bytes)
Event: 35.517 Thread 0x00000195ab7d0ae0 nmethod 9631 0x000001959b011690 code [0x000001959b011820, 0x000001959b0119b8]

GC Heap History (20 events):
Event: 33.078 GC heap before
{Heap before GC invocations=80 (full 3):
 PSYoungGen      total 17408K, used 17152K [0x00000000eab00000, 0x00000000ebd80000, 0x0000000100000000)
  eden space 16896K, 100% used [0x00000000eab00000,0x00000000ebb80000,0x00000000ebb80000)
  from space 512K, 50% used [0x00000000ebd00000,0x00000000ebd40000,0x00000000ebd80000)
  to   space 1024K, 0% used [0x00000000ebb80000,0x00000000ebb80000,0x00000000ebc80000)
 ParOldGen       total 68608K, used 64683K [0x00000000c0000000, 0x00000000c4300000, 0x00000000eab00000)
  object space 68608K, 94% used [0x00000000c0000000,0x00000000c3f2adf8,0x00000000c4300000)
 Metaspace       used 66886K, committed 68096K, reserved 1114112K
  class space    used 7075K, committed 7616K, reserved 1048576K
}
Event: 33.079 GC heap after
{Heap after GC invocations=80 (full 3):
 PSYoungGen      total 17920K, used 352K [0x00000000eab00000, 0x00000000ebd80000, 0x0000000100000000)
  eden space 16896K, 0% used [0x00000000eab00000,0x00000000eab00000,0x00000000ebb80000)
  from space 1024K, 34% used [0x00000000ebb80000,0x00000000ebbd8000,0x00000000ebc80000)
  to   space 512K, 0% used [0x00000000ebd00000,0x00000000ebd00000,0x00000000ebd80000)
 ParOldGen       total 68608K, used 64819K [0x00000000c0000000, 0x00000000c4300000, 0x00000000eab00000)
  object space 68608K, 94% used [0x00000000c0000000,0x00000000c3f4cdf8,0x00000000c4300000)
 Metaspace       used 66886K, committed 68096K, reserved 1114112K
  class space    used 7075K, committed 7616K, reserved 1048576K
}
Event: 33.098 GC heap before
{Heap before GC invocations=81 (full 3):
 PSYoungGen      total 17920K, used 17248K [0x00000000eab00000, 0x00000000ebd80000, 0x0000000100000000)
  eden space 16896K, 100% used [0x00000000eab00000,0x00000000ebb80000,0x00000000ebb80000)
  from space 1024K, 34% used [0x00000000ebb80000,0x00000000ebbd8000,0x00000000ebc80000)
  to   space 512K, 0% used [0x00000000ebd00000,0x00000000ebd00000,0x00000000ebd80000)
 ParOldGen       total 68608K, used 64819K [0x00000000c0000000, 0x00000000c4300000, 0x00000000eab00000)
  object space 68608K, 94% used [0x00000000c0000000,0x00000000c3f4cdf8,0x00000000c4300000)
 Metaspace       used 66891K, committed 68096K, reserved 1114112K
  class space    used 7075K, committed 7616K, reserved 1048576K
}
Event: 33.100 GC heap after
{Heap after GC invocations=81 (full 3):
 PSYoungGen      total 17408K, used 320K [0x00000000eab00000, 0x00000000ebd80000, 0x0000000100000000)
  eden space 16896K, 0% used [0x00000000eab00000,0x00000000eab00000,0x00000000ebb80000)
  from space 512K, 62% used [0x00000000ebd00000,0x00000000ebd50000,0x00000000ebd80000)
  to   space 512K, 0% used [0x00000000ebc80000,0x00000000ebc80000,0x00000000ebd00000)
 ParOldGen       total 68608K, used 65091K [0x00000000c0000000, 0x00000000c4300000, 0x00000000eab00000)
  object space 68608K, 94% used [0x00000000c0000000,0x00000000c3f90df8,0x00000000c4300000)
 Metaspace       used 66891K, committed 68096K, reserved 1114112K
  class space    used 7075K, committed 7616K, reserved 1048576K
}
Event: 33.188 GC heap before
{Heap before GC invocations=82 (full 3):
 PSYoungGen      total 17408K, used 17216K [0x00000000eab00000, 0x00000000ebd80000, 0x0000000100000000)
  eden space 16896K, 100% used [0x00000000eab00000,0x00000000ebb80000,0x00000000ebb80000)
  from space 512K, 62% used [0x00000000ebd00000,0x00000000ebd50000,0x00000000ebd80000)
  to   space 512K, 0% used [0x00000000ebc80000,0x00000000ebc80000,0x00000000ebd00000)
 ParOldGen       total 68608K, used 65091K [0x00000000c0000000, 0x00000000c4300000, 0x00000000eab00000)
  object space 68608K, 94% used [0x00000000c0000000,0x00000000c3f90df8,0x00000000c4300000)
 Metaspace       used 66960K, committed 68160K, reserved 1114112K
  class space    used 7082K, committed 7616K, reserved 1048576K
}
Event: 33.191 GC heap after
{Heap after GC invocations=82 (full 3):
 PSYoungGen      total 17408K, used 384K [0x00000000eab00000, 0x00000000ebd80000, 0x0000000100000000)
  eden space 16896K, 0% used [0x00000000eab00000,0x00000000eab00000,0x00000000ebb80000)
  from space 512K, 75% used [0x00000000ebc80000,0x00000000ebce0000,0x00000000ebd00000)
  to   space 512K, 0% used [0x00000000ebd00000,0x00000000ebd00000,0x00000000ebd80000)
 ParOldGen       total 68608K, used 65379K [0x00000000c0000000, 0x00000000c4300000, 0x00000000eab00000)
  object space 68608K, 95% used [0x00000000c0000000,0x00000000c3fd8df8,0x00000000c4300000)
 Metaspace       used 66960K, committed 68160K, reserved 1114112K
  class space    used 7082K, committed 7616K, reserved 1048576K
}
Event: 33.218 GC heap before
{Heap before GC invocations=83 (full 3):
 PSYoungGen      total 17408K, used 17280K [0x00000000eab00000, 0x00000000ebd80000, 0x0000000100000000)
  eden space 16896K, 100% used [0x00000000eab00000,0x00000000ebb80000,0x00000000ebb80000)
  from space 512K, 75% used [0x00000000ebc80000,0x00000000ebce0000,0x00000000ebd00000)
  to   space 512K, 0% used [0x00000000ebd00000,0x00000000ebd00000,0x00000000ebd80000)
 ParOldGen       total 68608K, used 65379K [0x00000000c0000000, 0x00000000c4300000, 0x00000000eab00000)
  object space 68608K, 95% used [0x00000000c0000000,0x00000000c3fd8df8,0x00000000c4300000)
 Metaspace       used 66989K, committed 68160K, reserved 1114112K
  class space    used 7083K, committed 7616K, reserved 1048576K
}
Event: 33.220 GC heap after
{Heap after GC invocations=83 (full 3):
 PSYoungGen      total 17408K, used 384K [0x00000000eab00000, 0x00000000ebd80000, 0x0000000100000000)
  eden space 16896K, 0% used [0x00000000eab00000,0x00000000eab00000,0x00000000ebb80000)
  from space 512K, 75% used [0x00000000ebd00000,0x00000000ebd60000,0x00000000ebd80000)
  to   space 512K, 0% used [0x00000000ebc80000,0x00000000ebc80000,0x00000000ebd00000)
 ParOldGen       total 68608K, used 65707K [0x00000000c0000000, 0x00000000c4300000, 0x00000000eab00000)
  object space 68608K, 95% used [0x00000000c0000000,0x00000000c402adf8,0x00000000c4300000)
 Metaspace       used 66989K, committed 68160K, reserved 1114112K
  class space    used 7083K, committed 7616K, reserved 1048576K
}
Event: 33.258 GC heap before
{Heap before GC invocations=84 (full 3):
 PSYoungGen      total 17408K, used 17280K [0x00000000eab00000, 0x00000000ebd80000, 0x0000000100000000)
  eden space 16896K, 100% used [0x00000000eab00000,0x00000000ebb80000,0x00000000ebb80000)
  from space 512K, 75% used [0x00000000ebd00000,0x00000000ebd60000,0x00000000ebd80000)
  to   space 512K, 0% used [0x00000000ebc80000,0x00000000ebc80000,0x00000000ebd00000)
 ParOldGen       total 68608K, used 65707K [0x00000000c0000000, 0x00000000c4300000, 0x00000000eab00000)
  object space 68608K, 95% used [0x00000000c0000000,0x00000000c402adf8,0x00000000c4300000)
 Metaspace       used 66996K, committed 68224K, reserved 1114112K
  class space    used 7084K, committed 7616K, reserved 1048576K
}
Event: 33.260 GC heap after
{Heap after GC invocations=84 (full 3):
 PSYoungGen      total 17408K, used 256K [0x00000000eab00000, 0x00000000ebd80000, 0x0000000100000000)
  eden space 16896K, 0% used [0x00000000eab00000,0x00000000eab00000,0x00000000ebb80000)
  from space 512K, 50% used [0x00000000ebc80000,0x00000000ebcc0000,0x00000000ebd00000)
  to   space 512K, 0% used [0x00000000ebd00000,0x00000000ebd00000,0x00000000ebd80000)
 ParOldGen       total 68608K, used 65963K [0x00000000c0000000, 0x00000000c4300000, 0x00000000eab00000)
  object space 68608K, 96% used [0x00000000c0000000,0x00000000c406adf8,0x00000000c4300000)
 Metaspace       used 66996K, committed 68224K, reserved 1114112K
  class space    used 7084K, committed 7616K, reserved 1048576K
}
Event: 33.344 GC heap before
{Heap before GC invocations=85 (full 3):
 PSYoungGen      total 17408K, used 17152K [0x00000000eab00000, 0x00000000ebd80000, 0x0000000100000000)
  eden space 16896K, 100% used [0x00000000eab00000,0x00000000ebb80000,0x00000000ebb80000)
  from space 512K, 50% used [0x00000000ebc80000,0x00000000ebcc0000,0x00000000ebd00000)
  to   space 512K, 0% used [0x00000000ebd00000,0x00000000ebd00000,0x00000000ebd80000)
 ParOldGen       total 68608K, used 65963K [0x00000000c0000000, 0x00000000c4300000, 0x00000000eab00000)
  object space 68608K, 96% used [0x00000000c0000000,0x00000000c406adf8,0x00000000c4300000)
 Metaspace       used 67084K, committed 68288K, reserved 1114112K
  class space    used 7092K, committed 7616K, reserved 1048576K
}
Event: 33.346 GC heap after
{Heap after GC invocations=85 (full 3):
 PSYoungGen      total 17408K, used 288K [0x00000000eab00000, 0x00000000ebd80000, 0x0000000100000000)
  eden space 16896K, 0% used [0x00000000eab00000,0x00000000eab00000,0x00000000ebb80000)
  from space 512K, 56% used [0x00000000ebd00000,0x00000000ebd48000,0x00000000ebd80000)
  to   space 512K, 0% used [0x00000000ebc80000,0x00000000ebc80000,0x00000000ebd00000)
 ParOldGen       total 68608K, used 66123K [0x00000000c0000000, 0x00000000c4300000, 0x00000000eab00000)
  object space 68608K, 96% used [0x00000000c0000000,0x00000000c4092df8,0x00000000c4300000)
 Metaspace       used 67084K, committed 68288K, reserved 1114112K
  class space    used 7092K, committed 7616K, reserved 1048576K
}
Event: 33.571 GC heap before
{Heap before GC invocations=86 (full 3):
 PSYoungGen      total 17408K, used 17183K [0x00000000eab00000, 0x00000000ebd80000, 0x0000000100000000)
  eden space 16896K, 99% used [0x00000000eab00000,0x00000000ebb7fe30,0x00000000ebb80000)
  from space 512K, 56% used [0x00000000ebd00000,0x00000000ebd48000,0x00000000ebd80000)
  to   space 512K, 0% used [0x00000000ebc80000,0x00000000ebc80000,0x00000000ebd00000)
 ParOldGen       total 68608K, used 66123K [0x00000000c0000000, 0x00000000c4300000, 0x00000000eab00000)
  object space 68608K, 96% used [0x00000000c0000000,0x00000000c4092df8,0x00000000c4300000)
 Metaspace       used 67590K, committed 68800K, reserved 1114112K
  class space    used 7145K, committed 7680K, reserved 1048576K
}
Event: 33.576 GC heap after
{Heap after GC invocations=86 (full 3):
 PSYoungGen      total 17408K, used 512K [0x00000000eab00000, 0x00000000ebe80000, 0x0000000100000000)
  eden space 16896K, 0% used [0x00000000eab00000,0x00000000eab00000,0x00000000ebb80000)
  from space 512K, 100% used [0x00000000ebc80000,0x00000000ebd00000,0x00000000ebd00000)
  to   space 1536K, 0% used [0x00000000ebd00000,0x00000000ebd00000,0x00000000ebe80000)
 ParOldGen       total 68608K, used 66803K [0x00000000c0000000, 0x00000000c4300000, 0x00000000eab00000)
  object space 68608K, 97% used [0x00000000c0000000,0x00000000c413ce38,0x00000000c4300000)
 Metaspace       used 67590K, committed 68800K, reserved 1114112K
  class space    used 7145K, committed 7680K, reserved 1048576K
}
Event: 34.067 GC heap before
{Heap before GC invocations=87 (full 3):
 PSYoungGen      total 17408K, used 17408K [0x00000000eab00000, 0x00000000ebe80000, 0x0000000100000000)
  eden space 16896K, 100% used [0x00000000eab00000,0x00000000ebb80000,0x00000000ebb80000)
  from space 512K, 100% used [0x00000000ebc80000,0x00000000ebd00000,0x00000000ebd00000)
  to   space 1536K, 0% used [0x00000000ebd00000,0x00000000ebd00000,0x00000000ebe80000)
 ParOldGen       total 68608K, used 66803K [0x00000000c0000000, 0x00000000c4300000, 0x00000000eab00000)
  object space 68608K, 97% used [0x00000000c0000000,0x00000000c413ce38,0x00000000c4300000)
 Metaspace       used 68002K, committed 69248K, reserved 1114112K
  class space    used 7169K, committed 7680K, reserved 1048576K
}
Event: 34.072 GC heap after
{Heap after GC invocations=87 (full 3):
 PSYoungGen      total 16384K, used 1508K [0x00000000eab00000, 0x00000000ec280000, 0x0000000100000000)
  eden space 14848K, 0% used [0x00000000eab00000,0x00000000eab00000,0x00000000eb980000)
  from space 1536K, 98% used [0x00000000ebd00000,0x00000000ebe79210,0x00000000ebe80000)
  to   space 3584K, 0% used [0x00000000eb980000,0x00000000eb980000,0x00000000ebd00000)
 ParOldGen       total 68608K, used 68096K [0x00000000c0000000, 0x00000000c4300000, 0x00000000eab00000)
  object space 68608K, 99% used [0x00000000c0000000,0x00000000c4280048,0x00000000c4300000)
 Metaspace       used 68002K, committed 69248K, reserved 1114112K
  class space    used 7169K, committed 7680K, reserved 1048576K
}
Event: 34.072 GC heap before
{Heap before GC invocations=88 (full 4):
 PSYoungGen      total 16384K, used 1508K [0x00000000eab00000, 0x00000000ec280000, 0x0000000100000000)
  eden space 14848K, 0% used [0x00000000eab00000,0x00000000eab00000,0x00000000eb980000)
  from space 1536K, 98% used [0x00000000ebd00000,0x00000000ebe79210,0x00000000ebe80000)
  to   space 3584K, 0% used [0x00000000eb980000,0x00000000eb980000,0x00000000ebd00000)
 ParOldGen       total 68608K, used 68096K [0x00000000c0000000, 0x00000000c4300000, 0x00000000eab00000)
  object space 68608K, 99% used [0x00000000c0000000,0x00000000c4280048,0x00000000c4300000)
 Metaspace       used 68002K, committed 69248K, reserved 1114112K
  class space    used 7169K, committed 7680K, reserved 1048576K
}
Event: 34.520 GC heap after
{Heap after GC invocations=88 (full 4):
 PSYoungGen      total 18432K, used 0K [0x00000000eab00000, 0x00000000ec080000, 0x0000000100000000)
  eden space 14848K, 0% used [0x00000000eab00000,0x00000000eab00000,0x00000000eb980000)
  from space 3584K, 0% used [0x00000000eb980000,0x00000000eb980000,0x00000000ebd00000)
  to   space 3584K, 0% used [0x00000000ebd00000,0x00000000ebd00000,0x00000000ec080000)
 ParOldGen       total 77312K, used 50371K [0x00000000c0000000, 0x00000000c4b80000, 0x00000000eab00000)
  object space 77312K, 65% used [0x00000000c0000000,0x00000000c3130ed0,0x00000000c4b80000)
 Metaspace       used 68000K, committed 69248K, reserved 1114112K
  class space    used 7169K, committed 7680K, reserved 1048576K
}
Event: 35.150 GC heap before
{Heap before GC invocations=89 (full 4):
 PSYoungGen      total 18432K, used 14840K [0x00000000eab00000, 0x00000000ec080000, 0x0000000100000000)
  eden space 14848K, 99% used [0x00000000eab00000,0x00000000eb97e1e8,0x00000000eb980000)
  from space 3584K, 0% used [0x00000000eb980000,0x00000000eb980000,0x00000000ebd00000)
  to   space 3584K, 0% used [0x00000000ebd00000,0x00000000ebd00000,0x00000000ec080000)
 ParOldGen       total 77312K, used 50371K [0x00000000c0000000, 0x00000000c4b80000, 0x00000000eab00000)
  object space 77312K, 65% used [0x00000000c0000000,0x00000000c3130ed0,0x00000000c4b80000)
 Metaspace       used 69263K, committed 70528K, reserved 1114112K
  class space    used 7269K, committed 7808K, reserved 1048576K
}
Event: 35.153 GC heap after
{Heap after GC invocations=89 (full 4):
 PSYoungGen      total 16896K, used 1735K [0x00000000eab00000, 0x00000000ebf00000, 0x0000000100000000)
  eden space 14848K, 0% used [0x00000000eab00000,0x00000000eab00000,0x00000000eb980000)
  from space 2048K, 84% used [0x00000000ebd00000,0x00000000ebeb1d58,0x00000000ebf00000)
  to   space 2560K, 0% used [0x00000000eba00000,0x00000000eba00000,0x00000000ebc80000)
 ParOldGen       total 77312K, used 50379K [0x00000000c0000000, 0x00000000c4b80000, 0x00000000eab00000)
  object space 77312K, 65% used [0x00000000c0000000,0x00000000c3132ed0,0x00000000c4b80000)
 Metaspace       used 69263K, committed 70528K, reserved 1114112K
  class space    used 7269K, committed 7808K, reserved 1048576K
}

Dll operation events (10 events):
Event: 0.041 Loaded shared library c:\Users\55119\.vscode\extensions\redhat.java-1.33.0-win32-x64\jre\17.0.11-win32-x86_64\bin\java.dll
Event: 0.275 Loaded shared library c:\Users\55119\.vscode\extensions\redhat.java-1.33.0-win32-x64\jre\17.0.11-win32-x86_64\bin\zip.dll
Event: 0.278 Loaded shared library C:\Users\55119\.vscode\extensions\redhat.java-1.33.0-win32-x64\jre\17.0.11-win32-x86_64\bin\instrument.dll
Event: 0.287 Loaded shared library C:\Users\55119\.vscode\extensions\redhat.java-1.33.0-win32-x64\jre\17.0.11-win32-x86_64\bin\net.dll
Event: 0.290 Loaded shared library C:\Users\55119\.vscode\extensions\redhat.java-1.33.0-win32-x64\jre\17.0.11-win32-x86_64\bin\nio.dll
Event: 0.294 Loaded shared library C:\Users\55119\.vscode\extensions\redhat.java-1.33.0-win32-x64\jre\17.0.11-win32-x86_64\bin\zip.dll
Event: 0.305 Loaded shared library C:\Users\55119\.vscode\extensions\redhat.java-1.33.0-win32-x64\jre\17.0.11-win32-x86_64\bin\jimage.dll
Event: 0.353 Loaded shared library c:\Users\55119\.vscode\extensions\redhat.java-1.33.0-win32-x64\jre\17.0.11-win32-x86_64\bin\verify.dll
Event: 1.302 Loaded shared library C:\Users\55119\AppData\Roaming\Code\User\globalStorage\redhat.java\1.33.0\config_win\org.eclipse.equinox.launcher\org.eclipse.equinox.launcher.win32.win32.x86_64_1.2.1100.v20240722-2106\eclipse_11904.dll
Event: 5.281 Loaded shared library C:\Users\55119\AppData\Local\Temp\jna--205368346\jna8019344868108113583.dll

Deoptimization events (20 events):
Event: 34.981 Thread 0x00000195b36d8ec0 Uncommon trap: trap_request=0xffffff45 fr.pc=0x00000195a1d59db8 relative=0x0000000000000f38
Event: 34.981 Thread 0x00000195b36d8ec0 Uncommon trap: reason=unstable_if action=reinterpret pc=0x00000195a1d59db8 method=org.eclipse.core.runtime.Path.computeLength()I @ 92 c2
Event: 34.981 Thread 0x00000195b36d8ec0 DEOPT PACKING pc=0x00000195a1d59db8 sp=0x000000349a3fe4b0
Event: 34.981 Thread 0x00000195b36d8ec0 DEOPT UNPACKING pc=0x00000195a1429ea3 sp=0x000000349a3fe3f0 mode 2
Event: 34.986 Thread 0x00000195b36d8ec0 Uncommon trap: trap_request=0xffffff45 fr.pc=0x00000195a1d245e0 relative=0x00000000000003c0
Event: 34.986 Thread 0x00000195b36d8ec0 Uncommon trap: reason=unstable_if action=reinterpret pc=0x00000195a1d245e0 method=org.eclipse.core.runtime.Path.equals(Ljava/lang/Object;)Z @ 117 c2
Event: 34.986 Thread 0x00000195b36d8ec0 DEOPT PACKING pc=0x00000195a1d245e0 sp=0x000000349a3fe710
Event: 34.986 Thread 0x00000195b36d8ec0 DEOPT UNPACKING pc=0x00000195a1429ea3 sp=0x000000349a3fe6b0 mode 2
Event: 34.986 Thread 0x00000195b36d8ec0 Uncommon trap: trap_request=0xffffff45 fr.pc=0x00000195a1d58a58 relative=0x00000000000001b8
Event: 34.986 Thread 0x00000195b36d8ec0 Uncommon trap: reason=unstable_if action=reinterpret pc=0x00000195a1d58a58 method=org.eclipse.core.runtime.Path.computeLength()I @ 92 c2
Event: 34.986 Thread 0x00000195b36d8ec0 DEOPT PACKING pc=0x00000195a1d58a58 sp=0x000000349a3fe680
Event: 34.986 Thread 0x00000195b36d8ec0 DEOPT UNPACKING pc=0x00000195a1429ea3 sp=0x000000349a3fe600 mode 2
Event: 35.166 Thread 0x00000195b36d89b0 DEOPT PACKING pc=0x000001959ac95fcf sp=0x00000034990fc0d0
Event: 35.166 Thread 0x00000195b36d89b0 DEOPT UNPACKING pc=0x00000195a142a9e3 sp=0x00000034990fb598 mode 0
Event: 35.195 Thread 0x00000195b36d89b0 DEOPT PACKING pc=0x000001959a6ef048 sp=0x00000034990fc230
Event: 35.195 Thread 0x00000195b36d89b0 DEOPT UNPACKING pc=0x00000195a142a9e3 sp=0x00000034990fb7d8 mode 0
Event: 35.198 Thread 0x00000195b36d89b0 Uncommon trap: trap_request=0xffffff45 fr.pc=0x00000195a1dbc73c relative=0x0000000000000e1c
Event: 35.198 Thread 0x00000195b36d89b0 Uncommon trap: reason=unstable_if action=reinterpret pc=0x00000195a1dbc73c method=org.lombokweb.asm.MethodWriter.putMethodInfo(Lorg/lombokweb/asm/ByteVector;)V @ 136 c2
Event: 35.198 Thread 0x00000195b36d89b0 DEOPT PACKING pc=0x00000195a1dbc73c sp=0x00000034990fc370
Event: 35.198 Thread 0x00000195b36d89b0 DEOPT UNPACKING pc=0x00000195a1429ea3 sp=0x00000034990fc328 mode 2

Classes unloaded (10 events):
Event: 7.974 Thread 0x00000195ab786c20 Unloading class 0x0000000100250400 'java/lang/invoke/LambdaForm$MH+0x0000000100250400'
Event: 7.975 Thread 0x00000195ab786c20 Unloading class 0x0000000100250000 'java/lang/invoke/LambdaForm$MH+0x0000000100250000'
Event: 7.975 Thread 0x00000195ab786c20 Unloading class 0x000000010024bc00 'java/lang/invoke/LambdaForm$MH+0x000000010024bc00'
Event: 7.975 Thread 0x00000195ab786c20 Unloading class 0x000000010024b800 'java/lang/invoke/LambdaForm$MH+0x000000010024b800'
Event: 7.975 Thread 0x00000195ab786c20 Unloading class 0x000000010024b400 'java/lang/invoke/LambdaForm$BMH+0x000000010024b400'
Event: 7.975 Thread 0x00000195ab786c20 Unloading class 0x000000010024b000 'java/lang/invoke/LambdaForm$DMH+0x000000010024b000'
Event: 7.975 Thread 0x00000195ab786c20 Unloading class 0x0000000100248400 'java/lang/invoke/LambdaForm$DMH+0x0000000100248400'
Event: 28.979 Thread 0x00000195ab786c20 Unloading class 0x0000000100621400 'jdk/internal/reflect/GeneratedSerializationConstructorAccessor29'
Event: 28.979 Thread 0x00000195ab786c20 Unloading class 0x0000000100620c00 'jdk/internal/reflect/GeneratedSerializationConstructorAccessor27'
Event: 34.118 Thread 0x00000195ab786c20 Unloading class 0x0000000100770400 'java/lang/invoke/LambdaForm$DMH+0x0000000100770400'

Classes redefined (0 events):
No events

Internal exceptions (20 events):
Event: 30.756 Thread 0x00000195b1e79680 Exception <a 'java/lang/NoSuchMethodError'{0x00000000eb18bc48}: 'java.lang.Object java.lang.invoke.DirectMethodHandle$Holder.invokeSpecial(java.lang.Object, java.lang.Object, int, long)'> (0x00000000eb18bc48) 
thrown [s\src\hotspot\share\interpreter\linkResolver.cpp, line 759]
Event: 30.799 Thread 0x00000195b36d6130 Exception <a 'sun/nio/fs/WindowsException'{0x00000000eb1b1168}> (0x00000000eb1b1168) 
thrown [s\src\hotspot\share\prims\jni.cpp, line 516]
Event: 30.801 Thread 0x00000195b36d6130 Exception <a 'sun/nio/fs/WindowsException'{0x00000000eb1b1a68}> (0x00000000eb1b1a68) 
thrown [s\src\hotspot\share\prims\jni.cpp, line 516]
Event: 31.048 Thread 0x00000195b36d7570 Exception <a 'java/lang/NoSuchMethodError'{0x00000000eb372da0}: 'void java.lang.invoke.DirectMethodHandle$Holder.invokeStatic(java.lang.Object, int, java.lang.Object)'> (0x00000000eb372da0) 
thrown [s\src\hotspot\share\interpreter\linkResolver.cpp, line 759]
Event: 31.076 Thread 0x00000195b36d7570 Exception <a 'java/lang/NoSuchMethodError'{0x00000000eb5a9730}: 'int java.lang.invoke.DirectMethodHandle$Holder.invokeStatic(java.lang.Object, int, java.lang.Object)'> (0x00000000eb5a9730) 
thrown [s\src\hotspot\share\interpreter\linkResolver.cpp, line 759]
Event: 31.783 Thread 0x00000195b36dbc50 Exception <a 'sun/nio/fs/WindowsException'{0x00000000eafb0368}> (0x00000000eafb0368) 
thrown [s\src\hotspot\share\prims\jni.cpp, line 516]
Event: 31.783 Thread 0x00000195b36dbc50 Exception <a 'sun/nio/fs/WindowsException'{0x00000000eafb09a0}> (0x00000000eafb09a0) 
thrown [s\src\hotspot\share\prims\jni.cpp, line 516]
Event: 31.908 Thread 0x00000195b1e79170 Exception <a 'sun/nio/fs/WindowsException'{0x00000000ead737a0}> (0x00000000ead737a0) 
thrown [s\src\hotspot\share\prims\jni.cpp, line 516]
Event: 31.908 Thread 0x00000195b1e79170 Exception <a 'sun/nio/fs/WindowsException'{0x00000000ead73dd8}> (0x00000000ead73dd8) 
thrown [s\src\hotspot\share\prims\jni.cpp, line 516]
Event: 31.909 Thread 0x00000195b1e79170 Exception <a 'sun/nio/fs/WindowsException'{0x00000000ead74b58}> (0x00000000ead74b58) 
thrown [s\src\hotspot\share\prims\jni.cpp, line 516]
Event: 31.909 Thread 0x00000195b1e79170 Exception <a 'sun/nio/fs/WindowsException'{0x00000000eadcf8b0}> (0x00000000eadcf8b0) 
thrown [s\src\hotspot\share\prims\jni.cpp, line 516]
Event: 31.916 Thread 0x00000195b1e79170 Exception <a 'java/io/FileNotFoundException'{0x00000000eade6788}> (0x00000000eade6788) 
thrown [s\src\hotspot\share\prims\jni.cpp, line 516]
Event: 31.918 Thread 0x00000195b1e79170 Exception <a 'java/io/FileNotFoundException'{0x00000000eade7538}> (0x00000000eade7538) 
thrown [s\src\hotspot\share\prims\jni.cpp, line 516]
Event: 31.936 Thread 0x00000195b1e79170 Exception <a 'sun/nio/fs/WindowsException'{0x00000000eae449b0}> (0x00000000eae449b0) 
thrown [s\src\hotspot\share\prims\jni.cpp, line 516]
Event: 31.937 Thread 0x00000195b1e79170 Exception <a 'sun/nio/fs/WindowsException'{0x00000000eae44fe8}> (0x00000000eae44fe8) 
thrown [s\src\hotspot\share\prims\jni.cpp, line 516]
Event: 32.351 Thread 0x00000195b36d8ec0 Exception <a 'java/lang/IncompatibleClassChangeError'{0x00000000eaf47d58}: Found class java.lang.Object, but interface was expected> (0x00000000eaf47d58) 
thrown [s\src\hotspot\share\interpreter\linkResolver.cpp, line 826]
Event: 33.366 Thread 0x00000195b36d8ec0 Exception <a 'java/lang/NoSuchMethodError'{0x00000000eb445698}: 'int java.lang.invoke.DirectMethodHandle$Holder.invokeStatic(java.lang.Object, java.lang.Object, java.lang.Object, int)'> (0x00000000eb445698) 
thrown [s\src\hotspot\share\interpreter\linkResolver.cpp, line 759]
Event: 33.367 Thread 0x00000195b1e79680 Exception <a 'java/lang/NoSuchMethodError'{0x00000000eb46c658}: 'int java.lang.invoke.DirectMethodHandle$Holder.invokeStatic(java.lang.Object, java.lang.Object, java.lang.Object, int)'> (0x00000000eb46c658) 
thrown [s\src\hotspot\share\interpreter\linkResolver.cpp, line 759]
Event: 33.843 Thread 0x00000195b36d8ec0 Exception <a 'java/io/FileNotFoundException'{0x00000000ead4e768}> (0x00000000ead4e768) 
thrown [s\src\hotspot\share\prims\jni.cpp, line 516]
Event: 35.464 Thread 0x00000195b36d89b0 Exception <a 'java/lang/NoSuchMethodError'{0x00000000eb334510}: 'java.lang.Object java.lang.invoke.DirectMethodHandle$Holder.invokeStatic(java.lang.Object, int, java.lang.Object, java.lang.Object, java.lang.Object, java.lang.Object)'> (0x00000000eb334510) 
thrown [s\src\hotspot\share\interpreter\linkResolver.cpp, line 759]

VM Operations (20 events):
Event: 33.078 Executing VM operation: ParallelGCFailedAllocation
Event: 33.079 Executing VM operation: ParallelGCFailedAllocation done
Event: 33.096 Executing VM operation: ParallelGCFailedAllocation
Event: 33.101 Executing VM operation: ParallelGCFailedAllocation done
Event: 33.178 Executing VM operation: ParallelGCFailedAllocation
Event: 33.193 Executing VM operation: ParallelGCFailedAllocation done
Event: 33.218 Executing VM operation: ParallelGCFailedAllocation
Event: 33.220 Executing VM operation: ParallelGCFailedAllocation done
Event: 33.254 Executing VM operation: ParallelGCFailedAllocation
Event: 33.261 Executing VM operation: ParallelGCFailedAllocation done
Event: 33.344 Executing VM operation: ParallelGCFailedAllocation
Event: 33.346 Executing VM operation: ParallelGCFailedAllocation done
Event: 33.389 Executing VM operation: HandshakeAllThreads
Event: 33.390 Executing VM operation: HandshakeAllThreads done
Event: 33.571 Executing VM operation: ParallelGCFailedAllocation
Event: 33.576 Executing VM operation: ParallelGCFailedAllocation done
Event: 34.062 Executing VM operation: ParallelGCFailedAllocation
Event: 34.528 Executing VM operation: ParallelGCFailedAllocation done
Event: 35.118 Executing VM operation: ParallelGCFailedAllocation
Event: 35.153 Executing VM operation: ParallelGCFailedAllocation done

Events (20 events):
Event: 31.155 Thread 0x00000195ab7d5390 flushing nmethod 0x000001959ae7bb10
Event: 31.155 Thread 0x00000195ab7d5390 flushing nmethod 0x000001959ae7c090
Event: 31.164 loading class java/util/concurrent/locks/ReentrantReadWriteLock$Sync$HoldCounter
Event: 31.165 loading class java/util/concurrent/locks/ReentrantReadWriteLock$Sync$HoldCounter done
Event: 31.258 loading class java/nio/channels/Channels$1
Event: 31.262 loading class java/nio/channels/Channels$1 done
Event: 31.313 loading class sun/nio/cs/ISO_8859_1$Encoder
Event: 31.313 loading class sun/nio/cs/ISO_8859_1$Encoder done
Event: 31.313 loading class sun/nio/cs/Surrogate$Parser
Event: 31.314 loading class sun/nio/cs/Surrogate$Parser done
Event: 31.314 loading class sun/nio/cs/Surrogate
Event: 31.314 loading class sun/nio/cs/Surrogate done
Event: 31.961 Thread 0x00000195b36dcb80 Thread added: 0x00000195b36dcb80
Event: 33.863 loading class java/util/concurrent/ForkJoinTask$AdaptedCallable
Event: 33.864 loading class java/util/concurrent/ForkJoinTask$AdaptedCallable done
Event: 33.864 loading class java/util/concurrent/CountedCompleter
Event: 33.870 loading class java/util/concurrent/CountedCompleter done
Event: 35.238 loading class jdk/internal/ref/CleanerImpl$InnocuousThreadFactory
Event: 35.244 loading class jdk/internal/ref/CleanerImpl$InnocuousThreadFactory done
Event: 35.247 Thread 0x00000195b36dd090 Thread added: 0x00000195b36dd090


Dynamic libraries:
0x00007ff758050000 - 0x00007ff75805e000 	c:\Users\55119\.vscode\extensions\redhat.java-1.33.0-win32-x64\jre\17.0.11-win32-x86_64\bin\java.exe
0x00007ffa59da0000 - 0x00007ffa59fa9000 	C:\Windows\SYSTEM32\ntdll.dll
0x00007ffa09180000 - 0x00007ffa0919a000 	C:\Program Files\Avast Software\Avast\aswhook.dll
0x00007ffa59450000 - 0x00007ffa5950d000 	C:\Windows\System32\KERNEL32.DLL
0x00007ffa57860000 - 0x00007ffa57be4000 	C:\Windows\System32\KERNELBASE.dll
0x00007ffa57560000 - 0x00007ffa57671000 	C:\Windows\System32\ucrtbase.dll
0x00007ffa53450000 - 0x00007ffa53467000 	c:\Users\55119\.vscode\extensions\redhat.java-1.33.0-win32-x64\jre\17.0.11-win32-x86_64\bin\jli.dll
0x00007ffa52ca0000 - 0x00007ffa52cbb000 	c:\Users\55119\.vscode\extensions\redhat.java-1.33.0-win32-x64\jre\17.0.11-win32-x86_64\bin\VCRUNTIME140.dll
0x00007ffa59700000 - 0x00007ffa598ad000 	C:\Windows\System32\USER32.dll
0x00007ffa442d0000 - 0x00007ffa44575000 	C:\Windows\WinSxS\amd64_microsoft.windows.common-controls_6595b64144ccf1df_6.0.22000.120_none_9d947278b86cc467\COMCTL32.dll
0x00007ffa57680000 - 0x00007ffa576a6000 	C:\Windows\System32\win32u.dll
0x00007ffa59150000 - 0x00007ffa591f3000 	C:\Windows\System32\msvcrt.dll
0x00007ffa58450000 - 0x00007ffa5847a000 	C:\Windows\System32\GDI32.dll
0x00007ffa57440000 - 0x00007ffa5755e000 	C:\Windows\System32\gdi32full.dll
0x00007ffa573a0000 - 0x00007ffa5743d000 	C:\Windows\System32\msvcp_win.dll
0x00007ffa59600000 - 0x00007ffa59631000 	C:\Windows\System32\IMM32.DLL
0x00007ffa4b9d0000 - 0x00007ffa4b9dc000 	c:\Users\55119\.vscode\extensions\redhat.java-1.33.0-win32-x64\jre\17.0.11-win32-x86_64\bin\vcruntime140_1.dll
0x00007ffa31f20000 - 0x00007ffa31fad000 	c:\Users\55119\.vscode\extensions\redhat.java-1.33.0-win32-x64\jre\17.0.11-win32-x86_64\bin\msvcp140.dll
0x00007ff9ccd40000 - 0x00007ff9cd9a2000 	c:\Users\55119\.vscode\extensions\redhat.java-1.33.0-win32-x64\jre\17.0.11-win32-x86_64\bin\server\jvm.dll
0x00007ffa59280000 - 0x00007ffa5932e000 	C:\Windows\System32\ADVAPI32.dll
0x00007ffa57bf0000 - 0x00007ffa57c8e000 	C:\Windows\System32\sechost.dll
0x00007ffa59bc0000 - 0x00007ffa59ce1000 	C:\Windows\System32\RPCRT4.dll
0x00007ffa55e30000 - 0x00007ffa55e7d000 	C:\Windows\SYSTEM32\POWRPROF.dll
0x00007ffa419d0000 - 0x00007ffa419d9000 	C:\Windows\SYSTEM32\WSOCK32.dll
0x00007ffa58480000 - 0x00007ffa584ef000 	C:\Windows\System32\WS2_32.dll
0x00007ffa4d7b0000 - 0x00007ffa4d7ba000 	C:\Windows\SYSTEM32\VERSION.dll
0x00007ffa4d830000 - 0x00007ffa4d863000 	C:\Windows\SYSTEM32\WINMM.dll
0x00007ffa55ce0000 - 0x00007ffa55cf3000 	C:\Windows\SYSTEM32\UMPDC.dll
0x00007ffa56390000 - 0x00007ffa563a8000 	C:\Windows\SYSTEM32\kernel.appcore.dll
0x00007ffa4b990000 - 0x00007ffa4b99a000 	c:\Users\55119\.vscode\extensions\redhat.java-1.33.0-win32-x64\jre\17.0.11-win32-x86_64\bin\jimage.dll
0x00007ffa52db0000 - 0x00007ffa52fd1000 	C:\Windows\SYSTEM32\DBGHELP.DLL
0x00007ffa4b830000 - 0x00007ffa4b861000 	C:\Windows\SYSTEM32\dbgcore.DLL
0x00007ffa577e0000 - 0x00007ffa5785f000 	C:\Windows\System32\bcryptPrimitives.dll
0x00007ffa4b880000 - 0x00007ffa4b88e000 	c:\Users\55119\.vscode\extensions\redhat.java-1.33.0-win32-x64\jre\17.0.11-win32-x86_64\bin\instrument.dll
0x00007ffa4afe0000 - 0x00007ffa4b005000 	c:\Users\55119\.vscode\extensions\redhat.java-1.33.0-win32-x64\jre\17.0.11-win32-x86_64\bin\java.dll
0x00007ffa48f70000 - 0x00007ffa48f88000 	c:\Users\55119\.vscode\extensions\redhat.java-1.33.0-win32-x64\jre\17.0.11-win32-x86_64\bin\zip.dll
0x00007ffa58980000 - 0x00007ffa59145000 	C:\Windows\System32\SHELL32.dll
0x00007ffa55300000 - 0x00007ffa55b62000 	C:\Windows\SYSTEM32\windows.storage.dll
0x00007ffa57f20000 - 0x00007ffa58296000 	C:\Windows\System32\combase.dll
0x00007ffa55190000 - 0x00007ffa552f7000 	C:\Windows\SYSTEM32\wintypes.dll
0x00007ffa57e30000 - 0x00007ffa57f1a000 	C:\Windows\System32\SHCORE.dll
0x00007ffa59200000 - 0x00007ffa5925d000 	C:\Windows\System32\shlwapi.dll
0x00007ffa57160000 - 0x00007ffa57185000 	C:\Windows\SYSTEM32\profapi.dll
0x00007ffa48d90000 - 0x00007ffa48da9000 	C:\Users\55119\.vscode\extensions\redhat.java-1.33.0-win32-x64\jre\17.0.11-win32-x86_64\bin\net.dll
0x00007ffa4fc00000 - 0x00007ffa4fd14000 	C:\Windows\SYSTEM32\WINHTTP.dll
0x00007ffa56840000 - 0x00007ffa568a7000 	C:\Windows\system32\mswsock.dll
0x00007ffa43f10000 - 0x00007ffa43f26000 	C:\Users\55119\.vscode\extensions\redhat.java-1.33.0-win32-x64\jre\17.0.11-win32-x86_64\bin\nio.dll
0x00007ffa4b800000 - 0x00007ffa4b810000 	c:\Users\55119\.vscode\extensions\redhat.java-1.33.0-win32-x64\jre\17.0.11-win32-x86_64\bin\verify.dll
0x00007ffa29200000 - 0x00007ffa29245000 	C:\Users\55119\AppData\Roaming\Code\User\globalStorage\redhat.java\1.33.0\config_win\org.eclipse.equinox.launcher\org.eclipse.equinox.launcher.win32.win32.x86_64_1.2.1100.v20240722-2106\eclipse_11904.dll
0x00007ffa57c90000 - 0x00007ffa57e2a000 	C:\Windows\System32\ole32.dll
0x00007ffa56a80000 - 0x00007ffa56a98000 	C:\Windows\SYSTEM32\CRYPTSP.dll
0x00007ffa562f0000 - 0x00007ffa56325000 	C:\Windows\system32\rsaenh.dll
0x00007ffa56930000 - 0x00007ffa5695c000 	C:\Windows\SYSTEM32\USERENV.dll
0x00007ffa56c50000 - 0x00007ffa56c77000 	C:\Windows\SYSTEM32\bcrypt.dll
0x00007ffa56aa0000 - 0x00007ffa56aac000 	C:\Windows\SYSTEM32\CRYPTBASE.dll
0x00007ffa55f40000 - 0x00007ffa55f6d000 	C:\Windows\SYSTEM32\IPHLPAPI.DLL
0x00007ffa59510000 - 0x00007ffa59519000 	C:\Windows\System32\NSI.dll
0x00007ffa4fbe0000 - 0x00007ffa4fbf9000 	C:\Windows\SYSTEM32\dhcpcsvc6.DLL
0x00007ffa4fed0000 - 0x00007ffa4feee000 	C:\Windows\SYSTEM32\dhcpcsvc.DLL
0x00007ffa55f70000 - 0x00007ffa56057000 	C:\Windows\SYSTEM32\DNSAPI.dll
0x00007ffa234a0000 - 0x00007ffa234e5000 	C:\Users\55119\AppData\Local\Temp\jna--205368346\jna8019344868108113583.dll
0x00007ffa58970000 - 0x00007ffa58978000 	C:\Windows\System32\PSAPI.DLL

dbghelp: loaded successfully - version: 4.0.5 - missing functions: none
symbol engine: initialized successfully - sym options: 0x614 - pdb path: .;c:\Users\55119\.vscode\extensions\redhat.java-1.33.0-win32-x64\jre\17.0.11-win32-x86_64\bin;C:\Windows\SYSTEM32;C:\Program Files\Avast Software\Avast;C:\Windows\WinSxS\amd64_microsoft.windows.common-controls_6595b64144ccf1df_6.0.22000.120_none_9d947278b86cc467;c:\Users\55119\.vscode\extensions\redhat.java-1.33.0-win32-x64\jre\17.0.11-win32-x86_64\bin\server;C:\Users\55119\AppData\Roaming\Code\User\globalStorage\redhat.java\1.33.0\config_win\org.eclipse.equinox.launcher\org.eclipse.equinox.launcher.win32.win32.x86_64_1.2.1100.v20240722-2106;C:\Users\55119\AppData\Local\Temp\jna--205368346

VM Arguments:
jvm_args: --add-modules=ALL-SYSTEM --add-opens=java.base/java.util=ALL-UNNAMED --add-opens=java.base/java.lang=ALL-UNNAMED --add-opens=java.base/sun.nio.fs=ALL-UNNAMED -Declipse.application=org.eclipse.jdt.ls.core.id1 -Dosgi.bundles.defaultStartLevel=4 -Declipse.product=org.eclipse.jdt.ls.core.product -Djava.import.generatesMetadataFilesAtProjectRoot=false -DDetectVMInstallationsJob.disabled=true -Dfile.encoding=utf8 -XX:+UseParallelGC -XX:GCTimeRatio=4 -XX:AdaptiveSizePolicyWeight=90 -Dsun.zip.disableMemoryMapping=true -Xmx1G -Xms100m -Xlog:disable -javaagent:c:\Users\55119\.vscode\extensions\redhat.java-1.33.0-win32-x64\lombok\lombok-1.18.33.jar -XX:+HeapDumpOnOutOfMemoryError -XX:HeapDumpPath=c:\Users\55119\AppData\Roaming\Code\User\workspaceStorage\ed399de286a856b5668f17e944be6a14\redhat.java -Daether.dependencyCollector.impl=bf 
java_command: c:\Users\55119\.vscode\extensions\redhat.java-1.33.0-win32-x64\server\plugins\org.eclipse.equinox.launcher_1.6.900.v20240613-2009.jar -configuration c:\Users\55119\AppData\Roaming\Code\User\globalStorage\redhat.java\1.33.0\config_win -data c:\Users\55119\AppData\Roaming\Code\User\workspaceStorage\ed399de286a856b5668f17e944be6a14\redhat.java\jdt_ws --pipe=\\.\pipe\lsp-20a66f8f039871729ea399afc7451f2a-sock
java_class_path (initial): c:\Users\55119\.vscode\extensions\redhat.java-1.33.0-win32-x64\server\plugins\org.eclipse.equinox.launcher_1.6.900.v20240613-2009.jar
Launcher Type: SUN_STANDARD

[Global flags]
    uintx AdaptiveSizePolicyWeight                 = 90                                        {product} {command line}
     intx CICompilerCount                          = 3                                         {product} {ergonomic}
    uintx GCTimeRatio                              = 4                                         {product} {command line}
     bool HeapDumpOnOutOfMemoryError               = true                                   {manageable} {command line}
    ccstr HeapDumpPath                             = c:\Users\55119\AppData\Roaming\Code\User\workspaceStorage\ed399de286a856b5668f17e944be6a14\redhat.java         {manageable} {command line}
   size_t InitialHeapSize                          = 104857600                                 {product} {command line}
   size_t MaxHeapSize                              = 1073741824                                {product} {command line}
   size_t MaxNewSize                               = 357564416                                 {product} {ergonomic}
   size_t MinHeapDeltaBytes                        = 524288                                    {product} {ergonomic}
   size_t MinHeapSize                              = 104857600                                 {product} {command line}
   size_t NewSize                                  = 34603008                                  {product} {ergonomic}
    uintx NonNMethodCodeHeapSize                   = 5832780                                {pd product} {ergonomic}
    uintx NonProfiledCodeHeapSize                  = 122912730                              {pd product} {ergonomic}
   size_t OldSize                                  = 70254592                                  {product} {ergonomic}
    uintx ProfiledCodeHeapSize                     = 122912730                              {pd product} {ergonomic}
    uintx ReservedCodeCacheSize                    = 251658240                              {pd product} {ergonomic}
     bool SegmentedCodeCache                       = true                                      {product} {ergonomic}
   size_t SoftMaxHeapSize                          = 1073741824                             {manageable} {ergonomic}
     bool UseCompressedClassPointers               = true                           {product lp64_product} {ergonomic}
     bool UseCompressedOops                        = true                           {product lp64_product} {ergonomic}
     bool UseLargePagesIndividualAllocation        = false                                  {pd product} {ergonomic}
     bool UseParallelGC                            = true                                      {product} {command line}

Logging:
Log output configuration:
 #0: stdout all=off uptime,level,tags
 #1: stderr all=off uptime,level,tags

Environment Variables:
PATH=C:\Program Files\Common Files\Oracle\Java\javapath;C:\ProgramData\Oracle\Java\javapath;C:\Windows\system32;C:\Windows;C:\Windows\System32\Wbem;C:\Windows\System32\WindowsPowerShell\v1.0\;C:\Windows\System32\OpenSSH\;C:\Program Files\dotnet\;C:\Program Files\Git\cmd;C:\Program Files\PuTTY\;C:\Program Files\nodejs\;C:\php-8.2.20-nts-Win32-vs16-x64\;C:\composer;C:\Users\55119\AppData\Local\Microsoft\WindowsApps;C:\Users\55119\AppData\Local\Programs\Microsoft VS Code\bin;C:\Users\55119\AppData\Local\GitHubDesktop\bin;C:\Program Files\MySQL\MySQL Server 8.0\bin;C:\mongosh-1.8.2\bin;C:\Program Files\MongoDB\Server\6.0\bin;C:\Program Files (x86)\sqlite3;C:\Users\55119\AppData\Roaming\npm;C:\php-8.2.20-nts-Win32-vs16-x64\;C:\Users\55119\AppData\Roaming\Composer\vendor\bin
USERNAME=gabriel
OS=Windows_NT
PROCESSOR_IDENTIFIER=Intel64 Family 6 Model 140 Stepping 2, GenuineIntel
TMP=C:\Users\55119\AppData\Local\Temp
TEMP=C:\Users\55119\AppData\Local\Temp



Periodic native trim disabled


---------------  S Y S T E M  ---------------

OS:
 Windows 11 , 64 bit Build 22000 (10.0.22000.2538)
OS uptime: 0 days 13:32 hours

CPU: total 4 (initial active 4) (2 cores per cpu, 2 threads per core) family 6 model 140 stepping 2 microcode 0x26, cx8, cmov, fxsr, ht, mmx, 3dnowpref, sse, sse2, sse3, ssse3, sse4.1, sse4.2, popcnt, lzcnt, tsc, tscinvbit, avx, avx2, aes, erms, clmul, bmi1, bmi2, adx, avx512f, avx512dq, avx512cd, avx512bw, avx512vl, sha, fma, vzeroupper, avx512_vpopcntdq, avx512_vpclmulqdq, avx512_vaes, avx512_vnni, clflush, clflushopt, clwb, avx512_vbmi2, avx512_vbmi
Processor Information for all 4 processors :
  Max Mhz: 2995, Current Mhz: 2995, Mhz Limit: 2995

Memory: 4k page, system-wide physical 3879M (17M free)
TotalPageFile size 15655M (AvailPageFile size 0M)
current process WorkingSet (physical memory assigned to process): 245M, peak: 247M
current process commit charge ("private bytes"): 327M, peak: 334M

vm_info: OpenJDK 64-Bit Server VM (17.0.11+9) for windows-amd64 JRE (17.0.11+9), built on Apr 17 2024 06:07:48 by "admin" with MS VC++ 16.10 / 16.11 (VS2019)

END.
