#
# There is insufficient memory for the Java Runtime Environment to continue.
# Native memory allocation (mmap) failed to map 65536 bytes. Error detail: Failed to commit metaspace.
# Possible reasons:
#   The system is out of physical RAM or swap space
#   This process is running with CompressedOops enabled, and the Java Heap may be blocking the growth of the native heap
# Possible solutions:
#   Reduce memory load on the system
#   Increase physical memory or swap space
#   Check if swap backing store is full
#   Decrease Java heap size (-Xmx/-Xms)
#   Decrease number of Java threads
#   Decrease Java thread stack sizes (-Xss)
#   Set larger code cache with -XX:ReservedCodeCacheSize=
#   JVM is running with Unscaled Compressed Oops mode in which the Java heap is
#     placed in the first 4GB address space. The Java Heap base address is the
#     maximum limit for the native heap growth. Please use -XX:HeapBaseMinAddress
#     to set the Java Heap base and to place the Java Heap above 4GB virtual address.
# This output file may be truncated or incomplete.
#
#  Out of Memory Error (virtualSpaceNode.cpp:110), pid=28976, tid=21360
#
# JRE version: OpenJDK Runtime Environment Temurin-17.0.11+9 (17.0.11+9) (build 17.0.11+9)
# Java VM: OpenJDK 64-Bit Server VM Temurin-17.0.11+9 (17.0.11+9, mixed mode, emulated-client, tiered, compressed oops, compressed class ptrs, g1 gc, windows-amd64)
# No core dump will be written. Minidumps are not enabled by default on client versions of Windows
#

---------------  S U M M A R Y ------------

Command Line: -Xmx1024m -Dsts.lsp.client=vscode -Dsts.log.file=/dev/null -XX:TieredStopAtLevel=1 -Xlog:jni+resolve=off -Dspring.config.location=file:c:\Users\55119\.vscode\extensions\vmware.vscode-spring-boot-1.56.0\language-server\BOOT-INF\classes\application.properties org.springframework.ide.vscode.boot.app.BootLanguageServerBootApp

Host: 11th Gen Intel(R) Core(TM) i3-1115G4 @ 3.00GHz, 4 cores, 3G,  Windows 11 , 64 bit Build 22000 (10.0.22000.2538)
Time: Sun Aug 18 17:54:41 2024 Hora oficial do Brasil elapsed time: 1.880511 seconds (0d 0h 0m 1s)

---------------  T H R E A D  ---------------

Current thread (0x00000205fdcbded0):  JavaThread "main" [_thread_in_vm, id=21360, stack(0x000000fa1b000000,0x000000fa1b100000)]

Stack: [0x000000fa1b000000,0x000000fa1b100000]
Native frames: (J=compiled Java code, j=interpreted, Vv=VM code, C=native code)
V  [jvm.dll+0x67d429]
V  [jvm.dll+0x834b7a]
V  [jvm.dll+0x83663e]
V  [jvm.dll+0x836ca3]
V  [jvm.dll+0x247dbf]
V  [jvm.dll+0x83083b]
V  [jvm.dll+0x621d56]
V  [jvm.dll+0x1c1b3e]
V  [jvm.dll+0x6246b1]
V  [jvm.dll+0x6226f6]
V  [jvm.dll+0x23d710]
V  [jvm.dll+0x1ec56b]
V  [jvm.dll+0x1e1f11]
V  [jvm.dll+0x54250e]
V  [jvm.dll+0x7aecb8]
V  [jvm.dll+0x7aeda4]
V  [jvm.dll+0x4106a5]
V  [jvm.dll+0x416819]
C  [java.dll+0x17ec]

Java frames: (J=compiled Java code, j=interpreted, Vv=VM code)
J 889  java.lang.ClassLoader.defineClass1(Ljava/lang/ClassLoader;Ljava/lang/String;[BIILjava/security/ProtectionDomain;Ljava/lang/String;)Ljava/lang/Class; java.base@17.0.11 (0 bytes) @ 0x0000020582e4505b [0x0000020582e44fa0+0x00000000000000bb]
J 807 c1 java.lang.ClassLoader.defineClass(Ljava/lang/String;[BIILjava/security/ProtectionDomain;)Ljava/lang/Class; java.base@17.0.11 (43 bytes) @ 0x0000020582e275dc [0x0000020582e274e0+0x00000000000000fc]
J 713 c1 jdk.internal.loader.BuiltinClassLoader.defineClass(Ljava/lang/String;Ljdk/internal/loader/Resource;)Ljava/lang/Class; java.base@17.0.11 (121 bytes) @ 0x0000020582e03744 [0x0000020582e032a0+0x00000000000004a4]
J 712 c1 jdk.internal.loader.BuiltinClassLoader.findClassOnClassPathOrNull(Ljava/lang/String;)Ljava/lang/Class; java.base@17.0.11 (64 bytes) @ 0x0000020582e026c4 [0x0000020582e02420+0x00000000000002a4]
J 632 c1 jdk.internal.loader.BuiltinClassLoader.loadClassOrNull(Ljava/lang/String;Z)Ljava/lang/Class; java.base@17.0.11 (143 bytes) @ 0x0000020582ddafc4 [0x0000020582ddab80+0x0000000000000444]
J 686 c1 jdk.internal.loader.ClassLoaders$AppClassLoader.loadClass(Ljava/lang/String;Z)Ljava/lang/Class; java.base@17.0.11 (40 bytes) @ 0x0000020582df7324 [0x0000020582df71e0+0x0000000000000144]
J 685 c1 java.lang.ClassLoader.loadClass(Ljava/lang/String;)Ljava/lang/Class; java.base@17.0.11 (7 bytes) @ 0x0000020582df6ee4 [0x0000020582df6ea0+0x0000000000000044]
v  ~StubRoutines::call_stub
j  org.codehaus.groovy.util.ReferenceBundle.<clinit>()V+27
v  ~StubRoutines::call_stub
j  org.codehaus.groovy.runtime.metaclass.MetaClassRegistryImpl.<init>(IZ)V+53
j  org.codehaus.groovy.runtime.metaclass.MetaClassRegistryImpl.<init>()V+3
j  groovy.lang.GroovySystem.<clinit>()V+8
v  ~StubRoutines::call_stub
j  org.springframework.beans.factory.groovy.GroovyBeanDefinitionReader.<init>(Lorg/springframework/beans/factory/support/BeanDefinitionRegistry;)V+28
j  org.springframework.boot.BeanDefinitionLoader.<init>(Lorg/springframework/beans/factory/support/BeanDefinitionRegistry;[Ljava/lang/Object;)V+58
j  org.springframework.boot.SpringApplication.createBeanDefinitionLoader(Lorg/springframework/beans/factory/support/BeanDefinitionRegistry;[Ljava/lang/Object;)Lorg/springframework/boot/BeanDefinitionLoader;+6
j  org.springframework.boot.SpringApplication.load(Lorg/springframework/context/ApplicationContext;[Ljava/lang/Object;)V+35
j  org.springframework.boot.SpringApplication.prepareContext(Lorg/springframework/boot/DefaultBootstrapContext;Lorg/springframework/context/ConfigurableApplicationContext;Lorg/springframework/core/env/ConfigurableEnvironment;Lorg/springframework/boot/SpringApplicationRunListeners;Lorg/springframework/boot/ApplicationArguments;Lorg/springframework/boot/Banner;)V+238
j  org.springframework.boot.SpringApplication.run([Ljava/lang/String;)Lorg/springframework/context/ConfigurableApplicationContext;+104
j  org.springframework.boot.SpringApplication.run([Ljava/lang/Class;[Ljava/lang/String;)Lorg/springframework/context/ConfigurableApplicationContext;+9
j  org.springframework.boot.SpringApplication.run(Ljava/lang/Class;[Ljava/lang/String;)Lorg/springframework/context/ConfigurableApplicationContext;+9
j  org.springframework.ide.vscode.boot.app.BootLanguageServerBootApp.main([Ljava/lang/String;)V+19
v  ~StubRoutines::call_stub

Compiled method (n/a)    1919  889     n 0       java.lang.ClassLoader::defineClass1 (native)
 total in heap  [0x0000020582e44e10,0x0000020582e452e8] = 1240
 relocation     [0x0000020582e44f68,0x0000020582e44fa0] = 56
 main code      [0x0000020582e44fa0,0x0000020582e452e8] = 840

[Constant Pool (empty)]

[MachCode]
[Entry Point]
  # {method} {0x000002058b01de78} 'defineClass1' '(Ljava/lang/ClassLoader;Ljava/lang/String;[BIILjava/security/ProtectionDomain;Ljava/lang/String;)Ljava/lang/Class;' in 'java/lang/ClassLoader'
  # parm0:    rdx:rdx   = 'java/lang/ClassLoader'
  # parm1:    r8:r8     = 'java/lang/String'
  # parm2:    r9:r9     = '[B'
  # parm3:    rdi       = int
  # parm4:    rsi       = int
  # parm5:    rcx:rcx   = 'java/security/ProtectionDomain'
  # parm6:    [sp+0xa0]   = 'java/lang/String'  (sp of caller)
  0x0000020582e44fa0: 448b 5208 | 49c1 e203 | 493b c20f | 8407 0000 

  0x0000020582e44fb0: ;   {runtime_call ic_miss_stub}
  0x0000020582e44fb0: 00e9 cac5 | deff 6690 
[Verified Entry Point]
  0x0000020582e44fb8: 8984 2400 | 90ff ff55 | 488b ec48 | 81ec 9000 | 0000 4881 | 7d10 0000 | 0000 488d | 4510 480f 
  0x0000020582e44fd8: 4445 1048 | 8944 2440 | 4889 4c24 | 7048 83f9 | 0048 8d44 | 2470 480f | 4444 2470 | 4889 4424 
  0x0000020582e44ff8: 3848 8974 | 2430 4889 | 7c24 284c | 894c 2458 | 4983 f900 | 488d 4424 | 5848 0f44 | 4424 5848 
  0x0000020582e45018: 8944 2420 | 4c89 4424 | 5049 83f8 | 004c 8d4c | 2450 4c0f | 444c 2450 | 4889 5424 | 4848 83fa 
  0x0000020582e45038: 004c 8d44 | 2448 4c0f | 4444 2448 

  0x0000020582e45044: ;   {oop(a 'java/lang/Class'{0x00000000c04b0d50} = 'java/lang/ClassLoader')}
  0x0000020582e45044: 49be 500d | 4bc0 0000 | 0000 4c89 | 7424 784c | 8d74 2478 | 498b d6c5 

  0x0000020582e4505c: ;   {internal_word}
  0x0000020582e4505c: f877 49ba | 5b50 e482 | 0502 0000 | 4d89 97a0 | 0200 0049 | 89a7 9802 

  0x0000020582e45074: ;   {external_word}
  0x0000020582e45074: 0000 49ba | 5835 63f8 | fc7f 0000 | 4180 3a00 | 0f84 5200 | 0000 5241 

  0x0000020582e4508c: ;   {metadata({method} {0x000002058b01de78} 'defineClass1' '(Ljava/lang/ClassLoader;Ljava/lang/String;[BIILjava/security/ProtectionDomain;Ljava/lang/String;)Ljava/lang/Class;' in 'java/lang/ClassLoader')}
  0x0000020582e4508c: 5041 5148 | ba70 de01 | 8b05 0200 | 0049 8bcf | 4883 ec20 | f7c4 0f00 | 0000 0f84 | 1a00 0000 
  0x0000020582e450ac: 4883 ec08 

  0x0000020582e450b0: ;   {runtime_call}
  0x0000020582e450b0: 49ba 6031 | 19f8 fc7f | 0000 41ff | d248 83c4 | 08e9 0d00 

  0x0000020582e450c4: ;   {runtime_call}
  0x0000020582e450c4: 0000 49ba | 6031 19f8 | fc7f 0000 | 41ff d248 | 83c4 2041 | 5941 585a | 498d 8fb8 | 0200 0041 
  0x0000020582e450e4: c787 4803 | 0000 0400 

  0x0000020582e450ec: ;   {runtime_call}
  0x0000020582e450ec: 0000 49ba | ac16 5580 | fd7f 0000 | 41ff d2c5 | f877 41c7 | 8748 0300 | 0005 0000 | 00f0 8344 
  0x0000020582e4510c: 24c0 0049 | 3baf 5003 | 0000 0f87 | 1100 0000 | 4181 bf38 | 0300 0000 | 0000 000f | 842c 0000 
  0x0000020582e4512c: 00c5 f877 | 4889 45f8 | 498b cf4c | 8be4 4883 | ec20 4883 

  0x0000020582e45140: ;   {runtime_call}
  0x0000020582e45140: e4f0 49ba | c045 29f8 | fc7f 0000 | 41ff d249 | 8be4 4d33 | e448 8b45 | f841 c787 | 4803 0000 
  0x0000020582e45160: 0800 0000 | 4181 bfb8 | 0300 0002 | 0000 000f | 843f 0100 

  0x0000020582e45174: ;   {external_word}
  0x0000020582e45174: 0049 ba58 | 3563 f8fc | 7f00 0041 | 803a 000f | 8450 0000 | 0048 8945 

  0x0000020582e4518c: ;   {metadata({method} {0x000002058b01de78} 'defineClass1' '(Ljava/lang/ClassLoader;Ljava/lang/String;[BIILjava/security/ProtectionDomain;Ljava/lang/String;)Ljava/lang/Class;' in 'java/lang/ClassLoader')}
  0x0000020582e4518c: f848 ba70 | de01 8b05 | 0200 0049 | 8bcf 4883 | ec20 f7c4 | 0f00 0000 | 0f84 1a00 | 0000 4883 
  0x0000020582e451ac: ;   {runtime_call}
  0x0000020582e451ac: ec08 49ba | 6031 19f8 | fc7f 0000 | 41ff d248 | 83c4 08e9 | 0d00 0000 

  0x0000020582e451c4: ;   {runtime_call}
  0x0000020582e451c4: 49ba 6031 | 19f8 fc7f | 0000 41ff | d248 83c4 | 2048 8b45 | f849 c787 | 9802 0000 | 0000 0000 
  0x0000020582e451e4: 49c7 87a0 | 0200 0000 | 0000 00c5 | f877 4885 | c00f 8493 | 0000 0048 | f7c0 0100 | 0000 0f84 
  0x0000020582e45204: 8300 0000 | 488b 40ff | 4180 7f38 | 000f 846f | 0000 0048 | 83f8 000f | 8465 0000 | 0049 8b4f 
  0x0000020582e45224: 2048 83f9 | 000f 8414 | 0000 0048 | 83e9 0849 | 894f 2049 | 034f 3048 | 8901 e943 | 0000 0050 
  0x0000020582e45244: 498b d748 | 8bc8 4883 | ec20 f7c4 | 0f00 0000 | 0f84 1a00 | 0000 4883 

  0x0000020582e4525c: ;   {runtime_call}
  0x0000020582e4525c: ec08 49ba | 604d d8f7 | fc7f 0000 | 41ff d248 | 83c4 08e9 | 0d00 0000 

  0x0000020582e45274: ;   {runtime_call}
  0x0000020582e45274: 49ba 604d | d8f7 fc7f | 0000 41ff | d248 83c4 | 2058 e903 | 0000 0048 | 8b00 498b | 8fd8 0000 
  0x0000020582e45294: 00c7 8100 | 0100 0000 | 0000 00c9 | 4981 7f08 | 0000 0000 | 0f85 0100 

  0x0000020582e452ac: ;   {runtime_call StubRoutines (1)}
  0x0000020582e452ac: 0000 c3e9 | 4cbc d9ff | c5f8 7748 | 8945 f84c | 8be4 4883 | ec20 4883 

  0x0000020582e452c4: ;   {runtime_call}
  0x0000020582e452c4: e4f0 49ba | e061 19f8 | fc7f 0000 | 41ff d249 | 8be4 4d33 | e448 8b45 | f8e9 93fe | ffff f4f4 
  0x0000020582e452e4: f4f4 f4f4 
[/MachCode]


Compiled method (c1)    1927  807       1       java.lang.ClassLoader::defineClass (43 bytes)
 total in heap  [0x0000020582e27310,0x0000020582e278b0] = 1440
 relocation     [0x0000020582e27468,0x0000020582e274c8] = 96
 main code      [0x0000020582e274e0,0x0000020582e27680] = 416
 stub code      [0x0000020582e27680,0x0000020582e276f8] = 120
 metadata       [0x0000020582e276f8,0x0000020582e27728] = 48
 scopes data    [0x0000020582e27728,0x0000020582e277e0] = 184
 scopes pcs     [0x0000020582e277e0,0x0000020582e27880] = 160
 dependencies   [0x0000020582e27880,0x0000020582e27888] = 8
 nul chk table  [0x0000020582e27888,0x0000020582e278b0] = 40

[Constant Pool (empty)]

[MachCode]
[Entry Point]
  # {method} {0x000002058b01dce8} 'defineClass' '(Ljava/lang/String;[BIILjava/security/ProtectionDomain;)Ljava/lang/Class;' in 'java/lang/ClassLoader'
  # this:     rdx:rdx   = 'java/lang/ClassLoader'
  # parm0:    r8:r8     = 'java/lang/String'
  # parm1:    r9:r9     = '[B'
  # parm2:    rdi       = int
  # parm3:    rsi       = int
  # parm4:    rcx:rcx   = 'java/security/ProtectionDomain'
  #           [sp+0xc0]  (sp of caller)
  0x0000020582e274e0: 448b 5208 | 49c1 e203 

  0x0000020582e274e8: ;   {runtime_call ic_miss_stub}
  0x0000020582e274e8: 4c3b d00f | 858f a0e0 | ff66 6666 | 0f1f 8400 | 0000 0000 | 6666 6690 
[Verified Entry Point]
  0x0000020582e27500: 8984 2400 | 90ff ff55 | 4881 ecb0 | 0000 0048 | 8954 2478 | 89b4 2494 | 0000 0089 | bc24 9000 
  0x0000020582e27520: 0000 4c89 | 8c24 8800 | 0000 498b | d84c 8bc3 | 4c8b c948 | 8bca 488b | d148 899c | 2480 0000 
  0x0000020582e27540: 0066 0f1f 

  0x0000020582e27544: ;   {optimized virtual_call}
  0x0000020582e27544: 4400 00e8 

  0x0000020582e27548: ; ImmutableOopMap {[120]=Oop [136]=Oop [128]=Oop }
                      ;*invokevirtual preDefineClass {reexecute=0 rethrow=0 return_oop=0}
                      ; - java.lang.ClassLoader::defineClass@4
  0x0000020582e27548: 7406 0000 | 4889 8424 | 9800 0000 

  0x0000020582e27554: ; implicit exception: dispatches to 0x0000020582e2761a
  0x0000020582e27554: 448b 4010 | 4983 f800 | 0f85 0f00 

  0x0000020582e27560: ;   {oop(NULL)}
  0x0000020582e27560: 0000 48bb | 0000 0000 | 0000 0000 | e936 0000 | 0045 8b40 | 0c49 83f8 | 000f 850f 

  0x0000020582e2757c: ;   {oop(NULL)}
  0x0000020582e2757c: 0000 0048 | bb00 0000 | 0000 0000 | 00e9 1900 | 0000 418b | 5038 483b 

  0x0000020582e27594: ;   {optimized virtual_call}
  0x0000020582e27594: 0266 90e8 

  0x0000020582e27598: ; ImmutableOopMap {[120]=Oop [136]=Oop [128]=Oop [152]=Oop }
                      ;*invokevirtual toExternalForm {reexecute=0 rethrow=0 return_oop=0}
                      ; - java.net.URL::toExternalForm@5
                      ; - java.net.URL::toString@1
                      ; - java.lang.ClassLoader::defineClassSourceLocation@22
                      ; - java.lang.ClassLoader::defineClass@12
  0x0000020582e27598: 0453 f7ff | 488b d848 | 8b84 2498 | 0000 008b | b424 9400 | 0000 8bbc | 2490 0000 | 004c 8b8c 
  0x0000020582e275b8: 2488 0000 | 004c 8b84 | 2480 0000 | 0048 8b54 | 2478 4c8b | da49 8bd3 | 488b c848 

  0x0000020582e275d4: ;   {static_call}
  0x0000020582e275d4: 891c 24e8 

  0x0000020582e275d8: ; ImmutableOopMap {[152]=Oop [120]=Oop }
                      ;*invokestatic defineClass1 {reexecute=0 rethrow=0 return_oop=0}
                      ; - java.lang.ClassLoader::defineClass@27
  0x0000020582e275d8: dcd9 0100 | 4c8b c04c | 8b8c 2498 | 0000 0048 | 8b54 2478 | 4889 8424 | a000 0000 

  0x0000020582e275f4: ;   {optimized virtual_call}
  0x0000020582e275f4: 6666 90e8 

  0x0000020582e275f8: ; ImmutableOopMap {[160]=Oop }
                      ;*invokevirtual postDefineClass {reexecute=0 rethrow=0 return_oop=0}
                      ; - java.lang.ClassLoader::defineClass@37
  0x0000020582e275f8: 84e6 0100 | 488b 8424 | a000 0000 | 4881 c4b0 | 0000 005d 

  0x0000020582e2760c: ;   {poll_return}
  0x0000020582e2760c: 493b a750 | 0300 000f | 8715 0000 

  0x0000020582e27618: ;   {runtime_call throw_null_pointer_exception Runtime1 stub}
  0x0000020582e27618: 00c3 e801 

  0x0000020582e2761c: ; ImmutableOopMap {[120]=Oop [136]=Oop [128]=Oop rax=Oop [152]=Oop }
                      ;*invokevirtual getCodeSource {reexecute=0 rethrow=0 return_oop=0}
                      ; - java.lang.ClassLoader::defineClassSourceLocation@1
                      ; - java.lang.ClassLoader::defineClass@12
                      ;   {runtime_call throw_null_pointer_exception Runtime1 stub}
  0x0000020582e2761c: c9ea ffe8 

  0x0000020582e27620: ; ImmutableOopMap {[120]=Oop [136]=Oop [128]=Oop rax=Oop [152]=Oop }
                      ;*invokevirtual getLocation {reexecute=0 rethrow=0 return_oop=0}
                      ; - java.lang.ClassLoader::defineClassSourceLocation@12
                      ; - java.lang.ClassLoader::defineClass@12
  0x0000020582e27620: fcc8 eaff 

  0x0000020582e27624: ;   {runtime_call throw_null_pointer_exception Runtime1 stub}
  0x0000020582e27624: e8f7 c8ea 

  0x0000020582e27628: ; ImmutableOopMap {[120]=Oop [136]=Oop [128]=Oop [152]=Oop r8=Oop }
                      ;*invokevirtual toString {reexecute=0 rethrow=0 return_oop=0}
                      ; - java.lang.ClassLoader::defineClassSourceLocation@22
                      ; - java.lang.ClassLoader::defineClass@12
                      ;   {runtime_call throw_null_pointer_exception Runtime1 stub}
  0x0000020582e27628: ffe8 f2c8 

  0x0000020582e2762c: ; ImmutableOopMap {[120]=Oop [136]=Oop [128]=Oop [152]=Oop r8=Oop rdx=Oop }
                      ;*invokevirtual toExternalForm {reexecute=0 rethrow=0 return_oop=0}
                      ; - java.net.URL::toExternalForm@5
                      ; - java.net.URL::toString@1
                      ; - java.lang.ClassLoader::defineClassSourceLocation@22
                      ; - java.lang.ClassLoader::defineClass@12
                      ;   {internal_word}
  0x0000020582e2762c: eaff 49ba | 0c76 e282 | 0502 0000 | 4d89 9768 

  0x0000020582e2763c: ;   {runtime_call SafepointBlob}
  0x0000020582e2763c: 0300 00e9 | 3c19 e1ff | 9090 498b | 87e0 0300 | 0049 c787 | e003 0000 | 0000 0000 | 49c7 87e8 
  0x0000020582e2765c: 0300 0000 | 0000 0048 | 81c4 b000 

  0x0000020582e27668: ;   {runtime_call unwind_exception Runtime1 stub}
  0x0000020582e27668: 0000 5de9 | 90b9 eaff | f4f4 f4f4 | f4f4 f4f4 | f4f4 f4f4 | f4f4 f4f4 
[Stub Code]
  0x0000020582e27680: ;   {no_reloc}
  0x0000020582e27680: 0f1f 4400 

  0x0000020582e27684: ;   {static_stub}
  0x0000020582e27684: 0048 bbc0 | da01 8b05 

  0x0000020582e2768c: ;   {runtime_call I2C/C2I adapters}
  0x0000020582e2768c: 0200 00e9 | c427 e1ff 

  0x0000020582e27694: ;   {static_stub}
  0x0000020582e27694: 9048 bb00 | 0000 0000 

  0x0000020582e2769c: ;   {runtime_call}
  0x0000020582e2769c: 0000 00e9 | fbff ffff 

  0x0000020582e276a4: ;   {static_stub}
  0x0000020582e276a4: 9048 bb70 | de01 8b05 

  0x0000020582e276ac: ;   {runtime_call I2C/C2I adapters}
  0x0000020582e276ac: 0200 00e9 | 3b21 e0ff 

  0x0000020582e276b4: ;   {static_stub}
  0x0000020582e276b4: 9048 bb20 | dc01 8b05 

  0x0000020582e276bc: ;   {runtime_call I2C/C2I adapters}
  0x0000020582e276bc: 0200 00e9 | 9427 e1ff 
[Exception Handler]
  0x0000020582e276c4: ;   {runtime_call handle_exception_from_callee Runtime1 stub}
  0x0000020582e276c4: e837 eeea 

  0x0000020582e276c8: ;   {external_word}
  0x0000020582e276c8: ff48 b930 | 9a3d f8fc | 7f00 0048 

  0x0000020582e276d4: ;   {runtime_call}
  0x0000020582e276d4: 83e4 f049 | ba40 2b06 | f8fc 7f00 | 0041 ffd2 

  0x0000020582e276e4: ;   {section_word}
  0x0000020582e276e4: f449 bae5 | 76e2 8205 | 0200 0041 

  0x0000020582e276f0: ;   {runtime_call DeoptimizationBlob}
  0x0000020582e276f0: 52e9 2a2d | e1ff f4f4 
[/MachCode]


Compiled method (c1)    1936  713       1       jdk.internal.loader.BuiltinClassLoader::defineClass (121 bytes)
 total in heap  [0x0000020582e03010,0x0000020582e03e68] = 3672
 relocation     [0x0000020582e03168,0x0000020582e03298] = 304
 main code      [0x0000020582e032a0,0x0000020582e038a0] = 1536
 stub code      [0x0000020582e038a0,0x0000020582e039e8] = 328
 metadata       [0x0000020582e039e8,0x0000020582e03a30] = 72
 scopes data    [0x0000020582e03a30,0x0000020582e03c88] = 600
 scopes pcs     [0x0000020582e03c88,0x0000020582e03e28] = 416
 dependencies   [0x0000020582e03e28,0x0000020582e03e30] = 8
 handler table  [0x0000020582e03e30,0x0000020582e03e48] = 24
 nul chk table  [0x0000020582e03e48,0x0000020582e03e68] = 32

[Constant Pool (empty)]

[MachCode]
[Entry Point]
  # {method} {0x000002058b0c0980} 'defineClass' '(Ljava/lang/String;Ljdk/internal/loader/Resource;)Ljava/lang/Class;' in 'jdk/internal/loader/BuiltinClassLoader'
  # this:     rdx:rdx   = 'jdk/internal/loader/BuiltinClassLoader'
  # parm0:    r8:r8     = 'java/lang/String'
  # parm1:    r9:r9     = 'jdk/internal/loader/Resource'
  #           [sp+0x110]  (sp of caller)
  0x0000020582e032a0: 448b 5208 | 49c1 e203 

  0x0000020582e032a8: ;   {runtime_call ic_miss_stub}
  0x0000020582e032a8: 4c3b d00f | 85cf e2e2 | ff66 6666 | 0f1f 8400 | 0000 0000 | 6666 6690 
[Verified Entry Point]
  0x0000020582e032c0: 8984 2400 | 90ff ff55 | 4881 ec00 | 0100 0048 | 8994 24a0 | 0000 004c | 8984 2490 | 0000 004c 
  0x0000020582e032e0: 898c 2498 | 0000 0049 | 8bd1 6666 | 9048 b890 | 2001 0001 

  0x0000020582e032f4: ;   {virtual_call}
  0x0000020582e032f4: 0000 00e8 

  0x0000020582e032f8: ; ImmutableOopMap {[152]=Oop [160]=Oop [144]=Oop }
                      ;*invokevirtual getCodeSourceURL {reexecute=0 rethrow=0 return_oop=0}
                      ; - jdk.internal.loader.BuiltinClassLoader::defineClass@1
  0x0000020582e032f8: 24a2 0000 | 4889 8424 | a800 0000 | 4c8b 8424 | 9000 0000 

  0x0000020582e0330c: ; implicit exception: dispatches to 0x0000020582e037a3
  0x0000020582e0330c: 418b 7014 

  0x0000020582e03310: ; implicit exception: dispatches to 0x0000020582e037a8
  0x0000020582e03310: 8b56 0c45 | 0fbe 4810 | 498b c9c1 | e118 c1f9 | 18d3 fa48 | 8bfa ffcf | 4183 f900 | ba00 0000 
  0x0000020582e03330: 000f 8505 | 0000 00ba | 0100 0000 | 83e2 0183 | fa00 488b | d641 b82e | 0000 004c | 8bcf 0f84 
  0x0000020582e03350: 0d00 0000 

  0x0000020582e03354: ;   {static_call}
  0x0000020582e03354: 6666 90e8 

  0x0000020582e03358: ; ImmutableOopMap {[152]=Oop [160]=Oop [168]=Oop [144]=Oop }
                      ;*invokestatic lastIndexOf {reexecute=0 rethrow=0 return_oop=0}
                      ; - java.lang.String::lastIndexOf@13
                      ; - java.lang.String::lastIndexOf@8
                      ; - jdk.internal.loader.BuiltinClassLoader::defineClass@8
  0x0000020582e03358: 4453 eeff | e90b 0000 | 0066 0f1f 

  0x0000020582e03364: ;   {static_call}
  0x0000020582e03364: 4400 00e8 

  0x0000020582e03368: ; ImmutableOopMap {[152]=Oop [160]=Oop [168]=Oop [144]=Oop }
                      ;*invokestatic lastIndexOf {reexecute=0 rethrow=0 return_oop=0}
                      ; - java.lang.String::lastIndexOf@25
                      ; - java.lang.String::lastIndexOf@8
                      ; - jdk.internal.loader.BuiltinClassLoader::defineClass@8
  0x0000020582e03368: 94f2 e2ff | 83f8 ff0f | 8467 0000 | 0041 b800 | 0000 004c | 8bc8 488b | 9424 9000 

  0x0000020582e03384: ;   {optimized virtual_call}
  0x0000020582e03384: 0000 90e8 

  0x0000020582e03388: ; ImmutableOopMap {[152]=Oop [160]=Oop [168]=Oop [144]=Oop }
                      ;*invokevirtual substring {reexecute=0 rethrow=0 return_oop=0}
                      ; - jdk.internal.loader.BuiltinClassLoader::defineClass@23
  0x0000020582e03388: 744a f1ff | 488b 9424 | 9800 0000 | 4889 8424 | b000 0000 | 9048 b890 | 2001 0001 

  0x0000020582e033a4: ;   {virtual_call}
  0x0000020582e033a4: 0000 00e8 

  0x0000020582e033a8: ; ImmutableOopMap {[152]=Oop [160]=Oop [168]=Oop [144]=Oop [176]=Oop }
                      ;*invokevirtual getManifest {reexecute=0 rethrow=0 return_oop=0}
                      ; - jdk.internal.loader.BuiltinClassLoader::defineClass@29
  0x0000020582e033a8: d4a4 0000 | 4c8b 8424 | b000 0000 | 4c8b c848 | 8bbc 24a8 | 0000 0048 | 8b94 24a0 | 0000 0066 
  0x0000020582e033c8: 0f1f 4400 | 0048 b8f0 | 1405 0001 

  0x0000020582e033d4: ;   {virtual_call}
  0x0000020582e033d4: 0000 00e8 

  0x0000020582e033d8: ; ImmutableOopMap {[152]=Oop [160]=Oop [168]=Oop [144]=Oop }
                      ;*invokevirtual defineOrCheckPackage {reexecute=0 rethrow=0 return_oop=0}
                      ; - jdk.internal.loader.BuiltinClassLoader::defineClass@40
  0x0000020582e033d8: 440c 0000 | 4c8b 8c24 | 9800 0000 | 488d 9424 | e000 0000 | 4c89 4a08 | 498b 0148 | 83c8 0148 
  0x0000020582e033f8: 8902 f049 | 0fb1 110f | 8413 0000 | 0048 2bc4 | 4881 e007 | f0ff ff48 | 8902 0f85 | 9503 0000 
  0x0000020582e03418: 418b 510c | 4883 fa00 | 0f85 4700 | 0000 498b | d10f 1f40 | 0048 b890 | 2001 0001 

  0x0000020582e03434: ;   {virtual_call}
  0x0000020582e03434: 0000 00e8 

  0x0000020582e03438: ; ImmutableOopMap {[160]=Oop [168]=Oop [144]=Oop [152]=Oop [232]=Oop }
                      ;*invokevirtual getInputStream {reexecute=0 rethrow=0 return_oop=0}
                      ; - jdk.internal.loader.Resource::cachedInputStream@9
                      ; - jdk.internal.loader.Resource::getByteBuffer@1
                      ; - jdk.internal.loader.BuiltinClassLoader::defineClass@45
  0x0000020582e03438: 6468 0200 | 410f be57 | 3883 fa00 | 4c8b 8c24 | 9800 0000 | 0f85 6e03 | 0000 4c8b | d045 8951 
  0x0000020582e03458: 0c49 8bd1 | 4833 d048 | c1ea 1448 | 83fa 000f | 856f 0300 | 0041 8b51 | 0c48 8d84 | 24e0 0000 
  0x0000020582e03478: 0048 8b30 | 4885 f60f | 840f 0000 | 0048 8b78 | 08f0 480f | b137 0f85 | 6003 0000 | 4883 fa00 
  0x0000020582e03498: 0f84 3b00 

  0x0000020582e0349c: ;   {metadata('sun/nio/ByteBuffered')}
  0x0000020582e0349c: 0000 48b8 | 40a6 0200 | 0100 0000 | 8b5a 0848 | c1e3 0348 | 3b43 200f | 8425 0000 | 0048 3bd8 
  0x0000020582e034bc: 0f84 1c00 | 0000 5350 

  0x0000020582e034c4: ;   {runtime_call slow_subtype_check Runtime1 stub}
  0x0000020582e034c4: e837 3ced | ff5b 5b83 | fb00 0f84 | 0500 0000 | e905 0000 | 0048 33f6 | eb0a 48be | 0100 0000 
  0x0000020582e034e4: 0000 0000 | 83fe 000f | 8460 0000 | 0048 83fa | 000f 843b 

  0x0000020582e034f8: ;   {metadata('sun/nio/ByteBuffered')}
  0x0000020582e034f8: 0000 0048 | bb40 a602 | 0001 0000 | 008b 7a08 | 48c1 e703 | 483b 5f20 | 0f84 2000 | 0000 483b 
  0x0000020582e03518: fb0f 8417 | 0000 0057 

  0x0000020582e03520: ;   {runtime_call slow_subtype_check Runtime1 stub}
  0x0000020582e03520: 53e8 da3b | edff 5f5f | 83ff 000f | 84d9 0200 | 00e9 0000 | 0000 0f1f | 8000 0000 | 0048 b8ff 
  0x0000020582e03540: ffff ffff 

  0x0000020582e03544: ;   {virtual_call}
  0x0000020582e03544: ffff ffe8 

  0x0000020582e03548: ; ImmutableOopMap {[160]=Oop [168]=Oop [144]=Oop [152]=Oop }
                      ;*invokeinterface getByteBuffer {reexecute=0 rethrow=0 return_oop=0}
                      ; - jdk.internal.loader.Resource::getByteBuffer@16
                      ; - jdk.internal.loader.BuiltinClassLoader::defineClass@45
  0x0000020582e03548: 34eb e2ff | e90a 0000 

  0x0000020582e03550: ;   {oop(NULL)}
  0x0000020582e03550: 0048 b800 | 0000 0000 | 0000 0048 | 83f8 000f | 84dd 0000 | 0048 8984 | 24b8 0000 | 0048 8b94 
  0x0000020582e03570: 2498 0000 | 0048 b8ff | ffff ffff 

  0x0000020582e0357c: ;   {virtual_call}
  0x0000020582e0357c: ffff ffe8 

  0x0000020582e03580: ; ImmutableOopMap {[160]=Oop [168]=Oop [144]=Oop [184]=Oop }
                      ;*invokevirtual getCodeSigners {reexecute=0 rethrow=0 return_oop=0}
                      ; - jdk.internal.loader.BuiltinClassLoader::defineClass@56
  0x0000020582e03580: fcea e2ff 

  0x0000020582e03584: ;   {metadata('java/security/CodeSource')}
  0x0000020582e03584: 4c8b c848 | ba68 1b05 | 0001 0000 | 0049 8b87 | 0801 0000 | 488d 7828 | 493b bf18 | 0100 000f 
  0x0000020582e035a4: 876a 0200 | 0049 89bf | 0801 0000 | 48c7 0001 | 0000 0048 | 8bca 48c1 | e903 8948 | 0848 33c9 
  0x0000020582e035c4: 8948 0c48 | 33c9 4889 | 4810 4889 | 4818 4889 | 4820 4c8b | 8424 a800 | 0000 488b | d048 8984 
  0x0000020582e035e4: 24c0 0000 | 0066 0f1f 

  0x0000020582e035ec: ;   {optimized virtual_call}
  0x0000020582e035ec: 4400 00e8 

  0x0000020582e035f0: ; ImmutableOopMap {[160]=Oop [144]=Oop [184]=Oop [192]=Oop }
                      ;*invokespecial <init> {reexecute=0 rethrow=0 return_oop=0}
                      ; - jdk.internal.loader.BuiltinClassLoader::defineClass@68
  0x0000020582e035f0: 0ce5 e2ff | 4c8b 8424 | c000 0000 | 488b 9424 | a000 0000 

  0x0000020582e03604: ;   {optimized virtual_call}
  0x0000020582e03604: 6666 90e8 

  0x0000020582e03608: ; ImmutableOopMap {[160]=Oop [144]=Oop [184]=Oop }
                      ;*invokevirtual getProtectionDomain {reexecute=0 rethrow=0 return_oop=0}
                      ; - java.security.SecureClassLoader::defineClass@5
                      ; - jdk.internal.loader.BuiltinClassLoader::defineClass@79
  0x0000020582e03608: f4e4 e2ff | 4c8b 8424 | 9000 0000 | 4c8b 8c24 | b800 0000 | 488b f848 | 8b94 24a0 

  0x0000020582e03624: ;   {optimized virtual_call}
  0x0000020582e03624: 0000 00e8 

  0x0000020582e03628: ; ImmutableOopMap {}
                      ;*invokevirtual defineClass {reexecute=0 rethrow=0 return_oop=0}
                      ; - java.security.SecureClassLoader::defineClass@8
                      ; - jdk.internal.loader.BuiltinClassLoader::defineClass@79
  0x0000020582e03628: d4e4 e2ff | 4881 c400 | 0100 005d 

  0x0000020582e03634: ;   {poll_return}
  0x0000020582e03634: 493b a750 | 0300 000f | 87df 0100 | 00c3 4c8b | 8c24 9800 | 0000 498b | d148 b890 | 2001 0001 
  0x0000020582e03654: ;   {virtual_call}
  0x0000020582e03654: 0000 00e8 

  0x0000020582e03658: ; ImmutableOopMap {[160]=Oop [144]=Oop [152]=Oop [168]=Oop }
                      ;*invokevirtual getBytes {reexecute=0 rethrow=0 return_oop=0}
                      ; - jdk.internal.loader.BuiltinClassLoader::defineClass@84
  0x0000020582e03658: 046a 0200 | 4889 8424 | c800 0000 | 488b 9424 | 9800 0000 | 9048 b890 | 2001 0001 

  0x0000020582e03674: ;   {virtual_call}
  0x0000020582e03674: 0000 00e8 

  0x0000020582e03678: ; ImmutableOopMap {[160]=Oop [144]=Oop [168]=Oop [200]=Oop }
                      ;*invokevirtual getCodeSigners {reexecute=0 rethrow=0 return_oop=0}
                      ; - jdk.internal.loader.BuiltinClassLoader::defineClass@90
  0x0000020582e03678: 2488 0200 

  0x0000020582e0367c: ;   {metadata('java/security/CodeSource')}
  0x0000020582e0367c: 4c8b c848 | ba68 1b05 | 0001 0000 | 0049 8b87 | 0801 0000 | 488d 7828 | 493b bf18 | 0100 000f 
  0x0000020582e0369c: 8795 0100 | 0049 89bf | 0801 0000 | 48c7 0001 | 0000 0048 | 8bca 48c1 | e903 8948 | 0848 33c9 
  0x0000020582e036bc: 8948 0c48 | 33c9 4889 | 4810 4889 | 4818 4889 | 4820 4c8b | 8424 a800 | 0000 488b | d048 8984 
  0x0000020582e036dc: 24d0 0000 | 0066 0f1f 

  0x0000020582e036e4: ;   {optimized virtual_call}
  0x0000020582e036e4: 4400 00e8 

  0x0000020582e036e8: ; ImmutableOopMap {[160]=Oop [144]=Oop [200]=Oop [208]=Oop }
                      ;*invokespecial <init> {reexecute=0 rethrow=0 return_oop=0}
                      ; - jdk.internal.loader.BuiltinClassLoader::defineClass@102
  0x0000020582e036e8: f427 0200 | 488b 8424 | c800 0000 

  0x0000020582e036f4: ; implicit exception: dispatches to 0x0000020582e03843
  0x0000020582e036f4: 8b70 0c4c | 8b84 24d0 | 0000 0048 | 8b94 24a0 | 0000 0089 | b424 d800 

  0x0000020582e0370c: ;   {optimized virtual_call}
  0x0000020582e0370c: 0000 90e8 

  0x0000020582e03710: ; ImmutableOopMap {[160]=Oop [144]=Oop [200]=Oop }
                      ;*invokevirtual getProtectionDomain {reexecute=0 rethrow=0 return_oop=0}
                      ; - java.security.SecureClassLoader::defineClass@9
                      ; - jdk.internal.loader.BuiltinClassLoader::defineClass@117
  0x0000020582e03710: 4c2d 0200 | 4c8b 8424 | 9000 0000 | 4c8b 8c24 | c800 0000 | bf00 0000 | 008b b424 | d800 0000 
  0x0000020582e03730: 488b c848 | 8b94 24a0 | 0000 000f 

  0x0000020582e0373c: ;   {optimized virtual_call}
  0x0000020582e0373c: 1f40 00e8 

  0x0000020582e03740: ; ImmutableOopMap {}
                      ;*invokevirtual defineClass {reexecute=0 rethrow=0 return_oop=0}
                      ; - java.security.SecureClassLoader::defineClass@12
                      ; - jdk.internal.loader.BuiltinClassLoader::defineClass@117
  0x0000020582e03740: bc3d 0200 | 4881 c400 | 0100 005d 

  0x0000020582e0374c: ;   {poll_return}
  0x0000020582e0374c: 493b a750 | 0300 000f | 87ef 0000 | 00c3 498b | 87e0 0300 | 004d 33d2 | 4d89 97e0 | 0300 004d 
  0x0000020582e0376c: 33d2 4d89 | 97e8 0300 | 0048 8bf0 | 488d 8424 | e000 0000 | 488b 3848 | 85ff 0f84 | 0f00 0000 
  0x0000020582e0378c: 488b 5808 | f048 0fb1 | 3b0f 85c3 | 0000 0048 | 8bc6 e9f0 

  0x0000020582e037a0: ;   {runtime_call throw_null_pointer_exception Runtime1 stub}
  0x0000020582e037a0: 0000 00e8 

  0x0000020582e037a4: ; ImmutableOopMap {[152]=Oop [160]=Oop rax=Oop [168]=Oop r8=Oop [144]=Oop }
                      ;*invokevirtual lastIndexOf {reexecute=0 rethrow=0 return_oop=0}
                      ; - jdk.internal.loader.BuiltinClassLoader::defineClass@8
  0x0000020582e037a4: 7807 edff 

  0x0000020582e037a8: ;   {runtime_call throw_null_pointer_exception Runtime1 stub}
  0x0000020582e037a8: e873 07ed 

  0x0000020582e037ac: ; ImmutableOopMap {[152]=Oop [160]=Oop rax=Oop [168]=Oop r8=Oop [144]=Oop rsi=Oop }
                      ;*arraylength {reexecute=0 rethrow=0 return_oop=0}
                      ; - java.lang.String::length@4
                      ; - java.lang.String::lastIndexOf@3
                      ; - jdk.internal.loader.BuiltinClassLoader::defineClass@8
  0x0000020582e037ac: ff4c 894c | 2408 4889 

  0x0000020582e037b4: ;   {runtime_call monitorenter_nofpu Runtime1 stub}
  0x0000020582e037b4: 1424 e8c5 

  0x0000020582e037b8: ; ImmutableOopMap {[160]=Oop [168]=Oop [144]=Oop r9=Oop [152]=Oop [232]=Oop }
                      ;*synchronization entry
                      ; - jdk.internal.loader.Resource::cachedInputStream@-1
                      ; - jdk.internal.loader.Resource::getByteBuffer@1
                      ; - jdk.internal.loader.BuiltinClassLoader::defineClass@45
  0x0000020582e037b8: 3fed ffe9 | 58fc ffff | 418b 510c | 4883 fa00 | 0f84 84fc | ffff 4889 

  0x0000020582e037d0: ;   {runtime_call g1_pre_barrier_slow}
  0x0000020582e037d0: 1424 e8a9 | 70ed ffe9 | 76fc ffff | 4883 f800 | 0f84 87fc | ffff 4c89 

  0x0000020582e037e8: ;   {runtime_call g1_post_barrier_slow}
  0x0000020582e037e8: 0c24 e891 | 74ed ffe9 | 79fc ffff | 488d 8424 | e000 0000 | 4889 0424 

  0x0000020582e03800: ;   {runtime_call monitorexit_nofpu Runtime1 stub}
  0x0000020582e03800: e8fb 45ed | ffe9 8afc | ffff 4889 

  0x0000020582e0380c: ;   {runtime_call throw_class_cast_exception Runtime1 stub}
  0x0000020582e0380c: 1424 e80d 

  0x0000020582e03810: ; ImmutableOopMap {[160]=Oop [168]=Oop [144]=Oop [152]=Oop }
                      ;*checkcast {reexecute=0 rethrow=0 return_oop=0}
                      ; - jdk.internal.loader.Resource::getByteBuffer@13
                      ; - jdk.internal.loader.BuiltinClassLoader::defineClass@45
  0x0000020582e03810: 33ed ff48 

  0x0000020582e03814: ;   {runtime_call fast_new_instance Runtime1 stub}
  0x0000020582e03814: 8bd2 e8e5 

  0x0000020582e03818: ; ImmutableOopMap {[160]=Oop [168]=Oop [144]=Oop [184]=Oop r9=Oop }
                      ;*new {reexecute=0 rethrow=0 return_oop=0}
                      ; - jdk.internal.loader.BuiltinClassLoader::defineClass@61
  0x0000020582e03818: 11ed ffe9 | b6fd ffff 

  0x0000020582e03820: ;   {internal_word}
  0x0000020582e03820: 49ba 3436 | e082 0502 | 0000 4d89 | 9768 0300 

  0x0000020582e03830: ;   {runtime_call SafepointBlob}
  0x0000020582e03830: 00e9 4a57 | e3ff 488b 

  0x0000020582e03838: ;   {runtime_call fast_new_instance Runtime1 stub}
  0x0000020582e03838: d2e8 c211 

  0x0000020582e0383c: ; ImmutableOopMap {[160]=Oop [144]=Oop [168]=Oop [200]=Oop r9=Oop }
                      ;*new {reexecute=0 rethrow=0 return_oop=0}
                      ; - jdk.internal.loader.BuiltinClassLoader::defineClass@95
  0x0000020582e0383c: edff e98b 

  0x0000020582e03840: ;   {runtime_call throw_null_pointer_exception Runtime1 stub}
  0x0000020582e03840: feff ffe8 

  0x0000020582e03844: ; ImmutableOopMap {[160]=Oop [144]=Oop [208]=Oop rax=Oop [200]=Oop }
                      ;*arraylength {reexecute=0 rethrow=0 return_oop=0}
                      ; - jdk.internal.loader.BuiltinClassLoader::defineClass@114
  0x0000020582e03844: d806 edff 

  0x0000020582e03848: ;   {internal_word}
  0x0000020582e03848: 49ba 4c37 | e082 0502 | 0000 4d89 | 9768 0300 

  0x0000020582e03858: ;   {runtime_call SafepointBlob}
  0x0000020582e03858: 00e9 2257 | e3ff 488d | 8424 e000 | 0000 4889 

  0x0000020582e03868: ;   {runtime_call monitorexit_nofpu Runtime1 stub}
  0x0000020582e03868: 0424 e891 | 45ed ffe9 | 27ff ffff | 9090 498b | 87e0 0300 | 0049 c787 | e003 0000 | 0000 0000 
  0x0000020582e03888: 49c7 87e8 | 0300 0000 | 0000 0048 | 81c4 0001 

  0x0000020582e03898: ;   {runtime_call unwind_exception Runtime1 stub}
  0x0000020582e03898: 0000 5de9 | 60f7 ecff 
[Stub Code]
  0x0000020582e038a0: ;   {no_reloc}
  0x0000020582e038a0: 0f1f 4400 

  0x0000020582e038a4: ;   {static_stub}
  0x0000020582e038a4: 0048 bb00 | 0000 0000 

  0x0000020582e038ac: ;   {runtime_call}
  0x0000020582e038ac: 0000 00e9 | fbff ffff 

  0x0000020582e038b4: ;   {static_stub}
  0x0000020582e038b4: 9048 bb00 | 0000 0000 

  0x0000020582e038bc: ;   {runtime_call}
  0x0000020582e038bc: 0000 00e9 | fbff ffff 

  0x0000020582e038c4: ;   {static_stub}
  0x0000020582e038c4: 9048 bb00 | 0000 0000 

  0x0000020582e038cc: ;   {runtime_call}
  0x0000020582e038cc: 0000 00e9 | fbff ffff 

  0x0000020582e038d4: ;   {static_stub}
  0x0000020582e038d4: 9048 bb00 | 0000 0000 

  0x0000020582e038dc: ;   {runtime_call}
  0x0000020582e038dc: 0000 00e9 | fbff ffff 

  0x0000020582e038e4: ;   {static_stub}
  0x0000020582e038e4: 9048 bb00 | 0000 0000 

  0x0000020582e038ec: ;   {runtime_call}
  0x0000020582e038ec: 0000 00e9 | fbff ffff 

  0x0000020582e038f4: ;   {static_stub}
  0x0000020582e038f4: 9048 bb00 | 0000 0000 

  0x0000020582e038fc: ;   {runtime_call}
  0x0000020582e038fc: 0000 00e9 | fbff ffff 

  0x0000020582e03904: ;   {static_stub}
  0x0000020582e03904: 9048 bb00 | 0000 0000 

  0x0000020582e0390c: ;   {runtime_call}
  0x0000020582e0390c: 0000 00e9 | fbff ffff 

  0x0000020582e03914: ;   {static_stub}
  0x0000020582e03914: 9048 bb00 | 0000 0000 

  0x0000020582e0391c: ;   {runtime_call}
  0x0000020582e0391c: 0000 00e9 | fbff ffff 

  0x0000020582e03924: ;   {static_stub}
  0x0000020582e03924: 9048 bb00 | 0000 0000 

  0x0000020582e0392c: ;   {runtime_call}
  0x0000020582e0392c: 0000 00e9 | fbff ffff 

  0x0000020582e03934: ;   {static_stub}
  0x0000020582e03934: 9048 bb00 | 0000 0000 

  0x0000020582e0393c: ;   {runtime_call}
  0x0000020582e0393c: 0000 00e9 | fbff ffff 

  0x0000020582e03944: ;   {static_stub}
  0x0000020582e03944: 9048 bb00 | 0000 0000 

  0x0000020582e0394c: ;   {runtime_call}
  0x0000020582e0394c: 0000 00e9 | fbff ffff 

  0x0000020582e03954: ;   {static_stub}
  0x0000020582e03954: 9048 bb00 | 0000 0000 

  0x0000020582e0395c: ;   {runtime_call}
  0x0000020582e0395c: 0000 00e9 | fbff ffff 

  0x0000020582e03964: ;   {static_stub}
  0x0000020582e03964: 9048 bb00 | 0000 0000 

  0x0000020582e0396c: ;   {runtime_call}
  0x0000020582e0396c: 0000 00e9 | fbff ffff 

  0x0000020582e03974: ;   {static_stub}
  0x0000020582e03974: 9048 bb00 | 0000 0000 

  0x0000020582e0397c: ;   {runtime_call}
  0x0000020582e0397c: 0000 00e9 | fbff ffff 

  0x0000020582e03984: ;   {static_stub}
  0x0000020582e03984: 9048 bb20 | 3c0c 8b05 

  0x0000020582e0398c: ;   {runtime_call I2C/C2I adapters}
  0x0000020582e0398c: 0200 00e9 | c464 e3ff 

  0x0000020582e03994: ;   {static_stub}
  0x0000020582e03994: 9048 bbb8 | 1e03 8b05 

  0x0000020582e0399c: ;   {runtime_call I2C/C2I adapters}
  0x0000020582e0399c: 0200 00e9 | b03b e3ff 

  0x0000020582e039a4: ;   {static_stub}
  0x0000020582e039a4: 9048 bbe0 | dc01 8b05 

  0x0000020582e039ac: ;   {runtime_call I2C/C2I adapters}
  0x0000020582e039ac: 0200 00e9 | 2e49 e2ff 
[Exception Handler]
  0x0000020582e039b4: ;   {runtime_call handle_exception_from_callee Runtime1 stub}
  0x0000020582e039b4: e847 2bed 

  0x0000020582e039b8: ;   {external_word}
  0x0000020582e039b8: ff48 b930 | 9a3d f8fc | 7f00 0048 

  0x0000020582e039c4: ;   {runtime_call}
  0x0000020582e039c4: 83e4 f049 | ba40 2b06 | f8fc 7f00 | 0041 ffd2 

  0x0000020582e039d4: ;   {section_word}
  0x0000020582e039d4: f449 bad5 | 39e0 8205 | 0200 0041 

  0x0000020582e039e0: ;   {runtime_call DeoptimizationBlob}
  0x0000020582e039e0: 52e9 3a6a | e3ff f4f4 
[/MachCode]


---------------  P R O C E S S  ---------------

Threads class SMR info:
_java_thread_list=0x000002058f4a9190, length=12, elements={
0x00000205fdcbded0, 0x000002058a1eb780, 0x000002058a1ed260, 0x000002058a21b620,
0x000002058a21bef0, 0x000002058a21c7c0, 0x000002058a21f0a0, 0x000002058a21fa20,
0x000002058a234f50, 0x000002058a55ec30, 0x000002058a569d30, 0x000002058f4b76d0
}

Java Threads: ( => current thread )
=>0x00000205fdcbded0 JavaThread "main" [_thread_in_vm, id=21360, stack(0x000000fa1b000000,0x000000fa1b100000)]
  0x000002058a1eb780 JavaThread "Reference Handler" daemon [_thread_blocked, id=28884, stack(0x000000fa1b700000,0x000000fa1b800000)]
  0x000002058a1ed260 JavaThread "Finalizer" daemon [_thread_blocked, id=29320, stack(0x000000fa1b800000,0x000000fa1b900000)]
  0x000002058a21b620 JavaThread "Signal Dispatcher" daemon [_thread_blocked, id=11292, stack(0x000000fa1b900000,0x000000fa1ba00000)]
  0x000002058a21bef0 JavaThread "Attach Listener" daemon [_thread_blocked, id=8144, stack(0x000000fa1ba00000,0x000000fa1bb00000)]
  0x000002058a21c7c0 JavaThread "Service Thread" daemon [_thread_blocked, id=27164, stack(0x000000fa1bb00000,0x000000fa1bc00000)]
  0x000002058a21f0a0 JavaThread "Monitor Deflation Thread" daemon [_thread_blocked, id=29160, stack(0x000000fa1bc00000,0x000000fa1bd00000)]
  0x000002058a21fa20 JavaThread "C1 CompilerThread0" daemon [_thread_blocked, id=4808, stack(0x000000fa1bd00000,0x000000fa1be00000)]
  0x000002058a234f50 JavaThread "Sweeper thread" daemon [_thread_blocked, id=28688, stack(0x000000fa1be00000,0x000000fa1bf00000)]
  0x000002058a55ec30 JavaThread "Notification Thread" daemon [_thread_blocked, id=29312, stack(0x000000fa1bf00000,0x000000fa1c000000)]
  0x000002058a569d30 JavaThread "Common-Cleaner" daemon [_thread_blocked, id=29412, stack(0x000000fa1c100000,0x000000fa1c200000)]
  0x000002058f4b76d0 JavaThread "background-preinit" [_thread_in_vm, id=29452, stack(0x000000fa1c500000,0x000000fa1c600000)]

Other Threads:
  0x000002058a1d4680 VMThread "VM Thread" [stack: 0x000000fa1b600000,0x000000fa1b700000] [id=29256]
  0x000002058a55f110 WatcherThread [stack: 0x000000fa1c000000,0x000000fa1c100000] [id=21548]
  0x00000205fdcfa650 GCTaskThread "GC Thread#0" [stack: 0x000000fa1b100000,0x000000fa1b200000] [id=29092]
  0x000002058ab52f20 GCTaskThread "GC Thread#1" [stack: 0x000000fa1c200000,0x000000fa1c300000] [id=29416]
  0x000002058abe9e30 GCTaskThread "GC Thread#2" [stack: 0x000000fa1c300000,0x000000fa1c400000] [id=29408]
  0x000002058af5bea0 GCTaskThread "GC Thread#3" [stack: 0x000000fa1c400000,0x000000fa1c500000] [id=29420]
  0x00000205fdd034b0 ConcurrentGCThread "G1 Main Marker" [stack: 0x000000fa1b200000,0x000000fa1b300000] [id=12128]
  0x00000205fdd03eb0 ConcurrentGCThread "G1 Conc#0" [stack: 0x000000fa1b300000,0x000000fa1b400000] [id=29036]
  0x00000205fdd445c0 ConcurrentGCThread "G1 Refine#0" [stack: 0x000000fa1b400000,0x000000fa1b500000] [id=29200]
  0x00000205fdd44fd0 ConcurrentGCThread "G1 Service" [stack: 0x000000fa1b500000,0x000000fa1b600000] [id=29244]

Threads with active compile tasks:

VM state: not at safepoint (normal execution)

VM Mutex/Monitor currently owned by a thread:  ([mutex/lock_event])
[0x00000205fda10590] Metaspace_lock - owner thread: 0x00000205fdcbded0

Heap address: 0x00000000c0000000, size: 1024 MB, Compressed Oops mode: 32-bit

CDS archive(s) not mapped
Compressed class space mapped at: 0x0000000100000000-0x0000000140000000, reserved size: 1073741824
Narrow klass base: 0x0000000000000000, Narrow klass shift: 3, Narrow klass range: 0x140000000

GC Precious Log:
 CPUs: 4 total, 4 available
 Memory: 3879M
 Large Page Support: Disabled
 NUMA Support: Disabled
 Compressed Oops: Enabled (32-bit)
 Heap Region Size: 1M
 Heap Min Capacity: 8M
 Heap Initial Capacity: 62M
 Heap Max Capacity: 1G
 Pre-touch: Disabled
 Parallel Workers: 4
 Concurrent Workers: 1
 Concurrent Refinement Workers: 4
 Periodic GC: Disabled

Heap:
 garbage-first heap   total 63488K, used 25803K [0x00000000c0000000, 0x0000000100000000)
  region size 1024K, 10 young (10240K), 3 survivors (3072K)
 Metaspace       used 20999K, committed 21248K, reserved 1114112K
  class space    used 2596K, committed 2752K, reserved 1048576K

Heap Regions: E=young(eden), S=young(survivor), O=old, HS=humongous(starts), HC=humongous(continues), CS=collection set, F=free, OA=open archive, CA=closed archive, TAMS=top-at-mark-start (previous, next)
|   0|0x00000000c0000000, 0x00000000c0100000, 0x00000000c0100000|100%|HS|  |TAMS 0x00000000c0000000, 0x00000000c0000000| Complete 
|   1|0x00000000c0100000, 0x00000000c0200000, 0x00000000c0200000|100%|HC|  |TAMS 0x00000000c0100000, 0x00000000c0100000| Complete 
|   2|0x00000000c0200000, 0x00000000c0300000, 0x00000000c0300000|100%|HC|  |TAMS 0x00000000c0200000, 0x00000000c0200000| Complete 
|   3|0x00000000c0300000, 0x00000000c0400000, 0x00000000c0400000|100%|HC|  |TAMS 0x00000000c0300000, 0x00000000c0300000| Complete 
|   4|0x00000000c0400000, 0x00000000c0500000, 0x00000000c0500000|100%| O|  |TAMS 0x00000000c0400000, 0x00000000c0400000| Untracked 
|   5|0x00000000c0500000, 0x00000000c0600000, 0x00000000c0600000|100%| O|  |TAMS 0x00000000c0500000, 0x00000000c0500000| Untracked 
|   6|0x00000000c0600000, 0x00000000c0700000, 0x00000000c0700000|100%| O|  |TAMS 0x00000000c0600000, 0x00000000c0600000| Untracked 
|   7|0x00000000c0700000, 0x00000000c0800000, 0x00000000c0800000|100%| O|  |TAMS 0x00000000c0700000, 0x00000000c0700000| Untracked 
|   8|0x00000000c0800000, 0x00000000c0900000, 0x00000000c0900000|100%| O|  |TAMS 0x00000000c0800000, 0x00000000c0800000| Untracked 
|   9|0x00000000c0900000, 0x00000000c0a00000, 0x00000000c0a00000|100%| O|  |TAMS 0x00000000c0900000, 0x00000000c0900000| Untracked 
|  10|0x00000000c0a00000, 0x00000000c0b00000, 0x00000000c0b00000|100%|HS|  |TAMS 0x00000000c0a00000, 0x00000000c0a00000| Complete 
|  11|0x00000000c0b00000, 0x00000000c0c00000, 0x00000000c0c00000|100%|HC|  |TAMS 0x00000000c0b00000, 0x00000000c0b00000| Complete 
|  12|0x00000000c0c00000, 0x00000000c0d00000, 0x00000000c0d00000|100%| O|  |TAMS 0x00000000c0c00000, 0x00000000c0c00000| Untracked 
|  13|0x00000000c0d00000, 0x00000000c0e00000, 0x00000000c0e00000|100%| O|  |TAMS 0x00000000c0d00000, 0x00000000c0d00000| Untracked 
|  14|0x00000000c0e00000, 0x00000000c0f00000, 0x00000000c0f00000|100%| O|  |TAMS 0x00000000c0e00000, 0x00000000c0e00000| Untracked 
|  15|0x00000000c0f00000, 0x00000000c1000000, 0x00000000c1000000|100%| O|  |TAMS 0x00000000c0f00000, 0x00000000c0f00000| Untracked 
|  16|0x00000000c1000000, 0x00000000c1051a00, 0x00000000c1100000| 31%| O|  |TAMS 0x00000000c1000000, 0x00000000c1000000| Untracked 
|  17|0x00000000c1100000, 0x00000000c1100000, 0x00000000c1200000|  0%| F|  |TAMS 0x00000000c1100000, 0x00000000c1100000| Untracked 
|  18|0x00000000c1200000, 0x00000000c1200000, 0x00000000c1300000|  0%| F|  |TAMS 0x00000000c1200000, 0x00000000c1200000| Untracked 
|  19|0x00000000c1300000, 0x00000000c1300000, 0x00000000c1400000|  0%| F|  |TAMS 0x00000000c1300000, 0x00000000c1300000| Untracked 
|  20|0x00000000c1400000, 0x00000000c1400000, 0x00000000c1500000|  0%| F|  |TAMS 0x00000000c1400000, 0x00000000c1400000| Untracked 
|  21|0x00000000c1500000, 0x00000000c1500000, 0x00000000c1600000|  0%| F|  |TAMS 0x00000000c1500000, 0x00000000c1500000| Untracked 
|  22|0x00000000c1600000, 0x00000000c1600000, 0x00000000c1700000|  0%| F|  |TAMS 0x00000000c1600000, 0x00000000c1600000| Untracked 
|  23|0x00000000c1700000, 0x00000000c1700000, 0x00000000c1800000|  0%| F|  |TAMS 0x00000000c1700000, 0x00000000c1700000| Untracked 
|  24|0x00000000c1800000, 0x00000000c1800000, 0x00000000c1900000|  0%| F|  |TAMS 0x00000000c1800000, 0x00000000c1800000| Untracked 
|  25|0x00000000c1900000, 0x00000000c1900000, 0x00000000c1a00000|  0%| F|  |TAMS 0x00000000c1900000, 0x00000000c1900000| Untracked 
|  26|0x00000000c1a00000, 0x00000000c1a00000, 0x00000000c1b00000|  0%| F|  |TAMS 0x00000000c1a00000, 0x00000000c1a00000| Untracked 
|  27|0x00000000c1b00000, 0x00000000c1b00000, 0x00000000c1c00000|  0%| F|  |TAMS 0x00000000c1b00000, 0x00000000c1b00000| Untracked 
|  28|0x00000000c1c00000, 0x00000000c1c00000, 0x00000000c1d00000|  0%| F|  |TAMS 0x00000000c1c00000, 0x00000000c1c00000| Untracked 
|  29|0x00000000c1d00000, 0x00000000c1d00000, 0x00000000c1e00000|  0%| F|  |TAMS 0x00000000c1d00000, 0x00000000c1d00000| Untracked 
|  30|0x00000000c1e00000, 0x00000000c1e00000, 0x00000000c1f00000|  0%| F|  |TAMS 0x00000000c1e00000, 0x00000000c1e00000| Untracked 
|  31|0x00000000c1f00000, 0x00000000c1f00000, 0x00000000c2000000|  0%| F|  |TAMS 0x00000000c1f00000, 0x00000000c1f00000| Untracked 
|  32|0x00000000c2000000, 0x00000000c2000000, 0x00000000c2100000|  0%| F|  |TAMS 0x00000000c2000000, 0x00000000c2000000| Untracked 
|  33|0x00000000c2100000, 0x00000000c2100000, 0x00000000c2200000|  0%| F|  |TAMS 0x00000000c2100000, 0x00000000c2100000| Untracked 
|  34|0x00000000c2200000, 0x00000000c2200000, 0x00000000c2300000|  0%| F|  |TAMS 0x00000000c2200000, 0x00000000c2200000| Untracked 
|  35|0x00000000c2300000, 0x00000000c23e1550, 0x00000000c2400000| 88%| S|CS|TAMS 0x00000000c2300000, 0x00000000c2300000| Complete 
|  36|0x00000000c2400000, 0x00000000c2500000, 0x00000000c2500000|100%| S|CS|TAMS 0x00000000c2400000, 0x00000000c2400000| Complete 
|  37|0x00000000c2500000, 0x00000000c2600000, 0x00000000c2600000|100%| S|CS|TAMS 0x00000000c2500000, 0x00000000c2500000| Complete 
|  38|0x00000000c2600000, 0x00000000c2600000, 0x00000000c2700000|  0%| F|  |TAMS 0x00000000c2600000, 0x00000000c2600000| Untracked 
|  39|0x00000000c2700000, 0x00000000c2700000, 0x00000000c2800000|  0%| F|  |TAMS 0x00000000c2700000, 0x00000000c2700000| Untracked 
|  40|0x00000000c2800000, 0x00000000c2800000, 0x00000000c2900000|  0%| F|  |TAMS 0x00000000c2800000, 0x00000000c2800000| Untracked 
|  41|0x00000000c2900000, 0x00000000c2900000, 0x00000000c2a00000|  0%| F|  |TAMS 0x00000000c2900000, 0x00000000c2900000| Untracked 
|  42|0x00000000c2a00000, 0x00000000c2a00000, 0x00000000c2b00000|  0%| F|  |TAMS 0x00000000c2a00000, 0x00000000c2a00000| Untracked 
|  43|0x00000000c2b00000, 0x00000000c2b00000, 0x00000000c2c00000|  0%| F|  |TAMS 0x00000000c2b00000, 0x00000000c2b00000| Untracked 
|  44|0x00000000c2c00000, 0x00000000c2c00000, 0x00000000c2d00000|  0%| F|  |TAMS 0x00000000c2c00000, 0x00000000c2c00000| Untracked 
|  45|0x00000000c2d00000, 0x00000000c2d00000, 0x00000000c2e00000|  0%| F|  |TAMS 0x00000000c2d00000, 0x00000000c2d00000| Untracked 
|  46|0x00000000c2e00000, 0x00000000c2e00000, 0x00000000c2f00000|  0%| F|  |TAMS 0x00000000c2e00000, 0x00000000c2e00000| Untracked 
|  47|0x00000000c2f00000, 0x00000000c2f00000, 0x00000000c3000000|  0%| F|  |TAMS 0x00000000c2f00000, 0x00000000c2f00000| Untracked 
|  48|0x00000000c3000000, 0x00000000c3000000, 0x00000000c3100000|  0%| F|  |TAMS 0x00000000c3000000, 0x00000000c3000000| Untracked 
|  49|0x00000000c3100000, 0x00000000c3100000, 0x00000000c3200000|  0%| F|  |TAMS 0x00000000c3100000, 0x00000000c3100000| Untracked 
|  50|0x00000000c3200000, 0x00000000c3200000, 0x00000000c3300000|  0%| F|  |TAMS 0x00000000c3200000, 0x00000000c3200000| Untracked 
|  51|0x00000000c3300000, 0x00000000c3300000, 0x00000000c3400000|  0%| F|  |TAMS 0x00000000c3300000, 0x00000000c3300000| Untracked 
|  52|0x00000000c3400000, 0x00000000c3400000, 0x00000000c3500000|  0%| F|  |TAMS 0x00000000c3400000, 0x00000000c3400000| Untracked 
|  53|0x00000000c3500000, 0x00000000c3500000, 0x00000000c3600000|  0%| F|  |TAMS 0x00000000c3500000, 0x00000000c3500000| Untracked 
|  54|0x00000000c3600000, 0x00000000c3600000, 0x00000000c3700000|  0%| F|  |TAMS 0x00000000c3600000, 0x00000000c3600000| Untracked 
|  55|0x00000000c3700000, 0x00000000c37745e0, 0x00000000c3800000| 45%| E|  |TAMS 0x00000000c3700000, 0x00000000c3700000| Complete 
|  56|0x00000000c3800000, 0x00000000c3900000, 0x00000000c3900000|100%| E|CS|TAMS 0x00000000c3800000, 0x00000000c3800000| Complete 
|  57|0x00000000c3900000, 0x00000000c3a00000, 0x00000000c3a00000|100%| E|CS|TAMS 0x00000000c3900000, 0x00000000c3900000| Complete 
|  58|0x00000000c3a00000, 0x00000000c3b00000, 0x00000000c3b00000|100%| E|CS|TAMS 0x00000000c3a00000, 0x00000000c3a00000| Complete 
|  59|0x00000000c3b00000, 0x00000000c3c00000, 0x00000000c3c00000|100%| E|CS|TAMS 0x00000000c3b00000, 0x00000000c3b00000| Complete 
|  60|0x00000000c3c00000, 0x00000000c3d00000, 0x00000000c3d00000|100%| E|CS|TAMS 0x00000000c3c00000, 0x00000000c3c00000| Complete 
|  61|0x00000000c3d00000, 0x00000000c3e00000, 0x00000000c3e00000|100%| E|CS|TAMS 0x00000000c3d00000, 0x00000000c3d00000| Complete 

Card table byte_map: [0x00000205ffbe0000,0x00000205ffde0000] _byte_map_base: 0x00000205ff5e0000

Marking Bits (Prev, Next): (CMBitMap*) 0x00000205fdcfab80, (CMBitMap*) 0x00000205fdcfabc0
 Prev Bits: [0x0000020585be0000, 0x0000020586be0000)
 Next Bits: [0x0000020586be0000, 0x0000020587be0000)

Polling page: 0x00000205ff520000

Metaspace:

Usage:
  Non-class:     17.97 MB used.
      Class:      2.54 MB used.
       Both:     20.51 MB used.

Virtual space:
  Non-class space:       64.00 MB reserved,      18.06 MB ( 28%) committed,  1 nodes.
      Class space:        1.00 GB reserved,       2.69 MB ( <1%) committed,  1 nodes.
             Both:        1.06 GB reserved,      20.75 MB (  2%) committed. 

Chunk freelists:
   Non-Class:  13.92 MB
       Class:  13.30 MB
        Both:  27.22 MB

MaxMetaspaceSize: unlimited
CompressedClassSpaceSize: 1.00 GB
Initial GC threshold: 21.00 MB
Current GC threshold: 21.00 MB
CDS: off
MetaspaceReclaimPolicy: balanced
 - commit_granule_bytes: 65536.
 - commit_granule_words: 8192.
 - virtual_space_node_default_size: 8388608.
 - enlarge_chunks_in_place: 1.
 - new_chunks_are_fully_committed: 0.
 - uncommit_free_chunks: 1.
 - use_allocation_guard: 0.
 - handle_deallocations: 1.


Internal statistics:

num_allocs_failed_limit: 0.
num_arena_births: 214.
num_arena_deaths: 0.
num_vsnodes_births: 2.
num_vsnodes_deaths: 0.
num_space_committed: 332.
num_space_uncommitted: 0.
num_chunks_returned_to_freelist: 0.
num_chunks_taken_from_freelist: 644.
num_chunk_merges: 0.
num_chunk_splits: 425.
num_chunks_enlarged: 335.
num_inconsistent_stats: 0.

CodeCache: size=49152Kb used=4096Kb max_used=4096Kb free=45055Kb
 bounds [0x0000020582be0000, 0x0000020582ff0000, 0x0000020585be0000]
 total_blobs=2406 nmethods=1928 adapters=405
 compilation: enabled
              stopped_count=0, restarted_count=0
 full_count=0

Compilation events (20 events):
Event: 1.848 Thread 0x000002058a21fa20 1919       1       java.util.Locale::stripExtensions (20 bytes)
Event: 1.848 Thread 0x000002058a21fa20 nmethod 1919 0x0000020582fda590 code [0x0000020582fda740, 0x0000020582fda888]
Event: 1.848 Thread 0x000002058a21fa20 1920       1       sun.util.locale.BaseLocale::equals (71 bytes)
Event: 1.848 Thread 0x000002058a21fa20 nmethod 1920 0x0000020582fda910 code [0x0000020582fdaac0, 0x0000020582fdacb8]
Event: 1.865 Thread 0x000002058a21fa20 1921       1       java.lang.invoke.ConstantCallSite::<init> (17 bytes)
Event: 1.865 Thread 0x000002058a21fa20 nmethod 1921 0x0000020582fdad90 code [0x0000020582fdaf40, 0x0000020582fdb248]
Event: 1.865 Thread 0x000002058a21fa20 1922       1       java.lang.invoke.CallSite::<init> (23 bytes)
Event: 1.865 Thread 0x000002058a21fa20 nmethod 1922 0x0000020582fdb410 code [0x0000020582fdb5c0, 0x0000020582fdb8c8]
Event: 1.865 Thread 0x000002058a21fa20 1926       1       java.lang.invoke.BootstrapMethodInvoker::widenAndCast (47 bytes)
Event: 1.866 Thread 0x000002058a21fa20 nmethod 1926 0x0000020582fdba10 code [0x0000020582fdbc20, 0x0000020582fdc038]
Event: 1.866 Thread 0x000002058a21fa20 1927       1       java.lang.invoke.Invokers::callSiteForm (308 bytes)
Event: 1.866 Thread 0x000002058a21fa20 nmethod 1927 0x0000020582fdc290 code [0x0000020582fdc520, 0x0000020582fdd138]
Event: 1.866 Thread 0x000002058a21fa20 1928       1       java.lang.StringUTF16::getChar (60 bytes)
Event: 1.866 Thread 0x000002058a21fa20 nmethod 1928 0x0000020582fdd910 code [0x0000020582fddaa0, 0x0000020582fddbb8]
Event: 1.866 Thread 0x000002058a21fa20 1923       1       java.lang.invoke.MethodHandleNatives$CallSiteContext::make (19 bytes)
Event: 1.866 Thread 0x000002058a21fa20 nmethod 1923 0x0000020582fddc90 code [0x0000020582fdde40, 0x0000020582fde0f8]
Event: 1.866 Thread 0x000002058a21fa20 1924       1       java.lang.invoke.MethodHandleNatives$CallSiteContext::<init> (5 bytes)
Event: 1.867 Thread 0x000002058a21fa20 nmethod 1924 0x0000020582fde290 code [0x0000020582fde420, 0x0000020582fde4d8]
Event: 1.867 Thread 0x000002058a21fa20 1925       1       jdk.internal.misc.Unsafe::storeStoreFence (5 bytes)
Event: 1.867 Thread 0x000002058a21fa20 nmethod 1925 0x0000020582fde590 code [0x0000020582fde720, 0x0000020582fde7d8]

GC Heap History (10 events):
Event: 0.710 GC heap before
{Heap before GC invocations=0 (full 0):
 garbage-first heap   total 63488K, used 16384K [0x00000000c0000000, 0x0000000100000000)
  region size 1024K, 13 young (13312K), 0 survivors (0K)
 Metaspace       used 5782K, committed 5888K, reserved 1114112K
  class space    used 556K, committed 640K, reserved 1048576K
}
Event: 0.720 GC heap after
{Heap after GC invocations=1 (full 0):
 garbage-first heap   total 63488K, used 11392K [0x00000000c0000000, 0x0000000100000000)
  region size 1024K, 2 young (2048K), 2 survivors (2048K)
 Metaspace       used 5782K, committed 5888K, reserved 1114112K
  class space    used 556K, committed 640K, reserved 1048576K
}
Event: 0.904 GC heap before
{Heap before GC invocations=1 (full 0):
 garbage-first heap   total 63488K, used 22656K [0x00000000c0000000, 0x0000000100000000)
  region size 1024K, 11 young (11264K), 2 survivors (2048K)
 Metaspace       used 7912K, committed 8064K, reserved 1114112K
  class space    used 854K, committed 960K, reserved 1048576K
}
Event: 0.908 GC heap after
{Heap after GC invocations=2 (full 0):
 garbage-first heap   total 63488K, used 15470K [0x00000000c0000000, 0x0000000100000000)
  region size 1024K, 2 young (2048K), 2 survivors (2048K)
 Metaspace       used 7912K, committed 8064K, reserved 1114112K
  class space    used 854K, committed 960K, reserved 1048576K
}
Event: 1.171 GC heap before
{Heap before GC invocations=2 (full 0):
 garbage-first heap   total 63488K, used 28782K [0x00000000c0000000, 0x0000000100000000)
  region size 1024K, 15 young (15360K), 2 survivors (2048K)
 Metaspace       used 11564K, committed 11776K, reserved 1114112K
  class space    used 1392K, committed 1472K, reserved 1048576K
}
Event: 1.174 GC heap after
{Heap after GC invocations=3 (full 0):
 garbage-first heap   total 63488K, used 16758K [0x00000000c0000000, 0x0000000100000000)
  region size 1024K, 2 young (2048K), 2 survivors (2048K)
 Metaspace       used 11564K, committed 11776K, reserved 1114112K
  class space    used 1392K, committed 1472K, reserved 1048576K
}
Event: 1.462 GC heap before
{Heap before GC invocations=3 (full 0):
 garbage-first heap   total 63488K, used 32118K [0x00000000c0000000, 0x0000000100000000)
  region size 1024K, 17 young (17408K), 2 survivors (2048K)
 Metaspace       used 14680K, committed 14912K, reserved 1114112K
  class space    used 1838K, committed 1920K, reserved 1048576K
}
Event: 1.466 GC heap after
{Heap after GC invocations=4 (full 0):
 garbage-first heap   total 63488K, used 17905K [0x00000000c0000000, 0x0000000100000000)
  region size 1024K, 3 young (3072K), 3 survivors (3072K)
 Metaspace       used 14680K, committed 14912K, reserved 1114112K
  class space    used 1838K, committed 1920K, reserved 1048576K
}
Event: 1.758 GC heap before
{Heap before GC invocations=4 (full 0):
 garbage-first heap   total 63488K, used 38385K [0x00000000c0000000, 0x0000000100000000)
  region size 1024K, 24 young (24576K), 3 survivors (3072K)
 Metaspace       used 19388K, committed 19712K, reserved 1114112K
  class space    used 2407K, committed 2560K, reserved 1048576K
}
Event: 1.763 GC heap after
{Heap after GC invocations=5 (full 0):
 garbage-first heap   total 63488K, used 19659K [0x00000000c0000000, 0x0000000100000000)
  region size 1024K, 3 young (3072K), 3 survivors (3072K)
 Metaspace       used 19388K, committed 19712K, reserved 1114112K
  class space    used 2407K, committed 2560K, reserved 1048576K
}

Dll operation events (6 events):
Event: 0.045 Loaded shared library c:\Users\55119\.vscode\extensions\redhat.java-1.33.0-win32-x64\jre\17.0.11-win32-x86_64\bin\java.dll
Event: 0.325 Loaded shared library C:\Users\55119\.vscode\extensions\redhat.java-1.33.0-win32-x64\jre\17.0.11-win32-x86_64\bin\net.dll
Event: 0.329 Loaded shared library C:\Users\55119\.vscode\extensions\redhat.java-1.33.0-win32-x64\jre\17.0.11-win32-x86_64\bin\nio.dll
Event: 0.347 Loaded shared library C:\Users\55119\.vscode\extensions\redhat.java-1.33.0-win32-x64\jre\17.0.11-win32-x86_64\bin\zip.dll
Event: 0.702 Loaded shared library C:\Users\55119\.vscode\extensions\redhat.java-1.33.0-win32-x64\jre\17.0.11-win32-x86_64\bin\jimage.dll
Event: 1.788 Loaded shared library c:\Users\55119\.vscode\extensions\redhat.java-1.33.0-win32-x64\jre\17.0.11-win32-x86_64\bin\verify.dll

Deoptimization events (0 events):
No events

Classes unloaded (0 events):
No events

Classes redefined (0 events):
No events

Internal exceptions (20 events):
Event: 1.591 Thread 0x00000205fdcbded0 Exception <a 'java/lang/NoSuchMethodError'{0x00000000c38e7e38}: 'void java.lang.invoke.DirectMethodHandle$Holder.invokeSpecial(java.lang.Object, java.lang.Object, java.lang.Object, java.lang.Object, java.lang.Object)'> (0x00000000c38e7e38) 
thrown [s\src\hotspot\share\interpreter\linkResolver.cpp, line 759]
Event: 1.604 Thread 0x00000205fdcbded0 Exception <a 'java/lang/NoSuchMethodError'{0x00000000c37b78c8}: 'java.lang.Object java.lang.invoke.DirectMethodHandle$Holder.invokeSpecial(java.lang.Object, java.lang.Object, java.lang.Object, int, java.lang.Object)'> (0x00000000c37b78c8) 
thrown [s\src\hotspot\share\interpreter\linkResolver.cpp, line 759]
Event: 1.605 Thread 0x00000205fdcbded0 Exception <a 'java/lang/NoSuchMethodError'{0x00000000c37bff28}: 'java.lang.Object java.lang.invoke.DirectMethodHandle$Holder.newInvokeSpecial(java.lang.Object, java.lang.Object, java.lang.Object, int, java.lang.Object)'> (0x00000000c37bff28) 
thrown [s\src\hotspot\share\interpreter\linkResolver.cpp, line 759]
Event: 1.606 Thread 0x00000205fdcbded0 Exception <a 'java/lang/NoSuchMethodError'{0x00000000c37dcae0}: 'java.lang.Object java.lang.invoke.DirectMethodHandle$Holder.newInvokeSpecial(java.lang.Object, int, java.lang.Object)'> (0x00000000c37dcae0) 
thrown [s\src\hotspot\share\interpreter\linkResolver.cpp, line 759]
Event: 1.606 Thread 0x00000205fdcbded0 Exception <a 'java/lang/NoSuchMethodError'{0x00000000c37e1ad0}: 'int java.lang.invoke.DirectMethodHandle$Holder.invokeSpecialIFC(java.lang.Object, java.lang.Object, java.lang.Object, java.lang.Object)'> (0x00000000c37e1ad0) 
thrown [s\src\hotspot\share\interpreter\linkResolver.cpp, line 759]
Event: 1.619 Thread 0x00000205fdcbded0 Exception <a 'java/lang/NoSuchMethodError'{0x00000000c36f41d0}: 'void java.lang.invoke.DirectMethodHandle$Holder.invokeInterface(java.lang.Object, java.lang.Object, java.lang.Object)'> (0x00000000c36f41d0) 
thrown [s\src\hotspot\share\interpreter\linkResolver.cpp, line 759]
Event: 1.635 Thread 0x00000205fdcbded0 Exception <a 'java/lang/NoSuchMethodError'{0x00000000c355b8c8}: 'void java.lang.invoke.DirectMethodHandle$Holder.invokeStaticInit(java.lang.Object, java.lang.Object, java.lang.Object)'> (0x00000000c355b8c8) 
thrown [s\src\hotspot\share\interpreter\linkResolver.cpp, line 759]
Event: 1.638 Thread 0x00000205fdcbded0 Exception <a 'java/lang/NoSuchMethodError'{0x00000000c357a248}: 'java.lang.Object java.lang.invoke.DirectMethodHandle$Holder.invokeStaticInit(java.lang.Object)'> (0x00000000c357a248) 
thrown [s\src\hotspot\share\interpreter\linkResolver.cpp, line 759]
Event: 1.639 Thread 0x00000205fdcbded0 Exception <a 'java/lang/NoSuchMethodError'{0x00000000c35807c0}: 'java.lang.Object java.lang.invoke.DirectMethodHandle$Holder.invokeStatic(java.lang.Object, java.lang.Object, long, java.lang.Object)'> (0x00000000c35807c0) 
thrown [s\src\hotspot\share\interpreter\linkResolver.cpp, line 759]
Event: 1.639 Thread 0x00000205fdcbded0 Exception <a 'java/lang/NoSuchMethodError'{0x00000000c3584258}: 'java.lang.Object java.lang.invoke.DirectMethodHandle$Holder.invokeStaticInit(java.lang.Object, java.lang.Object, long, java.lang.Object)'> (0x00000000c3584258) 
thrown [s\src\hotspot\share\interpreter\linkResolver.cpp, line 759]
Event: 1.639 Thread 0x00000205fdcbded0 Exception <a 'java/lang/NoSuchMethodError'{0x00000000c358a9d8}: 'java.lang.Object java.lang.invoke.DirectMethodHandle$Holder.newInvokeSpecial(java.lang.Object, java.lang.Object, long)'> (0x00000000c358a9d8) 
thrown [s\src\hotspot\share\interpreter\linkResolver.cpp, line 759]
Event: 1.639 Thread 0x00000205fdcbded0 Exception <a 'java/lang/NoSuchMethodError'{0x00000000c358e548}: 'java.lang.Object java.lang.invoke.Invokers$Holder.linkToTargetMethod(java.lang.Object, long, java.lang.Object)'> (0x00000000c358e548) 
thrown [s\src\hotspot\share\interpreter\linkResolver.cpp, line 759]
Event: 1.654 Thread 0x00000205fdcbded0 Exception <a 'java/lang/NoSuchMethodError'{0x00000000c3404c70}: 'void java.lang.invoke.DirectMethodHandle$Holder.invokeSpecial(java.lang.Object, java.lang.Object, java.lang.Object, java.lang.Object, java.lang.Object, java.lang.Object)'> (0x00000000c3404c70) 
thrown [s\src\hotspot\share\interpreter\linkResolver.cpp, line 759]
Event: 1.654 Thread 0x00000205fdcbded0 Exception <a 'java/lang/NoSuchMethodError'{0x00000000c340d118}: 'java.lang.Object java.lang.invoke.DirectMethodHandle$Holder.newInvokeSpecial(java.lang.Object, java.lang.Object, java.lang.Object, java.lang.Object, java.lang.Object, java.lang.Object)'> (0x00000000c340d118) 
thrown [s\src\hotspot\share\interpreter\linkResolver.cpp, line 759]
Event: 1.665 Thread 0x00000205fdcbded0 Exception <a 'java/lang/NoSuchMethodError'{0x00000000c34a8d70}: 'void java.lang.invoke.DirectMethodHandle$Holder.invokeSpecial(java.lang.Object, java.lang.Object, java.lang.Object)'> (0x00000000c34a8d70) 
thrown [s\src\hotspot\share\interpreter\linkResolver.cpp, line 759]
Event: 1.669 Thread 0x00000205fdcbded0 Exception <a 'java/lang/NoSuchMethodError'{0x00000000c34dad90}: 'void java.lang.invoke.DirectMethodHandle$Holder.invokeStatic(java.lang.Object, java.lang.Object, int)'> (0x00000000c34dad90) 
thrown [s\src\hotspot\share\interpreter\linkResolver.cpp, line 759]
Event: 1.677 Thread 0x000002058f4b76d0 Exception <a 'java/lang/NoClassDefFoundError'{0x00000000c3325c70}: jakarta/validation/Validation> (0x00000000c3325c70) 
thrown [s\src\hotspot\share\classfile\systemDictionary.cpp, line 245]
Event: 1.684 Thread 0x00000205fdcbded0 Exception <a 'java/lang/NoSuchMethodError'{0x00000000c33ffd30}: 'java.lang.Object java.lang.invoke.DirectMethodHandle$Holder.invokeStatic(java.lang.Object, java.lang.Object, int)'> (0x00000000c33ffd30) 
thrown [s\src\hotspot\share\interpreter\linkResolver.cpp, line 759]
Event: 1.684 Thread 0x00000205fdcbded0 Exception <a 'java/lang/NoSuchMethodError'{0x00000000c32451c8}: 'void java.lang.invoke.DelegatingMethodHandle$Holder.delegate(java.lang.Object, java.lang.Object, int, java.lang.Object)'> (0x00000000c32451c8) 
thrown [s\src\hotspot\share\interpreter\linkResolver.cpp, line 759]
Event: 1.697 Thread 0x00000205fdcbded0 Exception <a 'java/lang/IncompatibleClassChangeError'{0x00000000c306de08}: Found class java.lang.Object, but interface was expected> (0x00000000c306de08) 
thrown [s\src\hotspot\share\interpreter\linkResolver.cpp, line 826]

VM Operations (20 events):
Event: 1.015 Executing VM operation: HandshakeAllThreads
Event: 1.015 Executing VM operation: HandshakeAllThreads done
Event: 1.081 Executing VM operation: HandshakeAllThreads
Event: 1.081 Executing VM operation: HandshakeAllThreads done
Event: 1.171 Executing VM operation: G1CollectForAllocation
Event: 1.174 Executing VM operation: G1CollectForAllocation done
Event: 1.273 Executing VM operation: HandshakeAllThreads
Event: 1.273 Executing VM operation: HandshakeAllThreads done
Event: 1.462 Executing VM operation: G1CollectForAllocation
Event: 1.466 Executing VM operation: G1CollectForAllocation done
Event: 1.475 Executing VM operation: HandshakeAllThreads
Event: 1.475 Executing VM operation: HandshakeAllThreads done
Event: 1.479 Executing VM operation: HandshakeAllThreads
Event: 1.479 Executing VM operation: HandshakeAllThreads done
Event: 1.584 Executing VM operation: HandshakeAllThreads
Event: 1.584 Executing VM operation: HandshakeAllThreads done
Event: 1.684 Executing VM operation: HandshakeAllThreads
Event: 1.684 Executing VM operation: HandshakeAllThreads done
Event: 1.758 Executing VM operation: G1CollectForAllocation
Event: 1.763 Executing VM operation: G1CollectForAllocation done

Events (20 events):
Event: 1.864 loading class sun/util/locale/provider/DecimalFormatSymbolsProviderImpl
Event: 1.864 loading class sun/util/locale/provider/DecimalFormatSymbolsProviderImpl done
Event: 1.864 loading class java/util/stream/FindOps$FindSink$OfInt
Event: 1.864 loading class java/util/stream/FindOps$FindSink$OfInt done
Event: 1.864 loading class java/util/OptionalInt
Event: 1.864 loading class java/util/OptionalInt done
Event: 1.865 loading class java/lang/StringUTF16$CharsSpliterator
Event: 1.865 loading class java/lang/StringUTF16$CharsSpliterator done
Event: 1.865 loading class java/lang/CharacterData00
Event: 1.866 loading class java/lang/CharacterData00 done
Event: 1.867 loading class java/text/DecimalFormat
Event: 1.867 loading class java/text/DecimalFormat done
Event: 1.868 loading class java/text/FieldPosition
Event: 1.868 loading class java/text/FieldPosition done
Event: 1.868 loading class java/text/DigitList
Event: 1.868 loading class java/text/DigitList done
Event: 1.869 loading class java/lang/AssertionError
Event: 1.869 loading class java/lang/AssertionError done
Event: 1.874 loading class java/io/CharArrayReader
Event: 1.874 loading class java/io/CharArrayReader done


Dynamic libraries:
0x00007ff6eb270000 - 0x00007ff6eb27e000 	c:\Users\55119\.vscode\extensions\redhat.java-1.33.0-win32-x64\jre\17.0.11-win32-x86_64\bin\java.exe
0x00007ffd877a0000 - 0x00007ffd879a9000 	C:\Windows\SYSTEM32\ntdll.dll
0x00007ffd5fb70000 - 0x00007ffd5fb8a000 	C:\Program Files\Avast Software\Avast\aswhook.dll
0x00007ffd86260000 - 0x00007ffd8631d000 	C:\Windows\System32\KERNEL32.DLL
0x00007ffd85260000 - 0x00007ffd855e4000 	C:\Windows\System32\KERNELBASE.dll
0x00007ffd84ee0000 - 0x00007ffd84ff1000 	C:\Windows\System32\ucrtbase.dll
0x00007ffd805f0000 - 0x00007ffd80607000 	c:\Users\55119\.vscode\extensions\redhat.java-1.33.0-win32-x64\jre\17.0.11-win32-x86_64\bin\jli.dll
0x00007ffd873e0000 - 0x00007ffd8758d000 	C:\Windows\System32\USER32.dll
0x00007ffd85230000 - 0x00007ffd85256000 	C:\Windows\System32\win32u.dll
0x00007ffd87050000 - 0x00007ffd8707a000 	C:\Windows\System32\GDI32.dll
0x00007ffd84cb0000 - 0x00007ffd84dce000 	C:\Windows\System32\gdi32full.dll
0x00007ffd84dd0000 - 0x00007ffd84e6d000 	C:\Windows\System32\msvcp_win.dll
0x00007ffd71230000 - 0x00007ffd714d5000 	C:\Windows\WinSxS\amd64_microsoft.windows.common-controls_6595b64144ccf1df_6.0.22000.120_none_9d947278b86cc467\COMCTL32.dll
0x00007ffd87080000 - 0x00007ffd87123000 	C:\Windows\System32\msvcrt.dll
0x00007ffd80590000 - 0x00007ffd805ab000 	c:\Users\55119\.vscode\extensions\redhat.java-1.33.0-win32-x64\jre\17.0.11-win32-x86_64\bin\VCRUNTIME140.dll
0x00007ffd87720000 - 0x00007ffd87751000 	C:\Windows\System32\IMM32.DLL
0x00007ffd81480000 - 0x00007ffd8148c000 	c:\Users\55119\.vscode\extensions\redhat.java-1.33.0-win32-x64\jre\17.0.11-win32-x86_64\bin\vcruntime140_1.dll
0x00007ffd6b610000 - 0x00007ffd6b69d000 	c:\Users\55119\.vscode\extensions\redhat.java-1.33.0-win32-x64\jre\17.0.11-win32-x86_64\bin\msvcp140.dll
0x00007ffcf7ab0000 - 0x00007ffcf8712000 	c:\Users\55119\.vscode\extensions\redhat.java-1.33.0-win32-x64\jre\17.0.11-win32-x86_64\bin\server\jvm.dll
0x00007ffd86e90000 - 0x00007ffd86f3e000 	C:\Windows\System32\ADVAPI32.dll
0x00007ffd87140000 - 0x00007ffd871de000 	C:\Windows\System32\sechost.dll
0x00007ffd86540000 - 0x00007ffd86661000 	C:\Windows\System32\RPCRT4.dll
0x00007ffd83860000 - 0x00007ffd838ad000 	C:\Windows\SYSTEM32\POWRPROF.dll
0x00007ffd6f4b0000 - 0x00007ffd6f4b9000 	C:\Windows\SYSTEM32\WSOCK32.dll
0x00007ffd861f0000 - 0x00007ffd8625f000 	C:\Windows\System32\WS2_32.dll
0x00007ffd7a270000 - 0x00007ffd7a27a000 	C:\Windows\SYSTEM32\VERSION.dll
0x00007ffd7b350000 - 0x00007ffd7b383000 	C:\Windows\SYSTEM32\WINMM.dll
0x00007ffd837c0000 - 0x00007ffd837d3000 	C:\Windows\SYSTEM32\UMPDC.dll
0x00007ffd83d90000 - 0x00007ffd83da8000 	C:\Windows\SYSTEM32\kernel.appcore.dll
0x00007ffd805c0000 - 0x00007ffd805ca000 	c:\Users\55119\.vscode\extensions\redhat.java-1.33.0-win32-x64\jre\17.0.11-win32-x86_64\bin\jimage.dll
0x00007ffd82180000 - 0x00007ffd823a1000 	C:\Windows\SYSTEM32\DBGHELP.DLL
0x00007ffd79280000 - 0x00007ffd792b1000 	C:\Windows\SYSTEM32\dbgcore.DLL
0x00007ffd84c30000 - 0x00007ffd84caf000 	C:\Windows\System32\bcryptPrimitives.dll
0x00007ffd80550000 - 0x00007ffd80575000 	c:\Users\55119\.vscode\extensions\redhat.java-1.33.0-win32-x64\jre\17.0.11-win32-x86_64\bin\java.dll
0x00007ffd79230000 - 0x00007ffd79248000 	c:\Users\55119\.vscode\extensions\redhat.java-1.33.0-win32-x64\jre\17.0.11-win32-x86_64\bin\zip.dll
0x00007ffd85a00000 - 0x00007ffd861c5000 	C:\Windows\System32\SHELL32.dll
0x00007ffd82d00000 - 0x00007ffd83562000 	C:\Windows\SYSTEM32\windows.storage.dll
0x00007ffd85610000 - 0x00007ffd85986000 	C:\Windows\System32\combase.dll
0x00007ffd82b90000 - 0x00007ffd82cf7000 	C:\Windows\SYSTEM32\wintypes.dll
0x00007ffd86920000 - 0x00007ffd86a0a000 	C:\Windows\System32\SHCORE.dll
0x00007ffd864e0000 - 0x00007ffd8653d000 	C:\Windows\System32\shlwapi.dll
0x00007ffd84b60000 - 0x00007ffd84b85000 	C:\Windows\SYSTEM32\profapi.dll
0x00007ffd78c90000 - 0x00007ffd78ca9000 	C:\Users\55119\.vscode\extensions\redhat.java-1.33.0-win32-x64\jre\17.0.11-win32-x86_64\bin\net.dll
0x00007ffd7d600000 - 0x00007ffd7d714000 	C:\Windows\SYSTEM32\WINHTTP.dll
0x00007ffd84240000 - 0x00007ffd842a7000 	C:\Windows\system32\mswsock.dll
0x00007ffd78c30000 - 0x00007ffd78c46000 	C:\Users\55119\.vscode\extensions\redhat.java-1.33.0-win32-x64\jre\17.0.11-win32-x86_64\bin\nio.dll
0x00007ffd7a9b0000 - 0x00007ffd7a9c0000 	c:\Users\55119\.vscode\extensions\redhat.java-1.33.0-win32-x64\jre\17.0.11-win32-x86_64\bin\verify.dll

dbghelp: loaded successfully - version: 4.0.5 - missing functions: none
symbol engine: initialized successfully - sym options: 0x614 - pdb path: .;c:\Users\55119\.vscode\extensions\redhat.java-1.33.0-win32-x64\jre\17.0.11-win32-x86_64\bin;C:\Windows\SYSTEM32;C:\Program Files\Avast Software\Avast;C:\Windows\WinSxS\amd64_microsoft.windows.common-controls_6595b64144ccf1df_6.0.22000.120_none_9d947278b86cc467;c:\Users\55119\.vscode\extensions\redhat.java-1.33.0-win32-x64\jre\17.0.11-win32-x86_64\bin\server

VM Arguments:
jvm_args: -Xmx1024m -Dsts.lsp.client=vscode -Dsts.log.file=/dev/null -XX:TieredStopAtLevel=1 -Xlog:jni+resolve=off -Dspring.config.location=file:c:\Users\55119\.vscode\extensions\vmware.vscode-spring-boot-1.56.0\language-server\BOOT-INF\classes\application.properties 
java_command: org.springframework.ide.vscode.boot.app.BootLanguageServerBootApp
java_class_path (initial): c:\Users\55119\.vscode\extensions\vmware.vscode-spring-boot-1.56.0\language-server\BOOT-INF\classes;c:\Users\55119\.vscode\extensions\vmware.vscode-spring-boot-1.56.0\language-server\BOOT-INF\lib\annotations-24.1.0.jar;c:\Users\55119\.vscode\extensions\vmware.vscode-spring-boot-1.56.0\language-server\BOOT-INF\lib\antlr4-runtime-4.13.1.jar;c:\Users\55119\.vscode\extensions\vmware.vscode-spring-boot-1.56.0\language-server\BOOT-INF\lib\asm-9.7.jar;c:\Users\55119\.vscode\extensions\vmware.vscode-spring-boot-1.56.0\language-server\BOOT-INF\lib\asm-analysis-9.7.jar;c:\Users\55119\.vscode\extensions\vmware.vscode-spring-boot-1.56.0\language-server\BOOT-INF\lib\asm-tree-9.7.jar;c:\Users\55119\.vscode\extensions\vmware.vscode-spring-boot-1.56.0\language-server\BOOT-INF\lib\asm-util-9.7.jar;c:\Users\55119\.vscode\extensions\vmware.vscode-spring-boot-1.56.0\language-server\BOOT-INF\lib\caffeine-3.1.8.jar;c:\Users\55119\.vscode\extensions\vmware.vscode-spring-boot-1.56.0\language-server\BOOT-INF\lib\checker-qual-3.12.0.jar;c:\Users\55119\.vscode\extensions\vmware.vscode-spring-boot-1.56.0\language-server\BOOT-INF\lib\classgraph-4.8.149.jar;c:\Users\55119\.vscode\extensions\vmware.vscode-spring-boot-1.56.0\language-server\BOOT-INF\lib\commons-codec-1.16.1.jar;c:\Users\55119\.vscode\extensions\vmware.vscode-spring-boot-1.56.0\language-server\BOOT-INF\lib\commons-compress-1.26.2.jar;c:\Users\55119\.vscode\extensions\vmware.vscode-spring-boot-1.56.0\language-server\BOOT-INF\lib\commons-io-2.16.1.jar;c:\Users\55119\.vscode\extensions\vmware.vscode-spring-boot-1.56.0\language-server\BOOT-INF\lib\commons-java-1.56.0-SNAPSHOT.jar;c:\Users\55119\.vscode\extensions\vmware.vscode-spring-boot-1.56.0\language-server\BOOT-INF\lib\commons-lang3-3.14.0.jar;c:\Users\55119\.vscode\extensions\vmware.vscode-spring-boot-1.56.0\language-server\BOOT-INF\lib\commons-language-server-1.56.0-SNAPSHOT.jar;c:\Users\55119\.vscode\extensions\vmware.vscode-spring-boot-1.56.0\langu
Launcher Type: SUN_STANDARD

[Global flags]
     intx CICompilerCount                          = 3                                         {product} {ergonomic}
     uint ConcGCThreads                            = 1                                         {product} {ergonomic}
     uint G1ConcRefinementThreads                  = 4                                         {product} {ergonomic}
   size_t G1HeapRegionSize                         = 1048576                                   {product} {ergonomic}
    uintx GCDrainStackTargetSize                   = 64                                        {product} {ergonomic}
   size_t InitialHeapSize                          = 65011712                                  {product} {ergonomic}
   size_t MarkStackSize                            = 4194304                                   {product} {ergonomic}
   size_t MaxHeapSize                              = 1073741824                                {product} {command line}
   size_t MaxNewSize                               = 643825664                                 {product} {ergonomic}
   size_t MinHeapDeltaBytes                        = 1048576                                   {product} {ergonomic}
   size_t MinHeapSize                              = 8388608                                   {product} {ergonomic}
    uintx NonProfiledCodeHeapSize                  = 0                                      {pd product} {ergonomic}
     bool ProfileInterpreter                       = false                                  {pd product} {command line}
    uintx ProfiledCodeHeapSize                     = 0                                      {pd product} {ergonomic}
   size_t SoftMaxHeapSize                          = 1073741824                             {manageable} {ergonomic}
     intx TieredStopAtLevel                        = 1                                         {product} {command line}
     bool UseCompressedClassPointers               = true                           {product lp64_product} {ergonomic}
     bool UseCompressedOops                        = true                           {product lp64_product} {ergonomic}
     bool UseG1GC                                  = true                                      {product} {ergonomic}
     bool UseLargePagesIndividualAllocation        = false                                  {pd product} {ergonomic}

Logging:
Log output configuration:
 #0: stdout all=warning,jni+resolve=off uptime,level,tags
 #1: stderr all=off uptime,level,tags

Environment Variables:
PATH=C:\Program Files\Common Files\Oracle\Java\javapath;C:\ProgramData\Oracle\Java\javapath;C:\Windows\system32;C:\Windows;C:\Windows\System32\Wbem;C:\Windows\System32\WindowsPowerShell\v1.0\;C:\Windows\System32\OpenSSH\;C:\Program Files\dotnet\;C:\Program Files\Git\cmd;C:\Program Files\PuTTY\;C:\Program Files\nodejs\;C:\php-8.2.20-nts-Win32-vs16-x64\;C:\composer;C:\Users\55119\AppData\Local\Microsoft\WindowsApps;C:\Users\55119\AppData\Local\Programs\Microsoft VS Code\bin;C:\Users\55119\AppData\Local\GitHubDesktop\bin;C:\Program Files\MySQL\MySQL Server 8.0\bin;C:\mongosh-1.8.2\bin;C:\Program Files\MongoDB\Server\6.0\bin;C:\Program Files (x86)\sqlite3;C:\Users\55119\AppData\Roaming\npm;C:\php-8.2.20-nts-Win32-vs16-x64\;C:\Users\55119\AppData\Roaming\Composer\vendor\bin
USERNAME=gabriel
OS=Windows_NT
PROCESSOR_IDENTIFIER=Intel64 Family 6 Model 140 Stepping 2, GenuineIntel
TMP=C:\Users\55119\AppData\Local\Temp
TEMP=C:\Users\55119\AppData\Local\Temp



Periodic native trim disabled


---------------  S Y S T E M  ---------------

OS:
 Windows 11 , 64 bit Build 22000 (10.0.22000.2538)
OS uptime: 1 days 5:57 hours

CPU: total 4 (initial active 4) (2 cores per cpu, 2 threads per core) family 6 model 140 stepping 2 microcode 0x26, cx8, cmov, fxsr, ht, mmx, 3dnowpref, sse, sse2, sse3, ssse3, sse4.1, sse4.2, popcnt, lzcnt, tsc, tscinvbit, avx, avx2, aes, erms, clmul, bmi1, bmi2, adx, avx512f, avx512dq, avx512cd, avx512bw, avx512vl, sha, fma, vzeroupper, avx512_vpopcntdq, avx512_vpclmulqdq, avx512_vaes, avx512_vnni, clflush, clflushopt, clwb, avx512_vbmi2, avx512_vbmi
Processor Information for all 4 processors :
  Max Mhz: 2995, Current Mhz: 2995, Mhz Limit: 2995

Memory: 4k page, system-wide physical 3879M (56M free)
TotalPageFile size 15655M (AvailPageFile size 0M)
current process WorkingSet (physical memory assigned to process): 102M, peak: 102M
current process commit charge ("private bytes"): 154M, peak: 154M

vm_info: OpenJDK 64-Bit Server VM (17.0.11+9) for windows-amd64 JRE (17.0.11+9), built on Apr 17 2024 06:07:48 by "admin" with MS VC++ 16.10 / 16.11 (VS2019)

END.
