#
# There is insufficient memory for the Java Runtime Environment to continue.
# Native memory allocation (malloc) failed to allocate 1944992 bytes. Error detail: Chunk::new
# Possible reasons:
#   The system is out of physical RAM or swap space
#   This process is running with CompressedOops enabled, and the Java Heap may be blocking the growth of the native heap
# Possible solutions:
#   Reduce memory load on the system
#   Increase physical memory or swap space
#   Check if swap backing store is full
#   Decrease Java heap size (-Xmx/-Xms)
#   Decrease number of Java threads
#   Decrease Java thread stack sizes (-Xss)
#   Set larger code cache with -XX:ReservedCodeCacheSize=
#   JVM is running with Unscaled Compressed Oops mode in which the Java heap is
#     placed in the first 4GB address space. The Java Heap base address is the
#     maximum limit for the native heap growth. Please use -XX:HeapBaseMinAddress
#     to set the Java Heap base and to place the Java Heap above 4GB virtual address.
# This output file may be truncated or incomplete.
#
#  Out of Memory Error (arena.cpp:191), pid=18268, tid=29060
#
# JRE version: OpenJDK Runtime Environment Temurin-17.0.11+9 (17.0.11+9) (build 17.0.11+9)
# Java VM: OpenJDK 64-Bit Server VM Temurin-17.0.11+9 (17.0.11+9, mixed mode, tiered, compressed oops, compressed class ptrs, parallel gc, windows-amd64)
# No core dump will be written. Minidumps are not enabled by default on client versions of Windows
#

---------------  S U M M A R Y ------------

Command Line: --add-modules=ALL-SYSTEM --add-opens=java.base/java.util=ALL-UNNAMED --add-opens=java.base/java.lang=ALL-UNNAMED --add-opens=java.base/sun.nio.fs=ALL-UNNAMED -Declipse.application=org.eclipse.jdt.ls.core.id1 -Dosgi.bundles.defaultStartLevel=4 -Declipse.product=org.eclipse.jdt.ls.core.product -Djava.import.generatesMetadataFilesAtProjectRoot=false -DDetectVMInstallationsJob.disabled=true -Dfile.encoding=utf8 -XX:+UseParallelGC -XX:GCTimeRatio=4 -XX:AdaptiveSizePolicyWeight=90 -Dsun.zip.disableMemoryMapping=true -Xmx1G -Xms100m -Xlog:disable -javaagent:c:\Users\55119\.vscode\extensions\redhat.java-1.33.0-win32-x64\lombok\lombok-1.18.33.jar -XX:+HeapDumpOnOutOfMemoryError -XX:HeapDumpPath=c:\Users\55119\AppData\Roaming\Code\User\workspaceStorage\ed399de286a856b5668f17e944be6a14\redhat.java -Daether.dependencyCollector.impl=bf c:\Users\55119\.vscode\extensions\redhat.java-1.33.0-win32-x64\server\plugins\org.eclipse.equinox.launcher_1.6.900.v20240613-2009.jar -configuration c:\Users\55119\AppData\Roaming\Code\User\globalStorage\redhat.java\1.33.0\config_win -data c:\Users\55119\AppData\Roaming\Code\User\workspaceStorage\ed399de286a856b5668f17e944be6a14\redhat.java\jdt_ws --pipe=\\.\pipe\lsp-6e2e1fb3087a5f4a171ad5825939ce27-sock

Host: 11th Gen Intel(R) Core(TM) i3-1115G4 @ 3.00GHz, 4 cores, 3G,  Windows 11 , 64 bit Build 22000 (10.0.22000.2538)
Time: Wed Aug 21 21:59:55 2024 Hora oficial do Brasil elapsed time: 10090.901564 seconds (0d 2h 48m 10s)

---------------  T H R E A D  ---------------

Current thread (0x00000205c80b9650):  JavaThread "C2 CompilerThread0" daemon [_thread_in_native, id=29060, stack(0x000000b6cbb00000,0x000000b6cbc00000)]


Current CompileTask:
C2:10090902 25738       4       lombok.eclipse.EclipseAST::buildStatement (57 bytes)

Stack: [0x000000b6cbb00000,0x000000b6cbc00000]
Native frames: (J=compiled Java code, j=interpreted, Vv=VM code, C=native code)
V  [jvm.dll+0x67d429]
V  [jvm.dll+0x834b7a]
V  [jvm.dll+0x83663e]
V  [jvm.dll+0x836ca3]
V  [jvm.dll+0x247dbf]
V  [jvm.dll+0xac534]
V  [jvm.dll+0xacb7c]
V  [jvm.dll+0x366647]
V  [jvm.dll+0x330bba]
V  [jvm.dll+0x33005a]
V  [jvm.dll+0x21a471]
V  [jvm.dll+0x2198b1]
V  [jvm.dll+0x1a534d]
V  [jvm.dll+0x2295cd]
V  [jvm.dll+0x22779c]
V  [jvm.dll+0x7e9d07]
V  [jvm.dll+0x7e410a]
V  [jvm.dll+0x67c315]
C  [ucrtbase.dll+0x26c0c]
C  [KERNEL32.DLL+0x153e0]
C  [ntdll.dll+0x485b]


---------------  P R O C E S S  ---------------

Threads class SMR info:
_java_thread_list=0x00000205d95b1060, length=64, elements={
0x00000205b4246430, 0x00000205c8087010, 0x00000205c8088300, 0x00000205c80b2f10,
0x00000205c80b57f0, 0x00000205c80b60c0, 0x00000205c80b6990, 0x00000205c80b9650,
0x00000205cd26ede0, 0x00000205cd271ab0, 0x00000205cd34e390, 0x00000205cd49cbb0,
0x00000205cda3e040, 0x00000205cdc29ab0, 0x00000205cdc2af60, 0x00000205cdab2a90,
0x00000205ce2f33e0, 0x00000205cdfdc390, 0x00000205cdfdec10, 0x00000205cdfdc8a0,
0x00000205cdfddce0, 0x00000205cdfdcdb0, 0x00000205cdfdd7d0, 0x00000205cdfde700,
0x00000205cfef0a50, 0x00000205cfeeebf0, 0x00000205cfef0f60, 0x00000205cfef32d0,
0x00000205cfeefb20, 0x00000205cfeee6e0, 0x00000205cfef28b0, 0x00000205cfeef610,
0x00000205cfef0030, 0x00000205cfef0540, 0x00000205cfef2dc0, 0x00000205cfef5b50,
0x00000205cdfdd2c0, 0x00000205cfef1e90, 0x00000205cfef4710, 0x00000205cd8c6800,
0x00000205cd8c9080, 0x00000205cd8c2b40, 0x00000205cd8c3050, 0x00000205cd8c3560,
0x00000205cd8c3a70, 0x00000205cd8c3f80, 0x00000205cd8c49a0, 0x00000205cd8c53c0,
0x00000205cfef4200, 0x00000205cfef4c20, 0x00000205cfef6060, 0x00000205cfef23a0,
0x00000205cdfde1f0, 0x00000205cd8c58d0, 0x00000205ce4ce970, 0x00000205ce4d0ce0,
0x00000205ce4d3560, 0x00000205ce4d4490, 0x00000205ce4d2120, 0x00000205ce4cee80,
0x00000205ce4d53c0, 0x00000205ce4d4eb0, 0x00000205ce4d07d0, 0x00000205ce4cf8a0
}

Java Threads: ( => current thread )
  0x00000205b4246430 JavaThread "main" [_thread_blocked, id=31616, stack(0x000000b6cb200000,0x000000b6cb300000)]
  0x00000205c8087010 JavaThread "Reference Handler" daemon [_thread_blocked, id=22820, stack(0x000000b6cb500000,0x000000b6cb600000)]
  0x00000205c8088300 JavaThread "Finalizer" daemon [_thread_blocked, id=30728, stack(0x000000b6cb600000,0x000000b6cb700000)]
  0x00000205c80b2f10 JavaThread "Signal Dispatcher" daemon [_thread_blocked, id=20148, stack(0x000000b6cb700000,0x000000b6cb800000)]
  0x00000205c80b57f0 JavaThread "Attach Listener" daemon [_thread_blocked, id=33392, stack(0x000000b6cb800000,0x000000b6cb900000)]
  0x00000205c80b60c0 JavaThread "Service Thread" daemon [_thread_blocked, id=1628, stack(0x000000b6cb900000,0x000000b6cba00000)]
  0x00000205c80b6990 JavaThread "Monitor Deflation Thread" daemon [_thread_blocked, id=33384, stack(0x000000b6cba00000,0x000000b6cbb00000)]
=>0x00000205c80b9650 JavaThread "C2 CompilerThread0" daemon [_thread_in_native, id=29060, stack(0x000000b6cbb00000,0x000000b6cbc00000)]
  0x00000205cd26ede0 JavaThread "C1 CompilerThread0" daemon [_thread_blocked, id=34004, stack(0x000000b6cbc00000,0x000000b6cbd00000)]
  0x00000205cd271ab0 JavaThread "Sweeper thread" daemon [_thread_blocked, id=24936, stack(0x000000b6cbd00000,0x000000b6cbe00000)]
  0x00000205cd34e390 JavaThread "Common-Cleaner" daemon [_thread_blocked, id=18804, stack(0x000000b6cbe00000,0x000000b6cbf00000)]
  0x00000205cd49cbb0 JavaThread "Notification Thread" daemon [_thread_blocked, id=19072, stack(0x000000b6cbf00000,0x000000b6cc000000)]
  0x00000205cda3e040 JavaThread "Active Thread: Equinox Container: 0191f028-bfec-4859-8a5a-a1545b61ee54" [_thread_blocked, id=26516, stack(0x000000b6cc400000,0x000000b6cc500000)]
  0x00000205cdc29ab0 JavaThread "Framework Event Dispatcher: Equinox Container: 0191f028-bfec-4859-8a5a-a1545b61ee54" daemon [_thread_blocked, id=31940, stack(0x000000b6cc500000,0x000000b6cc600000)]
  0x00000205cdc2af60 JavaThread "Start Level: Equinox Container: 0191f028-bfec-4859-8a5a-a1545b61ee54" daemon [_thread_blocked, id=31176, stack(0x000000b6cc600000,0x000000b6cc700000)]
  0x00000205cdab2a90 JavaThread "Bundle File Closer" daemon [_thread_blocked, id=30044, stack(0x000000b6cc700000,0x000000b6cc800000)]
  0x00000205ce2f33e0 JavaThread "SCR Component Actor" daemon [_thread_blocked, id=15728, stack(0x000000b6cc800000,0x000000b6cc900000)]
  0x00000205cdfdc390 JavaThread "Worker-JM" [_thread_blocked, id=29780, stack(0x000000b6cca00000,0x000000b6ccb00000)]
  0x00000205cdfdec10 JavaThread "JNA Cleaner" daemon [_thread_blocked, id=34764, stack(0x000000b6ccb00000,0x000000b6ccc00000)]
  0x00000205cdfdc8a0 JavaThread "Java indexing" daemon [_thread_blocked, id=28060, stack(0x000000b6cce00000,0x000000b6ccf00000)]
  0x00000205cdfddce0 JavaThread "Thread-2" daemon [_thread_in_native, id=34112, stack(0x000000b6cd000000,0x000000b6cd100000)]
  0x00000205cdfdcdb0 JavaThread "Thread-3" daemon [_thread_in_native, id=19448, stack(0x000000b6cd100000,0x000000b6cd200000)]
  0x00000205cdfdd7d0 JavaThread "Thread-4" daemon [_thread_in_native, id=33288, stack(0x000000b6cd200000,0x000000b6cd300000)]
  0x00000205cdfde700 JavaThread "Thread-5" daemon [_thread_in_native, id=7100, stack(0x000000b6cd300000,0x000000b6cd400000)]
  0x00000205cfef0a50 JavaThread "Thread-6" daemon [_thread_in_native, id=332, stack(0x000000b6cd400000,0x000000b6cd500000)]
  0x00000205cfeeebf0 JavaThread "pool-2-thread-1" [_thread_blocked, id=14312, stack(0x000000b6cd500000,0x000000b6cd600000)]
  0x00000205cfef0f60 JavaThread "WorkspaceEventsHandler" [_thread_blocked, id=21568, stack(0x000000b6cd600000,0x000000b6cd700000)]
  0x00000205cfef32d0 JavaThread "pool-1-thread-1" [_thread_blocked, id=14380, stack(0x000000b6cd700000,0x000000b6cd800000)]
  0x00000205cfeefb20 JavaThread "Cleaner-0" daemon [_thread_blocked, id=31696, stack(0x000000b6ce100000,0x000000b6ce200000)]
  0x00000205cfeee6e0 JavaThread "Java Debug Server" daemon [_thread_in_native, id=28376, stack(0x000000b6cc900000,0x000000b6cca00000)]
  0x00000205cfef28b0 JavaThread "pool-4-thread-1" [_thread_in_native, id=18368, stack(0x000000b6ccf00000,0x000000b6cd000000)]
  0x00000205cfeef610 JavaThread "RxSchedulerPurge-1" daemon [_thread_blocked, id=15324, stack(0x000000b6cd800000,0x000000b6cd900000)]
  0x00000205cfef0030 JavaThread "RxCachedWorkerPoolEvictor-1" daemon [_thread_blocked, id=18784, stack(0x000000b6cd900000,0x000000b6cda00000)]
  0x00000205cfef0540 JavaThread "RxNewThreadScheduler-1" daemon [_thread_blocked, id=31324, stack(0x000000b6cda00000,0x000000b6cdb00000)]
  0x00000205cfef2dc0 JavaThread "process reaper (pid 22260)" daemon [_thread_in_native, id=4156, stack(0x000000b6cdb00000,0x000000b6cdb20000)]
  0x00000205cfef5b50 JavaThread "Compiler Source File Reader" daemon [_thread_blocked, id=33896, stack(0x000000b6cdf20000,0x000000b6ce020000)]
  0x00000205cdfdd2c0 JavaThread "Compiler Source File Reader" daemon [_thread_blocked, id=15756, stack(0x000000b6ce200000,0x000000b6ce300000)]
  0x00000205cfef1e90 JavaThread "Worker-16" [_thread_blocked, id=31068, stack(0x000000b6cb000000,0x000000b6cb100000)]
  0x00000205cfef4710 JavaThread "Worker-17" [_thread_blocked, id=30084, stack(0x000000b6cb100000,0x000000b6cb200000)]
  0x00000205cd8c6800 JavaThread "ForkJoinPool.commonPool-worker-42" daemon [_thread_blocked, id=34292, stack(0x000000b6ccc00000,0x000000b6ccd00000)]
  0x00000205cd8c9080 JavaThread "ForkJoinPool.commonPool-worker-43" daemon [_thread_blocked, id=33060, stack(0x000000b6ccd00000,0x000000b6cce00000)]
  0x00000205cd8c2b40 JavaThread "ForkJoinPool.commonPool-worker-44" daemon [_thread_blocked, id=19096, stack(0x000000b6cdb20000,0x000000b6cdc20000)]
  0x00000205cd8c3050 JavaThread "ForkJoinPool.commonPool-worker-45" daemon [_thread_in_Java, id=21352, stack(0x000000b6cdc20000,0x000000b6cdd20000)]
  0x00000205cd8c3560 JavaThread "ForkJoinPool.commonPool-worker-46" daemon [_thread_blocked, id=34304, stack(0x000000b6cdd20000,0x000000b6cde20000)]
  0x00000205cd8c3a70 JavaThread "ForkJoinPool.commonPool-worker-47" daemon [_thread_blocked, id=14908, stack(0x000000b6cde20000,0x000000b6cdf20000)]
  0x00000205cd8c3f80 JavaThread "Worker-18" [_thread_blocked, id=35088, stack(0x000000b6ce300000,0x000000b6ce400000)]
  0x00000205cd8c49a0 JavaThread "Worker-19" [_thread_blocked, id=19396, stack(0x000000b6ce400000,0x000000b6ce500000)]
  0x00000205cd8c53c0 JavaThread "Worker-20" [_thread_blocked, id=33968, stack(0x000000b6ce500000,0x000000b6ce600000)]
  0x00000205cfef4200 JavaThread "Worker-21" [_thread_blocked, id=17516, stack(0x000000b6ce700000,0x000000b6ce800000)]
  0x00000205cfef4c20 JavaThread "Worker-22" [_thread_blocked, id=33112, stack(0x000000b6ce800000,0x000000b6ce900000)]
  0x00000205cfef6060 JavaThread "ForkJoinPool.commonPool-worker-48" daemon [_thread_blocked, id=34308, stack(0x000000b6ce900000,0x000000b6cea00000)]
  0x00000205cfef23a0 JavaThread "ForkJoinPool.commonPool-worker-49" daemon [_thread_blocked, id=36584, stack(0x000000b6cea00000,0x000000b6ceb00000)]
  0x00000205cdfde1f0 JavaThread "Worker-23" [_thread_blocked, id=36060, stack(0x000000b6ceb00000,0x000000b6cec00000)]
  0x00000205cd8c58d0 JavaThread "Worker-24" [_thread_blocked, id=25712, stack(0x000000b6cec00000,0x000000b6ced00000)]
  0x00000205ce4ce970 JavaThread "ForkJoinPool.commonPool-worker-50" daemon [_thread_blocked, id=34376, stack(0x000000b6ced00000,0x000000b6cee00000)]
  0x00000205ce4d0ce0 JavaThread "ForkJoinPool.commonPool-worker-51" daemon [_thread_blocked, id=1396, stack(0x000000b6cee00000,0x000000b6cef00000)]
  0x00000205ce4d3560 JavaThread "ForkJoinPool.commonPool-worker-52" daemon [_thread_blocked, id=33992, stack(0x000000b6cfb00000,0x000000b6cfc00000)]
  0x00000205ce4d4490 JavaThread "ForkJoinPool.commonPool-worker-53" daemon [_thread_blocked, id=36472, stack(0x000000b6cef00000,0x000000b6cf000000)]
  0x00000205ce4d2120 JavaThread "Worker-26" [_thread_blocked, id=26264, stack(0x000000b6cf200000,0x000000b6cf300000)]
  0x00000205ce4cee80 JavaThread "ForkJoinPool.commonPool-worker-54" daemon [_thread_blocked, id=34504, stack(0x000000b6cf300000,0x000000b6cf400000)]
  0x00000205ce4d53c0 JavaThread "Compiler Processing Task" daemon [_thread_blocked, id=21784, stack(0x000000b6ce600000,0x000000b6ce700000)]
  0x00000205ce4d4eb0 JavaThread "Worker-27" [_thread_blocked, id=20328, stack(0x000000b6cf500000,0x000000b6cf600000)]
  0x00000205ce4d07d0 JavaThread "Worker-28" [_thread_blocked, id=29308, stack(0x000000b6cf000000,0x000000b6cf100000)]
  0x00000205ce4cf8a0 JavaThread "Worker-29" [_thread_blocked, id=27060, stack(0x000000b6cf400000,0x000000b6cf500000)]

Other Threads:
  0x00000205b42fead0 VMThread "VM Thread" [stack: 0x000000b6cb400000,0x000000b6cb500000] [id=33592]
  0x00000205cd544e40 WatcherThread [stack: 0x000000b6cc000000,0x000000b6cc100000] [id=33588]
  0x00000205b425cfc0 GCTaskThread "GC Thread#0" [stack: 0x000000b6cb300000,0x000000b6cb400000] [id=27644]
  0x00000205cd9b8ed0 GCTaskThread "GC Thread#1" [stack: 0x000000b6cc100000,0x000000b6cc200000] [id=6440]
  0x00000205cd9b4060 GCTaskThread "GC Thread#2" [stack: 0x000000b6cc200000,0x000000b6cc300000] [id=31152]
  0x00000205cd9b4320 GCTaskThread "GC Thread#3" [stack: 0x000000b6cc300000,0x000000b6cc400000] [id=31028]

Threads with active compile tasks:
C2 CompilerThread0  10091037 25738       4       lombok.eclipse.EclipseAST::buildStatement (57 bytes)

VM state: not at safepoint (normal execution)

VM Mutex/Monitor currently owned by a thread: None

Heap address: 0x00000000c0000000, size: 1024 MB, Compressed Oops mode: 32-bit

CDS archive(s) not mapped
Compressed class space mapped at: 0x0000000100000000-0x0000000140000000, reserved size: 1073741824
Narrow klass base: 0x0000000000000000, Narrow klass shift: 3, Narrow klass range: 0x140000000

GC Precious Log:
 CPUs: 4 total, 4 available
 Memory: 3879M
 Large Page Support: Disabled
 NUMA Support: Disabled
 Compressed Oops: Enabled (32-bit)
 Alignments: Space 512K, Generation 512K, Heap 2M
 Heap Min Capacity: 100M
 Heap Initial Capacity: 100M
 Heap Max Capacity: 1G
 Pre-touch: Disabled
 Parallel Workers: 4

Heap:
 PSYoungGen      total 32768K, used 23717K [0x00000000eab00000, 0x00000000ee580000, 0x0000000100000000)
  eden space 17920K, 49% used [0x00000000eab00000,0x00000000eb3ae728,0x00000000ebc80000)
  from space 14848K, 99% used [0x00000000ebc80000,0x00000000ecafaeb8,0x00000000ecb00000)
  to   space 19968K, 0% used [0x00000000ed200000,0x00000000ed200000,0x00000000ee580000)
 ParOldGen       total 452608K, used 427953K [0x00000000c0000000, 0x00000000dba00000, 0x00000000eab00000)
  object space 452608K, 94% used [0x00000000c0000000,0x00000000da1ec718,0x00000000dba00000)
 Metaspace       used 104316K, committed 105792K, reserved 1179648K
  class space    used 10643K, committed 11264K, reserved 1048576K

Card table byte_map: [0x00000205b3c10000,0x00000205b3e20000] _byte_map_base: 0x00000205b3610000

Marking Bits: (ParMarkBitMap*) 0x00007ffa5200d820
 Begin Bits: [0x00000205c5ee0000, 0x00000205c6ee0000)
 End Bits:   [0x00000205c6ee0000, 0x00000205c7ee0000)

Polling page: 0x00000205b3a00000

Metaspace:

Usage:
  Non-class:     91.48 MB used.
      Class:     10.39 MB used.
       Both:    101.87 MB used.

Virtual space:
  Non-class space:      128.00 MB reserved,      92.31 MB ( 72%) committed,  2 nodes.
      Class space:        1.00 GB reserved,      11.00 MB (  1%) committed,  1 nodes.
             Both:        1.12 GB reserved,     103.31 MB (  9%) committed. 

Chunk freelists:
   Non-Class:  3.03 MB
       Class:  4.91 MB
        Both:  7.94 MB

MaxMetaspaceSize: unlimited
CompressedClassSpaceSize: 1.00 GB
Initial GC threshold: 21.00 MB
Current GC threshold: 170.94 MB
CDS: off
MetaspaceReclaimPolicy: balanced
 - commit_granule_bytes: 65536.
 - commit_granule_words: 8192.
 - virtual_space_node_default_size: 8388608.
 - enlarge_chunks_in_place: 1.
 - new_chunks_are_fully_committed: 0.
 - uncommit_free_chunks: 1.
 - use_allocation_guard: 0.
 - handle_deallocations: 1.


Internal statistics:

num_allocs_failed_limit: 9.
num_arena_births: 1592.
num_arena_deaths: 596.
num_vsnodes_births: 3.
num_vsnodes_deaths: 0.
num_space_committed: 1654.
num_space_uncommitted: 1.
num_chunks_returned_to_freelist: 778.
num_chunks_taken_from_freelist: 6434.
num_chunk_merges: 279.
num_chunk_splits: 3706.
num_chunks_enlarged: 2039.
num_inconsistent_stats: 0.

CodeHeap 'non-profiled nmethods': size=120000Kb used=19444Kb max_used=19767Kb free=100555Kb
 bounds [0x00000205be9b0000, 0x00000205bfdb0000, 0x00000205c5ee0000]
CodeHeap 'profiled nmethods': size=120000Kb used=42022Kb max_used=42495Kb free=77977Kb
 bounds [0x00000205b6ee0000, 0x00000205b9870000, 0x00000205be410000]
CodeHeap 'non-nmethods': size=5760Kb used=1517Kb max_used=1601Kb free=4242Kb
 bounds [0x00000205be410000, 0x00000205be680000, 0x00000205be9b0000]
 total_blobs=19855 nmethods=18973 adapters=790
 compilation: enabled
              stopped_count=0, restarted_count=0
 full_count=0

Compilation events (20 events):
Event: 10087.299 Thread 0x00000205c80b9650 25720 %     4       java.util.HashMap::resize @ 153 (358 bytes)
Event: 10087.300 Thread 0x00000205cd26ede0 nmethod 25735 0x00000205b8977c10 code [0x00000205b8977de0, 0x00000205b8978188]
Event: 10087.300 Thread 0x00000205cd26ede0 25736       3       org.eclipse.jdt.core.search.SearchParticipant::<init> (5 bytes)
Event: 10087.300 Thread 0x00000205cd26ede0 nmethod 25736 0x00000205b7a07690 code [0x00000205b7a07820, 0x00000205b7a07978]
Event: 10087.307 Thread 0x00000205c80b9650 nmethod 25720% 0x00000205bf0ffb10 code [0x00000205bf0ffca0, 0x00000205bf100128]
Event: 10087.307 Thread 0x00000205c80b9650 25722       4       org.eclipse.jdt.internal.compiler.lookup.ParameterizedTypeBinding::initialize (293 bytes)
Event: 10087.311 Thread 0x00000205c80b9650 nmethod 25722 0x00000205bf25bd10 code [0x00000205bf25bea0, 0x00000205bf25c138]
Event: 10087.311 Thread 0x00000205c80b9650 25727       4       org.eclipse.jdt.internal.compiler.ast.ASTNode::checkInvocationArguments (882 bytes)
Event: 10087.692 Thread 0x00000205c80b9650 nmethod 25727 0x00000205bf648010 code [0x00000205bf648560, 0x00000205bf64c7d0]
Event: 10087.692 Thread 0x00000205c80b9650 25725       4       org.eclipse.jdt.internal.compiler.lookup.BinaryTypeBinding::typeVariables (81 bytes)
Event: 10088.619 Thread 0x00000205c80b9650 nmethod 25725 0x00000205bfd95790 code [0x00000205bfd95ec0, 0x00000205bfd9ec30]
Event: 10088.620 Thread 0x00000205c80b9650 25726       4       org.eclipse.jdt.internal.compiler.lookup.FieldBinding::canBeSeenBy (513 bytes)
Event: 10088.640 Thread 0x00000205c80b9650 nmethod 25726 0x00000205bf0aea10 code [0x00000205bf0aed00, 0x00000205bf0afca8]
Event: 10088.640 Thread 0x00000205c80b9650 25723       4       org.eclipse.jdt.internal.compiler.lookup.LookupEnvironment::convertUnresolvedBinaryToRawType (291 bytes)
Event: 10088.804 Thread 0x00000205c80b9650 nmethod 25723 0x00000205bfc70910 code [0x00000205bfc70e60, 0x00000205bfc77698]
Event: 10088.804 Thread 0x00000205c80b9650 25721       4       org.eclipse.jdt.internal.compiler.lookup.LookupEnvironment::fromSplitPackageOrOracle (89 bytes)
Event: 10088.842 Thread 0x00000205c80b9650 nmethod 25721 0x00000205bf471110 code [0x00000205bf4713a0, 0x00000205bf472940]
Event: 10090.040 Thread 0x00000205cd26ede0 25737       3       org.eclipse.jdt.internal.core.hierarchy.TypeHierarchy::initialize (131 bytes)
Event: 10090.055 Thread 0x00000205cd26ede0 nmethod 25737 0x00000205b7ecec10 code [0x00000205b7ecef20, 0x00000205b7ecff78]
Event: 10090.549 Thread 0x00000205c80b9650 25738       4       lombok.eclipse.EclipseAST::buildStatement (57 bytes)

GC Heap History (20 events):
Event: 10062.246 GC heap before
{Heap before GC invocations=1871 (full 40):
 PSYoungGen      total 27136K, used 25388K [0x00000000eab00000, 0x00000000ec700000, 0x0000000100000000)
  eden space 25088K, 100% used [0x00000000eab00000,0x00000000ec380000,0x00000000ec380000)
  from space 2048K, 14% used [0x00000000ec400000,0x00000000ec44b248,0x00000000ec600000)
  to   space 1024K, 0% used [0x00000000ec600000,0x00000000ec600000,0x00000000ec700000)
 ParOldGen       total 452608K, used 411553K [0x00000000c0000000, 0x00000000dba00000, 0x00000000eab00000)
  object space 452608K, 90% used [0x00000000c0000000,0x00000000d91e8708,0x00000000dba00000)
 Metaspace       used 104299K, committed 105728K, reserved 1179648K
  class space    used 10643K, committed 11264K, reserved 1048576K
}
Event: 10062.254 GC heap after
{Heap after GC invocations=1871 (full 40):
 PSYoungGen      total 22016K, used 1005K [0x00000000eab00000, 0x00000000ed080000, 0x0000000100000000)
  eden space 20992K, 0% used [0x00000000eab00000,0x00000000eab00000,0x00000000ebf80000)
  from space 1024K, 98% used [0x00000000ec600000,0x00000000ec6fb770,0x00000000ec700000)
  to   space 6656K, 0% used [0x00000000ebf80000,0x00000000ebf80000,0x00000000ec600000)
 ParOldGen       total 452608K, used 415869K [0x00000000c0000000, 0x00000000dba00000, 0x00000000eab00000)
  object space 452608K, 91% used [0x00000000c0000000,0x00000000d961f610,0x00000000dba00000)
 Metaspace       used 104299K, committed 105728K, reserved 1179648K
  class space    used 10643K, committed 11264K, reserved 1048576K
}
Event: 10062.499 GC heap before
{Heap before GC invocations=1872 (full 40):
 PSYoungGen      total 22016K, used 21997K [0x00000000eab00000, 0x00000000ed080000, 0x0000000100000000)
  eden space 20992K, 100% used [0x00000000eab00000,0x00000000ebf80000,0x00000000ebf80000)
  from space 1024K, 98% used [0x00000000ec600000,0x00000000ec6fb770,0x00000000ec700000)
  to   space 6656K, 0% used [0x00000000ebf80000,0x00000000ebf80000,0x00000000ec600000)
 ParOldGen       total 452608K, used 415869K [0x00000000c0000000, 0x00000000dba00000, 0x00000000eab00000)
  object space 452608K, 91% used [0x00000000c0000000,0x00000000d961f610,0x00000000dba00000)
 Metaspace       used 104300K, committed 105728K, reserved 1179648K
  class space    used 10643K, committed 11264K, reserved 1048576K
}
Event: 10062.508 GC heap after
{Heap after GC invocations=1872 (full 40):
 PSYoungGen      total 26624K, used 5470K [0x00000000eab00000, 0x00000000ecb80000, 0x0000000100000000)
  eden space 20992K, 0% used [0x00000000eab00000,0x00000000eab00000,0x00000000ebf80000)
  from space 5632K, 97% used [0x00000000ebf80000,0x00000000ec4d78d0,0x00000000ec500000)
  to   space 6144K, 0% used [0x00000000ec580000,0x00000000ec580000,0x00000000ecb80000)
 ParOldGen       total 452608K, used 415877K [0x00000000c0000000, 0x00000000dba00000, 0x00000000eab00000)
  object space 452608K, 91% used [0x00000000c0000000,0x00000000d9621610,0x00000000dba00000)
 Metaspace       used 104300K, committed 105728K, reserved 1179648K
  class space    used 10643K, committed 11264K, reserved 1048576K
}
Event: 10062.693 GC heap before
{Heap before GC invocations=1873 (full 40):
 PSYoungGen      total 26624K, used 26462K [0x00000000eab00000, 0x00000000ecb80000, 0x0000000100000000)
  eden space 20992K, 100% used [0x00000000eab00000,0x00000000ebf80000,0x00000000ebf80000)
  from space 5632K, 97% used [0x00000000ebf80000,0x00000000ec4d78d0,0x00000000ec500000)
  to   space 6144K, 0% used [0x00000000ec580000,0x00000000ec580000,0x00000000ecb80000)
 ParOldGen       total 452608K, used 415877K [0x00000000c0000000, 0x00000000dba00000, 0x00000000eab00000)
  object space 452608K, 91% used [0x00000000c0000000,0x00000000d9621610,0x00000000dba00000)
 Metaspace       used 104301K, committed 105792K, reserved 1179648K
  class space    used 10643K, committed 11264K, reserved 1048576K
}
Event: 10062.706 GC heap after
{Heap after GC invocations=1873 (full 40):
 PSYoungGen      total 24064K, used 6127K [0x00000000eab00000, 0x00000000ed180000, 0x0000000100000000)
  eden space 17920K, 0% used [0x00000000eab00000,0x00000000eab00000,0x00000000ebc80000)
  from space 6144K, 99% used [0x00000000ec580000,0x00000000ecb7bdb0,0x00000000ecb80000)
  to   space 9216K, 0% used [0x00000000ebc80000,0x00000000ebc80000,0x00000000ec580000)
 ParOldGen       total 452608K, used 418032K [0x00000000c0000000, 0x00000000dba00000, 0x00000000eab00000)
  object space 452608K, 92% used [0x00000000c0000000,0x00000000d983c200,0x00000000dba00000)
 Metaspace       used 104301K, committed 105792K, reserved 1179648K
  class space    used 10643K, committed 11264K, reserved 1048576K
}
Event: 10063.080 GC heap before
{Heap before GC invocations=1874 (full 40):
 PSYoungGen      total 24064K, used 24047K [0x00000000eab00000, 0x00000000ed180000, 0x0000000100000000)
  eden space 17920K, 100% used [0x00000000eab00000,0x00000000ebc80000,0x00000000ebc80000)
  from space 6144K, 99% used [0x00000000ec580000,0x00000000ecb7bdb0,0x00000000ecb80000)
  to   space 9216K, 0% used [0x00000000ebc80000,0x00000000ebc80000,0x00000000ec580000)
 ParOldGen       total 452608K, used 418032K [0x00000000c0000000, 0x00000000dba00000, 0x00000000eab00000)
  object space 452608K, 92% used [0x00000000c0000000,0x00000000d983c200,0x00000000dba00000)
 Metaspace       used 104304K, committed 105792K, reserved 1179648K
  class space    used 10643K, committed 11264K, reserved 1048576K
}
Event: 10063.097 GC heap after
{Heap after GC invocations=1874 (full 40):
 PSYoungGen      total 27136K, used 8650K [0x00000000eab00000, 0x00000000ece80000, 0x0000000100000000)
  eden space 17920K, 0% used [0x00000000eab00000,0x00000000eab00000,0x00000000ebc80000)
  from space 9216K, 93% used [0x00000000ebc80000,0x00000000ec4f2b08,0x00000000ec580000)
  to   space 9216K, 0% used [0x00000000ec580000,0x00000000ec580000,0x00000000ece80000)
 ParOldGen       total 452608K, used 418040K [0x00000000c0000000, 0x00000000dba00000, 0x00000000eab00000)
  object space 452608K, 92% used [0x00000000c0000000,0x00000000d983e200,0x00000000dba00000)
 Metaspace       used 104304K, committed 105792K, reserved 1179648K
  class space    used 10643K, committed 11264K, reserved 1048576K
}
Event: 10063.320 GC heap before
{Heap before GC invocations=1875 (full 40):
 PSYoungGen      total 27136K, used 26570K [0x00000000eab00000, 0x00000000ece80000, 0x0000000100000000)
  eden space 17920K, 100% used [0x00000000eab00000,0x00000000ebc80000,0x00000000ebc80000)
  from space 9216K, 93% used [0x00000000ebc80000,0x00000000ec4f2b08,0x00000000ec580000)
  to   space 9216K, 0% used [0x00000000ec580000,0x00000000ec580000,0x00000000ece80000)
 ParOldGen       total 452608K, used 418040K [0x00000000c0000000, 0x00000000dba00000, 0x00000000eab00000)
  object space 452608K, 92% used [0x00000000c0000000,0x00000000d983e200,0x00000000dba00000)
 Metaspace       used 104304K, committed 105792K, reserved 1179648K
  class space    used 10643K, committed 11264K, reserved 1048576K
}
Event: 10063.332 GC heap after
{Heap after GC invocations=1875 (full 40):
 PSYoungGen      total 25088K, used 9209K [0x00000000eab00000, 0x00000000ed280000, 0x0000000100000000)
  eden space 15872K, 0% used [0x00000000eab00000,0x00000000eab00000,0x00000000eba80000)
  from space 9216K, 99% used [0x00000000ec580000,0x00000000ece7e758,0x00000000ece80000)
  to   space 11264K, 0% used [0x00000000eba80000,0x00000000eba80000,0x00000000ec580000)
 ParOldGen       total 452608K, used 419372K [0x00000000c0000000, 0x00000000dba00000, 0x00000000eab00000)
  object space 452608K, 92% used [0x00000000c0000000,0x00000000d998b1d0,0x00000000dba00000)
 Metaspace       used 104304K, committed 105792K, reserved 1179648K
  class space    used 10643K, committed 11264K, reserved 1048576K
}
Event: 10064.036 GC heap before
{Heap before GC invocations=1876 (full 40):
 PSYoungGen      total 25088K, used 25081K [0x00000000eab00000, 0x00000000ed280000, 0x0000000100000000)
  eden space 15872K, 100% used [0x00000000eab00000,0x00000000eba80000,0x00000000eba80000)
  from space 9216K, 99% used [0x00000000ec580000,0x00000000ece7e758,0x00000000ece80000)
  to   space 11264K, 0% used [0x00000000eba80000,0x00000000eba80000,0x00000000ec580000)
 ParOldGen       total 452608K, used 419372K [0x00000000c0000000, 0x00000000dba00000, 0x00000000eab00000)
  object space 452608K, 92% used [0x00000000c0000000,0x00000000d998b1d0,0x00000000dba00000)
 Metaspace       used 104307K, committed 105792K, reserved 1179648K
  class space    used 10643K, committed 11264K, reserved 1048576K
}
Event: 10064.049 GC heap after
{Heap after GC invocations=1876 (full 40):
 PSYoungGen      total 27136K, used 11238K [0x00000000eab00000, 0x00000000ed280000, 0x0000000100000000)
  eden space 15872K, 0% used [0x00000000eab00000,0x00000000eab00000,0x00000000eba80000)
  from space 11264K, 99% used [0x00000000eba80000,0x00000000ec5799d0,0x00000000ec580000)
  to   space 12288K, 0% used [0x00000000ec680000,0x00000000ec680000,0x00000000ed280000)
 ParOldGen       total 452608K, used 419660K [0x00000000c0000000, 0x00000000dba00000, 0x00000000eab00000)
  object space 452608K, 92% used [0x00000000c0000000,0x00000000d99d3108,0x00000000dba00000)
 Metaspace       used 104307K, committed 105792K, reserved 1179648K
  class space    used 10643K, committed 11264K, reserved 1048576K
}
Event: 10064.249 GC heap before
{Heap before GC invocations=1877 (full 40):
 PSYoungGen      total 27136K, used 27110K [0x00000000eab00000, 0x00000000ed280000, 0x0000000100000000)
  eden space 15872K, 100% used [0x00000000eab00000,0x00000000eba80000,0x00000000eba80000)
  from space 11264K, 99% used [0x00000000eba80000,0x00000000ec5799d0,0x00000000ec580000)
  to   space 12288K, 0% used [0x00000000ec680000,0x00000000ec680000,0x00000000ed280000)
 ParOldGen       total 452608K, used 419660K [0x00000000c0000000, 0x00000000dba00000, 0x00000000eab00000)
  object space 452608K, 92% used [0x00000000c0000000,0x00000000d99d3108,0x00000000dba00000)
 Metaspace       used 104307K, committed 105792K, reserved 1179648K
  class space    used 10643K, committed 11264K, reserved 1048576K
}
Event: 10064.265 GC heap after
{Heap after GC invocations=1877 (full 40):
 PSYoungGen      total 26624K, used 10600K [0x00000000eab00000, 0x00000000ed100000, 0x0000000100000000)
  eden space 15872K, 0% used [0x00000000eab00000,0x00000000eab00000,0x00000000eba80000)
  from space 10752K, 98% used [0x00000000ec680000,0x00000000ed0da090,0x00000000ed100000)
  to   space 11264K, 0% used [0x00000000ebb00000,0x00000000ebb00000,0x00000000ec600000)
 ParOldGen       total 452608K, used 419668K [0x00000000c0000000, 0x00000000dba00000, 0x00000000eab00000)
  object space 452608K, 92% used [0x00000000c0000000,0x00000000d99d5108,0x00000000dba00000)
 Metaspace       used 104307K, committed 105792K, reserved 1179648K
  class space    used 10643K, committed 11264K, reserved 1048576K
}
Event: 10064.453 GC heap before
{Heap before GC invocations=1878 (full 40):
 PSYoungGen      total 26624K, used 26472K [0x00000000eab00000, 0x00000000ed100000, 0x0000000100000000)
  eden space 15872K, 100% used [0x00000000eab00000,0x00000000eba80000,0x00000000eba80000)
  from space 10752K, 98% used [0x00000000ec680000,0x00000000ed0da090,0x00000000ed100000)
  to   space 11264K, 0% used [0x00000000ebb00000,0x00000000ebb00000,0x00000000ec600000)
 ParOldGen       total 452608K, used 419668K [0x00000000c0000000, 0x00000000dba00000, 0x00000000eab00000)
  object space 452608K, 92% used [0x00000000c0000000,0x00000000d99d5108,0x00000000dba00000)
 Metaspace       used 104307K, committed 105792K, reserved 1179648K
  class space    used 10643K, committed 11264K, reserved 1048576K
}
Event: 10064.466 GC heap after
{Heap after GC invocations=1878 (full 40):
 PSYoungGen      total 27136K, used 11262K [0x00000000eab00000, 0x00000000edb80000, 0x0000000100000000)
  eden space 15872K, 0% used [0x00000000eab00000,0x00000000eab00000,0x00000000eba80000)
  from space 11264K, 99% used [0x00000000ebb00000,0x00000000ec5ff800,0x00000000ec600000)
  to   space 16896K, 0% used [0x00000000ecb00000,0x00000000ecb00000,0x00000000edb80000)
 ParOldGen       total 452608K, used 424065K [0x00000000c0000000, 0x00000000dba00000, 0x00000000eab00000)
  object space 452608K, 93% used [0x00000000c0000000,0x00000000d9e205d8,0x00000000dba00000)
 Metaspace       used 104307K, committed 105792K, reserved 1179648K
  class space    used 10643K, committed 11264K, reserved 1048576K
}
Event: 10064.503 GC heap before
{Heap before GC invocations=1879 (full 40):
 PSYoungGen      total 27136K, used 27134K [0x00000000eab00000, 0x00000000edb80000, 0x0000000100000000)
  eden space 15872K, 100% used [0x00000000eab00000,0x00000000eba80000,0x00000000eba80000)
  from space 11264K, 99% used [0x00000000ebb00000,0x00000000ec5ff800,0x00000000ec600000)
  to   space 16896K, 0% used [0x00000000ecb00000,0x00000000ecb00000,0x00000000edb80000)
 ParOldGen       total 452608K, used 424065K [0x00000000c0000000, 0x00000000dba00000, 0x00000000eab00000)
  object space 452608K, 93% used [0x00000000c0000000,0x00000000d9e205d8,0x00000000dba00000)
 Metaspace       used 104307K, committed 105792K, reserved 1179648K
  class space    used 10643K, committed 11264K, reserved 1048576K
}
Event: 10064.520 GC heap after
{Heap after GC invocations=1879 (full 40):
 PSYoungGen      total 32768K, used 14236K [0x00000000eab00000, 0x00000000ed980000, 0x0000000100000000)
  eden space 17920K, 0% used [0x00000000eab00000,0x00000000eab00000,0x00000000ebc80000)
  from space 14848K, 95% used [0x00000000ecb00000,0x00000000ed8e7038,0x00000000ed980000)
  to   space 14848K, 0% used [0x00000000ebc80000,0x00000000ebc80000,0x00000000ecb00000)
 ParOldGen       total 452608K, used 424065K [0x00000000c0000000, 0x00000000dba00000, 0x00000000eab00000)
  object space 452608K, 93% used [0x00000000c0000000,0x00000000d9e205d8,0x00000000dba00000)
 Metaspace       used 104307K, committed 105792K, reserved 1179648K
  class space    used 10643K, committed 11264K, reserved 1048576K
}
Event: 10087.384 GC heap before
{Heap before GC invocations=1880 (full 40):
 PSYoungGen      total 32768K, used 32156K [0x00000000eab00000, 0x00000000ed980000, 0x0000000100000000)
  eden space 17920K, 100% used [0x00000000eab00000,0x00000000ebc80000,0x00000000ebc80000)
  from space 14848K, 95% used [0x00000000ecb00000,0x00000000ed8e7038,0x00000000ed980000)
  to   space 14848K, 0% used [0x00000000ebc80000,0x00000000ebc80000,0x00000000ecb00000)
 ParOldGen       total 452608K, used 424065K [0x00000000c0000000, 0x00000000dba00000, 0x00000000eab00000)
  object space 452608K, 93% used [0x00000000c0000000,0x00000000d9e205d8,0x00000000dba00000)
 Metaspace       used 104316K, committed 105792K, reserved 1179648K
  class space    used 10643K, committed 11264K, reserved 1048576K
}
Event: 10087.682 GC heap after
{Heap after GC invocations=1880 (full 40):
 PSYoungGen      total 32768K, used 14827K [0x00000000eab00000, 0x00000000ee580000, 0x0000000100000000)
  eden space 17920K, 0% used [0x00000000eab00000,0x00000000eab00000,0x00000000ebc80000)
  from space 14848K, 99% used [0x00000000ebc80000,0x00000000ecafaeb8,0x00000000ecb00000)
  to   space 19968K, 0% used [0x00000000ed200000,0x00000000ed200000,0x00000000ee580000)
 ParOldGen       total 452608K, used 427953K [0x00000000c0000000, 0x00000000dba00000, 0x00000000eab00000)
  object space 452608K, 94% used [0x00000000c0000000,0x00000000da1ec718,0x00000000dba00000)
 Metaspace       used 104316K, committed 105792K, reserved 1179648K
  class space    used 10643K, committed 11264K, reserved 1048576K
}

Dll operation events (14 events):
Event: 0.030 Loaded shared library c:\Users\55119\.vscode\extensions\redhat.java-1.33.0-win32-x64\jre\17.0.11-win32-x86_64\bin\java.dll
Event: 0.272 Loaded shared library c:\Users\55119\.vscode\extensions\redhat.java-1.33.0-win32-x64\jre\17.0.11-win32-x86_64\bin\zip.dll
Event: 0.276 Loaded shared library C:\Users\55119\.vscode\extensions\redhat.java-1.33.0-win32-x64\jre\17.0.11-win32-x86_64\bin\instrument.dll
Event: 0.294 Loaded shared library C:\Users\55119\.vscode\extensions\redhat.java-1.33.0-win32-x64\jre\17.0.11-win32-x86_64\bin\net.dll
Event: 0.296 Loaded shared library C:\Users\55119\.vscode\extensions\redhat.java-1.33.0-win32-x64\jre\17.0.11-win32-x86_64\bin\nio.dll
Event: 0.304 Loaded shared library C:\Users\55119\.vscode\extensions\redhat.java-1.33.0-win32-x64\jre\17.0.11-win32-x86_64\bin\zip.dll
Event: 0.324 Loaded shared library C:\Users\55119\.vscode\extensions\redhat.java-1.33.0-win32-x64\jre\17.0.11-win32-x86_64\bin\jimage.dll
Event: 0.415 Loaded shared library c:\Users\55119\.vscode\extensions\redhat.java-1.33.0-win32-x64\jre\17.0.11-win32-x86_64\bin\verify.dll
Event: 3.166 Loaded shared library C:\Users\55119\AppData\Roaming\Code\User\globalStorage\redhat.java\1.33.0\config_win\org.eclipse.equinox.launcher\org.eclipse.equinox.launcher.win32.win32.x86_64_1.2.1100.v20240722-2106\eclipse_11904.dll
Event: 5.881 Loaded shared library C:\Users\55119\AppData\Local\Temp\jna--205368346\jna18295380623039492188.dll
Event: 18.077 Loaded shared library C:\Users\55119\.vscode\extensions\redhat.java-1.33.0-win32-x64\jre\17.0.11-win32-x86_64\bin\sunmscapi.dll
Event: 251.441 Loaded shared library C:\Users\55119\.vscode\extensions\redhat.java-1.33.0-win32-x64\jre\17.0.11-win32-x86_64\bin\extnet.dll
Event: 9594.456 Loaded shared library C:\Users\55119\.vscode\extensions\redhat.java-1.33.0-win32-x64\jre\17.0.11-win32-x86_64\bin\management.dll
Event: 9594.519 Loaded shared library C:\Users\55119\.vscode\extensions\redhat.java-1.33.0-win32-x64\jre\17.0.11-win32-x86_64\bin\management_ext.dll

Deoptimization events (20 events):
Event: 10063.443 Thread 0x00000205cd8c9080 Uncommon trap: trap_request=0xffffff45 fr.pc=0x00000205bf2c5ce4 relative=0x00000000000013e4
Event: 10063.443 Thread 0x00000205cd8c9080 Uncommon trap: reason=unstable_if action=reinterpret pc=0x00000205bf2c5ce4 method=org.eclipse.jdt.internal.compiler.ast.TypeReference.internalResolveType(Lorg/eclipse/jdt/internal/compiler/lookup/Scope;I)Lorg/eclipse/jdt/internal/compiler/lookup/TypeBindi
Event: 10063.443 Thread 0x00000205cd8c9080 DEOPT PACKING pc=0x00000205bf2c5ce4 sp=0x000000b6ccdfdee0
Event: 10063.444 Thread 0x00000205cd8c9080 DEOPT UNPACKING pc=0x00000205be469ea3 sp=0x000000b6ccdfdef8 mode 2
Event: 10063.446 Thread 0x00000205cd8c9080 Uncommon trap: trap_request=0xffffff45 fr.pc=0x00000205bebf578c relative=0x000000000000026c
Event: 10063.446 Thread 0x00000205cd8c9080 Uncommon trap: reason=unstable_if action=reinterpret pc=0x00000205bebf578c method=org.eclipse.jdt.internal.compiler.lookup.BinaryTypeBinding.scanTypeForContainerAnnotation(Lorg/eclipse/jdt/internal/compiler/env/IBinaryType;[[[C)V @ 23 c2
Event: 10063.446 Thread 0x00000205cd8c9080 DEOPT PACKING pc=0x00000205bebf578c sp=0x000000b6ccdfd270
Event: 10063.446 Thread 0x00000205cd8c9080 DEOPT UNPACKING pc=0x00000205be469ea3 sp=0x000000b6ccdfd1d8 mode 2
Event: 10063.463 Thread 0x00000205cd8c9080 Uncommon trap: trap_request=0xffffff45 fr.pc=0x00000205bfb35fd8 relative=0x0000000000001b98
Event: 10063.463 Thread 0x00000205cd8c9080 Uncommon trap: reason=unstable_if action=reinterpret pc=0x00000205bfb35fd8 method=org.eclipse.jdt.internal.compiler.lookup.MethodBinding.computeSignature(Lorg/eclipse/jdt/internal/compiler/ClassFile;)[C @ 473 c2
Event: 10063.463 Thread 0x00000205cd8c9080 DEOPT PACKING pc=0x00000205bfb35fd8 sp=0x000000b6ccdfdcb0
Event: 10063.463 Thread 0x00000205cd8c9080 DEOPT UNPACKING pc=0x00000205be469ea3 sp=0x000000b6ccdfdc90 mode 2
Event: 10063.978 Thread 0x00000205cd8c9080 Uncommon trap: trap_request=0xffffffbe fr.pc=0x00000205bf66ce68 relative=0x0000000000001d28
Event: 10063.978 Thread 0x00000205cd8c9080 Uncommon trap: reason=profile_predicate action=maybe_recompile pc=0x00000205bf66ce68 method=org.eclipse.jdt.internal.core.JavaElementDeltaBuilder.insertPositions([Lorg/eclipse/jdt/core/IJavaElement;Z)V @ 115 c2
Event: 10063.978 Thread 0x00000205cd8c9080 DEOPT PACKING pc=0x00000205bf66ce68 sp=0x000000b6ccdfe740
Event: 10063.978 Thread 0x00000205cd8c9080 DEOPT UNPACKING pc=0x00000205be469ea3 sp=0x000000b6ccdfe698 mode 2
Event: 10064.443 Thread 0x00000205cd8c3050 DEOPT PACKING pc=0x00000205b9632410 sp=0x000000b6cdd1da80
Event: 10064.443 Thread 0x00000205cd8c3050 DEOPT UNPACKING pc=0x00000205be46a9e3 sp=0x000000b6cdd1cf20 mode 0
Event: 10087.314 Thread 0x00000205cd8c3050 DEOPT PACKING pc=0x00000205b9632410 sp=0x000000b6cdd1da80
Event: 10087.315 Thread 0x00000205cd8c3050 DEOPT UNPACKING pc=0x00000205be46a9e3 sp=0x000000b6cdd1cf20 mode 0

Classes unloaded (20 events):
Event: 9524.430 Thread 0x00000205b42fead0 Unloading class 0x000000010030f000 'java/lang/invoke/LambdaForm$MH+0x000000010030f000'
Event: 9524.431 Thread 0x00000205b42fead0 Unloading class 0x0000000100408000 'java/lang/invoke/LambdaForm$MH+0x0000000100408000'
Event: 9524.431 Thread 0x00000205b42fead0 Unloading class 0x0000000100540c00 'java/lang/invoke/LambdaForm$MH+0x0000000100540c00'
Event: 9524.431 Thread 0x00000205b42fead0 Unloading class 0x0000000100620800 'java/lang/invoke/LambdaForm$MH+0x0000000100620800'
Event: 9524.431 Thread 0x00000205b42fead0 Unloading class 0x0000000100621000 'java/lang/invoke/LambdaForm$MH+0x0000000100621000'
Event: 9524.431 Thread 0x00000205b42fead0 Unloading class 0x0000000100622000 'java/lang/invoke/LambdaForm$MH+0x0000000100622000'
Event: 9524.431 Thread 0x00000205b42fead0 Unloading class 0x0000000100622c00 'java/lang/invoke/LambdaForm$MH+0x0000000100622c00'
Event: 9524.432 Thread 0x00000205b42fead0 Unloading class 0x00000001006e9800 'java/lang/invoke/LambdaForm$MH+0x00000001006e9800'
Event: 9524.432 Thread 0x00000205b42fead0 Unloading class 0x0000000100728000 'java/lang/invoke/LambdaForm$MH+0x0000000100728000'
Event: 9524.432 Thread 0x00000205b42fead0 Unloading class 0x000000010074c000 'java/lang/invoke/LambdaForm$MH+0x000000010074c000'
Event: 9524.433 Thread 0x00000205b42fead0 Unloading class 0x00000001008cec00 'java/lang/invoke/LambdaForm$MH+0x00000001008cec00'
Event: 9524.433 Thread 0x00000205b42fead0 Unloading class 0x00000001008d1800 'java/lang/invoke/LambdaForm$MH+0x00000001008d1800'
Event: 9524.433 Thread 0x00000205b42fead0 Unloading class 0x00000001008d2400 'java/lang/invoke/LambdaForm$MH+0x00000001008d2400'
Event: 9524.433 Thread 0x00000205b42fead0 Unloading class 0x00000001008d4000 'java/lang/invoke/LambdaForm$MH+0x00000001008d4000'
Event: 9524.433 Thread 0x00000205b42fead0 Unloading class 0x000000010095c000 'java/lang/invoke/LambdaForm$MH+0x000000010095c000'
Event: 9524.433 Thread 0x00000205b42fead0 Unloading class 0x0000000100965800 'java/lang/invoke/LambdaForm$MH+0x0000000100965800'
Event: 9524.434 Thread 0x00000205b42fead0 Unloading class 0x00000001008e0000 'jdk/internal/reflect/GeneratedConstructorAccessor23'
Event: 9524.434 Thread 0x00000205b42fead0 Unloading class 0x0000000100281800 'java/lang/invoke/LambdaForm$MH+0x0000000100281800'
Event: 9524.434 Thread 0x00000205b42fead0 Unloading class 0x0000000100281400 'java/lang/invoke/LambdaForm$MH+0x0000000100281400'
Event: 9524.434 Thread 0x00000205b42fead0 Unloading class 0x0000000100280c00 'java/lang/invoke/LambdaForm$MH+0x0000000100280c00'

Classes redefined (0 events):
No events

Internal exceptions (20 events):
Event: 10054.151 Thread 0x00000205cd8c9080 Implicit null exception at 0x00000205bf97c2a0 to 0x00000205bf97c52c
Event: 10056.030 Thread 0x00000205cd8c9080 Implicit null exception at 0x00000205bf44dd33 to 0x00000205bf44f820
Event: 10056.328 Thread 0x00000205cd8c9080 Implicit null exception at 0x00000205bf926eb0 to 0x00000205bf926ec7
Event: 10060.124 Thread 0x00000205cd8c9080 Implicit null exception at 0x00000205bf530a76 to 0x00000205bf530f14
Event: 10060.124 Thread 0x00000205cd8c9080 Implicit null exception at 0x00000205bf3d466c to 0x00000205bf3d4910
Event: 10062.592 Thread 0x00000205cd8c9080 Implicit null exception at 0x00000205b7cf862c to 0x00000205b7cfbeb3
Event: 10062.592 Thread 0x00000205cd8c9080 Exception <a 'java/lang/NullPointerException'{0x00000000eb567340}> (0x00000000eb567340) 
thrown [s\src\hotspot\share\runtime\sharedRuntime.cpp, line 631]
Event: 10062.593 Thread 0x00000205cd8c9080 Implicit null exception at 0x00000205b7cf862c to 0x00000205b7cfbeb3
Event: 10062.593 Thread 0x00000205cd8c9080 Exception <a 'java/lang/NullPointerException'{0x00000000eb567e38}> (0x00000000eb567e38) 
thrown [s\src\hotspot\share\runtime\sharedRuntime.cpp, line 631]
Event: 10062.593 Thread 0x00000205cd8c9080 Implicit null exception at 0x00000205b7cf862c to 0x00000205b7cfbeb3
Event: 10062.593 Thread 0x00000205cd8c9080 Exception <a 'java/lang/NullPointerException'{0x00000000eb568c00}> (0x00000000eb568c00) 
thrown [s\src\hotspot\share\runtime\sharedRuntime.cpp, line 631]
Event: 10062.593 Thread 0x00000205cd8c9080 Implicit null exception at 0x00000205b7cf862c to 0x00000205b7cfbeb3
Event: 10062.593 Thread 0x00000205cd8c9080 Exception <a 'java/lang/NullPointerException'{0x00000000eb569980}> (0x00000000eb569980) 
thrown [s\src\hotspot\share\runtime\sharedRuntime.cpp, line 631]
Event: 10062.593 Thread 0x00000205cd8c9080 Implicit null exception at 0x00000205b7cf862c to 0x00000205b7cfbeb3
Event: 10062.593 Thread 0x00000205cd8c9080 Exception <a 'java/lang/NullPointerException'{0x00000000eb56a5f8}> (0x00000000eb56a5f8) 
thrown [s\src\hotspot\share\runtime\sharedRuntime.cpp, line 631]
Event: 10062.593 Thread 0x00000205cd8c9080 Implicit null exception at 0x00000205b7cf862c to 0x00000205b7cfbeb3
Event: 10062.593 Thread 0x00000205cd8c9080 Exception <a 'java/lang/NullPointerException'{0x00000000eb56b1e0}> (0x00000000eb56b1e0) 
thrown [s\src\hotspot\share\runtime\sharedRuntime.cpp, line 631]
Event: 10062.593 Thread 0x00000205cd8c9080 Implicit null exception at 0x00000205b7cf862c to 0x00000205b7cfbeb3
Event: 10062.593 Thread 0x00000205cd8c9080 Exception <a 'java/lang/NullPointerException'{0x00000000eb56bb20}> (0x00000000eb56bb20) 
thrown [s\src\hotspot\share\runtime\sharedRuntime.cpp, line 631]
Event: 10063.446 Thread 0x00000205cd8c9080 Implicit null exception at 0x00000205bebf5573 to 0x00000205bebf5770

VM Operations (20 events):
Event: 10063.319 Executing VM operation: ParallelGCFailedAllocation
Event: 10063.332 Executing VM operation: ParallelGCFailedAllocation done
Event: 10064.036 Executing VM operation: ParallelGCFailedAllocation
Event: 10064.049 Executing VM operation: ParallelGCFailedAllocation done
Event: 10064.249 Executing VM operation: ParallelGCFailedAllocation
Event: 10064.265 Executing VM operation: ParallelGCFailedAllocation done
Event: 10064.452 Executing VM operation: ParallelGCFailedAllocation
Event: 10064.466 Executing VM operation: ParallelGCFailedAllocation done
Event: 10064.497 Executing VM operation: ParallelGCFailedAllocation
Event: 10064.520 Executing VM operation: ParallelGCFailedAllocation done
Event: 10065.521 Executing VM operation: Cleanup
Event: 10065.521 Executing VM operation: Cleanup done
Event: 10086.533 Executing VM operation: Cleanup
Event: 10086.538 Executing VM operation: Cleanup done
Event: 10087.205 Executing VM operation: HandshakeAllThreads
Event: 10087.216 Executing VM operation: HandshakeAllThreads done
Event: 10087.382 Executing VM operation: ParallelGCFailedAllocation
Event: 10087.682 Executing VM operation: ParallelGCFailedAllocation done
Event: 10089.681 Executing VM operation: Cleanup
Event: 10089.753 Executing VM operation: Cleanup done

Events (20 events):
Event: 10090.510 Thread 0x00000205cd271ab0 flushing nmethod 0x00000205b9441690
Event: 10090.510 Thread 0x00000205cd271ab0 flushing nmethod 0x00000205b9447210
Event: 10090.512 Thread 0x00000205cd271ab0 flushing nmethod 0x00000205b9460390
Event: 10090.516 Thread 0x00000205cd271ab0 flushing nmethod 0x00000205b947f190
Event: 10090.528 Thread 0x00000205cd271ab0 flushing nmethod 0x00000205b9594590
Event: 10090.529 Thread 0x00000205cd271ab0 flushing nmethod 0x00000205b95a6f10
Event: 10090.530 Thread 0x00000205cd271ab0 flushing nmethod 0x00000205b95b6110
Event: 10090.534 Thread 0x00000205cd271ab0 flushing nmethod 0x00000205b95f0890
Event: 10090.537 Thread 0x00000205cd271ab0 flushing nmethod 0x00000205b9616410
Event: 10090.538 Thread 0x00000205cd271ab0 flushing nmethod 0x00000205b961da10
Event: 10090.538 Thread 0x00000205cd271ab0 flushing nmethod 0x00000205b962c890
Event: 10090.542 Thread 0x00000205cd271ab0 flushing nmethod 0x00000205b966c510
Event: 10090.542 Thread 0x00000205cd271ab0 flushing nmethod 0x00000205b966c910
Event: 10090.543 Thread 0x00000205cd271ab0 flushing nmethod 0x00000205b966ce90
Event: 10090.546 Thread 0x00000205cd271ab0 flushing nmethod 0x00000205b96ab610
Event: 10090.550 Thread 0x00000205cd271ab0 flushing nmethod 0x00000205b96f2590
Event: 10090.551 Thread 0x00000205cd271ab0 flushing nmethod 0x00000205b96f2910
Event: 10090.551 Thread 0x00000205cd271ab0 flushing nmethod 0x00000205b96f5c90
Event: 10090.552 Thread 0x00000205cd271ab0 flushing nmethod 0x00000205b9710d90
Event: 10090.553 Thread 0x00000205cd271ab0 flushing nmethod 0x00000205b9753b10


Dynamic libraries:
0x00007ff72e420000 - 0x00007ff72e42e000 	c:\Users\55119\.vscode\extensions\redhat.java-1.33.0-win32-x64\jre\17.0.11-win32-x86_64\bin\java.exe
0x00007ffad1d40000 - 0x00007ffad1f49000 	C:\Windows\SYSTEM32\ntdll.dll
0x00007ffabb030000 - 0x00007ffabb04a000 	C:\Program Files\Avast Software\Avast\aswhook.dll
0x00007ffad0760000 - 0x00007ffad081d000 	C:\Windows\System32\KERNEL32.DLL
0x00007ffacf3b0000 - 0x00007ffacf734000 	C:\Windows\System32\KERNELBASE.dll
0x00007ffacf8b0000 - 0x00007ffacf9c1000 	C:\Windows\System32\ucrtbase.dll
0x00007ffacb110000 - 0x00007ffacb127000 	c:\Users\55119\.vscode\extensions\redhat.java-1.33.0-win32-x64\jre\17.0.11-win32-x86_64\bin\jli.dll
0x00007ffad0820000 - 0x00007ffad09cd000 	C:\Windows\System32\USER32.dll
0x00007ffacf9d0000 - 0x00007ffacf9f6000 	C:\Windows\System32\win32u.dll
0x00007ffacfd20000 - 0x00007ffacfd4a000 	C:\Windows\System32\GDI32.dll
0x00007ffacf290000 - 0x00007ffacf3ae000 	C:\Windows\System32\gdi32full.dll
0x00007ffacfa70000 - 0x00007ffacfb0d000 	C:\Windows\System32\msvcp_win.dll
0x00007ffacb0f0000 - 0x00007ffacb10b000 	c:\Users\55119\.vscode\extensions\redhat.java-1.33.0-win32-x64\jre\17.0.11-win32-x86_64\bin\VCRUNTIME140.dll
0x00007ffabc140000 - 0x00007ffabc3e5000 	C:\Windows\WinSxS\amd64_microsoft.windows.common-controls_6595b64144ccf1df_6.0.22000.120_none_9d947278b86cc467\COMCTL32.dll
0x00007ffad1c30000 - 0x00007ffad1cd3000 	C:\Windows\System32\msvcrt.dll
0x00007ffacfd50000 - 0x00007ffacfd81000 	C:\Windows\System32\IMM32.DLL
0x00007ffaca900000 - 0x00007ffaca90c000 	c:\Users\55119\.vscode\extensions\redhat.java-1.33.0-win32-x64\jre\17.0.11-win32-x86_64\bin\vcruntime140_1.dll
0x00007ffab2100000 - 0x00007ffab218d000 	c:\Users\55119\.vscode\extensions\redhat.java-1.33.0-win32-x64\jre\17.0.11-win32-x86_64\bin\msvcp140.dll
0x00007ffa51470000 - 0x00007ffa520d2000 	c:\Users\55119\.vscode\extensions\redhat.java-1.33.0-win32-x64\jre\17.0.11-win32-x86_64\bin\server\jvm.dll
0x00007ffad0b80000 - 0x00007ffad0c2e000 	C:\Windows\System32\ADVAPI32.dll
0x00007ffad1460000 - 0x00007ffad14fe000 	C:\Windows\System32\sechost.dll
0x00007ffad0e90000 - 0x00007ffad0fb1000 	C:\Windows\System32\RPCRT4.dll
0x00007ffacdfb0000 - 0x00007ffacdffd000 	C:\Windows\SYSTEM32\POWRPROF.dll
0x00007ffab9910000 - 0x00007ffab9919000 	C:\Windows\SYSTEM32\WSOCK32.dll
0x00007ffad0e20000 - 0x00007ffad0e8f000 	C:\Windows\System32\WS2_32.dll
0x00007ffac5290000 - 0x00007ffac52c3000 	C:\Windows\SYSTEM32\WINMM.dll
0x00007ffac6d20000 - 0x00007ffac6d2a000 	C:\Windows\SYSTEM32\VERSION.dll
0x00007ffacdf90000 - 0x00007ffacdfa3000 	C:\Windows\SYSTEM32\UMPDC.dll
0x00007fface330000 - 0x00007fface348000 	C:\Windows\SYSTEM32\kernel.appcore.dll
0x00007ffacb020000 - 0x00007ffacb02a000 	c:\Users\55119\.vscode\extensions\redhat.java-1.33.0-win32-x64\jre\17.0.11-win32-x86_64\bin\jimage.dll
0x00007ffacc860000 - 0x00007ffacca81000 	C:\Windows\SYSTEM32\DBGHELP.DLL
0x00007ffac3480000 - 0x00007ffac34b1000 	C:\Windows\SYSTEM32\dbgcore.DLL
0x00007ffacfb10000 - 0x00007ffacfb8f000 	C:\Windows\System32\bcryptPrimitives.dll
0x00007ffacb0d0000 - 0x00007ffacb0de000 	c:\Users\55119\.vscode\extensions\redhat.java-1.33.0-win32-x64\jre\17.0.11-win32-x86_64\bin\instrument.dll
0x00007ffabbee0000 - 0x00007ffabbf05000 	c:\Users\55119\.vscode\extensions\redhat.java-1.33.0-win32-x64\jre\17.0.11-win32-x86_64\bin\java.dll
0x00007ffabbbe0000 - 0x00007ffabbbf8000 	c:\Users\55119\.vscode\extensions\redhat.java-1.33.0-win32-x64\jre\17.0.11-win32-x86_64\bin\zip.dll
0x00007ffacff90000 - 0x00007ffad0755000 	C:\Windows\System32\SHELL32.dll
0x00007ffacd2a0000 - 0x00007ffacdb02000 	C:\Windows\SYSTEM32\windows.storage.dll
0x00007ffad1030000 - 0x00007ffad13a6000 	C:\Windows\System32\combase.dll
0x00007ffacd130000 - 0x00007ffacd297000 	C:\Windows\SYSTEM32\wintypes.dll
0x00007ffacfc30000 - 0x00007ffacfd1a000 	C:\Windows\System32\SHCORE.dll
0x00007ffad0fd0000 - 0x00007ffad102d000 	C:\Windows\System32\shlwapi.dll
0x00007ffacf100000 - 0x00007ffacf125000 	C:\Windows\SYSTEM32\profapi.dll
0x00007ffabae20000 - 0x00007ffabae39000 	C:\Users\55119\.vscode\extensions\redhat.java-1.33.0-win32-x64\jre\17.0.11-win32-x86_64\bin\net.dll
0x00007ffac7ba0000 - 0x00007ffac7cb4000 	C:\Windows\SYSTEM32\WINHTTP.dll
0x00007fface7e0000 - 0x00007fface847000 	C:\Windows\system32\mswsock.dll
0x00007ffab5d10000 - 0x00007ffab5d26000 	C:\Users\55119\.vscode\extensions\redhat.java-1.33.0-win32-x64\jre\17.0.11-win32-x86_64\bin\nio.dll
0x00007ffac0700000 - 0x00007ffac0710000 	c:\Users\55119\.vscode\extensions\redhat.java-1.33.0-win32-x64\jre\17.0.11-win32-x86_64\bin\verify.dll
0x00007ffaa91e0000 - 0x00007ffaa9225000 	C:\Users\55119\AppData\Roaming\Code\User\globalStorage\redhat.java\1.33.0\config_win\org.eclipse.equinox.launcher\org.eclipse.equinox.launcher.win32.win32.x86_64_1.2.1100.v20240722-2106\eclipse_11904.dll
0x00007ffad09e0000 - 0x00007ffad0b7a000 	C:\Windows\System32\ole32.dll
0x00007ffacea20000 - 0x00007ffacea38000 	C:\Windows\SYSTEM32\CRYPTSP.dll
0x00007fface290000 - 0x00007fface2c5000 	C:\Windows\system32\rsaenh.dll
0x00007fface8d0000 - 0x00007fface8fc000 	C:\Windows\SYSTEM32\USERENV.dll
0x00007ffaceba0000 - 0x00007ffacebc7000 	C:\Windows\SYSTEM32\bcrypt.dll
0x00007ffacea40000 - 0x00007ffacea4c000 	C:\Windows\SYSTEM32\CRYPTBASE.dll
0x00007ffacde10000 - 0x00007ffacde3d000 	C:\Windows\SYSTEM32\IPHLPAPI.DLL
0x00007ffad15e0000 - 0x00007ffad15e9000 	C:\Windows\System32\NSI.dll
0x00007ffac7b30000 - 0x00007ffac7b49000 	C:\Windows\SYSTEM32\dhcpcsvc6.DLL
0x00007ffac7dc0000 - 0x00007ffac7dde000 	C:\Windows\SYSTEM32\dhcpcsvc.DLL
0x00007ffacdea0000 - 0x00007ffacdf87000 	C:\Windows\SYSTEM32\DNSAPI.dll
0x00007ffab2ec0000 - 0x00007ffab2f05000 	C:\Users\55119\AppData\Local\Temp\jna--205368346\jna18295380623039492188.dll
0x00007ffacfd90000 - 0x00007ffacfd98000 	C:\Windows\System32\PSAPI.DLL
0x00007ffacac20000 - 0x00007ffacac2e000 	C:\Users\55119\.vscode\extensions\redhat.java-1.33.0-win32-x64\jre\17.0.11-win32-x86_64\bin\sunmscapi.dll
0x00007ffacf740000 - 0x00007ffacf8a2000 	C:\Windows\System32\CRYPT32.dll
0x00007ffaceb70000 - 0x00007ffaceb98000 	C:\Windows\SYSTEM32\ncrypt.dll
0x00007ffaceb30000 - 0x00007ffaceb67000 	C:\Windows\SYSTEM32\NTASN1.dll
0x00007ffac51f0000 - 0x00007ffac51f9000 	C:\Users\55119\.vscode\extensions\redhat.java-1.33.0-win32-x64\jre\17.0.11-win32-x86_64\bin\extnet.dll
0x00007ffaca8f0000 - 0x00007ffaca8f9000 	C:\Users\55119\.vscode\extensions\redhat.java-1.33.0-win32-x64\jre\17.0.11-win32-x86_64\bin\management.dll
0x00007ffac8050000 - 0x00007ffac805b000 	C:\Users\55119\.vscode\extensions\redhat.java-1.33.0-win32-x64\jre\17.0.11-win32-x86_64\bin\management_ext.dll
0x00007ffac4ed0000 - 0x00007ffac4eda000 	C:\Windows\System32\rasadhlp.dll
0x00007ffac6d30000 - 0x00007ffac6db1000 	C:\Windows\System32\fwpuclnt.dll

dbghelp: loaded successfully - version: 4.0.5 - missing functions: none
symbol engine: initialized successfully - sym options: 0x614 - pdb path: .;c:\Users\55119\.vscode\extensions\redhat.java-1.33.0-win32-x64\jre\17.0.11-win32-x86_64\bin;C:\Windows\SYSTEM32;C:\Program Files\Avast Software\Avast;C:\Windows\WinSxS\amd64_microsoft.windows.common-controls_6595b64144ccf1df_6.0.22000.120_none_9d947278b86cc467;c:\Users\55119\.vscode\extensions\redhat.java-1.33.0-win32-x64\jre\17.0.11-win32-x86_64\bin\server;C:\Users\55119\AppData\Roaming\Code\User\globalStorage\redhat.java\1.33.0\config_win\org.eclipse.equinox.launcher\org.eclipse.equinox.launcher.win32.win32.x86_64_1.2.1100.v20240722-2106;C:\Users\55119\AppData\Local\Temp\jna--205368346

VM Arguments:
jvm_args: --add-modules=ALL-SYSTEM --add-opens=java.base/java.util=ALL-UNNAMED --add-opens=java.base/java.lang=ALL-UNNAMED --add-opens=java.base/sun.nio.fs=ALL-UNNAMED -Declipse.application=org.eclipse.jdt.ls.core.id1 -Dosgi.bundles.defaultStartLevel=4 -Declipse.product=org.eclipse.jdt.ls.core.product -Djava.import.generatesMetadataFilesAtProjectRoot=false -DDetectVMInstallationsJob.disabled=true -Dfile.encoding=utf8 -XX:+UseParallelGC -XX:GCTimeRatio=4 -XX:AdaptiveSizePolicyWeight=90 -Dsun.zip.disableMemoryMapping=true -Xmx1G -Xms100m -Xlog:disable -javaagent:c:\Users\55119\.vscode\extensions\redhat.java-1.33.0-win32-x64\lombok\lombok-1.18.33.jar -XX:+HeapDumpOnOutOfMemoryError -XX:HeapDumpPath=c:\Users\55119\AppData\Roaming\Code\User\workspaceStorage\ed399de286a856b5668f17e944be6a14\redhat.java -Daether.dependencyCollector.impl=bf 
java_command: c:\Users\55119\.vscode\extensions\redhat.java-1.33.0-win32-x64\server\plugins\org.eclipse.equinox.launcher_1.6.900.v20240613-2009.jar -configuration c:\Users\55119\AppData\Roaming\Code\User\globalStorage\redhat.java\1.33.0\config_win -data c:\Users\55119\AppData\Roaming\Code\User\workspaceStorage\ed399de286a856b5668f17e944be6a14\redhat.java\jdt_ws --pipe=\\.\pipe\lsp-6e2e1fb3087a5f4a171ad5825939ce27-sock
java_class_path (initial): c:\Users\55119\.vscode\extensions\redhat.java-1.33.0-win32-x64\server\plugins\org.eclipse.equinox.launcher_1.6.900.v20240613-2009.jar
Launcher Type: SUN_STANDARD

[Global flags]
    uintx AdaptiveSizePolicyWeight                 = 90                                        {product} {command line}
     intx CICompilerCount                          = 3                                         {product} {ergonomic}
    uintx GCTimeRatio                              = 4                                         {product} {command line}
     bool HeapDumpOnOutOfMemoryError               = true                                   {manageable} {command line}
    ccstr HeapDumpPath                             = c:\Users\55119\AppData\Roaming\Code\User\workspaceStorage\ed399de286a856b5668f17e944be6a14\redhat.java         {manageable} {command line}
   size_t InitialHeapSize                          = 104857600                                 {product} {command line}
   size_t MaxHeapSize                              = 1073741824                                {product} {command line}
   size_t MaxNewSize                               = 357564416                                 {product} {ergonomic}
   size_t MinHeapDeltaBytes                        = 524288                                    {product} {ergonomic}
   size_t MinHeapSize                              = 104857600                                 {product} {command line}
   size_t NewSize                                  = 34603008                                  {product} {ergonomic}
    uintx NonNMethodCodeHeapSize                   = 5832780                                {pd product} {ergonomic}
    uintx NonProfiledCodeHeapSize                  = 122912730                              {pd product} {ergonomic}
   size_t OldSize                                  = 70254592                                  {product} {ergonomic}
    uintx ProfiledCodeHeapSize                     = 122912730                              {pd product} {ergonomic}
    uintx ReservedCodeCacheSize                    = 251658240                              {pd product} {ergonomic}
     bool SegmentedCodeCache                       = true                                      {product} {ergonomic}
   size_t SoftMaxHeapSize                          = 1073741824                             {manageable} {ergonomic}
     bool UseCompressedClassPointers               = true                           {product lp64_product} {ergonomic}
     bool UseCompressedOops                        = true                           {product lp64_product} {ergonomic}
     bool UseLargePagesIndividualAllocation        = false                                  {pd product} {ergonomic}
     bool UseParallelGC                            = true                                      {product} {command line}

Logging:
Log output configuration:
 #0: stdout all=off uptime,level,tags
 #1: stderr all=off uptime,level,tags

Environment Variables:
PATH=C:\Program Files\Common Files\Oracle\Java\javapath;C:\ProgramData\Oracle\Java\javapath;C:\Windows\system32;C:\Windows;C:\Windows\System32\Wbem;C:\Windows\System32\WindowsPowerShell\v1.0\;C:\Windows\System32\OpenSSH\;C:\Program Files\dotnet\;C:\Program Files\Git\cmd;C:\Program Files\PuTTY\;C:\Program Files\nodejs\;C:\php-8.2.20-nts-Win32-vs16-x64\;C:\composer;C:\Users\55119\AppData\Local\Microsoft\WindowsApps;C:\Users\55119\AppData\Local\Programs\Microsoft VS Code\bin;C:\Users\55119\AppData\Local\GitHubDesktop\bin;C:\Program Files\MySQL\MySQL Server 8.0\bin;C:\mongosh-1.8.2\bin;C:\Program Files\MongoDB\Server\6.0\bin;C:\Program Files (x86)\sqlite3;C:\Users\55119\AppData\Roaming\npm;C:\php-8.2.20-nts-Win32-vs16-x64\;C:\Users\55119\AppData\Roaming\Composer\vendor\bin
USERNAME=gabriel
OS=Windows_NT
PROCESSOR_IDENTIFIER=Intel64 Family 6 Model 140 Stepping 2, GenuineIntel
TMP=C:\Users\55119\AppData\Local\Temp
TEMP=C:\Users\55119\AppData\Local\Temp



Periodic native trim disabled


---------------  S Y S T E M  ---------------

OS:
 Windows 11 , 64 bit Build 22000 (10.0.22000.2538)
OS uptime: 0 days 10:51 hours

CPU: total 4 (initial active 4) (2 cores per cpu, 2 threads per core) family 6 model 140 stepping 2 microcode 0x26, cx8, cmov, fxsr, ht, mmx, 3dnowpref, sse, sse2, sse3, ssse3, sse4.1, sse4.2, popcnt, lzcnt, tsc, tscinvbit, avx, avx2, aes, erms, clmul, bmi1, bmi2, adx, avx512f, avx512dq, avx512cd, avx512bw, avx512vl, sha, fma, vzeroupper, avx512_vpopcntdq, avx512_vpclmulqdq, avx512_vaes, avx512_vnni, clflush, clflushopt, clwb, avx512_vbmi2, avx512_vbmi
Processor Information for all 4 processors :
  Max Mhz: 2995, Current Mhz: 2995, Mhz Limit: 2995

Memory: 4k page, system-wide physical 3879M (18M free)
TotalPageFile size 15655M (AvailPageFile size 4M)
current process WorkingSet (physical memory assigned to process): 122M, peak: 441M
current process commit charge ("private bytes"): 822M, peak: 829M

vm_info: OpenJDK 64-Bit Server VM (17.0.11+9) for windows-amd64 JRE (17.0.11+9), built on Apr 17 2024 06:07:48 by "admin" with MS VC++ 16.10 / 16.11 (VS2019)

END.
