#
# There is insufficient memory for the Java Runtime Environment to continue.
# Native memory allocation (mmap) failed to map 65536 bytes. Error detail: Failed to commit metaspace.
# Possible reasons:
#   The system is out of physical RAM or swap space
#   This process is running with CompressedOops enabled, and the Java Heap may be blocking the growth of the native heap
# Possible solutions:
#   Reduce memory load on the system
#   Increase physical memory or swap space
#   Check if swap backing store is full
#   Decrease Java heap size (-Xmx/-Xms)
#   Decrease number of Java threads
#   Decrease Java thread stack sizes (-Xss)
#   Set larger code cache with -XX:ReservedCodeCacheSize=
#   JVM is running with Unscaled Compressed Oops mode in which the Java heap is
#     placed in the first 4GB address space. The Java Heap base address is the
#     maximum limit for the native heap growth. Please use -XX:HeapBaseMinAddress
#     to set the Java Heap base and to place the Java Heap above 4GB virtual address.
# This output file may be truncated or incomplete.
#
#  Out of Memory Error (virtualSpaceNode.cpp:110), pid=29524, tid=29584
#
# JRE version: OpenJDK Runtime Environment Temurin-17.0.11+9 (17.0.11+9) (build 17.0.11+9)
# Java VM: OpenJDK 64-Bit Server VM Temurin-17.0.11+9 (17.0.11+9, mixed mode, emulated-client, tiered, compressed oops, compressed class ptrs, g1 gc, windows-amd64)
# No core dump will be written. Minidumps are not enabled by default on client versions of Windows
#

---------------  S U M M A R Y ------------

Command Line: -Xmx1024m -Dsts.lsp.client=vscode -Dsts.log.file=/dev/null -XX:TieredStopAtLevel=1 -Xlog:jni+resolve=off -Dspring.config.location=file:c:\Users\55119\.vscode\extensions\vmware.vscode-spring-boot-1.56.0\language-server\BOOT-INF\classes\application.properties org.springframework.ide.vscode.boot.app.BootLanguageServerBootApp

Host: 11th Gen Intel(R) Core(TM) i3-1115G4 @ 3.00GHz, 4 cores, 3G,  Windows 11 , 64 bit Build 22000 (10.0.22000.2538)
Time: Sun Aug 18 17:54:36 2024 Hora oficial do Brasil elapsed time: 8.267812 seconds (0d 0h 0m 8s)

---------------  T H R E A D  ---------------

Current thread (0x000001db6b58e380):  JavaThread "main" [_thread_in_vm, id=29584, stack(0x0000002ebf600000,0x0000002ebf700000)]

Stack: [0x0000002ebf600000,0x0000002ebf700000]
Native frames: (J=compiled Java code, j=interpreted, Vv=VM code, C=native code)
V  [jvm.dll+0x67d429]
V  [jvm.dll+0x834b7a]
V  [jvm.dll+0x83663e]
V  [jvm.dll+0x836ca3]
V  [jvm.dll+0x247dbf]
V  [jvm.dll+0x83083b]
V  [jvm.dll+0x621d56]
V  [jvm.dll+0x1c1b3e]
V  [jvm.dll+0x6246b1]
V  [jvm.dll+0x6226f6]
V  [jvm.dll+0x36e912]
V  [jvm.dll+0x1e37cb]
V  [jvm.dll+0x542537]
V  [jvm.dll+0x7aecb8]
V  [jvm.dll+0x7aeda4]
V  [jvm.dll+0x4106a5]
V  [jvm.dll+0x416819]
C  [java.dll+0x17ec]

Java frames: (J=compiled Java code, j=interpreted, Vv=VM code)
J 837  java.lang.ClassLoader.defineClass1(Ljava/lang/ClassLoader;Ljava/lang/String;[BIILjava/security/ProtectionDomain;Ljava/lang/String;)Ljava/lang/Class; java.base@17.0.11 (0 bytes) @ 0x000001db6e46e25b [0x000001db6e46e1a0+0x00000000000000bb]
J 833 c1 java.lang.ClassLoader.defineClass(Ljava/lang/String;[BIILjava/security/ProtectionDomain;)Ljava/lang/Class; java.base@17.0.11 (43 bytes) @ 0x000001db6e47155c [0x000001db6e471460+0x00000000000000fc]
J 741 c1 jdk.internal.loader.BuiltinClassLoader.defineClass(Ljava/lang/String;Ljdk/internal/loader/Resource;)Ljava/lang/Class; java.base@17.0.11 (121 bytes) @ 0x000001db6e44e044 [0x000001db6e44dba0+0x00000000000004a4]
J 740 c1 jdk.internal.loader.BuiltinClassLoader.findClassOnClassPathOrNull(Ljava/lang/String;)Ljava/lang/Class; java.base@17.0.11 (64 bytes) @ 0x000001db6e44cfc4 [0x000001db6e44cd20+0x00000000000002a4]
J 658 c1 jdk.internal.loader.BuiltinClassLoader.loadClassOrNull(Ljava/lang/String;Z)Ljava/lang/Class; java.base@17.0.11 (143 bytes) @ 0x000001db6e424bc4 [0x000001db6e424780+0x0000000000000444]
J 722 c1 jdk.internal.loader.ClassLoaders$AppClassLoader.loadClass(Ljava/lang/String;Z)Ljava/lang/Class; java.base@17.0.11 (40 bytes) @ 0x000001db6e444524 [0x000001db6e4443e0+0x0000000000000144]
J 721 c1 java.lang.ClassLoader.loadClass(Ljava/lang/String;)Ljava/lang/Class; java.base@17.0.11 (7 bytes) @ 0x000001db6e4440e4 [0x000001db6e4440a0+0x0000000000000044]
v  ~StubRoutines::call_stub
J 837  java.lang.ClassLoader.defineClass1(Ljava/lang/ClassLoader;Ljava/lang/String;[BIILjava/security/ProtectionDomain;Ljava/lang/String;)Ljava/lang/Class; java.base@17.0.11 (0 bytes) @ 0x000001db6e46e25b [0x000001db6e46e1a0+0x00000000000000bb]
J 833 c1 java.lang.ClassLoader.defineClass(Ljava/lang/String;[BIILjava/security/ProtectionDomain;)Ljava/lang/Class; java.base@17.0.11 (43 bytes) @ 0x000001db6e47155c [0x000001db6e471460+0x00000000000000fc]
J 741 c1 jdk.internal.loader.BuiltinClassLoader.defineClass(Ljava/lang/String;Ljdk/internal/loader/Resource;)Ljava/lang/Class; java.base@17.0.11 (121 bytes) @ 0x000001db6e44e044 [0x000001db6e44dba0+0x00000000000004a4]
J 740 c1 jdk.internal.loader.BuiltinClassLoader.findClassOnClassPathOrNull(Ljava/lang/String;)Ljava/lang/Class; java.base@17.0.11 (64 bytes) @ 0x000001db6e44cfc4 [0x000001db6e44cd20+0x00000000000002a4]
J 658 c1 jdk.internal.loader.BuiltinClassLoader.loadClassOrNull(Ljava/lang/String;Z)Ljava/lang/Class; java.base@17.0.11 (143 bytes) @ 0x000001db6e424bc4 [0x000001db6e424780+0x0000000000000444]
J 722 c1 jdk.internal.loader.ClassLoaders$AppClassLoader.loadClass(Ljava/lang/String;Z)Ljava/lang/Class; java.base@17.0.11 (40 bytes) @ 0x000001db6e444524 [0x000001db6e4443e0+0x0000000000000144]
J 721 c1 java.lang.ClassLoader.loadClass(Ljava/lang/String;)Ljava/lang/Class; java.base@17.0.11 (7 bytes) @ 0x000001db6e4440e4 [0x000001db6e4440a0+0x0000000000000044]
v  ~StubRoutines::call_stub
J 837  java.lang.ClassLoader.defineClass1(Ljava/lang/ClassLoader;Ljava/lang/String;[BIILjava/security/ProtectionDomain;Ljava/lang/String;)Ljava/lang/Class; java.base@17.0.11 (0 bytes) @ 0x000001db6e46e25b [0x000001db6e46e1a0+0x00000000000000bb]
J 833 c1 java.lang.ClassLoader.defineClass(Ljava/lang/String;[BIILjava/security/ProtectionDomain;)Ljava/lang/Class; java.base@17.0.11 (43 bytes) @ 0x000001db6e47155c [0x000001db6e471460+0x00000000000000fc]
J 741 c1 jdk.internal.loader.BuiltinClassLoader.defineClass(Ljava/lang/String;Ljdk/internal/loader/Resource;)Ljava/lang/Class; java.base@17.0.11 (121 bytes) @ 0x000001db6e44e044 [0x000001db6e44dba0+0x00000000000004a4]
J 740 c1 jdk.internal.loader.BuiltinClassLoader.findClassOnClassPathOrNull(Ljava/lang/String;)Ljava/lang/Class; java.base@17.0.11 (64 bytes) @ 0x000001db6e44cfc4 [0x000001db6e44cd20+0x00000000000002a4]
J 658 c1 jdk.internal.loader.BuiltinClassLoader.loadClassOrNull(Ljava/lang/String;Z)Ljava/lang/Class; java.base@17.0.11 (143 bytes) @ 0x000001db6e424bc4 [0x000001db6e424780+0x0000000000000444]
J 722 c1 jdk.internal.loader.ClassLoaders$AppClassLoader.loadClass(Ljava/lang/String;Z)Ljava/lang/Class; java.base@17.0.11 (40 bytes) @ 0x000001db6e444524 [0x000001db6e4443e0+0x0000000000000144]
J 721 c1 java.lang.ClassLoader.loadClass(Ljava/lang/String;)Ljava/lang/Class; java.base@17.0.11 (7 bytes) @ 0x000001db6e4440e4 [0x000001db6e4440a0+0x0000000000000044]
v  ~StubRoutines::call_stub
j  org.springframework.context.support.GenericApplicationContext.<init>()V+21
j  org.springframework.context.annotation.AnnotationConfigApplicationContext.<init>()V+1
j  org.springframework.boot.DefaultApplicationContextFactory.createDefaultApplicationContext()Lorg/springframework/context/ConfigurableApplicationContext;+10
j  org.springframework.boot.DefaultApplicationContextFactory$$Lambda$305+0x000000010026f2e0.get()Ljava/lang/Object;+4
j  org.springframework.boot.DefaultApplicationContextFactory.getFromSpringFactories(Lorg/springframework/boot/WebApplicationType;Ljava/util/function/BiFunction;Ljava/util/function/Supplier;)Ljava/lang/Object;+68
j  org.springframework.boot.DefaultApplicationContextFactory.create(Lorg/springframework/boot/WebApplicationType;)Lorg/springframework/context/ConfigurableApplicationContext;+13
j  org.springframework.boot.SpringApplication.createApplicationContext()Lorg/springframework/context/ConfigurableApplicationContext;+8
j  org.springframework.boot.SpringApplication.run([Ljava/lang/String;)Lorg/springframework/context/ConfigurableApplicationContext;+76
j  org.springframework.boot.SpringApplication.run([Ljava/lang/Class;[Ljava/lang/String;)Lorg/springframework/context/ConfigurableApplicationContext;+9
j  org.springframework.boot.SpringApplication.run(Ljava/lang/Class;[Ljava/lang/String;)Lorg/springframework/context/ConfigurableApplicationContext;+9
j  org.springframework.ide.vscode.boot.app.BootLanguageServerBootApp.main([Ljava/lang/String;)V+19
v  ~StubRoutines::call_stub

Compiled method (n/a)    8336  837     n 0       java.lang.ClassLoader::defineClass1 (native)
 total in heap  [0x000001db6e46e010,0x000001db6e46e4e8] = 1240
 relocation     [0x000001db6e46e168,0x000001db6e46e1a0] = 56
 main code      [0x000001db6e46e1a0,0x000001db6e46e4e8] = 840

[Constant Pool (empty)]

[MachCode]
[Entry Point]
  # {method} {0x000001db7601de78} 'defineClass1' '(Ljava/lang/ClassLoader;Ljava/lang/String;[BIILjava/security/ProtectionDomain;Ljava/lang/String;)Ljava/lang/Class;' in 'java/lang/ClassLoader'
  # parm0:    rdx:rdx   = 'java/lang/ClassLoader'
  # parm1:    r8:r8     = 'java/lang/String'
  # parm2:    r9:r9     = '[B'
  # parm3:    rdi       = int
  # parm4:    rsi       = int
  # parm5:    rcx:rcx   = 'java/security/ProtectionDomain'
  # parm6:    [sp+0xa0]   = 'java/lang/String'  (sp of caller)
  0x000001db6e46e1a0: 448b 5208 | 49c1 e203 | 493b c20f | 8407 0000 

  0x000001db6e46e1b0: ;   {runtime_call ic_miss_stub}
  0x000001db6e46e1b0: 00e9 ca33 | e0ff 6690 
[Verified Entry Point]
  0x000001db6e46e1b8: 8984 2400 | 90ff ff55 | 488b ec48 | 81ec 9000 | 0000 4881 | 7d10 0000 | 0000 488d | 4510 480f 
  0x000001db6e46e1d8: 4445 1048 | 8944 2440 | 4889 4c24 | 7048 83f9 | 0048 8d44 | 2470 480f | 4444 2470 | 4889 4424 
  0x000001db6e46e1f8: 3848 8974 | 2430 4889 | 7c24 284c | 894c 2458 | 4983 f900 | 488d 4424 | 5848 0f44 | 4424 5848 
  0x000001db6e46e218: 8944 2420 | 4c89 4424 | 5049 83f8 | 004c 8d4c | 2450 4c0f | 444c 2450 | 4889 5424 | 4848 83fa 
  0x000001db6e46e238: 004c 8d44 | 2448 4c0f | 4444 2448 

  0x000001db6e46e244: ;   {oop(a 'java/lang/Class'{0x00000000c091ac38} = 'java/lang/ClassLoader')}
  0x000001db6e46e244: 49be 38ac | 91c0 0000 | 0000 4c89 | 7424 784c | 8d74 2478 | 498b d6c5 

  0x000001db6e46e25c: ;   {internal_word}
  0x000001db6e46e25c: f877 49ba | 5be2 466e | db01 0000 | 4d89 97a0 | 0200 0049 | 89a7 9802 

  0x000001db6e46e274: ;   {external_word}
  0x000001db6e46e274: 0000 49ba | 5835 63f8 | fc7f 0000 | 4180 3a00 | 0f84 5200 | 0000 5241 

  0x000001db6e46e28c: ;   {metadata({method} {0x000001db7601de78} 'defineClass1' '(Ljava/lang/ClassLoader;Ljava/lang/String;[BIILjava/security/ProtectionDomain;Ljava/lang/String;)Ljava/lang/Class;' in 'java/lang/ClassLoader')}
  0x000001db6e46e28c: 5041 5148 | ba70 de01 | 76db 0100 | 0049 8bcf | 4883 ec20 | f7c4 0f00 | 0000 0f84 | 1a00 0000 
  0x000001db6e46e2ac: 4883 ec08 

  0x000001db6e46e2b0: ;   {runtime_call}
  0x000001db6e46e2b0: 49ba 6031 | 19f8 fc7f | 0000 41ff | d248 83c4 | 08e9 0d00 

  0x000001db6e46e2c4: ;   {runtime_call}
  0x000001db6e46e2c4: 0000 49ba | 6031 19f8 | fc7f 0000 | 41ff d248 | 83c4 2041 | 5941 585a | 498d 8fb8 | 0200 0041 
  0x000001db6e46e2e4: c787 4803 | 0000 0400 

  0x000001db6e46e2ec: ;   {runtime_call}
  0x000001db6e46e2ec: 0000 49ba | ac16 5580 | fd7f 0000 | 41ff d2c5 | f877 41c7 | 8748 0300 | 0005 0000 | 00f0 8344 
  0x000001db6e46e30c: 24c0 0049 | 3baf 5003 | 0000 0f87 | 1100 0000 | 4181 bf38 | 0300 0000 | 0000 000f | 842c 0000 
  0x000001db6e46e32c: 00c5 f877 | 4889 45f8 | 498b cf4c | 8be4 4883 | ec20 4883 

  0x000001db6e46e340: ;   {runtime_call}
  0x000001db6e46e340: e4f0 49ba | c045 29f8 | fc7f 0000 | 41ff d249 | 8be4 4d33 | e448 8b45 | f841 c787 | 4803 0000 
  0x000001db6e46e360: 0800 0000 | 4181 bfb8 | 0300 0002 | 0000 000f | 843f 0100 

  0x000001db6e46e374: ;   {external_word}
  0x000001db6e46e374: 0049 ba58 | 3563 f8fc | 7f00 0041 | 803a 000f | 8450 0000 | 0048 8945 

  0x000001db6e46e38c: ;   {metadata({method} {0x000001db7601de78} 'defineClass1' '(Ljava/lang/ClassLoader;Ljava/lang/String;[BIILjava/security/ProtectionDomain;Ljava/lang/String;)Ljava/lang/Class;' in 'java/lang/ClassLoader')}
  0x000001db6e46e38c: f848 ba70 | de01 76db | 0100 0049 | 8bcf 4883 | ec20 f7c4 | 0f00 0000 | 0f84 1a00 | 0000 4883 
  0x000001db6e46e3ac: ;   {runtime_call}
  0x000001db6e46e3ac: ec08 49ba | 6031 19f8 | fc7f 0000 | 41ff d248 | 83c4 08e9 | 0d00 0000 

  0x000001db6e46e3c4: ;   {runtime_call}
  0x000001db6e46e3c4: 49ba 6031 | 19f8 fc7f | 0000 41ff | d248 83c4 | 2048 8b45 | f849 c787 | 9802 0000 | 0000 0000 
  0x000001db6e46e3e4: 49c7 87a0 | 0200 0000 | 0000 00c5 | f877 4885 | c00f 8493 | 0000 0048 | f7c0 0100 | 0000 0f84 
  0x000001db6e46e404: 8300 0000 | 488b 40ff | 4180 7f38 | 000f 846f | 0000 0048 | 83f8 000f | 8465 0000 | 0049 8b4f 
  0x000001db6e46e424: 2048 83f9 | 000f 8414 | 0000 0048 | 83e9 0849 | 894f 2049 | 034f 3048 | 8901 e943 | 0000 0050 
  0x000001db6e46e444: 498b d748 | 8bc8 4883 | ec20 f7c4 | 0f00 0000 | 0f84 1a00 | 0000 4883 

  0x000001db6e46e45c: ;   {runtime_call}
  0x000001db6e46e45c: ec08 49ba | 604d d8f7 | fc7f 0000 | 41ff d248 | 83c4 08e9 | 0d00 0000 

  0x000001db6e46e474: ;   {runtime_call}
  0x000001db6e46e474: 49ba 604d | d8f7 fc7f | 0000 41ff | d248 83c4 | 2058 e903 | 0000 0048 | 8b00 498b | 8fd8 0000 
  0x000001db6e46e494: 00c7 8100 | 0100 0000 | 0000 00c9 | 4981 7f08 | 0000 0000 | 0f85 0100 

  0x000001db6e46e4ac: ;   {runtime_call StubRoutines (1)}
  0x000001db6e46e4ac: 0000 c3e9 | 4c2a dbff | c5f8 7748 | 8945 f84c | 8be4 4883 | ec20 4883 

  0x000001db6e46e4c4: ;   {runtime_call}
  0x000001db6e46e4c4: e4f0 49ba | e061 19f8 | fc7f 0000 | 41ff d249 | 8be4 4d33 | e448 8b45 | f8e9 93fe | ffff f4f4 
  0x000001db6e46e4e4: f4f4 f4f4 
[/MachCode]


Compiled method (c1)    8347  833       1       java.lang.ClassLoader::defineClass (43 bytes)
 total in heap  [0x000001db6e471290,0x000001db6e471830] = 1440
 relocation     [0x000001db6e4713e8,0x000001db6e471448] = 96
 main code      [0x000001db6e471460,0x000001db6e471600] = 416
 stub code      [0x000001db6e471600,0x000001db6e471678] = 120
 metadata       [0x000001db6e471678,0x000001db6e4716a8] = 48
 scopes data    [0x000001db6e4716a8,0x000001db6e471760] = 184
 scopes pcs     [0x000001db6e471760,0x000001db6e471800] = 160
 dependencies   [0x000001db6e471800,0x000001db6e471808] = 8
 nul chk table  [0x000001db6e471808,0x000001db6e471830] = 40

[Constant Pool (empty)]

[MachCode]
[Entry Point]
  # {method} {0x000001db7601dce8} 'defineClass' '(Ljava/lang/String;[BIILjava/security/ProtectionDomain;)Ljava/lang/Class;' in 'java/lang/ClassLoader'
  # this:     rdx:rdx   = 'java/lang/ClassLoader'
  # parm0:    r8:r8     = 'java/lang/String'
  # parm1:    r9:r9     = '[B'
  # parm2:    rdi       = int
  # parm3:    rsi       = int
  # parm4:    rcx:rcx   = 'java/security/ProtectionDomain'
  #           [sp+0xc0]  (sp of caller)
  0x000001db6e471460: 448b 5208 | 49c1 e203 

  0x000001db6e471468: ;   {runtime_call ic_miss_stub}
  0x000001db6e471468: 4c3b d00f | 850f 01e0 | ff66 6666 | 0f1f 8400 | 0000 0000 | 6666 6690 
[Verified Entry Point]
  0x000001db6e471480: 8984 2400 | 90ff ff55 | 4881 ecb0 | 0000 0048 | 8954 2478 | 89b4 2494 | 0000 0089 | bc24 9000 
  0x000001db6e4714a0: 0000 4c89 | 8c24 8800 | 0000 498b | d84c 8bc3 | 4c8b c948 | 8bca 488b | d148 899c | 2480 0000 
  0x000001db6e4714c0: 0066 0f1f 

  0x000001db6e4714c4: ;   {optimized virtual_call}
  0x000001db6e4714c4: 4400 00e8 

  0x000001db6e4714c8: ; ImmutableOopMap {[120]=Oop [136]=Oop [128]=Oop }
                      ;*invokevirtual preDefineClass {reexecute=0 rethrow=0 return_oop=0}
                      ; - java.lang.ClassLoader::defineClass@4
  0x000001db6e4714c8: 7406 0000 | 4889 8424 | 9800 0000 

  0x000001db6e4714d4: ; implicit exception: dispatches to 0x000001db6e47159a
  0x000001db6e4714d4: 448b 4010 | 4983 f800 | 0f85 0f00 

  0x000001db6e4714e0: ;   {oop(NULL)}
  0x000001db6e4714e0: 0000 48bb | 0000 0000 | 0000 0000 | e936 0000 | 0045 8b40 | 0c49 83f8 | 000f 850f 

  0x000001db6e4714fc: ;   {oop(NULL)}
  0x000001db6e4714fc: 0000 0048 | bb00 0000 | 0000 0000 | 00e9 1900 | 0000 418b | 5038 483b 

  0x000001db6e471514: ;   {optimized virtual_call}
  0x000001db6e471514: 0266 90e8 

  0x000001db6e471518: ; ImmutableOopMap {[120]=Oop [136]=Oop [128]=Oop [152]=Oop }
                      ;*invokevirtual toExternalForm {reexecute=0 rethrow=0 return_oop=0}
                      ; - java.net.URL::toExternalForm@5
                      ; - java.net.URL::toString@1
                      ; - java.lang.ClassLoader::defineClassSourceLocation@22
                      ; - java.lang.ClassLoader::defineClass@12
  0x000001db6e471518: 04e8 f6ff | 488b d848 | 8b84 2498 | 0000 008b | b424 9400 | 0000 8bbc | 2490 0000 | 004c 8b8c 
  0x000001db6e471538: 2488 0000 | 004c 8b84 | 2480 0000 | 0048 8b54 | 2478 4c8b | da49 8bd3 | 488b c848 

  0x000001db6e471554: ;   {static_call}
  0x000001db6e471554: 891c 24e8 

  0x000001db6e471558: ; ImmutableOopMap {[152]=Oop [120]=Oop }
                      ;*invokestatic defineClass1 {reexecute=0 rethrow=0 return_oop=0}
                      ; - java.lang.ClassLoader::defineClass@27
  0x000001db6e471558: 5ccc ffff | 4c8b c04c | 8b8c 2498 | 0000 0048 | 8b54 2478 | 4889 8424 | a000 0000 

  0x000001db6e471574: ;   {optimized virtual_call}
  0x000001db6e471574: 6666 90e8 

  0x000001db6e471578: ; ImmutableOopMap {[160]=Oop }
                      ;*invokevirtual postDefineClass {reexecute=0 rethrow=0 return_oop=0}
                      ; - java.lang.ClassLoader::defineClass@37
  0x000001db6e471578: 042f 0000 | 488b 8424 | a000 0000 | 4881 c4b0 | 0000 005d 

  0x000001db6e47158c: ;   {poll_return}
  0x000001db6e47158c: 493b a750 | 0300 000f | 8715 0000 

  0x000001db6e471598: ;   {runtime_call throw_null_pointer_exception Runtime1 stub}
  0x000001db6e471598: 00c3 e881 

  0x000001db6e47159c: ; ImmutableOopMap {[120]=Oop [136]=Oop [128]=Oop rax=Oop [152]=Oop }
                      ;*invokevirtual getCodeSource {reexecute=0 rethrow=0 return_oop=0}
                      ; - java.lang.ClassLoader::defineClassSourceLocation@1
                      ; - java.lang.ClassLoader::defineClass@12
                      ;   {runtime_call throw_null_pointer_exception Runtime1 stub}
  0x000001db6e47159c: 29ea ffe8 

  0x000001db6e4715a0: ; ImmutableOopMap {[120]=Oop [136]=Oop [128]=Oop rax=Oop [152]=Oop }
                      ;*invokevirtual getLocation {reexecute=0 rethrow=0 return_oop=0}
                      ; - java.lang.ClassLoader::defineClassSourceLocation@12
                      ; - java.lang.ClassLoader::defineClass@12
  0x000001db6e4715a0: 7c29 eaff 

  0x000001db6e4715a4: ;   {runtime_call throw_null_pointer_exception Runtime1 stub}
  0x000001db6e4715a4: e877 29ea 

  0x000001db6e4715a8: ; ImmutableOopMap {[120]=Oop [136]=Oop [128]=Oop [152]=Oop r8=Oop }
                      ;*invokevirtual toString {reexecute=0 rethrow=0 return_oop=0}
                      ; - java.lang.ClassLoader::defineClassSourceLocation@22
                      ; - java.lang.ClassLoader::defineClass@12
                      ;   {runtime_call throw_null_pointer_exception Runtime1 stub}
  0x000001db6e4715a8: ffe8 7229 

  0x000001db6e4715ac: ; ImmutableOopMap {[120]=Oop [136]=Oop [128]=Oop [152]=Oop r8=Oop rdx=Oop }
                      ;*invokevirtual toExternalForm {reexecute=0 rethrow=0 return_oop=0}
                      ; - java.net.URL::toExternalForm@5
                      ; - java.net.URL::toString@1
                      ; - java.lang.ClassLoader::defineClassSourceLocation@22
                      ; - java.lang.ClassLoader::defineClass@12
                      ;   {internal_word}
  0x000001db6e4715ac: eaff 49ba | 8c15 476e | db01 0000 | 4d89 9768 

  0x000001db6e4715bc: ;   {runtime_call SafepointBlob}
  0x000001db6e4715bc: 0300 00e9 | bc79 e0ff | 9090 498b | 87e0 0300 | 0049 c787 | e003 0000 | 0000 0000 | 49c7 87e8 
  0x000001db6e4715dc: 0300 0000 | 0000 0048 | 81c4 b000 

  0x000001db6e4715e8: ;   {runtime_call unwind_exception Runtime1 stub}
  0x000001db6e4715e8: 0000 5de9 | 101a eaff | f4f4 f4f4 | f4f4 f4f4 | f4f4 f4f4 | f4f4 f4f4 
[Stub Code]
  0x000001db6e471600: ;   {no_reloc}
  0x000001db6e471600: 0f1f 4400 

  0x000001db6e471604: ;   {static_stub}
  0x000001db6e471604: 0048 bb00 | 0000 0000 

  0x000001db6e47160c: ;   {runtime_call}
  0x000001db6e47160c: 0000 00e9 | fbff ffff 

  0x000001db6e471614: ;   {static_stub}
  0x000001db6e471614: 9048 bb00 | 0000 0000 

  0x000001db6e47161c: ;   {runtime_call}
  0x000001db6e47161c: 0000 00e9 | fbff ffff 

  0x000001db6e471624: ;   {static_stub}
  0x000001db6e471624: 9048 bb00 | 0000 0000 

  0x000001db6e47162c: ;   {runtime_call}
  0x000001db6e47162c: 0000 00e9 | fbff ffff 

  0x000001db6e471634: ;   {static_stub}
  0x000001db6e471634: 9048 bb20 | dc01 76db 

  0x000001db6e47163c: ;   {runtime_call I2C/C2I adapters}
  0x000001db6e47163c: 0100 00e9 | 1488 e0ff 
[Exception Handler]
  0x000001db6e471644: ;   {runtime_call handle_exception_from_callee Runtime1 stub}
  0x000001db6e471644: e8b7 4eea 

  0x000001db6e471648: ;   {external_word}
  0x000001db6e471648: ff48 b930 | 9a3d f8fc | 7f00 0048 

  0x000001db6e471654: ;   {runtime_call}
  0x000001db6e471654: 83e4 f049 | ba40 2b06 | f8fc 7f00 | 0041 ffd2 

  0x000001db6e471664: ;   {section_word}
  0x000001db6e471664: f449 ba65 | 1647 6edb | 0100 0041 

  0x000001db6e471670: ;   {runtime_call DeoptimizationBlob}
  0x000001db6e471670: 52e9 aa8d | e0ff f4f4 
[/MachCode]


Compiled method (c1)    8356  741       1       jdk.internal.loader.BuiltinClassLoader::defineClass (121 bytes)
 total in heap  [0x000001db6e44d910,0x000001db6e44e768] = 3672
 relocation     [0x000001db6e44da68,0x000001db6e44db98] = 304
 main code      [0x000001db6e44dba0,0x000001db6e44e1a0] = 1536
 stub code      [0x000001db6e44e1a0,0x000001db6e44e2e8] = 328
 metadata       [0x000001db6e44e2e8,0x000001db6e44e330] = 72
 scopes data    [0x000001db6e44e330,0x000001db6e44e588] = 600
 scopes pcs     [0x000001db6e44e588,0x000001db6e44e728] = 416
 dependencies   [0x000001db6e44e728,0x000001db6e44e730] = 8
 handler table  [0x000001db6e44e730,0x000001db6e44e748] = 24
 nul chk table  [0x000001db6e44e748,0x000001db6e44e768] = 32

[Constant Pool (empty)]

[MachCode]
[Entry Point]
  # {method} {0x000001db760c0980} 'defineClass' '(Ljava/lang/String;Ljdk/internal/loader/Resource;)Ljava/lang/Class;' in 'jdk/internal/loader/BuiltinClassLoader'
  # this:     rdx:rdx   = 'jdk/internal/loader/BuiltinClassLoader'
  # parm0:    r8:r8     = 'java/lang/String'
  # parm1:    r9:r9     = 'jdk/internal/loader/Resource'
  #           [sp+0x110]  (sp of caller)
  0x000001db6e44dba0: 448b 5208 | 49c1 e203 

  0x000001db6e44dba8: ;   {runtime_call ic_miss_stub}
  0x000001db6e44dba8: 4c3b d00f | 85cf 39e2 | ff66 6666 | 0f1f 8400 | 0000 0000 | 6666 6690 
[Verified Entry Point]
  0x000001db6e44dbc0: 8984 2400 | 90ff ff55 | 4881 ec00 | 0100 0048 | 8994 24a0 | 0000 004c | 8984 2490 | 0000 004c 
  0x000001db6e44dbe0: 898c 2498 | 0000 0049 | 8bd1 6666 | 9048 b890 | 2001 0001 

  0x000001db6e44dbf4: ;   {virtual_call}
  0x000001db6e44dbf4: 0000 00e8 

  0x000001db6e44dbf8: ; ImmutableOopMap {[152]=Oop [160]=Oop [144]=Oop }
                      ;*invokevirtual getCodeSourceURL {reexecute=0 rethrow=0 return_oop=0}
                      ; - jdk.internal.loader.BuiltinClassLoader::defineClass@1
  0x000001db6e44dbf8: a4a7 0000 | 4889 8424 | a800 0000 | 4c8b 8424 | 9000 0000 

  0x000001db6e44dc0c: ; implicit exception: dispatches to 0x000001db6e44e0a3
  0x000001db6e44dc0c: 418b 7014 

  0x000001db6e44dc10: ; implicit exception: dispatches to 0x000001db6e44e0a8
  0x000001db6e44dc10: 8b56 0c45 | 0fbe 4810 | 498b c9c1 | e118 c1f9 | 18d3 fa48 | 8bfa ffcf | 4183 f900 | ba00 0000 
  0x000001db6e44dc30: 000f 8505 | 0000 00ba | 0100 0000 | 83e2 0183 | fa00 488b | d641 b82e | 0000 004c | 8bcf 0f84 
  0x000001db6e44dc50: 0d00 0000 

  0x000001db6e44dc54: ;   {static_call}
  0x000001db6e44dc54: 6666 90e8 

  0x000001db6e44dc58: ; ImmutableOopMap {[152]=Oop [160]=Oop [168]=Oop [144]=Oop }
                      ;*invokestatic lastIndexOf {reexecute=0 rethrow=0 return_oop=0}
                      ; - java.lang.String::lastIndexOf@13
                      ; - java.lang.String::lastIndexOf@8
                      ; - jdk.internal.loader.BuiltinClassLoader::defineClass@8
  0x000001db6e44dc58: 44aa edff | e90b 0000 | 0066 0f1f 

  0x000001db6e44dc64: ;   {static_call}
  0x000001db6e44dc64: 4400 00e8 

  0x000001db6e44dc68: ; ImmutableOopMap {[152]=Oop [160]=Oop [168]=Oop [144]=Oop }
                      ;*invokestatic lastIndexOf {reexecute=0 rethrow=0 return_oop=0}
                      ; - java.lang.String::lastIndexOf@25
                      ; - java.lang.String::lastIndexOf@8
                      ; - jdk.internal.loader.BuiltinClassLoader::defineClass@8
  0x000001db6e44dc68: 9449 e2ff | 83f8 ff0f | 8467 0000 | 0041 b800 | 0000 004c | 8bc8 488b | 9424 9000 

  0x000001db6e44dc84: ;   {optimized virtual_call}
  0x000001db6e44dc84: 0000 90e8 

  0x000001db6e44dc88: ; ImmutableOopMap {[152]=Oop [160]=Oop [168]=Oop [144]=Oop }
                      ;*invokevirtual substring {reexecute=0 rethrow=0 return_oop=0}
                      ; - jdk.internal.loader.BuiltinClassLoader::defineClass@23
  0x000001db6e44dc88: f464 f0ff | 488b 9424 | 9800 0000 | 4889 8424 | b000 0000 | 9048 b890 | 2001 0001 

  0x000001db6e44dca4: ;   {virtual_call}
  0x000001db6e44dca4: 0000 00e8 

  0x000001db6e44dca8: ; ImmutableOopMap {[152]=Oop [160]=Oop [168]=Oop [144]=Oop [176]=Oop }
                      ;*invokevirtual getManifest {reexecute=0 rethrow=0 return_oop=0}
                      ; - jdk.internal.loader.BuiltinClassLoader::defineClass@29
  0x000001db6e44dca8: 54aa 0000 | 4c8b 8424 | b000 0000 | 4c8b c848 | 8bbc 24a8 | 0000 0048 | 8b94 24a0 | 0000 0066 
  0x000001db6e44dcc8: 0f1f 4400 | 0048 b8f0 | 1405 0001 

  0x000001db6e44dcd4: ;   {virtual_call}
  0x000001db6e44dcd4: 0000 00e8 

  0x000001db6e44dcd8: ; ImmutableOopMap {[152]=Oop [160]=Oop [168]=Oop [144]=Oop }
                      ;*invokevirtual defineOrCheckPackage {reexecute=0 rethrow=0 return_oop=0}
                      ; - jdk.internal.loader.BuiltinClassLoader::defineClass@40
  0x000001db6e44dcd8: 440c 0000 | 4c8b 8c24 | 9800 0000 | 488d 9424 | e000 0000 | 4c89 4a08 | 498b 0148 | 83c8 0148 
  0x000001db6e44dcf8: 8902 f049 | 0fb1 110f | 8413 0000 | 0048 2bc4 | 4881 e007 | f0ff ff48 | 8902 0f85 | 9503 0000 
  0x000001db6e44dd18: 418b 510c | 4883 fa00 | 0f85 4700 | 0000 498b | d10f 1f40 | 0048 b890 | 2001 0001 

  0x000001db6e44dd34: ;   {virtual_call}
  0x000001db6e44dd34: 0000 00e8 

  0x000001db6e44dd38: ; ImmutableOopMap {[160]=Oop [168]=Oop [144]=Oop [152]=Oop [232]=Oop }
                      ;*invokevirtual getInputStream {reexecute=0 rethrow=0 return_oop=0}
                      ; - jdk.internal.loader.Resource::cachedInputStream@9
                      ; - jdk.internal.loader.Resource::getByteBuffer@1
                      ; - jdk.internal.loader.BuiltinClassLoader::defineClass@45
  0x000001db6e44dd38: 6478 0200 | 410f be57 | 3883 fa00 | 4c8b 8c24 | 9800 0000 | 0f85 6e03 | 0000 4c8b | d045 8951 
  0x000001db6e44dd58: 0c49 8bd1 | 4833 d048 | c1ea 1448 | 83fa 000f | 856f 0300 | 0041 8b51 | 0c48 8d84 | 24e0 0000 
  0x000001db6e44dd78: 0048 8b30 | 4885 f60f | 840f 0000 | 0048 8b78 | 08f0 480f | b137 0f85 | 6003 0000 | 4883 fa00 
  0x000001db6e44dd98: 0f84 3b00 

  0x000001db6e44dd9c: ;   {metadata('sun/nio/ByteBuffered')}
  0x000001db6e44dd9c: 0000 48b8 | 40a6 0200 | 0100 0000 | 8b5a 0848 | c1e3 0348 | 3b43 200f | 8425 0000 | 0048 3bd8 
  0x000001db6e44ddbc: 0f84 1c00 | 0000 5350 

  0x000001db6e44ddc4: ;   {runtime_call slow_subtype_check Runtime1 stub}
  0x000001db6e44ddc4: e837 93ec | ff5b 5b83 | fb00 0f84 | 0500 0000 | e905 0000 | 0048 33f6 | eb0a 48be | 0100 0000 
  0x000001db6e44dde4: 0000 0000 | 83fe 000f | 8460 0000 | 0048 83fa | 000f 843b 

  0x000001db6e44ddf8: ;   {metadata('sun/nio/ByteBuffered')}
  0x000001db6e44ddf8: 0000 0048 | bb40 a602 | 0001 0000 | 008b 7a08 | 48c1 e703 | 483b 5f20 | 0f84 2000 | 0000 483b 
  0x000001db6e44de18: fb0f 8417 | 0000 0057 

  0x000001db6e44de20: ;   {runtime_call slow_subtype_check Runtime1 stub}
  0x000001db6e44de20: 53e8 da92 | ecff 5f5f | 83ff 000f | 84d9 0200 | 00e9 0000 | 0000 0f1f | 8000 0000 | 0048 b8ff 
  0x000001db6e44de40: ffff ffff 

  0x000001db6e44de44: ;   {virtual_call}
  0x000001db6e44de44: ffff ffe8 

  0x000001db6e44de48: ; ImmutableOopMap {[160]=Oop [168]=Oop [144]=Oop [152]=Oop }
                      ;*invokeinterface getByteBuffer {reexecute=0 rethrow=0 return_oop=0}
                      ; - jdk.internal.loader.Resource::getByteBuffer@16
                      ; - jdk.internal.loader.BuiltinClassLoader::defineClass@45
  0x000001db6e44de48: 3442 e2ff | e90a 0000 

  0x000001db6e44de50: ;   {oop(NULL)}
  0x000001db6e44de50: 0048 b800 | 0000 0000 | 0000 0048 | 83f8 000f | 84dd 0000 | 0048 8984 | 24b8 0000 | 0048 8b94 
  0x000001db6e44de70: 2498 0000 | 0048 b8ff | ffff ffff 

  0x000001db6e44de7c: ;   {virtual_call}
  0x000001db6e44de7c: ffff ffe8 

  0x000001db6e44de80: ; ImmutableOopMap {[160]=Oop [168]=Oop [144]=Oop [184]=Oop }
                      ;*invokevirtual getCodeSigners {reexecute=0 rethrow=0 return_oop=0}
                      ; - jdk.internal.loader.BuiltinClassLoader::defineClass@56
  0x000001db6e44de80: fc41 e2ff 

  0x000001db6e44de84: ;   {metadata('java/security/CodeSource')}
  0x000001db6e44de84: 4c8b c848 | ba68 1b05 | 0001 0000 | 0049 8b87 | 0801 0000 | 488d 7828 | 493b bf18 | 0100 000f 
  0x000001db6e44dea4: 876a 0200 | 0049 89bf | 0801 0000 | 48c7 0001 | 0000 0048 | 8bca 48c1 | e903 8948 | 0848 33c9 
  0x000001db6e44dec4: 8948 0c48 | 33c9 4889 | 4810 4889 | 4818 4889 | 4820 4c8b | 8424 a800 | 0000 488b | d048 8984 
  0x000001db6e44dee4: 24c0 0000 | 0066 0f1f 

  0x000001db6e44deec: ;   {optimized virtual_call}
  0x000001db6e44deec: 4400 00e8 

  0x000001db6e44def0: ; ImmutableOopMap {[160]=Oop [144]=Oop [184]=Oop [192]=Oop }
                      ;*invokespecial <init> {reexecute=0 rethrow=0 return_oop=0}
                      ; - jdk.internal.loader.BuiltinClassLoader::defineClass@68
  0x000001db6e44def0: 0c3c e2ff | 4c8b 8424 | c000 0000 | 488b 9424 | a000 0000 

  0x000001db6e44df04: ;   {optimized virtual_call}
  0x000001db6e44df04: 6666 90e8 

  0x000001db6e44df08: ; ImmutableOopMap {[160]=Oop [144]=Oop [184]=Oop }
                      ;*invokevirtual getProtectionDomain {reexecute=0 rethrow=0 return_oop=0}
                      ; - java.security.SecureClassLoader::defineClass@5
                      ; - jdk.internal.loader.BuiltinClassLoader::defineClass@79
  0x000001db6e44df08: f43b e2ff | 4c8b 8424 | 9000 0000 | 4c8b 8c24 | b800 0000 | 488b f848 | 8b94 24a0 

  0x000001db6e44df24: ;   {optimized virtual_call}
  0x000001db6e44df24: 0000 00e8 

  0x000001db6e44df28: ; ImmutableOopMap {}
                      ;*invokevirtual defineClass {reexecute=0 rethrow=0 return_oop=0}
                      ; - java.security.SecureClassLoader::defineClass@8
                      ; - jdk.internal.loader.BuiltinClassLoader::defineClass@79
  0x000001db6e44df28: d43b e2ff | 4881 c400 | 0100 005d 

  0x000001db6e44df34: ;   {poll_return}
  0x000001db6e44df34: 493b a750 | 0300 000f | 87df 0100 | 00c3 4c8b | 8c24 9800 | 0000 498b | d148 b890 | 2001 0001 
  0x000001db6e44df54: ;   {virtual_call}
  0x000001db6e44df54: 0000 00e8 

  0x000001db6e44df58: ; ImmutableOopMap {[160]=Oop [144]=Oop [152]=Oop [168]=Oop }
                      ;*invokevirtual getBytes {reexecute=0 rethrow=0 return_oop=0}
                      ; - jdk.internal.loader.BuiltinClassLoader::defineClass@84
  0x000001db6e44df58: 047a 0200 | 4889 8424 | c800 0000 | 488b 9424 | 9800 0000 | 9048 b890 | 2001 0001 

  0x000001db6e44df74: ;   {virtual_call}
  0x000001db6e44df74: 0000 00e8 

  0x000001db6e44df78: ; ImmutableOopMap {[160]=Oop [144]=Oop [168]=Oop [200]=Oop }
                      ;*invokevirtual getCodeSigners {reexecute=0 rethrow=0 return_oop=0}
                      ; - jdk.internal.loader.BuiltinClassLoader::defineClass@90
  0x000001db6e44df78: 249b 0200 

  0x000001db6e44df7c: ;   {metadata('java/security/CodeSource')}
  0x000001db6e44df7c: 4c8b c848 | ba68 1b05 | 0001 0000 | 0049 8b87 | 0801 0000 | 488d 7828 | 493b bf18 | 0100 000f 
  0x000001db6e44df9c: 8795 0100 | 0049 89bf | 0801 0000 | 48c7 0001 | 0000 0048 | 8bca 48c1 | e903 8948 | 0848 33c9 
  0x000001db6e44dfbc: 8948 0c48 | 33c9 4889 | 4810 4889 | 4818 4889 | 4820 4c8b | 8424 a800 | 0000 488b | d048 8984 
  0x000001db6e44dfdc: 24d0 0000 | 0066 0f1f 

  0x000001db6e44dfe4: ;   {optimized virtual_call}
  0x000001db6e44dfe4: 4400 00e8 

  0x000001db6e44dfe8: ; ImmutableOopMap {[160]=Oop [144]=Oop [200]=Oop [208]=Oop }
                      ;*invokespecial <init> {reexecute=0 rethrow=0 return_oop=0}
                      ; - jdk.internal.loader.BuiltinClassLoader::defineClass@102
  0x000001db6e44dfe8: f42b 0000 | 488b 8424 | c800 0000 

  0x000001db6e44dff4: ; implicit exception: dispatches to 0x000001db6e44e143
  0x000001db6e44dff4: 8b70 0c4c | 8b84 24d0 | 0000 0048 | 8b94 24a0 | 0000 0089 | b424 d800 

  0x000001db6e44e00c: ;   {optimized virtual_call}
  0x000001db6e44e00c: 0000 90e8 

  0x000001db6e44e010: ; ImmutableOopMap {[160]=Oop [144]=Oop [200]=Oop }
                      ;*invokevirtual getProtectionDomain {reexecute=0 rethrow=0 return_oop=0}
                      ; - java.security.SecureClassLoader::defineClass@9
                      ; - jdk.internal.loader.BuiltinClassLoader::defineClass@117
  0x000001db6e44e010: cc23 0200 | 4c8b 8424 | 9000 0000 | 4c8b 8c24 | c800 0000 | bf00 0000 | 008b b424 | d800 0000 
  0x000001db6e44e030: 488b c848 | 8b94 24a0 | 0000 000f 

  0x000001db6e44e03c: ;   {optimized virtual_call}
  0x000001db6e44e03c: 1f40 00e8 

  0x000001db6e44e040: ; ImmutableOopMap {}
                      ;*invokevirtual defineClass {reexecute=0 rethrow=0 return_oop=0}
                      ; - java.security.SecureClassLoader::defineClass@12
                      ; - jdk.internal.loader.BuiltinClassLoader::defineClass@117
  0x000001db6e44e040: 3c34 0200 | 4881 c400 | 0100 005d 

  0x000001db6e44e04c: ;   {poll_return}
  0x000001db6e44e04c: 493b a750 | 0300 000f | 87ef 0000 | 00c3 498b | 87e0 0300 | 004d 33d2 | 4d89 97e0 | 0300 004d 
  0x000001db6e44e06c: 33d2 4d89 | 97e8 0300 | 0048 8bf0 | 488d 8424 | e000 0000 | 488b 3848 | 85ff 0f84 | 0f00 0000 
  0x000001db6e44e08c: 488b 5808 | f048 0fb1 | 3b0f 85c3 | 0000 0048 | 8bc6 e9f0 

  0x000001db6e44e0a0: ;   {runtime_call throw_null_pointer_exception Runtime1 stub}
  0x000001db6e44e0a0: 0000 00e8 

  0x000001db6e44e0a4: ; ImmutableOopMap {[152]=Oop [160]=Oop rax=Oop [168]=Oop r8=Oop [144]=Oop }
                      ;*invokevirtual lastIndexOf {reexecute=0 rethrow=0 return_oop=0}
                      ; - jdk.internal.loader.BuiltinClassLoader::defineClass@8
  0x000001db6e44e0a4: 785e ecff 

  0x000001db6e44e0a8: ;   {runtime_call throw_null_pointer_exception Runtime1 stub}
  0x000001db6e44e0a8: e873 5eec 

  0x000001db6e44e0ac: ; ImmutableOopMap {[152]=Oop [160]=Oop rax=Oop [168]=Oop r8=Oop [144]=Oop rsi=Oop }
                      ;*arraylength {reexecute=0 rethrow=0 return_oop=0}
                      ; - java.lang.String::length@4
                      ; - java.lang.String::lastIndexOf@3
                      ; - jdk.internal.loader.BuiltinClassLoader::defineClass@8
  0x000001db6e44e0ac: ff4c 894c | 2408 4889 

  0x000001db6e44e0b4: ;   {runtime_call monitorenter_nofpu Runtime1 stub}
  0x000001db6e44e0b4: 1424 e8c5 

  0x000001db6e44e0b8: ; ImmutableOopMap {[160]=Oop [168]=Oop [144]=Oop r9=Oop [152]=Oop [232]=Oop }
                      ;*synchronization entry
                      ; - jdk.internal.loader.Resource::cachedInputStream@-1
                      ; - jdk.internal.loader.Resource::getByteBuffer@1
                      ; - jdk.internal.loader.BuiltinClassLoader::defineClass@45
  0x000001db6e44e0b8: 96ec ffe9 | 58fc ffff | 418b 510c | 4883 fa00 | 0f84 84fc | ffff 4889 

  0x000001db6e44e0d0: ;   {runtime_call g1_pre_barrier_slow}
  0x000001db6e44e0d0: 1424 e8a9 | c7ec ffe9 | 76fc ffff | 4883 f800 | 0f84 87fc | ffff 4c89 

  0x000001db6e44e0e8: ;   {runtime_call g1_post_barrier_slow}
  0x000001db6e44e0e8: 0c24 e891 | cbec ffe9 | 79fc ffff | 488d 8424 | e000 0000 | 4889 0424 

  0x000001db6e44e100: ;   {runtime_call monitorexit_nofpu Runtime1 stub}
  0x000001db6e44e100: e8fb 9cec | ffe9 8afc | ffff 4889 

  0x000001db6e44e10c: ;   {runtime_call throw_class_cast_exception Runtime1 stub}
  0x000001db6e44e10c: 1424 e80d 

  0x000001db6e44e110: ; ImmutableOopMap {[160]=Oop [168]=Oop [144]=Oop [152]=Oop }
                      ;*checkcast {reexecute=0 rethrow=0 return_oop=0}
                      ; - jdk.internal.loader.Resource::getByteBuffer@13
                      ; - jdk.internal.loader.BuiltinClassLoader::defineClass@45
  0x000001db6e44e110: 8aec ff48 

  0x000001db6e44e114: ;   {runtime_call fast_new_instance Runtime1 stub}
  0x000001db6e44e114: 8bd2 e8e5 

  0x000001db6e44e118: ; ImmutableOopMap {[160]=Oop [168]=Oop [144]=Oop [184]=Oop r9=Oop }
                      ;*new {reexecute=0 rethrow=0 return_oop=0}
                      ; - jdk.internal.loader.BuiltinClassLoader::defineClass@61
  0x000001db6e44e118: 68ec ffe9 | b6fd ffff 

  0x000001db6e44e120: ;   {internal_word}
  0x000001db6e44e120: 49ba 34df | 446e db01 | 0000 4d89 | 9768 0300 

  0x000001db6e44e130: ;   {runtime_call SafepointBlob}
  0x000001db6e44e130: 00e9 4aae | e2ff 488b 

  0x000001db6e44e138: ;   {runtime_call fast_new_instance Runtime1 stub}
  0x000001db6e44e138: d2e8 c268 

  0x000001db6e44e13c: ; ImmutableOopMap {[160]=Oop [144]=Oop [168]=Oop [200]=Oop r9=Oop }
                      ;*new {reexecute=0 rethrow=0 return_oop=0}
                      ; - jdk.internal.loader.BuiltinClassLoader::defineClass@95
  0x000001db6e44e13c: ecff e98b 

  0x000001db6e44e140: ;   {runtime_call throw_null_pointer_exception Runtime1 stub}
  0x000001db6e44e140: feff ffe8 

  0x000001db6e44e144: ; ImmutableOopMap {[160]=Oop [144]=Oop [208]=Oop rax=Oop [200]=Oop }
                      ;*arraylength {reexecute=0 rethrow=0 return_oop=0}
                      ; - jdk.internal.loader.BuiltinClassLoader::defineClass@114
  0x000001db6e44e144: d85d ecff 

  0x000001db6e44e148: ;   {internal_word}
  0x000001db6e44e148: 49ba 4ce0 | 446e db01 | 0000 4d89 | 9768 0300 

  0x000001db6e44e158: ;   {runtime_call SafepointBlob}
  0x000001db6e44e158: 00e9 22ae | e2ff 488d | 8424 e000 | 0000 4889 

  0x000001db6e44e168: ;   {runtime_call monitorexit_nofpu Runtime1 stub}
  0x000001db6e44e168: 0424 e891 | 9cec ffe9 | 27ff ffff | 9090 498b | 87e0 0300 | 0049 c787 | e003 0000 | 0000 0000 
  0x000001db6e44e188: 49c7 87e8 | 0300 0000 | 0000 0048 | 81c4 0001 

  0x000001db6e44e198: ;   {runtime_call unwind_exception Runtime1 stub}
  0x000001db6e44e198: 0000 5de9 | 604e ecff 
[Stub Code]
  0x000001db6e44e1a0: ;   {no_reloc}
  0x000001db6e44e1a0: 0f1f 4400 

  0x000001db6e44e1a4: ;   {static_stub}
  0x000001db6e44e1a4: 0048 bb00 | 0000 0000 

  0x000001db6e44e1ac: ;   {runtime_call}
  0x000001db6e44e1ac: 0000 00e9 | fbff ffff 

  0x000001db6e44e1b4: ;   {static_stub}
  0x000001db6e44e1b4: 9048 bb00 | 0000 0000 

  0x000001db6e44e1bc: ;   {runtime_call}
  0x000001db6e44e1bc: 0000 00e9 | fbff ffff 

  0x000001db6e44e1c4: ;   {static_stub}
  0x000001db6e44e1c4: 9048 bb00 | 0000 0000 

  0x000001db6e44e1cc: ;   {runtime_call}
  0x000001db6e44e1cc: 0000 00e9 | fbff ffff 

  0x000001db6e44e1d4: ;   {static_stub}
  0x000001db6e44e1d4: 9048 bb00 | 0000 0000 

  0x000001db6e44e1dc: ;   {runtime_call}
  0x000001db6e44e1dc: 0000 00e9 | fbff ffff 

  0x000001db6e44e1e4: ;   {static_stub}
  0x000001db6e44e1e4: 9048 bb00 | 0000 0000 

  0x000001db6e44e1ec: ;   {runtime_call}
  0x000001db6e44e1ec: 0000 00e9 | fbff ffff 

  0x000001db6e44e1f4: ;   {static_stub}
  0x000001db6e44e1f4: 9048 bb00 | 0000 0000 

  0x000001db6e44e1fc: ;   {runtime_call}
  0x000001db6e44e1fc: 0000 00e9 | fbff ffff 

  0x000001db6e44e204: ;   {static_stub}
  0x000001db6e44e204: 9048 bb00 | 0000 0000 

  0x000001db6e44e20c: ;   {runtime_call}
  0x000001db6e44e20c: 0000 00e9 | fbff ffff 

  0x000001db6e44e214: ;   {static_stub}
  0x000001db6e44e214: 9048 bb00 | 0000 0000 

  0x000001db6e44e21c: ;   {runtime_call}
  0x000001db6e44e21c: 0000 00e9 | fbff ffff 

  0x000001db6e44e224: ;   {static_stub}
  0x000001db6e44e224: 9048 bb00 | 0000 0000 

  0x000001db6e44e22c: ;   {runtime_call}
  0x000001db6e44e22c: 0000 00e9 | fbff ffff 

  0x000001db6e44e234: ;   {static_stub}
  0x000001db6e44e234: 9048 bb00 | 0000 0000 

  0x000001db6e44e23c: ;   {runtime_call}
  0x000001db6e44e23c: 0000 00e9 | fbff ffff 

  0x000001db6e44e244: ;   {static_stub}
  0x000001db6e44e244: 9048 bb00 | 0000 0000 

  0x000001db6e44e24c: ;   {runtime_call}
  0x000001db6e44e24c: 0000 00e9 | fbff ffff 

  0x000001db6e44e254: ;   {static_stub}
  0x000001db6e44e254: 9048 bb00 | 0000 0000 

  0x000001db6e44e25c: ;   {runtime_call}
  0x000001db6e44e25c: 0000 00e9 | fbff ffff 

  0x000001db6e44e264: ;   {static_stub}
  0x000001db6e44e264: 9048 bb00 | 0000 0000 

  0x000001db6e44e26c: ;   {runtime_call}
  0x000001db6e44e26c: 0000 00e9 | fbff ffff 

  0x000001db6e44e274: ;   {static_stub}
  0x000001db6e44e274: 9048 bb00 | 0000 0000 

  0x000001db6e44e27c: ;   {runtime_call}
  0x000001db6e44e27c: 0000 00e9 | fbff ffff 

  0x000001db6e44e284: ;   {static_stub}
  0x000001db6e44e284: 9048 bb00 | 0000 0000 

  0x000001db6e44e28c: ;   {runtime_call}
  0x000001db6e44e28c: 0000 00e9 | fbff ffff 

  0x000001db6e44e294: ;   {static_stub}
  0x000001db6e44e294: 9048 bbb8 | 1e03 76db 

  0x000001db6e44e29c: ;   {runtime_call I2C/C2I adapters}
  0x000001db6e44e29c: 0100 00e9 | b092 e2ff 

  0x000001db6e44e2a4: ;   {static_stub}
  0x000001db6e44e2a4: 9048 bbe0 | dc01 76db 

  0x000001db6e44e2ac: ;   {runtime_call I2C/C2I adapters}
  0x000001db6e44e2ac: 0100 00e9 | 2ea0 e1ff 
[Exception Handler]
  0x000001db6e44e2b4: ;   {runtime_call handle_exception_from_callee Runtime1 stub}
  0x000001db6e44e2b4: e847 82ec 

  0x000001db6e44e2b8: ;   {external_word}
  0x000001db6e44e2b8: ff48 b930 | 9a3d f8fc | 7f00 0048 

  0x000001db6e44e2c4: ;   {runtime_call}
  0x000001db6e44e2c4: 83e4 f049 | ba40 2b06 | f8fc 7f00 | 0041 ffd2 

  0x000001db6e44e2d4: ;   {section_word}
  0x000001db6e44e2d4: f449 bad5 | e244 6edb | 0100 0041 

  0x000001db6e44e2e0: ;   {runtime_call DeoptimizationBlob}
  0x000001db6e44e2e0: 52e9 3ac1 | e2ff f4f4 
[/MachCode]


---------------  P R O C E S S  ---------------

Threads class SMR info:
_java_thread_list=0x000001db7aef60b0, length=12, elements={
0x000001db6b58e380, 0x000001db75add780, 0x000001db75ade250, 0x000001db75b0ca30,
0x000001db75b0d300, 0x000001db75b0dbd0, 0x000001db75b104b0, 0x000001db75b10d80,
0x000001db75b40180, 0x000001db7a1e2810, 0x000001db7a1ed760, 0x000001db7ae86d20
}

Java Threads: ( => current thread )
=>0x000001db6b58e380 JavaThread "main" [_thread_in_vm, id=29584, stack(0x0000002ebf600000,0x0000002ebf700000)]
  0x000001db75add780 JavaThread "Reference Handler" daemon [_thread_blocked, id=29616, stack(0x0000002ebfd00000,0x0000002ebfe00000)]
  0x000001db75ade250 JavaThread "Finalizer" daemon [_thread_blocked, id=29620, stack(0x0000002ebfe00000,0x0000002ebff00000)]
  0x000001db75b0ca30 JavaThread "Signal Dispatcher" daemon [_thread_blocked, id=29632, stack(0x0000002ebff00000,0x0000002ec0000000)]
  0x000001db75b0d300 JavaThread "Attach Listener" daemon [_thread_blocked, id=29636, stack(0x0000002ec0000000,0x0000002ec0100000)]
  0x000001db75b0dbd0 JavaThread "Service Thread" daemon [_thread_blocked, id=29640, stack(0x0000002ec0100000,0x0000002ec0200000)]
  0x000001db75b104b0 JavaThread "Monitor Deflation Thread" daemon [_thread_blocked, id=29644, stack(0x0000002ec0200000,0x0000002ec0300000)]
  0x000001db75b10d80 JavaThread "C1 CompilerThread0" daemon [_thread_blocked, id=29648, stack(0x0000002ec0300000,0x0000002ec0400000)]
  0x000001db75b40180 JavaThread "Sweeper thread" daemon [_thread_blocked, id=29652, stack(0x0000002ec0400000,0x0000002ec0500000)]
  0x000001db7a1e2810 JavaThread "Notification Thread" daemon [_thread_blocked, id=29668, stack(0x0000002ec0500000,0x0000002ec0600000)]
  0x000001db7a1ed760 JavaThread "Common-Cleaner" daemon [_thread_blocked, id=29676, stack(0x0000002ec0700000,0x0000002ec0800000)]
  0x000001db7ae86d20 JavaThread "background-preinit" [_thread_in_vm, id=28064, stack(0x0000002ec0b00000,0x0000002ec0c00000)]

Other Threads:
  0x000001db75a8cee0 VMThread "VM Thread" [stack: 0x0000002ebfc00000,0x0000002ebfd00000] [id=29612]
  0x000001db7a1e3490 WatcherThread [stack: 0x0000002ec0600000,0x0000002ec0700000] [id=29672]
  0x000001db6b5ca960 GCTaskThread "GC Thread#0" [stack: 0x0000002ebf700000,0x0000002ebf800000] [id=29592]
  0x000001db7a3fdd80 GCTaskThread "GC Thread#1" [stack: 0x0000002ec0800000,0x0000002ec0900000] [id=27896]
  0x000001db7a8473e0 GCTaskThread "GC Thread#2" [stack: 0x0000002ec0900000,0x0000002ec0a00000] [id=27560]
  0x000001db7abd60a0 GCTaskThread "GC Thread#3" [stack: 0x0000002ec0a00000,0x0000002ec0b00000] [id=28308]
  0x000001db6b5d37c0 ConcurrentGCThread "G1 Main Marker" [stack: 0x0000002ebf800000,0x0000002ebf900000] [id=29596]
  0x000001db6b5d4960 ConcurrentGCThread "G1 Conc#0" [stack: 0x0000002ebf900000,0x0000002ebfa00000] [id=29600]
  0x000001db6b618150 ConcurrentGCThread "G1 Refine#0" [stack: 0x0000002ebfa00000,0x0000002ebfb00000] [id=29604]
  0x000001db6b618a90 ConcurrentGCThread "G1 Service" [stack: 0x0000002ebfb00000,0x0000002ebfc00000] [id=29608]

Threads with active compile tasks:

VM state: not at safepoint (normal execution)

VM Mutex/Monitor currently owned by a thread:  ([mutex/lock_event])
[0x000001db6948e1c0] Metaspace_lock - owner thread: 0x000001db6b58e380

Heap address: 0x00000000c0000000, size: 1024 MB, Compressed Oops mode: 32-bit

CDS archive(s) not mapped
Compressed class space mapped at: 0x0000000100000000-0x0000000140000000, reserved size: 1073741824
Narrow klass base: 0x0000000000000000, Narrow klass shift: 3, Narrow klass range: 0x140000000

GC Precious Log:
 CPUs: 4 total, 4 available
 Memory: 3879M
 Large Page Support: Disabled
 NUMA Support: Disabled
 Compressed Oops: Enabled (32-bit)
 Heap Region Size: 1M
 Heap Min Capacity: 8M
 Heap Initial Capacity: 62M
 Heap Max Capacity: 1G
 Pre-touch: Disabled
 Parallel Workers: 4
 Concurrent Workers: 1
 Concurrent Refinement Workers: 4
 Periodic GC: Disabled

Heap:
 garbage-first heap   total 63488K, used 35149K [0x00000000c0000000, 0x0000000100000000)
  region size 1024K, 21 young (21504K), 2 survivors (2048K)
 Metaspace       used 18626K, committed 18880K, reserved 1114112K
  class space    used 2326K, committed 2432K, reserved 1048576K

Heap Regions: E=young(eden), S=young(survivor), O=old, HS=humongous(starts), HC=humongous(continues), CS=collection set, F=free, OA=open archive, CA=closed archive, TAMS=top-at-mark-start (previous, next)
|   0|0x00000000c0000000, 0x00000000c0100000, 0x00000000c0100000|100%|HS|  |TAMS 0x00000000c0000000, 0x00000000c0000000| Complete 
|   1|0x00000000c0100000, 0x00000000c0200000, 0x00000000c0200000|100%|HC|  |TAMS 0x00000000c0100000, 0x00000000c0100000| Complete 
|   2|0x00000000c0200000, 0x00000000c0300000, 0x00000000c0300000|100%|HC|  |TAMS 0x00000000c0200000, 0x00000000c0200000| Complete 
|   3|0x00000000c0300000, 0x00000000c0400000, 0x00000000c0400000|100%|HC|  |TAMS 0x00000000c0300000, 0x00000000c0300000| Complete 
|   4|0x00000000c0400000, 0x00000000c0500000, 0x00000000c0500000|100%| O|  |TAMS 0x00000000c0400000, 0x00000000c0400000| Untracked 
|   5|0x00000000c0500000, 0x00000000c0600000, 0x00000000c0600000|100%| O|  |TAMS 0x00000000c0500000, 0x00000000c0500000| Untracked 
|   6|0x00000000c0600000, 0x00000000c0700000, 0x00000000c0700000|100%| O|  |TAMS 0x00000000c0600000, 0x00000000c0600000| Untracked 
|   7|0x00000000c0700000, 0x00000000c0800000, 0x00000000c0800000|100%| O|  |TAMS 0x00000000c0700000, 0x00000000c0700000| Untracked 
|   8|0x00000000c0800000, 0x00000000c0900000, 0x00000000c0900000|100%| O|  |TAMS 0x00000000c0800000, 0x00000000c0800000| Untracked 
|   9|0x00000000c0900000, 0x00000000c0a00000, 0x00000000c0a00000|100%| O|  |TAMS 0x00000000c0900000, 0x00000000c0900000| Untracked 
|  10|0x00000000c0a00000, 0x00000000c0b00000, 0x00000000c0b00000|100%|HS|  |TAMS 0x00000000c0a00000, 0x00000000c0a00000| Complete 
|  11|0x00000000c0b00000, 0x00000000c0c00000, 0x00000000c0c00000|100%|HC|  |TAMS 0x00000000c0b00000, 0x00000000c0b00000| Complete 
|  12|0x00000000c0c00000, 0x00000000c0d00000, 0x00000000c0d00000|100%| O|  |TAMS 0x00000000c0c00000, 0x00000000c0c00000| Untracked 
|  13|0x00000000c0d00000, 0x00000000c0e00000, 0x00000000c0e00000|100%| O|  |TAMS 0x00000000c0d00000, 0x00000000c0d00000| Untracked 
|  14|0x00000000c0e00000, 0x00000000c0f00000, 0x00000000c0f00000|100%| O|  |TAMS 0x00000000c0e00000, 0x00000000c0e00000| Untracked 
|  15|0x00000000c0f00000, 0x00000000c0f53400, 0x00000000c1000000| 32%| O|  |TAMS 0x00000000c0f00000, 0x00000000c0f00000| Untracked 
|  16|0x00000000c1000000, 0x00000000c1000000, 0x00000000c1100000|  0%| F|  |TAMS 0x00000000c1000000, 0x00000000c1000000| Untracked 
|  17|0x00000000c1100000, 0x00000000c1100000, 0x00000000c1200000|  0%| F|  |TAMS 0x00000000c1100000, 0x00000000c1100000| Untracked 
|  18|0x00000000c1200000, 0x00000000c1200000, 0x00000000c1300000|  0%| F|  |TAMS 0x00000000c1200000, 0x00000000c1200000| Untracked 
|  19|0x00000000c1300000, 0x00000000c1300000, 0x00000000c1400000|  0%| F|  |TAMS 0x00000000c1300000, 0x00000000c1300000| Untracked 
|  20|0x00000000c1400000, 0x00000000c1400000, 0x00000000c1500000|  0%| F|  |TAMS 0x00000000c1400000, 0x00000000c1400000| Untracked 
|  21|0x00000000c1500000, 0x00000000c1500000, 0x00000000c1600000|  0%| F|  |TAMS 0x00000000c1500000, 0x00000000c1500000| Untracked 
|  22|0x00000000c1600000, 0x00000000c1600000, 0x00000000c1700000|  0%| F|  |TAMS 0x00000000c1600000, 0x00000000c1600000| Untracked 
|  23|0x00000000c1700000, 0x00000000c1700000, 0x00000000c1800000|  0%| F|  |TAMS 0x00000000c1700000, 0x00000000c1700000| Untracked 
|  24|0x00000000c1800000, 0x00000000c1800000, 0x00000000c1900000|  0%| F|  |TAMS 0x00000000c1800000, 0x00000000c1800000| Untracked 
|  25|0x00000000c1900000, 0x00000000c1900000, 0x00000000c1a00000|  0%| F|  |TAMS 0x00000000c1900000, 0x00000000c1900000| Untracked 
|  26|0x00000000c1a00000, 0x00000000c1a00000, 0x00000000c1b00000|  0%| F|  |TAMS 0x00000000c1a00000, 0x00000000c1a00000| Untracked 
|  27|0x00000000c1b00000, 0x00000000c1b00000, 0x00000000c1c00000|  0%| F|  |TAMS 0x00000000c1b00000, 0x00000000c1b00000| Untracked 
|  28|0x00000000c1c00000, 0x00000000c1c00000, 0x00000000c1d00000|  0%| F|  |TAMS 0x00000000c1c00000, 0x00000000c1c00000| Untracked 
|  29|0x00000000c1d00000, 0x00000000c1d00000, 0x00000000c1e00000|  0%| F|  |TAMS 0x00000000c1d00000, 0x00000000c1d00000| Untracked 
|  30|0x00000000c1e00000, 0x00000000c1e00000, 0x00000000c1f00000|  0%| F|  |TAMS 0x00000000c1e00000, 0x00000000c1e00000| Untracked 
|  31|0x00000000c1f00000, 0x00000000c1f00000, 0x00000000c2000000|  0%| F|  |TAMS 0x00000000c1f00000, 0x00000000c1f00000| Untracked 
|  32|0x00000000c2000000, 0x00000000c2000000, 0x00000000c2100000|  0%| F|  |TAMS 0x00000000c2000000, 0x00000000c2000000| Untracked 
|  33|0x00000000c2100000, 0x00000000c2100000, 0x00000000c2200000|  0%| F|  |TAMS 0x00000000c2100000, 0x00000000c2100000| Untracked 
|  34|0x00000000c2200000, 0x00000000c2200000, 0x00000000c2300000|  0%| F|  |TAMS 0x00000000c2200000, 0x00000000c2200000| Untracked 
|  35|0x00000000c2300000, 0x00000000c2300000, 0x00000000c2400000|  0%| F|  |TAMS 0x00000000c2300000, 0x00000000c2300000| Untracked 
|  36|0x00000000c2400000, 0x00000000c2400000, 0x00000000c2500000|  0%| F|  |TAMS 0x00000000c2400000, 0x00000000c2400000| Untracked 
|  37|0x00000000c2500000, 0x00000000c2500000, 0x00000000c2600000|  0%| F|  |TAMS 0x00000000c2500000, 0x00000000c2500000| Untracked 
|  38|0x00000000c2600000, 0x00000000c2600000, 0x00000000c2700000|  0%| F|  |TAMS 0x00000000c2600000, 0x00000000c2600000| Untracked 
|  39|0x00000000c2700000, 0x00000000c2700000, 0x00000000c2800000|  0%| F|  |TAMS 0x00000000c2700000, 0x00000000c2700000| Untracked 
|  40|0x00000000c2800000, 0x00000000c2800000, 0x00000000c2900000|  0%| F|  |TAMS 0x00000000c2800000, 0x00000000c2800000| Untracked 
|  41|0x00000000c2900000, 0x00000000c2982518, 0x00000000c2a00000| 50%| E|  |TAMS 0x00000000c2900000, 0x00000000c2900000| Complete 
|  42|0x00000000c2a00000, 0x00000000c2b00000, 0x00000000c2b00000|100%| E|  |TAMS 0x00000000c2a00000, 0x00000000c2a00000| Complete 
|  43|0x00000000c2b00000, 0x00000000c2c00000, 0x00000000c2c00000|100%| S|CS|TAMS 0x00000000c2b00000, 0x00000000c2b00000| Complete 
|  44|0x00000000c2c00000, 0x00000000c2d00000, 0x00000000c2d00000|100%| S|CS|TAMS 0x00000000c2c00000, 0x00000000c2c00000| Complete 
|  45|0x00000000c2d00000, 0x00000000c2e00000, 0x00000000c2e00000|100%| E|CS|TAMS 0x00000000c2d00000, 0x00000000c2d00000| Complete 
|  46|0x00000000c2e00000, 0x00000000c2f00000, 0x00000000c2f00000|100%| E|CS|TAMS 0x00000000c2e00000, 0x00000000c2e00000| Complete 
|  47|0x00000000c2f00000, 0x00000000c3000000, 0x00000000c3000000|100%| E|CS|TAMS 0x00000000c2f00000, 0x00000000c2f00000| Complete 
|  48|0x00000000c3000000, 0x00000000c3100000, 0x00000000c3100000|100%| E|CS|TAMS 0x00000000c3000000, 0x00000000c3000000| Complete 
|  49|0x00000000c3100000, 0x00000000c3200000, 0x00000000c3200000|100%| E|CS|TAMS 0x00000000c3100000, 0x00000000c3100000| Complete 
|  50|0x00000000c3200000, 0x00000000c3300000, 0x00000000c3300000|100%| E|CS|TAMS 0x00000000c3200000, 0x00000000c3200000| Complete 
|  51|0x00000000c3300000, 0x00000000c3400000, 0x00000000c3400000|100%| E|CS|TAMS 0x00000000c3300000, 0x00000000c3300000| Complete 
|  52|0x00000000c3400000, 0x00000000c3500000, 0x00000000c3500000|100%| E|CS|TAMS 0x00000000c3400000, 0x00000000c3400000| Complete 
|  53|0x00000000c3500000, 0x00000000c3600000, 0x00000000c3600000|100%| E|CS|TAMS 0x00000000c3500000, 0x00000000c3500000| Complete 
|  54|0x00000000c3600000, 0x00000000c3700000, 0x00000000c3700000|100%| E|CS|TAMS 0x00000000c3600000, 0x00000000c3600000| Complete 
|  55|0x00000000c3700000, 0x00000000c3800000, 0x00000000c3800000|100%| E|CS|TAMS 0x00000000c3700000, 0x00000000c3700000| Complete 
|  56|0x00000000c3800000, 0x00000000c3900000, 0x00000000c3900000|100%| E|CS|TAMS 0x00000000c3800000, 0x00000000c3800000| Complete 
|  57|0x00000000c3900000, 0x00000000c3a00000, 0x00000000c3a00000|100%| E|CS|TAMS 0x00000000c3900000, 0x00000000c3900000| Complete 
|  58|0x00000000c3a00000, 0x00000000c3b00000, 0x00000000c3b00000|100%| E|CS|TAMS 0x00000000c3a00000, 0x00000000c3a00000| Complete 
|  59|0x00000000c3b00000, 0x00000000c3c00000, 0x00000000c3c00000|100%| E|CS|TAMS 0x00000000c3b00000, 0x00000000c3b00000| Complete 
|  60|0x00000000c3c00000, 0x00000000c3d00000, 0x00000000c3d00000|100%| E|CS|TAMS 0x00000000c3c00000, 0x00000000c3c00000| Complete 
|  61|0x00000000c3d00000, 0x00000000c3e00000, 0x00000000c3e00000|100%| E|CS|TAMS 0x00000000c3d00000, 0x00000000c3d00000| Complete 

Card table byte_map: [0x000001db71220000,0x000001db71420000] _byte_map_base: 0x000001db70c20000

Marking Bits (Prev, Next): (CMBitMap*) 0x000001db6b5cae90, (CMBitMap*) 0x000001db6b5caed0
 Prev Bits: [0x000001db71620000, 0x000001db72620000)
 Next Bits: [0x000001db72620000, 0x000001db73620000)

Polling page: 0x000001db6ad40000

Metaspace:

Usage:
  Non-class:     15.92 MB used.
      Class:      2.27 MB used.
       Both:     18.19 MB used.

Virtual space:
  Non-class space:       64.00 MB reserved,      16.06 MB ( 25%) committed,  1 nodes.
      Class space:        1.00 GB reserved,       2.38 MB ( <1%) committed,  1 nodes.
             Both:        1.06 GB reserved,      18.44 MB (  2%) committed. 

Chunk freelists:
   Non-Class:  15.41 MB
       Class:  13.48 MB
        Both:  28.89 MB

MaxMetaspaceSize: unlimited
CompressedClassSpaceSize: 1.00 GB
Initial GC threshold: 21.00 MB
Current GC threshold: 21.00 MB
CDS: off
MetaspaceReclaimPolicy: balanced
 - commit_granule_bytes: 65536.
 - commit_granule_words: 8192.
 - virtual_space_node_default_size: 8388608.
 - enlarge_chunks_in_place: 1.
 - new_chunks_are_fully_committed: 0.
 - uncommit_free_chunks: 1.
 - use_allocation_guard: 0.
 - handle_deallocations: 1.


Internal statistics:

num_allocs_failed_limit: 0.
num_arena_births: 212.
num_arena_deaths: 0.
num_vsnodes_births: 2.
num_vsnodes_deaths: 0.
num_space_committed: 295.
num_space_uncommitted: 0.
num_chunks_returned_to_freelist: 0.
num_chunks_taken_from_freelist: 580.
num_chunk_merges: 0.
num_chunk_splits: 372.
num_chunks_enlarged: 285.
num_inconsistent_stats: 0.

CodeCache: size=49152Kb used=3857Kb max_used=3857Kb free=45294Kb
 bounds [0x000001db6e220000, 0x000001db6e5f0000, 0x000001db71220000]
 total_blobs=2254 nmethods=1807 adapters=374
 compilation: enabled
              stopped_count=0, restarted_count=0
 full_count=0

Compilation events (20 events):
Event: 8.166 Thread 0x000001db75b10d80 1798       1       org.springframework.boot.context.properties.source.SpringIterableConfigurationPropertySource::containsDescendantOf (102 bytes)
Event: 8.166 Thread 0x000001db75b10d80 nmethod 1798 0x000001db6e5e0c10 code [0x000001db6e5e0e40, 0x000001db6e5e12c8]
Event: 8.168 Thread 0x000001db75b10d80 1799       1       java.util.AbstractCollection::isEmpty (13 bytes)
Event: 8.168 Thread 0x000001db75b10d80 nmethod 1799 0x000001db6e5e1610 code [0x000001db6e5e17a0, 0x000001db6e5e18a8]
Event: 8.168 Thread 0x000001db75b10d80 1800       1       java.util.concurrent.ConcurrentHashMap$Traverser::<init> (36 bytes)
Event: 8.169 Thread 0x000001db75b10d80 nmethod 1800 0x000001db6e5e1910 code [0x000001db6e5e1aa0, 0x000001db6e5e1bf8]
Event: 8.171 Thread 0x000001db75b10d80 1801       1       java.lang.invoke.MemberName$Factory::resolveOrNull (54 bytes)
Event: 8.172 Thread 0x000001db75b10d80 nmethod 1801 0x000001db6e5e1c90 code [0x000001db6e5e1e40, 0x000001db6e5e1f88]
Event: 8.172 Thread 0x000001db75b10d80 1804       1       jdk.internal.reflect.Reflection::isSubclassOf (21 bytes)
Event: 8.172 Thread 0x000001db75b10d80 nmethod 1804 0x000001db6e5e2090 code [0x000001db6e5e2240, 0x000001db6e5e2368]
Event: 8.172 Thread 0x000001db75b10d80 1802       1       java.lang.reflect.Constructor::acquireConstructorAccessor (44 bytes)
Event: 8.172 Thread 0x000001db75b10d80 nmethod 1802 0x000001db6e5e2410 code [0x000001db6e5e25e0, 0x000001db6e5e28b8]
Event: 8.172 Thread 0x000001db75b10d80 1803       1       jdk.internal.reflect.ReflectionFactory::newConstructorAccessor (155 bytes)
Event: 8.173 Thread 0x000001db75b10d80 nmethod 1803 0x000001db6e5e2a10 code [0x000001db6e5e2c80, 0x000001db6e5e3498]
Event: 8.174 Thread 0x000001db75b10d80 1805       1       java.lang.Class::getInterfaces (6 bytes)
Event: 8.174 Thread 0x000001db75b10d80 nmethod 1805 0x000001db6e5e3810 code [0x000001db6e5e39a0, 0x000001db6e5e3a88]
Event: 8.184 Thread 0x000001db75b10d80 1806       1       java.util.WeakHashMap::getTable (9 bytes)
Event: 8.184 Thread 0x000001db75b10d80 nmethod 1806 0x000001db6e5e3b10 code [0x000001db6e5e3ca0, 0x000001db6e5e3d88]
Event: 8.193 Thread 0x000001db75b10d80 1807       1       java.util.WeakHashMap::remove (131 bytes)
Event: 8.194 Thread 0x000001db75b10d80 nmethod 1807 0x000001db6e5e3e10 code [0x000001db6e5e4000, 0x000001db6e5e4478]

GC Heap History (8 events):
Event: 2.899 GC heap before
{Heap before GC invocations=0 (full 0):
 garbage-first heap   total 63488K, used 16384K [0x00000000c0000000, 0x0000000100000000)
  region size 1024K, 13 young (13312K), 0 survivors (0K)
 Metaspace       used 5782K, committed 5888K, reserved 1114112K
  class space    used 556K, committed 640K, reserved 1048576K
}
Event: 3.209 GC heap after
{Heap after GC invocations=1 (full 0):
 garbage-first heap   total 63488K, used 11624K [0x00000000c0000000, 0x0000000100000000)
  region size 1024K, 2 young (2048K), 2 survivors (2048K)
 Metaspace       used 5782K, committed 5888K, reserved 1114112K
  class space    used 556K, committed 640K, reserved 1048576K
}
Event: 6.671 GC heap before
{Heap before GC invocations=1 (full 0):
 garbage-first heap   total 63488K, used 20840K [0x00000000c0000000, 0x0000000100000000)
  region size 1024K, 10 young (10240K), 2 survivors (2048K)
 Metaspace       used 7682K, committed 7872K, reserved 1114112K
  class space    used 819K, committed 896K, reserved 1048576K
}
Event: 6.697 GC heap after
{Heap after GC invocations=2 (full 0):
 garbage-first heap   total 63488K, used 15657K [0x00000000c0000000, 0x0000000100000000)
  region size 1024K, 2 young (2048K), 2 survivors (2048K)
 Metaspace       used 7682K, committed 7872K, reserved 1114112K
  class space    used 819K, committed 896K, reserved 1048576K
}
Event: 7.361 GC heap before
{Heap before GC invocations=2 (full 0):
 garbage-first heap   total 63488K, used 28969K [0x00000000c0000000, 0x0000000100000000)
  region size 1024K, 15 young (15360K), 2 survivors (2048K)
 Metaspace       used 11401K, committed 11648K, reserved 1114112K
  class space    used 1374K, committed 1472K, reserved 1048576K
}
Event: 7.364 GC heap after
{Heap after GC invocations=3 (full 0):
 garbage-first heap   total 63488K, used 16882K [0x00000000c0000000, 0x0000000100000000)
  region size 1024K, 2 young (2048K), 2 survivors (2048K)
 Metaspace       used 11401K, committed 11648K, reserved 1114112K
  class space    used 1374K, committed 1472K, reserved 1048576K
}
Event: 7.775 GC heap before
{Heap before GC invocations=3 (full 0):
 garbage-first heap   total 63488K, used 32242K [0x00000000c0000000, 0x0000000100000000)
  region size 1024K, 17 young (17408K), 2 survivors (2048K)
 Metaspace       used 14414K, committed 14592K, reserved 1114112K
  class space    used 1807K, committed 1920K, reserved 1048576K
}
Event: 7.778 GC heap after
{Heap after GC invocations=4 (full 0):
 garbage-first heap   total 63488K, used 17741K [0x00000000c0000000, 0x0000000100000000)
  region size 1024K, 2 young (2048K), 2 survivors (2048K)
 Metaspace       used 14414K, committed 14592K, reserved 1114112K
  class space    used 1807K, committed 1920K, reserved 1048576K
}

Dll operation events (5 events):
Event: 0.072 Loaded shared library c:\Users\55119\.vscode\extensions\redhat.java-1.33.0-win32-x64\jre\17.0.11-win32-x86_64\bin\java.dll
Event: 0.907 Loaded shared library C:\Users\55119\.vscode\extensions\redhat.java-1.33.0-win32-x64\jre\17.0.11-win32-x86_64\bin\net.dll
Event: 0.924 Loaded shared library C:\Users\55119\.vscode\extensions\redhat.java-1.33.0-win32-x64\jre\17.0.11-win32-x86_64\bin\nio.dll
Event: 0.956 Loaded shared library C:\Users\55119\.vscode\extensions\redhat.java-1.33.0-win32-x64\jre\17.0.11-win32-x86_64\bin\zip.dll
Event: 2.865 Loaded shared library C:\Users\55119\.vscode\extensions\redhat.java-1.33.0-win32-x64\jre\17.0.11-win32-x86_64\bin\jimage.dll

Deoptimization events (0 events):
No events

Classes unloaded (0 events):
No events

Classes redefined (0 events):
No events

Internal exceptions (20 events):
Event: 8.030 Thread 0x000001db6b58e380 Exception <a 'java/lang/NoSuchMethodError'{0x00000000c37e5a08}: 'void java.lang.invoke.DirectMethodHandle$Holder.invokeSpecial(java.lang.Object, java.lang.Object, java.lang.Object, java.lang.Object, java.lang.Object)'> (0x00000000c37e5a08) 
thrown [s\src\hotspot\share\interpreter\linkResolver.cpp, line 759]
Event: 8.051 Thread 0x000001db6b58e380 Exception <a 'java/lang/NoSuchMethodError'{0x00000000c36b37d0}: 'java.lang.Object java.lang.invoke.DirectMethodHandle$Holder.invokeSpecial(java.lang.Object, java.lang.Object, java.lang.Object, int, java.lang.Object)'> (0x00000000c36b37d0) 
thrown [s\src\hotspot\share\interpreter\linkResolver.cpp, line 759]
Event: 8.052 Thread 0x000001db6b58e380 Exception <a 'java/lang/NoSuchMethodError'{0x00000000c36bbe30}: 'java.lang.Object java.lang.invoke.DirectMethodHandle$Holder.newInvokeSpecial(java.lang.Object, java.lang.Object, java.lang.Object, int, java.lang.Object)'> (0x00000000c36bbe30) 
thrown [s\src\hotspot\share\interpreter\linkResolver.cpp, line 759]
Event: 8.054 Thread 0x000001db6b58e380 Exception <a 'java/lang/NoSuchMethodError'{0x00000000c36d8a28}: 'java.lang.Object java.lang.invoke.DirectMethodHandle$Holder.newInvokeSpecial(java.lang.Object, int, java.lang.Object)'> (0x00000000c36d8a28) 
thrown [s\src\hotspot\share\interpreter\linkResolver.cpp, line 759]
Event: 8.055 Thread 0x000001db6b58e380 Exception <a 'java/lang/NoSuchMethodError'{0x00000000c36dd810}: 'int java.lang.invoke.DirectMethodHandle$Holder.invokeSpecialIFC(java.lang.Object, java.lang.Object, java.lang.Object, java.lang.Object)'> (0x00000000c36dd810) 
thrown [s\src\hotspot\share\interpreter\linkResolver.cpp, line 759]
Event: 8.072 Thread 0x000001db6b58e380 Exception <a 'java/lang/NoSuchMethodError'{0x00000000c35efe30}: 'void java.lang.invoke.DirectMethodHandle$Holder.invokeInterface(java.lang.Object, java.lang.Object, java.lang.Object)'> (0x00000000c35efe30) 
thrown [s\src\hotspot\share\interpreter\linkResolver.cpp, line 759]
Event: 8.085 Thread 0x000001db6b58e380 Exception <a 'java/lang/NoSuchMethodError'{0x00000000c3457590}: 'void java.lang.invoke.DirectMethodHandle$Holder.invokeStaticInit(java.lang.Object, java.lang.Object, java.lang.Object)'> (0x00000000c3457590) 
thrown [s\src\hotspot\share\interpreter\linkResolver.cpp, line 759]
Event: 8.090 Thread 0x000001db6b58e380 Exception <a 'java/lang/NoSuchMethodError'{0x00000000c3475e68}: 'java.lang.Object java.lang.invoke.DirectMethodHandle$Holder.invokeStaticInit(java.lang.Object)'> (0x00000000c3475e68) 
thrown [s\src\hotspot\share\interpreter\linkResolver.cpp, line 759]
Event: 8.092 Thread 0x000001db6b58e380 Exception <a 'java/lang/NoSuchMethodError'{0x00000000c347c408}: 'java.lang.Object java.lang.invoke.DirectMethodHandle$Holder.invokeStatic(java.lang.Object, java.lang.Object, long, java.lang.Object)'> (0x00000000c347c408) 
thrown [s\src\hotspot\share\interpreter\linkResolver.cpp, line 759]
Event: 8.092 Thread 0x000001db6b58e380 Exception <a 'java/lang/NoSuchMethodError'{0x00000000c347fea0}: 'java.lang.Object java.lang.invoke.DirectMethodHandle$Holder.invokeStaticInit(java.lang.Object, java.lang.Object, long, java.lang.Object)'> (0x00000000c347fea0) 
thrown [s\src\hotspot\share\interpreter\linkResolver.cpp, line 759]
Event: 8.093 Thread 0x000001db6b58e380 Exception <a 'java/lang/NoSuchMethodError'{0x00000000c3486620}: 'java.lang.Object java.lang.invoke.DirectMethodHandle$Holder.newInvokeSpecial(java.lang.Object, java.lang.Object, long)'> (0x00000000c3486620) 
thrown [s\src\hotspot\share\interpreter\linkResolver.cpp, line 759]
Event: 8.093 Thread 0x000001db6b58e380 Exception <a 'java/lang/NoSuchMethodError'{0x00000000c348a190}: 'java.lang.Object java.lang.invoke.Invokers$Holder.linkToTargetMethod(java.lang.Object, long, java.lang.Object)'> (0x00000000c348a190) 
thrown [s\src\hotspot\share\interpreter\linkResolver.cpp, line 759]
Event: 8.106 Thread 0x000001db6b58e380 Exception <a 'java/lang/NoSuchMethodError'{0x00000000c3300730}: 'void java.lang.invoke.DirectMethodHandle$Holder.invokeSpecial(java.lang.Object, java.lang.Object, java.lang.Object, java.lang.Object, java.lang.Object, java.lang.Object)'> (0x00000000c3300730) 
thrown [s\src\hotspot\share\interpreter\linkResolver.cpp, line 759]
Event: 8.106 Thread 0x000001db6b58e380 Exception <a 'java/lang/NoSuchMethodError'{0x00000000c3308c08}: 'java.lang.Object java.lang.invoke.DirectMethodHandle$Holder.newInvokeSpecial(java.lang.Object, java.lang.Object, java.lang.Object, java.lang.Object, java.lang.Object, java.lang.Object)'> (0x00000000c3308c08) 
thrown [s\src\hotspot\share\interpreter\linkResolver.cpp, line 759]
Event: 8.121 Thread 0x000001db6b58e380 Exception <a 'java/lang/NoSuchMethodError'{0x00000000c33a4858}: 'void java.lang.invoke.DirectMethodHandle$Holder.invokeSpecial(java.lang.Object, java.lang.Object, java.lang.Object)'> (0x00000000c33a4858) 
thrown [s\src\hotspot\share\interpreter\linkResolver.cpp, line 759]
Event: 8.127 Thread 0x000001db6b58e380 Exception <a 'java/lang/NoSuchMethodError'{0x00000000c33d6868}: 'void java.lang.invoke.DirectMethodHandle$Holder.invokeStatic(java.lang.Object, java.lang.Object, int)'> (0x00000000c33d6868) 
thrown [s\src\hotspot\share\interpreter\linkResolver.cpp, line 759]
Event: 8.137 Thread 0x000001db7ae86d20 Exception <a 'java/lang/NoClassDefFoundError'{0x00000000c3295500}: jakarta/validation/Validation> (0x00000000c3295500) 
thrown [s\src\hotspot\share\classfile\systemDictionary.cpp, line 245]
Event: 8.153 Thread 0x000001db6b58e380 Exception <a 'java/lang/NoSuchMethodError'{0x00000000c3114970}: 'java.lang.Object java.lang.invoke.DirectMethodHandle$Holder.invokeStatic(java.lang.Object, java.lang.Object, int)'> (0x00000000c3114970) 
thrown [s\src\hotspot\share\interpreter\linkResolver.cpp, line 759]
Event: 8.153 Thread 0x000001db6b58e380 Exception <a 'java/lang/NoSuchMethodError'{0x00000000c3120160}: 'void java.lang.invoke.DelegatingMethodHandle$Holder.delegate(java.lang.Object, java.lang.Object, int, java.lang.Object)'> (0x00000000c3120160) 
thrown [s\src\hotspot\share\interpreter\linkResolver.cpp, line 759]
Event: 8.171 Thread 0x000001db6b58e380 Exception <a 'java/lang/IncompatibleClassChangeError'{0x00000000c2f53ac8}: Found class java.lang.Object, but interface was expected> (0x00000000c2f53ac8) 
thrown [s\src\hotspot\share\interpreter\linkResolver.cpp, line 826]

VM Operations (20 events):
Event: 6.959 Executing VM operation: HandshakeAllThreads
Event: 6.959 Executing VM operation: HandshakeAllThreads done
Event: 6.979 Executing VM operation: HandshakeAllThreads
Event: 6.979 Executing VM operation: HandshakeAllThreads done
Event: 7.158 Executing VM operation: HandshakeAllThreads
Event: 7.158 Executing VM operation: HandshakeAllThreads done
Event: 7.361 Executing VM operation: G1CollectForAllocation
Event: 7.366 Executing VM operation: G1CollectForAllocation done
Event: 7.587 Executing VM operation: HandshakeAllThreads
Event: 7.587 Executing VM operation: HandshakeAllThreads done
Event: 7.775 Executing VM operation: G1CollectForAllocation
Event: 7.778 Executing VM operation: G1CollectForAllocation done
Event: 7.831 Executing VM operation: HandshakeAllThreads
Event: 7.831 Executing VM operation: HandshakeAllThreads done
Event: 7.839 Executing VM operation: HandshakeAllThreads
Event: 7.839 Executing VM operation: HandshakeAllThreads done
Event: 8.023 Executing VM operation: HandshakeAllThreads
Event: 8.023 Executing VM operation: HandshakeAllThreads done
Event: 8.152 Executing VM operation: HandshakeAllThreads
Event: 8.152 Executing VM operation: HandshakeAllThreads done

Events (20 events):
Event: 8.159 loading class java/beans/FeatureDescriptor done
Event: 8.159 loading class java/beans/EventSetDescriptor done
Event: 8.159 loading class java/beans/Introspector$1
Event: 8.159 loading class jdk/internal/access/JavaBeansAccess
Event: 8.159 loading class jdk/internal/access/JavaBeansAccess done
Event: 8.159 loading class java/beans/Introspector$1 done
Event: 8.162 loading class sun/reflect/generics/scope/MethodScope
Event: 8.162 loading class sun/reflect/generics/scope/MethodScope done
Event: 8.162 loading class sun/reflect/generics/repository/MethodRepository
Event: 8.162 loading class sun/reflect/generics/repository/MethodRepository done
Event: 8.162 loading class java/util/AbstractList$ListItr
Event: 8.162 loading class java/util/AbstractList$Itr
Event: 8.162 loading class java/util/AbstractList$Itr done
Event: 8.162 loading class java/util/AbstractList$ListItr done
Event: 8.197 loading class java/text/DateFormat
Event: 8.198 loading class java/text/Format
Event: 8.198 loading class java/text/Format done
Event: 8.198 loading class java/text/DateFormat done
Event: 8.198 loading class java/text/SimpleDateFormat
Event: 8.199 loading class java/text/SimpleDateFormat done


Dynamic libraries:
0x00007ff6eb270000 - 0x00007ff6eb27e000 	c:\Users\55119\.vscode\extensions\redhat.java-1.33.0-win32-x64\jre\17.0.11-win32-x86_64\bin\java.exe
0x00007ffd877a0000 - 0x00007ffd879a9000 	C:\Windows\SYSTEM32\ntdll.dll
0x00007ffd5fb70000 - 0x00007ffd5fb8a000 	C:\Program Files\Avast Software\Avast\aswhook.dll
0x00007ffd86260000 - 0x00007ffd8631d000 	C:\Windows\System32\KERNEL32.DLL
0x00007ffd85260000 - 0x00007ffd855e4000 	C:\Windows\System32\KERNELBASE.dll
0x00007ffd84ee0000 - 0x00007ffd84ff1000 	C:\Windows\System32\ucrtbase.dll
0x00007ffd805f0000 - 0x00007ffd80607000 	c:\Users\55119\.vscode\extensions\redhat.java-1.33.0-win32-x64\jre\17.0.11-win32-x86_64\bin\jli.dll
0x00007ffd80590000 - 0x00007ffd805ab000 	c:\Users\55119\.vscode\extensions\redhat.java-1.33.0-win32-x64\jre\17.0.11-win32-x86_64\bin\VCRUNTIME140.dll
0x00007ffd873e0000 - 0x00007ffd8758d000 	C:\Windows\System32\USER32.dll
0x00007ffd71230000 - 0x00007ffd714d5000 	C:\Windows\WinSxS\amd64_microsoft.windows.common-controls_6595b64144ccf1df_6.0.22000.120_none_9d947278b86cc467\COMCTL32.dll
0x00007ffd85230000 - 0x00007ffd85256000 	C:\Windows\System32\win32u.dll
0x00007ffd87050000 - 0x00007ffd8707a000 	C:\Windows\System32\GDI32.dll
0x00007ffd87080000 - 0x00007ffd87123000 	C:\Windows\System32\msvcrt.dll
0x00007ffd84cb0000 - 0x00007ffd84dce000 	C:\Windows\System32\gdi32full.dll
0x00007ffd84dd0000 - 0x00007ffd84e6d000 	C:\Windows\System32\msvcp_win.dll
0x00007ffd87720000 - 0x00007ffd87751000 	C:\Windows\System32\IMM32.DLL
0x00007ffd81480000 - 0x00007ffd8148c000 	c:\Users\55119\.vscode\extensions\redhat.java-1.33.0-win32-x64\jre\17.0.11-win32-x86_64\bin\vcruntime140_1.dll
0x00007ffd6b610000 - 0x00007ffd6b69d000 	c:\Users\55119\.vscode\extensions\redhat.java-1.33.0-win32-x64\jre\17.0.11-win32-x86_64\bin\msvcp140.dll
0x00007ffcf7ab0000 - 0x00007ffcf8712000 	c:\Users\55119\.vscode\extensions\redhat.java-1.33.0-win32-x64\jre\17.0.11-win32-x86_64\bin\server\jvm.dll
0x00007ffd86e90000 - 0x00007ffd86f3e000 	C:\Windows\System32\ADVAPI32.dll
0x00007ffd87140000 - 0x00007ffd871de000 	C:\Windows\System32\sechost.dll
0x00007ffd86540000 - 0x00007ffd86661000 	C:\Windows\System32\RPCRT4.dll
0x00007ffd7b350000 - 0x00007ffd7b383000 	C:\Windows\SYSTEM32\WINMM.dll
0x00007ffd6f4b0000 - 0x00007ffd6f4b9000 	C:\Windows\SYSTEM32\WSOCK32.dll
0x00007ffd83860000 - 0x00007ffd838ad000 	C:\Windows\SYSTEM32\POWRPROF.dll
0x00007ffd7a270000 - 0x00007ffd7a27a000 	C:\Windows\SYSTEM32\VERSION.dll
0x00007ffd861f0000 - 0x00007ffd8625f000 	C:\Windows\System32\WS2_32.dll
0x00007ffd837c0000 - 0x00007ffd837d3000 	C:\Windows\SYSTEM32\UMPDC.dll
0x00007ffd83d90000 - 0x00007ffd83da8000 	C:\Windows\SYSTEM32\kernel.appcore.dll
0x00007ffd805c0000 - 0x00007ffd805ca000 	c:\Users\55119\.vscode\extensions\redhat.java-1.33.0-win32-x64\jre\17.0.11-win32-x86_64\bin\jimage.dll
0x00007ffd82180000 - 0x00007ffd823a1000 	C:\Windows\SYSTEM32\DBGHELP.DLL
0x00007ffd79280000 - 0x00007ffd792b1000 	C:\Windows\SYSTEM32\dbgcore.DLL
0x00007ffd84c30000 - 0x00007ffd84caf000 	C:\Windows\System32\bcryptPrimitives.dll
0x00007ffd80550000 - 0x00007ffd80575000 	c:\Users\55119\.vscode\extensions\redhat.java-1.33.0-win32-x64\jre\17.0.11-win32-x86_64\bin\java.dll
0x00007ffd79230000 - 0x00007ffd79248000 	c:\Users\55119\.vscode\extensions\redhat.java-1.33.0-win32-x64\jre\17.0.11-win32-x86_64\bin\zip.dll
0x00007ffd85a00000 - 0x00007ffd861c5000 	C:\Windows\System32\SHELL32.dll
0x00007ffd82d00000 - 0x00007ffd83562000 	C:\Windows\SYSTEM32\windows.storage.dll
0x00007ffd85610000 - 0x00007ffd85986000 	C:\Windows\System32\combase.dll
0x00007ffd82b90000 - 0x00007ffd82cf7000 	C:\Windows\SYSTEM32\wintypes.dll
0x00007ffd86920000 - 0x00007ffd86a0a000 	C:\Windows\System32\SHCORE.dll
0x00007ffd864e0000 - 0x00007ffd8653d000 	C:\Windows\System32\shlwapi.dll
0x00007ffd84b60000 - 0x00007ffd84b85000 	C:\Windows\SYSTEM32\profapi.dll
0x00007ffd78c90000 - 0x00007ffd78ca9000 	C:\Users\55119\.vscode\extensions\redhat.java-1.33.0-win32-x64\jre\17.0.11-win32-x86_64\bin\net.dll
0x00007ffd7d600000 - 0x00007ffd7d714000 	C:\Windows\SYSTEM32\WINHTTP.dll
0x00007ffd84240000 - 0x00007ffd842a7000 	C:\Windows\system32\mswsock.dll
0x00007ffd78c30000 - 0x00007ffd78c46000 	C:\Users\55119\.vscode\extensions\redhat.java-1.33.0-win32-x64\jre\17.0.11-win32-x86_64\bin\nio.dll

dbghelp: loaded successfully - version: 4.0.5 - missing functions: none
symbol engine: initialized successfully - sym options: 0x614 - pdb path: .;c:\Users\55119\.vscode\extensions\redhat.java-1.33.0-win32-x64\jre\17.0.11-win32-x86_64\bin;C:\Windows\SYSTEM32;C:\Program Files\Avast Software\Avast;C:\Windows\WinSxS\amd64_microsoft.windows.common-controls_6595b64144ccf1df_6.0.22000.120_none_9d947278b86cc467;c:\Users\55119\.vscode\extensions\redhat.java-1.33.0-win32-x64\jre\17.0.11-win32-x86_64\bin\server

VM Arguments:
jvm_args: -Xmx1024m -Dsts.lsp.client=vscode -Dsts.log.file=/dev/null -XX:TieredStopAtLevel=1 -Xlog:jni+resolve=off -Dspring.config.location=file:c:\Users\55119\.vscode\extensions\vmware.vscode-spring-boot-1.56.0\language-server\BOOT-INF\classes\application.properties 
java_command: org.springframework.ide.vscode.boot.app.BootLanguageServerBootApp
java_class_path (initial): c:\Users\55119\.vscode\extensions\vmware.vscode-spring-boot-1.56.0\language-server\BOOT-INF\classes;c:\Users\55119\.vscode\extensions\vmware.vscode-spring-boot-1.56.0\language-server\BOOT-INF\lib\annotations-24.1.0.jar;c:\Users\55119\.vscode\extensions\vmware.vscode-spring-boot-1.56.0\language-server\BOOT-INF\lib\antlr4-runtime-4.13.1.jar;c:\Users\55119\.vscode\extensions\vmware.vscode-spring-boot-1.56.0\language-server\BOOT-INF\lib\asm-9.7.jar;c:\Users\55119\.vscode\extensions\vmware.vscode-spring-boot-1.56.0\language-server\BOOT-INF\lib\asm-analysis-9.7.jar;c:\Users\55119\.vscode\extensions\vmware.vscode-spring-boot-1.56.0\language-server\BOOT-INF\lib\asm-tree-9.7.jar;c:\Users\55119\.vscode\extensions\vmware.vscode-spring-boot-1.56.0\language-server\BOOT-INF\lib\asm-util-9.7.jar;c:\Users\55119\.vscode\extensions\vmware.vscode-spring-boot-1.56.0\language-server\BOOT-INF\lib\caffeine-3.1.8.jar;c:\Users\55119\.vscode\extensions\vmware.vscode-spring-boot-1.56.0\language-server\BOOT-INF\lib\checker-qual-3.12.0.jar;c:\Users\55119\.vscode\extensions\vmware.vscode-spring-boot-1.56.0\language-server\BOOT-INF\lib\classgraph-4.8.149.jar;c:\Users\55119\.vscode\extensions\vmware.vscode-spring-boot-1.56.0\language-server\BOOT-INF\lib\commons-codec-1.16.1.jar;c:\Users\55119\.vscode\extensions\vmware.vscode-spring-boot-1.56.0\language-server\BOOT-INF\lib\commons-compress-1.26.2.jar;c:\Users\55119\.vscode\extensions\vmware.vscode-spring-boot-1.56.0\language-server\BOOT-INF\lib\commons-io-2.16.1.jar;c:\Users\55119\.vscode\extensions\vmware.vscode-spring-boot-1.56.0\language-server\BOOT-INF\lib\commons-java-1.56.0-SNAPSHOT.jar;c:\Users\55119\.vscode\extensions\vmware.vscode-spring-boot-1.56.0\language-server\BOOT-INF\lib\commons-lang3-3.14.0.jar;c:\Users\55119\.vscode\extensions\vmware.vscode-spring-boot-1.56.0\language-server\BOOT-INF\lib\commons-language-server-1.56.0-SNAPSHOT.jar;c:\Users\55119\.vscode\extensions\vmware.vscode-spring-boot-1.56.0\langu
Launcher Type: SUN_STANDARD

[Global flags]
     intx CICompilerCount                          = 3                                         {product} {ergonomic}
     uint ConcGCThreads                            = 1                                         {product} {ergonomic}
     uint G1ConcRefinementThreads                  = 4                                         {product} {ergonomic}
   size_t G1HeapRegionSize                         = 1048576                                   {product} {ergonomic}
    uintx GCDrainStackTargetSize                   = 64                                        {product} {ergonomic}
   size_t InitialHeapSize                          = 65011712                                  {product} {ergonomic}
   size_t MarkStackSize                            = 4194304                                   {product} {ergonomic}
   size_t MaxHeapSize                              = 1073741824                                {product} {command line}
   size_t MaxNewSize                               = 643825664                                 {product} {ergonomic}
   size_t MinHeapDeltaBytes                        = 1048576                                   {product} {ergonomic}
   size_t MinHeapSize                              = 8388608                                   {product} {ergonomic}
    uintx NonProfiledCodeHeapSize                  = 0                                      {pd product} {ergonomic}
     bool ProfileInterpreter                       = false                                  {pd product} {command line}
    uintx ProfiledCodeHeapSize                     = 0                                      {pd product} {ergonomic}
   size_t SoftMaxHeapSize                          = 1073741824                             {manageable} {ergonomic}
     intx TieredStopAtLevel                        = 1                                         {product} {command line}
     bool UseCompressedClassPointers               = true                           {product lp64_product} {ergonomic}
     bool UseCompressedOops                        = true                           {product lp64_product} {ergonomic}
     bool UseG1GC                                  = true                                      {product} {ergonomic}
     bool UseLargePagesIndividualAllocation        = false                                  {pd product} {ergonomic}

Logging:
Log output configuration:
 #0: stdout all=warning,jni+resolve=off uptime,level,tags
 #1: stderr all=off uptime,level,tags

Environment Variables:
PATH=C:\Program Files\Common Files\Oracle\Java\javapath;C:\ProgramData\Oracle\Java\javapath;C:\Windows\system32;C:\Windows;C:\Windows\System32\Wbem;C:\Windows\System32\WindowsPowerShell\v1.0\;C:\Windows\System32\OpenSSH\;C:\Program Files\dotnet\;C:\Program Files\Git\cmd;C:\Program Files\PuTTY\;C:\Program Files\nodejs\;C:\php-8.2.20-nts-Win32-vs16-x64\;C:\composer;C:\Users\55119\AppData\Local\Microsoft\WindowsApps;C:\Users\55119\AppData\Local\Programs\Microsoft VS Code\bin;C:\Users\55119\AppData\Local\GitHubDesktop\bin;C:\Program Files\MySQL\MySQL Server 8.0\bin;C:\mongosh-1.8.2\bin;C:\Program Files\MongoDB\Server\6.0\bin;C:\Program Files (x86)\sqlite3;C:\Users\55119\AppData\Roaming\npm;C:\php-8.2.20-nts-Win32-vs16-x64\;C:\Users\55119\AppData\Roaming\Composer\vendor\bin
USERNAME=gabriel
OS=Windows_NT
PROCESSOR_IDENTIFIER=Intel64 Family 6 Model 140 Stepping 2, GenuineIntel
TMP=C:\Users\55119\AppData\Local\Temp
TEMP=C:\Users\55119\AppData\Local\Temp



Periodic native trim disabled


---------------  S Y S T E M  ---------------

OS:
 Windows 11 , 64 bit Build 22000 (10.0.22000.2538)
OS uptime: 1 days 5:57 hours

CPU: total 4 (initial active 4) (2 cores per cpu, 2 threads per core) family 6 model 140 stepping 2 microcode 0x26, cx8, cmov, fxsr, ht, mmx, 3dnowpref, sse, sse2, sse3, ssse3, sse4.1, sse4.2, popcnt, lzcnt, tsc, tscinvbit, avx, avx2, aes, erms, clmul, bmi1, bmi2, adx, avx512f, avx512dq, avx512cd, avx512bw, avx512vl, sha, fma, vzeroupper, avx512_vpopcntdq, avx512_vpclmulqdq, avx512_vaes, avx512_vnni, clflush, clflushopt, clwb, avx512_vbmi2, avx512_vbmi
Processor Information for all 4 processors :
  Max Mhz: 2995, Current Mhz: 2995, Mhz Limit: 2995

Memory: 4k page, system-wide physical 3879M (104M free)
TotalPageFile size 15655M (AvailPageFile size 1M)
current process WorkingSet (physical memory assigned to process): 70M, peak: 70M
current process commit charge ("private bytes"): 151M, peak: 151M

vm_info: OpenJDK 64-Bit Server VM (17.0.11+9) for windows-amd64 JRE (17.0.11+9), built on Apr 17 2024 06:07:48 by "admin" with MS VC++ 16.10 / 16.11 (VS2019)

END.
