#
# There is insufficient memory for the Java Runtime Environment to continue.
# Native memory allocation (mmap) failed to map 65536 bytes. Error detail: Failed to commit metaspace.
# Possible reasons:
#   The system is out of physical RAM or swap space
#   This process is running with CompressedOops enabled, and the Java Heap may be blocking the growth of the native heap
# Possible solutions:
#   Reduce memory load on the system
#   Increase physical memory or swap space
#   Check if swap backing store is full
#   Decrease Java heap size (-Xmx/-Xms)
#   Decrease number of Java threads
#   Decrease Java thread stack sizes (-Xss)
#   Set larger code cache with -XX:ReservedCodeCacheSize=
#   JVM is running with Unscaled Compressed Oops mode in which the Java heap is
#     placed in the first 4GB address space. The Java Heap base address is the
#     maximum limit for the native heap growth. Please use -XX:HeapBaseMinAddress
#     to set the Java Heap base and to place the Java Heap above 4GB virtual address.
# This output file may be truncated or incomplete.
#
#  Out of Memory Error (virtualSpaceNode.cpp:110), pid=28808, tid=28844
#
# JRE version: OpenJDK Runtime Environment Temurin-17.0.11+9 (17.0.11+9) (build 17.0.11+9)
# Java VM: OpenJDK 64-Bit Server VM Temurin-17.0.11+9 (17.0.11+9, mixed mode, emulated-client, tiered, compressed oops, compressed class ptrs, g1 gc, windows-amd64)
# No core dump will be written. Minidumps are not enabled by default on client versions of Windows
#

---------------  S U M M A R Y ------------

Command Line: -Xmx1024m -Dsts.lsp.client=vscode -Dsts.log.file=/dev/null -XX:TieredStopAtLevel=1 -Xlog:jni+resolve=off -Dspring.config.location=file:c:\Users\55119\.vscode\extensions\vmware.vscode-spring-boot-1.56.0\language-server\BOOT-INF\classes\application.properties org.springframework.ide.vscode.boot.app.BootLanguageServerBootApp

Host: 11th Gen Intel(R) Core(TM) i3-1115G4 @ 3.00GHz, 4 cores, 3G,  Windows 11 , 64 bit Build 22000 (10.0.22000.2538)
Time: Sun Aug 18 17:54:38 2024 Hora oficial do Brasil elapsed time: 1.584809 seconds (0d 0h 0m 1s)

---------------  T H R E A D  ---------------

Current thread (0x00000201c436f200):  JavaThread "main" [_thread_in_vm, id=28844, stack(0x000000968cb00000,0x000000968cc00000)]

Stack: [0x000000968cb00000,0x000000968cc00000]
Native frames: (J=compiled Java code, j=interpreted, Vv=VM code, C=native code)
V  [jvm.dll+0x67d429]
V  [jvm.dll+0x834b7a]
V  [jvm.dll+0x83663e]
V  [jvm.dll+0x836ca3]
V  [jvm.dll+0x247dbf]
V  [jvm.dll+0x83083b]
V  [jvm.dll+0x621d56]
V  [jvm.dll+0x1c1b3e]
V  [jvm.dll+0x6246b1]
V  [jvm.dll+0x6226f6]
V  [jvm.dll+0x36e912]
V  [jvm.dll+0x1e37cb]
V  [jvm.dll+0x542537]
V  [jvm.dll+0x7aee32]
V  [jvm.dll+0x7aed9a]
V  [jvm.dll+0x410d3e]
V  [jvm.dll+0x42449c]
C  [java.dll+0x1657]

Java frames: (J=compiled Java code, j=interpreted, Vv=VM code)
j  java.lang.ClassLoader.defineClass0(Ljava/lang/ClassLoader;Ljava/lang/Class;Ljava/lang/String;[BIILjava/security/ProtectionDomain;ZILjava/lang/Object;)Ljava/lang/Class;+0 java.base@17.0.11
j  java.lang.System$2.defineClass(Ljava/lang/ClassLoader;Ljava/lang/Class;Ljava/lang/String;[BLjava/security/ProtectionDomain;ZILjava/lang/Object;)Ljava/lang/Class;+17 java.base@17.0.11
j  java.lang.invoke.MethodHandles$Lookup$ClassDefiner.defineClass(ZLjava/lang/Object;)Ljava/lang/Class;+54 java.base@17.0.11
j  java.lang.invoke.MethodHandles$Lookup$ClassDefiner.defineClassAsLookup(Z)Ljava/lang/invoke/MethodHandles$Lookup;+3 java.base@17.0.11
j  java.lang.invoke.MethodHandles$Lookup.defineHiddenClass([BZ[Ljava/lang/invoke/MethodHandles$Lookup$ClassOption;)Ljava/lang/invoke/MethodHandles$Lookup;+65 java.base@17.0.11
j  java.lang.invoke.InnerClassLambdaMetafactory.generateInnerClass()Ljava/lang/Class;+579 java.base@17.0.11
j  java.lang.invoke.InnerClassLambdaMetafactory.spinInnerClass()Ljava/lang/Class;+114 java.base@17.0.11
j  java.lang.invoke.InnerClassLambdaMetafactory.buildCallSite()Ljava/lang/invoke/CallSite;+1 java.base@17.0.11
j  java.lang.invoke.LambdaMetafactory.metafactory(Ljava/lang/invoke/MethodHandles$Lookup;Ljava/lang/String;Ljava/lang/invoke/MethodType;Ljava/lang/invoke/MethodType;Ljava/lang/invoke/MethodHandle;Ljava/lang/invoke/MethodType;)Ljava/lang/invoke/CallSite;+67 java.base@17.0.11
j  java.lang.invoke.DirectMethodHandle$Holder.invokeStatic(Ljava/lang/Object;Ljava/lang/Object;Ljava/lang/Object;Ljava/lang/Object;Ljava/lang/Object;Ljava/lang/Object;Ljava/lang/Object;)Ljava/lang/Object;+20 java.base@17.0.11
j  java.lang.invoke.Invokers$Holder.invokeExact_MT(Ljava/lang/Object;Ljava/lang/Object;Ljava/lang/Object;Ljava/lang/Object;Ljava/lang/Object;Ljava/lang/Object;Ljava/lang/Object;Ljava/lang/Object;)Ljava/lang/Object;+28 java.base@17.0.11
j  java.lang.invoke.BootstrapMethodInvoker.invoke(Ljava/lang/Class;Ljava/lang/invoke/MethodHandle;Ljava/lang/String;Ljava/lang/Object;Ljava/lang/Object;Ljava/lang/Class;)Ljava/lang/Object;+319 java.base@17.0.11
j  java.lang.invoke.CallSite.makeSite(Ljava/lang/invoke/MethodHandle;Ljava/lang/String;Ljava/lang/invoke/MethodType;Ljava/lang/Object;Ljava/lang/Class;)Ljava/lang/invoke/CallSite;+8 java.base@17.0.11
j  java.lang.invoke.MethodHandleNatives.linkCallSiteImpl(Ljava/lang/Class;Ljava/lang/invoke/MethodHandle;Ljava/lang/String;Ljava/lang/invoke/MethodType;Ljava/lang/Object;[Ljava/lang/Object;)Ljava/lang/invoke/MemberName;+6 java.base@17.0.11
j  java.lang.invoke.MethodHandleNatives.linkCallSite(Ljava/lang/Object;ILjava/lang/Object;Ljava/lang/Object;Ljava/lang/Object;Ljava/lang/Object;[Ljava/lang/Object;)Ljava/lang/invoke/MemberName;+46 java.base@17.0.11
v  ~StubRoutines::call_stub
j  java.util.stream.Collectors.joining(Ljava/lang/CharSequence;Ljava/lang/CharSequence;Ljava/lang/CharSequence;)Ljava/util/stream/Collector;+22 java.base@17.0.11
j  java.lang.Class.methodToString(Ljava/lang/String;[Ljava/lang/Class;)Ljava/lang/String;+60 java.base@17.0.11
j  java.lang.Class.getMethod(Ljava/lang/String;[Ljava/lang/Class;)Ljava/lang/reflect/Method;+43 java.base@17.0.11
j  ch.qos.logback.core.joran.util.StringToObjectConverter.getValueOfMethod(Ljava/lang/Class;)Ljava/lang/reflect/Method;+6
j  ch.qos.logback.core.joran.util.StringToObjectConverter.followsTheValueOfConvention(Ljava/lang/Class;)Z+1
j  ch.qos.logback.core.joran.util.StringToObjectConverter.canBeBuiltFromSimpleString(Ljava/lang/Class;)Z+33
j  ch.qos.logback.core.joran.util.AggregationAssessor.computeRawAggregationType(Ljava/lang/reflect/Method;)Lch/qos/logback/core/util/AggregationType;+15
j  ch.qos.logback.core.joran.util.AggregationAssessor.computeAggregationType(Ljava/lang/String;)Lch/qos/logback/core/util/AggregationType;+105
j  ch.qos.logback.core.joran.util.PropertySetter.computeAggregationType(Ljava/lang/String;)Lch/qos/logback/core/util/AggregationType;+5
j  ch.qos.logback.core.model.processor.ImplicitModelHandler.handle(Lch/qos/logback/core/model/processor/ModelInterpretationContext;Lch/qos/logback/core/model/Model;)V+58
j  ch.qos.logback.core.model.processor.DefaultProcessor.secondPhaseTraverse(Lch/qos/logback/core/model/Model;Lch/qos/logback/core/model/processor/ModelFilter;)I+61
j  ch.qos.logback.core.model.processor.DefaultProcessor.secondPhaseTraverse(Lch/qos/logback/core/model/Model;Lch/qos/logback/core/model/processor/ModelFilter;)I+133
j  ch.qos.logback.core.model.processor.DefaultProcessor.secondPhaseTraverse(Lch/qos/logback/core/model/Model;Lch/qos/logback/core/model/processor/ModelFilter;)I+133
j  ch.qos.logback.core.model.processor.DefaultProcessor$$Lambda$92+0x0000000100114d70.traverse(Lch/qos/logback/core/model/Model;Lch/qos/logback/core/model/processor/ModelFilter;)I+6
j  ch.qos.logback.core.model.processor.DefaultProcessor.traversalLoop(Lch/qos/logback/core/model/processor/DefaultProcessor$TraverseMethod;Lch/qos/logback/core/model/Model;Lch/qos/logback/core/model/processor/ModelFilter;Ljava/lang/String;)V+16
j  ch.qos.logback.core.model.processor.DefaultProcessor.process(Lch/qos/logback/core/model/Model;)V+44
j  ch.qos.logback.core.joran.GenericXMLConfigurator.processModel(Lch/qos/logback/core/model/Model;)V+55
j  ch.qos.logback.core.joran.GenericXMLConfigurator.doConfigure(Lorg/xml/sax/InputSource;)V+80
j  ch.qos.logback.core.joran.GenericXMLConfigurator.doConfigure(Ljava/io/InputStream;Ljava/lang/String;)V+16
j  ch.qos.logback.core.joran.GenericXMLConfigurator.doConfigure(Ljava/net/URL;)V+31
j  ch.qos.logback.classic.util.DefaultJoranConfigurator.configureByResource(Ljava/net/URL;)V+46
j  ch.qos.logback.classic.util.DefaultJoranConfigurator.configure(Lch/qos/logback/classic/LoggerContext;)Lch/qos/logback/classic/spi/Configurator$ExecutionStatus;+12
j  ch.qos.logback.classic.util.ContextInitializer.invokeConfigure(Lch/qos/logback/classic/spi/Configurator;)Lch/qos/logback/classic/spi/Configurator$ExecutionStatus;+42
j  ch.qos.logback.classic.util.ContextInitializer.autoConfig(Ljava/lang/ClassLoader;)V+207
j  ch.qos.logback.classic.util.ContextInitializer.autoConfig()V+6
j  ch.qos.logback.classic.spi.LogbackServiceProvider.initializeLoggerContext()V+11
j  ch.qos.logback.classic.spi.LogbackServiceProvider.initialize()V+21
j  org.slf4j.LoggerFactory.bind()V+37
j  org.slf4j.LoggerFactory.performInitialization()V+0
j  org.slf4j.LoggerFactory.getProvider()Lorg/slf4j/spi/SLF4JServiceProvider;+21
j  org.slf4j.LoggerFactory.getILoggerFactory()Lorg/slf4j/ILoggerFactory;+0
j  org.slf4j.LoggerFactory.getLogger(Ljava/lang/String;)Lorg/slf4j/Logger;+0
j  reactor.util.Loggers$Slf4JLoggerFactory.apply(Ljava/lang/String;)Lreactor/util/Logger;+5
j  reactor.util.Loggers$Slf4JLoggerFactory.apply(Ljava/lang/Object;)Ljava/lang/Object;+5
j  reactor.util.Loggers.useSl4jLoggers()V+21
j  reactor.util.Loggers.resetLoggerFactory()V+0
j  reactor.util.Loggers.<clinit>()V+0
v  ~StubRoutines::call_stub
j  reactor.core.publisher.Hooks.<clinit>()V+19
v  ~StubRoutines::call_stub
j  org.springframework.ide.vscode.boot.app.BootLanguageServerBootApp.main([Ljava/lang/String;)V+0
v  ~StubRoutines::call_stub

---------------  P R O C E S S  ---------------

Threads class SMR info:
_java_thread_list=0x00000201cec1b460, length=11, elements={
0x00000201c436f200, 0x00000201ce8c0380, 0x00000201ce8c0e50, 0x00000201ce8eba30,
0x00000201ce8ec300, 0x00000201ce8eebe0, 0x00000201ce8f14c0, 0x00000201ce8f1d90,
0x00000201ce912390, 0x00000201cec4fa20, 0x00000201cec5c1e0
}

Java Threads: ( => current thread )
=>0x00000201c436f200 JavaThread "main" [_thread_in_vm, id=28844, stack(0x000000968cb00000,0x000000968cc00000)]
  0x00000201ce8c0380 JavaThread "Reference Handler" daemon [_thread_blocked, id=28824, stack(0x000000968d200000,0x000000968d300000)]
  0x00000201ce8c0e50 JavaThread "Finalizer" daemon [_thread_blocked, id=28804, stack(0x000000968d300000,0x000000968d400000)]
  0x00000201ce8eba30 JavaThread "Signal Dispatcher" daemon [_thread_blocked, id=28924, stack(0x000000968d400000,0x000000968d500000)]
  0x00000201ce8ec300 JavaThread "Attach Listener" daemon [_thread_blocked, id=25228, stack(0x000000968d500000,0x000000968d600000)]
  0x00000201ce8eebe0 JavaThread "Service Thread" daemon [_thread_blocked, id=28952, stack(0x000000968d600000,0x000000968d700000)]
  0x00000201ce8f14c0 JavaThread "Monitor Deflation Thread" daemon [_thread_blocked, id=28948, stack(0x000000968d700000,0x000000968d800000)]
  0x00000201ce8f1d90 JavaThread "C1 CompilerThread0" daemon [_thread_blocked, id=3112, stack(0x000000968d800000,0x000000968d900000)]
  0x00000201ce912390 JavaThread "Sweeper thread" daemon [_thread_blocked, id=28984, stack(0x000000968d900000,0x000000968da00000)]
  0x00000201cec4fa20 JavaThread "Notification Thread" daemon [_thread_blocked, id=28936, stack(0x000000968da00000,0x000000968db00000)]
  0x00000201cec5c1e0 JavaThread "Common-Cleaner" daemon [_thread_blocked, id=28928, stack(0x000000968dc00000,0x000000968dd00000)]

Other Threads:
  0x00000201ce8a8b30 VMThread "VM Thread" [stack: 0x000000968d100000,0x000000968d200000] [id=28836]
  0x00000201cec53f10 WatcherThread [stack: 0x000000968db00000,0x000000968dc00000] [id=28932]
  0x00000201c43a9970 GCTaskThread "GC Thread#0" [stack: 0x000000968cc00000,0x000000968cd00000] [id=28840]
  0x00000201d3421320 GCTaskThread "GC Thread#1" [stack: 0x000000968dd00000,0x000000968de00000] [id=28940]
  0x00000201d3421b60 GCTaskThread "GC Thread#2" [stack: 0x000000968de00000,0x000000968df00000] [id=28944]
  0x00000201d3421060 GCTaskThread "GC Thread#3" [stack: 0x000000968df00000,0x000000968e000000] [id=28960]
  0x00000201c43b2fe0 ConcurrentGCThread "G1 Main Marker" [stack: 0x000000968cd00000,0x000000968ce00000] [id=28792]
  0x00000201c43b4a60 ConcurrentGCThread "G1 Conc#0" [stack: 0x000000968ce00000,0x000000968cf00000] [id=28820]
  0x00000201c43f49d0 ConcurrentGCThread "G1 Refine#0" [stack: 0x000000968cf00000,0x000000968d000000] [id=28864]
  0x00000201c43f5310 ConcurrentGCThread "G1 Service" [stack: 0x000000968d000000,0x000000968d100000] [id=28828]

Threads with active compile tasks:

VM state: not at safepoint (normal execution)

VM Mutex/Monitor currently owned by a thread:  ([mutex/lock_event])
[0x00000201c218e360] Metaspace_lock - owner thread: 0x00000201c436f200

Heap address: 0x00000000c0000000, size: 1024 MB, Compressed Oops mode: 32-bit

CDS archive(s) not mapped
Compressed class space mapped at: 0x0000000100000000-0x0000000140000000, reserved size: 1073741824
Narrow klass base: 0x0000000000000000, Narrow klass shift: 3, Narrow klass range: 0x140000000

GC Precious Log:
 CPUs: 4 total, 4 available
 Memory: 3879M
 Large Page Support: Disabled
 NUMA Support: Disabled
 Compressed Oops: Enabled (32-bit)
 Heap Region Size: 1M
 Heap Min Capacity: 8M
 Heap Initial Capacity: 62M
 Heap Max Capacity: 1G
 Pre-touch: Disabled
 Parallel Workers: 4
 Concurrent Workers: 1
 Concurrent Refinement Workers: 4
 Periodic GC: Disabled

Heap:
 garbage-first heap   total 63488K, used 19712K [0x00000000c0000000, 0x0000000100000000)
  region size 1024K, 7 young (7168K), 2 survivors (2048K)
 Metaspace       used 9316K, committed 9472K, reserved 1114112K
  class space    used 1100K, committed 1152K, reserved 1048576K

Heap Regions: E=young(eden), S=young(survivor), O=old, HS=humongous(starts), HC=humongous(continues), CS=collection set, F=free, OA=open archive, CA=closed archive, TAMS=top-at-mark-start (previous, next)
|   0|0x00000000c0000000, 0x00000000c0100000, 0x00000000c0100000|100%|HS|  |TAMS 0x00000000c0000000, 0x00000000c0000000| Complete 
|   1|0x00000000c0100000, 0x00000000c0200000, 0x00000000c0200000|100%|HC|  |TAMS 0x00000000c0100000, 0x00000000c0100000| Complete 
|   2|0x00000000c0200000, 0x00000000c0300000, 0x00000000c0300000|100%|HC|  |TAMS 0x00000000c0200000, 0x00000000c0200000| Complete 
|   3|0x00000000c0300000, 0x00000000c0400000, 0x00000000c0400000|100%|HC|  |TAMS 0x00000000c0300000, 0x00000000c0300000| Complete 
|   4|0x00000000c0400000, 0x00000000c0500000, 0x00000000c0500000|100%| O|  |TAMS 0x00000000c0400000, 0x00000000c0400000| Untracked 
|   5|0x00000000c0500000, 0x00000000c0600000, 0x00000000c0600000|100%| O|  |TAMS 0x00000000c0500000, 0x00000000c0500000| Untracked 
|   6|0x00000000c0600000, 0x00000000c0700000, 0x00000000c0700000|100%| O|  |TAMS 0x00000000c0600000, 0x00000000c0600000| Untracked 
|   7|0x00000000c0700000, 0x00000000c0800000, 0x00000000c0800000|100%| O|  |TAMS 0x00000000c0700000, 0x00000000c0700000| Untracked 
|   8|0x00000000c0800000, 0x00000000c0900000, 0x00000000c0900000|100%| O|  |TAMS 0x00000000c0800000, 0x00000000c0800000| Untracked 
|   9|0x00000000c0900000, 0x00000000c0a00000, 0x00000000c0a00000|100%| O|  |TAMS 0x00000000c0900000, 0x00000000c0900000| Untracked 
|  10|0x00000000c0a00000, 0x00000000c0b00000, 0x00000000c0b00000|100%|HS|  |TAMS 0x00000000c0a00000, 0x00000000c0a00000| Complete 
|  11|0x00000000c0b00000, 0x00000000c0c00000, 0x00000000c0c00000|100%|HC|  |TAMS 0x00000000c0b00000, 0x00000000c0b00000| Complete 
|  12|0x00000000c0c00000, 0x00000000c0d00000, 0x00000000c0d00000|100%| O|  |TAMS 0x00000000c0c00000, 0x00000000c0c00000| Untracked 
|  13|0x00000000c0d00000, 0x00000000c0d6c600, 0x00000000c0e00000| 42%| O|  |TAMS 0x00000000c0d00000, 0x00000000c0d00000| Untracked 
|  14|0x00000000c0e00000, 0x00000000c0e00000, 0x00000000c0f00000|  0%| F|  |TAMS 0x00000000c0e00000, 0x00000000c0e00000| Untracked 
|  15|0x00000000c0f00000, 0x00000000c0f00000, 0x00000000c1000000|  0%| F|  |TAMS 0x00000000c0f00000, 0x00000000c0f00000| Untracked 
|  16|0x00000000c1000000, 0x00000000c1000000, 0x00000000c1100000|  0%| F|  |TAMS 0x00000000c1000000, 0x00000000c1000000| Untracked 
|  17|0x00000000c1100000, 0x00000000c1100000, 0x00000000c1200000|  0%| F|  |TAMS 0x00000000c1100000, 0x00000000c1100000| Untracked 
|  18|0x00000000c1200000, 0x00000000c1200000, 0x00000000c1300000|  0%| F|  |TAMS 0x00000000c1200000, 0x00000000c1200000| Untracked 
|  19|0x00000000c1300000, 0x00000000c1300000, 0x00000000c1400000|  0%| F|  |TAMS 0x00000000c1300000, 0x00000000c1300000| Untracked 
|  20|0x00000000c1400000, 0x00000000c1400000, 0x00000000c1500000|  0%| F|  |TAMS 0x00000000c1400000, 0x00000000c1400000| Untracked 
|  21|0x00000000c1500000, 0x00000000c1500000, 0x00000000c1600000|  0%| F|  |TAMS 0x00000000c1500000, 0x00000000c1500000| Untracked 
|  22|0x00000000c1600000, 0x00000000c1600000, 0x00000000c1700000|  0%| F|  |TAMS 0x00000000c1600000, 0x00000000c1600000| Untracked 
|  23|0x00000000c1700000, 0x00000000c1700000, 0x00000000c1800000|  0%| F|  |TAMS 0x00000000c1700000, 0x00000000c1700000| Untracked 
|  24|0x00000000c1800000, 0x00000000c1800000, 0x00000000c1900000|  0%| F|  |TAMS 0x00000000c1800000, 0x00000000c1800000| Untracked 
|  25|0x00000000c1900000, 0x00000000c1900000, 0x00000000c1a00000|  0%| F|  |TAMS 0x00000000c1900000, 0x00000000c1900000| Untracked 
|  26|0x00000000c1a00000, 0x00000000c1a00000, 0x00000000c1b00000|  0%| F|  |TAMS 0x00000000c1a00000, 0x00000000c1a00000| Untracked 
|  27|0x00000000c1b00000, 0x00000000c1b00000, 0x00000000c1c00000|  0%| F|  |TAMS 0x00000000c1b00000, 0x00000000c1b00000| Untracked 
|  28|0x00000000c1c00000, 0x00000000c1c00000, 0x00000000c1d00000|  0%| F|  |TAMS 0x00000000c1c00000, 0x00000000c1c00000| Untracked 
|  29|0x00000000c1d00000, 0x00000000c1d00000, 0x00000000c1e00000|  0%| F|  |TAMS 0x00000000c1d00000, 0x00000000c1d00000| Untracked 
|  30|0x00000000c1e00000, 0x00000000c1e00000, 0x00000000c1f00000|  0%| F|  |TAMS 0x00000000c1e00000, 0x00000000c1e00000| Untracked 
|  31|0x00000000c1f00000, 0x00000000c1f00000, 0x00000000c2000000|  0%| F|  |TAMS 0x00000000c1f00000, 0x00000000c1f00000| Untracked 
|  32|0x00000000c2000000, 0x00000000c2000000, 0x00000000c2100000|  0%| F|  |TAMS 0x00000000c2000000, 0x00000000c2000000| Untracked 
|  33|0x00000000c2100000, 0x00000000c2100000, 0x00000000c2200000|  0%| F|  |TAMS 0x00000000c2100000, 0x00000000c2100000| Untracked 
|  34|0x00000000c2200000, 0x00000000c2200000, 0x00000000c2300000|  0%| F|  |TAMS 0x00000000c2200000, 0x00000000c2200000| Untracked 
|  35|0x00000000c2300000, 0x00000000c2300000, 0x00000000c2400000|  0%| F|  |TAMS 0x00000000c2300000, 0x00000000c2300000| Untracked 
|  36|0x00000000c2400000, 0x00000000c2400000, 0x00000000c2500000|  0%| F|  |TAMS 0x00000000c2400000, 0x00000000c2400000| Untracked 
|  37|0x00000000c2500000, 0x00000000c2500000, 0x00000000c2600000|  0%| F|  |TAMS 0x00000000c2500000, 0x00000000c2500000| Untracked 
|  38|0x00000000c2600000, 0x00000000c2600000, 0x00000000c2700000|  0%| F|  |TAMS 0x00000000c2600000, 0x00000000c2600000| Untracked 
|  39|0x00000000c2700000, 0x00000000c2700000, 0x00000000c2800000|  0%| F|  |TAMS 0x00000000c2700000, 0x00000000c2700000| Untracked 
|  40|0x00000000c2800000, 0x00000000c2800000, 0x00000000c2900000|  0%| F|  |TAMS 0x00000000c2800000, 0x00000000c2800000| Untracked 
|  41|0x00000000c2900000, 0x00000000c2900000, 0x00000000c2a00000|  0%| F|  |TAMS 0x00000000c2900000, 0x00000000c2900000| Untracked 
|  42|0x00000000c2a00000, 0x00000000c2a00000, 0x00000000c2b00000|  0%| F|  |TAMS 0x00000000c2a00000, 0x00000000c2a00000| Untracked 
|  43|0x00000000c2b00000, 0x00000000c2b00000, 0x00000000c2c00000|  0%| F|  |TAMS 0x00000000c2b00000, 0x00000000c2b00000| Untracked 
|  44|0x00000000c2c00000, 0x00000000c2c00000, 0x00000000c2d00000|  0%| F|  |TAMS 0x00000000c2c00000, 0x00000000c2c00000| Untracked 
|  45|0x00000000c2d00000, 0x00000000c2d00000, 0x00000000c2e00000|  0%| F|  |TAMS 0x00000000c2d00000, 0x00000000c2d00000| Untracked 
|  46|0x00000000c2e00000, 0x00000000c2e00000, 0x00000000c2f00000|  0%| F|  |TAMS 0x00000000c2e00000, 0x00000000c2e00000| Untracked 
|  47|0x00000000c2f00000, 0x00000000c2f00000, 0x00000000c3000000|  0%| F|  |TAMS 0x00000000c2f00000, 0x00000000c2f00000| Untracked 
|  48|0x00000000c3000000, 0x00000000c3000000, 0x00000000c3100000|  0%| F|  |TAMS 0x00000000c3000000, 0x00000000c3000000| Untracked 
|  49|0x00000000c3100000, 0x00000000c3100000, 0x00000000c3200000|  0%| F|  |TAMS 0x00000000c3100000, 0x00000000c3100000| Untracked 
|  50|0x00000000c3200000, 0x00000000c3200000, 0x00000000c3300000|  0%| F|  |TAMS 0x00000000c3200000, 0x00000000c3200000| Untracked 
|  51|0x00000000c3300000, 0x00000000c33d3ba8, 0x00000000c3400000| 82%| S|CS|TAMS 0x00000000c3300000, 0x00000000c3300000| Complete 
|  52|0x00000000c3400000, 0x00000000c3500000, 0x00000000c3500000|100%| S|CS|TAMS 0x00000000c3400000, 0x00000000c3400000| Complete 
|  53|0x00000000c3500000, 0x00000000c3500000, 0x00000000c3600000|  0%| F|  |TAMS 0x00000000c3500000, 0x00000000c3500000| Untracked 
|  54|0x00000000c3600000, 0x00000000c3600000, 0x00000000c3700000|  0%| F|  |TAMS 0x00000000c3600000, 0x00000000c3600000| Untracked 
|  55|0x00000000c3700000, 0x00000000c3700000, 0x00000000c3800000|  0%| F|  |TAMS 0x00000000c3700000, 0x00000000c3700000| Untracked 
|  56|0x00000000c3800000, 0x00000000c3800000, 0x00000000c3900000|  0%| F|  |TAMS 0x00000000c3800000, 0x00000000c3800000| Untracked 
|  57|0x00000000c3900000, 0x00000000c39c8e40, 0x00000000c3a00000| 78%| E|  |TAMS 0x00000000c3900000, 0x00000000c3900000| Complete 
|  58|0x00000000c3a00000, 0x00000000c3b00000, 0x00000000c3b00000|100%| E|CS|TAMS 0x00000000c3a00000, 0x00000000c3a00000| Complete 
|  59|0x00000000c3b00000, 0x00000000c3c00000, 0x00000000c3c00000|100%| E|CS|TAMS 0x00000000c3b00000, 0x00000000c3b00000| Complete 
|  60|0x00000000c3c00000, 0x00000000c3d00000, 0x00000000c3d00000|100%| E|CS|TAMS 0x00000000c3c00000, 0x00000000c3c00000| Complete 
|  61|0x00000000c3d00000, 0x00000000c3e00000, 0x00000000c3e00000|100%| E|CS|TAMS 0x00000000c3d00000, 0x00000000c3d00000| Complete 

Card table byte_map: [0x00000201ca000000,0x00000201ca200000] _byte_map_base: 0x00000201c9a00000

Marking Bits (Prev, Next): (CMBitMap*) 0x00000201c43a9ea0, (CMBitMap*) 0x00000201c43a9ee0
 Prev Bits: [0x00000201ca400000, 0x00000201cb400000)
 Next Bits: [0x00000201cb400000, 0x00000201cc400000)

Polling page: 0x00000201c22a0000

Metaspace:

Usage:
  Non-class:      8.02 MB used.
      Class:      1.07 MB used.
       Both:      9.10 MB used.

Virtual space:
  Non-class space:       64.00 MB reserved,       8.12 MB ( 13%) committed,  1 nodes.
      Class space:        1.00 GB reserved,       1.12 MB ( <1%) committed,  1 nodes.
             Both:        1.06 GB reserved,       9.25 MB ( <1%) committed. 

Chunk freelists:
   Non-Class:  7.64 MB
       Class:  14.64 MB
        Both:  22.28 MB

MaxMetaspaceSize: unlimited
CompressedClassSpaceSize: 1.00 GB
Initial GC threshold: 21.00 MB
Current GC threshold: 21.00 MB
CDS: off
MetaspaceReclaimPolicy: balanced
 - commit_granule_bytes: 65536.
 - commit_granule_words: 8192.
 - virtual_space_node_default_size: 8388608.
 - enlarge_chunks_in_place: 1.
 - new_chunks_are_fully_committed: 0.
 - uncommit_free_chunks: 1.
 - use_allocation_guard: 0.
 - handle_deallocations: 1.


Internal statistics:

num_allocs_failed_limit: 0.
num_arena_births: 92.
num_arena_deaths: 0.
num_vsnodes_births: 2.
num_vsnodes_deaths: 0.
num_space_committed: 148.
num_space_uncommitted: 0.
num_chunks_returned_to_freelist: 0.
num_chunks_taken_from_freelist: 204.
num_chunk_merges: 0.
num_chunk_splits: 137.
num_chunks_enlarged: 105.
num_inconsistent_stats: 0.

CodeCache: size=49152Kb used=2435Kb max_used=2435Kb free=46716Kb
 bounds [0x00000201c7000000, 0x00000201c7270000, 0x00000201ca000000]
 total_blobs=1277 nmethods=882 adapters=323
 compilation: enabled
              stopped_count=0, restarted_count=0
 full_count=0

Compilation events (20 events):
Event: 1.572 Thread 0x00000201ce8f1d90 nmethod 873 0x00000201c725c310 code [0x00000201c725c4c0, 0x00000201c725c5d8]
Event: 1.572 Thread 0x00000201ce8f1d90  868       1       java.lang.reflect.Method::getReturnType (5 bytes)
Event: 1.572 Thread 0x00000201ce8f1d90 nmethod 868 0x00000201c725c690 code [0x00000201c725c820, 0x00000201c725c8f8]
Event: 1.572 Thread 0x00000201ce8f1d90  871       1       java.lang.reflect.Method::getDeclaringClass (5 bytes)
Event: 1.572 Thread 0x00000201ce8f1d90 nmethod 871 0x00000201c725c990 code [0x00000201c725cb20, 0x00000201c725cbf8]
Event: 1.572 Thread 0x00000201ce8f1d90  869       1       java.lang.reflect.Method::getSharedParameterTypes (5 bytes)
Event: 1.572 Thread 0x00000201ce8f1d90 nmethod 869 0x00000201c725cc90 code [0x00000201c725ce20, 0x00000201c725cef8]
Event: 1.572 Thread 0x00000201ce8f1d90  872       1       java.lang.ref.Reference::<init> (7 bytes)
Event: 1.573 Thread 0x00000201ce8f1d90 nmethod 872 0x00000201c725cf90 code [0x00000201c725d120, 0x00000201c725d298]
Event: 1.573 Thread 0x00000201ce8f1d90  874       1       java.lang.reflect.Method::getModifiers (5 bytes)
Event: 1.573 Thread 0x00000201ce8f1d90 nmethod 874 0x00000201c725d310 code [0x00000201c725d4a0, 0x00000201c725d578]
Event: 1.574 Thread 0x00000201ce8f1d90  875       1       java.util.Optional::<init> (10 bytes)
Event: 1.574 Thread 0x00000201ce8f1d90 nmethod 875 0x00000201c725d610 code [0x00000201c725d7a0, 0x00000201c725d8b8]
Event: 1.574 Thread 0x00000201ce8f1d90  876       1       java.lang.invoke.AbstractValidatingLambdaMetafactory::isAdaptableTo (126 bytes)
Event: 1.575 Thread 0x00000201ce8f1d90 nmethod 876 0x00000201c725d910 code [0x00000201c725db40, 0x00000201c725dfa8]
Event: 1.576 Thread 0x00000201ce8f1d90  878       1       jdk.internal.access.SharedSecrets::getJavaLangAccess (4 bytes)
Event: 1.576 Thread 0x00000201ce8f1d90 nmethod 878 0x00000201c725e790 code [0x00000201c725e920, 0x00000201c725e9d8]
Event: 1.576 Thread 0x00000201ce8f1d90  879       1       jdk.internal.org.objectweb.asm.MethodWriter::visitCode (1 bytes)
Event: 1.576 Thread 0x00000201ce8f1d90 nmethod 879 0x00000201c725ea90 code [0x00000201c725ec20, 0x00000201c725ecd8]
Event: 1.576 Thread 0x00000201ce8f1d90  880       1       java.lang.Class::descriptorString (170 bytes)

GC Heap History (4 events):
Event: 1.205 GC heap before
{Heap before GC invocations=0 (full 0):
 garbage-first heap   total 63488K, used 17408K [0x00000000c0000000, 0x0000000100000000)
  region size 1024K, 13 young (13312K), 0 survivors (0K)
 Metaspace       used 5782K, committed 5888K, reserved 1114112K
  class space    used 556K, committed 640K, reserved 1048576K
}
Event: 1.219 GC heap after
{Heap after GC invocations=1 (full 0):
 garbage-first heap   total 63488K, used 11676K [0x00000000c0000000, 0x0000000100000000)
  region size 1024K, 2 young (2048K), 2 survivors (2048K)
 Metaspace       used 5782K, committed 5888K, reserved 1114112K
  class space    used 556K, committed 640K, reserved 1048576K
}
Event: 1.489 GC heap before
{Heap before GC invocations=1 (full 0):
 garbage-first heap   total 63488K, used 22940K [0x00000000c0000000, 0x0000000100000000)
  region size 1024K, 11 young (11264K), 2 survivors (2048K)
 Metaspace       used 7936K, committed 8128K, reserved 1114112K
  class space    used 861K, committed 960K, reserved 1048576K
}
Event: 1.493 GC heap after
{Heap after GC invocations=2 (full 0):
 garbage-first heap   total 63488K, used 15616K [0x00000000c0000000, 0x0000000100000000)
  region size 1024K, 2 young (2048K), 2 survivors (2048K)
 Metaspace       used 7936K, committed 8128K, reserved 1114112K
  class space    used 861K, committed 960K, reserved 1048576K
}

Dll operation events (5 events):
Event: 0.024 Loaded shared library c:\Users\55119\.vscode\extensions\redhat.java-1.33.0-win32-x64\jre\17.0.11-win32-x86_64\bin\java.dll
Event: 0.327 Loaded shared library C:\Users\55119\.vscode\extensions\redhat.java-1.33.0-win32-x64\jre\17.0.11-win32-x86_64\bin\net.dll
Event: 0.335 Loaded shared library C:\Users\55119\.vscode\extensions\redhat.java-1.33.0-win32-x64\jre\17.0.11-win32-x86_64\bin\nio.dll
Event: 0.348 Loaded shared library C:\Users\55119\.vscode\extensions\redhat.java-1.33.0-win32-x64\jre\17.0.11-win32-x86_64\bin\zip.dll
Event: 1.187 Loaded shared library C:\Users\55119\.vscode\extensions\redhat.java-1.33.0-win32-x64\jre\17.0.11-win32-x86_64\bin\jimage.dll

Deoptimization events (0 events):
No events

Classes unloaded (0 events):
No events

Classes redefined (0 events):
No events

Internal exceptions (9 events):
Event: 1.350 Thread 0x00000201c436f200 Exception <a 'java/lang/ClassNotFoundException'{0x00000000c3b772b8}: javax/smartcardio/CardPermission> (0x00000000c3b772b8) 
thrown [s\src\hotspot\share\classfile\systemDictionary.cpp, line 256]
Event: 1.357 Thread 0x00000201c436f200 Exception <a 'java/io/FileNotFoundException'{0x00000000c3b85828}> (0x00000000c3b85828) 
thrown [s\src\hotspot\share\prims\jni.cpp, line 516]
Event: 1.378 Thread 0x00000201c436f200 Exception <a 'java/lang/NoSuchMethodError'{0x00000000c3a1bed8}: 'java.lang.Object java.lang.invoke.DirectMethodHandle$Holder.invokeSpecial(java.lang.Object, java.lang.Object, java.lang.Object, long, java.lang.Object)'> (0x00000000c3a1bed8) 
thrown [s\src\hotspot\share\interpreter\linkResolver.cpp, line 759]
Event: 1.379 Thread 0x00000201c436f200 Exception <a 'java/lang/NoSuchMethodError'{0x00000000c3a1fb78}: 'java.lang.Object java.lang.invoke.Invokers$Holder.linkToTargetMethod(java.lang.Object, long, java.lang.Object, java.lang.Object)'> (0x00000000c3a1fb78) 
thrown [s\src\hotspot\share\interpreter\linkResolver.cpp, line 759]
Event: 1.402 Thread 0x00000201c436f200 Exception <a 'java/lang/NoSuchMethodError'{0x00000000c3908308}: 'void java.lang.invoke.DirectMethodHandle$Holder.invokeStatic(java.lang.Object, java.lang.Object, java.lang.Object)'> (0x00000000c3908308) 
thrown [s\src\hotspot\share\interpreter\linkResolver.cpp, line 759]
Event: 1.508 Thread 0x00000201c436f200 Exception <a 'java/lang/NoSuchMethodError'{0x00000000c3de9678}: 'void java.lang.invoke.DirectMethodHandle$Holder.invokeSpecialIFC(java.lang.Object, java.lang.Object, java.lang.Object, java.lang.Object, java.lang.Object)'> (0x00000000c3de9678) 
thrown [s\src\hotspot\share\interpreter\linkResolver.cpp, line 759]
Event: 1.509 Thread 0x00000201c436f200 Exception <a 'java/lang/NoSuchMethodError'{0x00000000c3df1a50}: 'void java.lang.invoke.DirectMethodHandle$Holder.invokeStatic(java.lang.Object, java.lang.Object, java.lang.Object, java.lang.Object)'> (0x00000000c3df1a50) 
thrown [s\src\hotspot\share\interpreter\linkResolver.cpp, line 759]
Event: 1.510 Thread 0x00000201c436f200 Exception <a 'java/lang/NoSuchMethodError'{0x00000000c3dfd358}: 'int java.lang.invoke.DirectMethodHandle$Holder.invokeSpecial(java.lang.Object, java.lang.Object, java.lang.Object)'> (0x00000000c3dfd358) 
thrown [s\src\hotspot\share\interpreter\linkResolver.cpp, line 759]
Event: 1.528 Thread 0x00000201c436f200 Exception <a 'java/lang/NoSuchMethodError'{0x00000000c3b3dd30}: 'java.lang.Object java.lang.invoke.DirectMethodHandle$Holder.invokeStaticInit(java.lang.Object, java.lang.Object, java.lang.Object)'> (0x00000000c3b3dd30) 
thrown [s\src\hotspot\share\interpreter\linkResolver.cpp, line 759]

VM Operations (14 events):
Event: 0.352 Executing VM operation: HandshakeAllThreads
Event: 0.352 Executing VM operation: HandshakeAllThreads done
Event: 1.173 Executing VM operation: HandshakeAllThreads
Event: 1.173 Executing VM operation: HandshakeAllThreads done
Event: 1.173 Executing VM operation: Cleanup
Event: 1.174 Executing VM operation: Cleanup done
Event: 1.204 Executing VM operation: G1CollectForAllocation
Event: 1.219 Executing VM operation: G1CollectForAllocation done
Event: 1.303 Executing VM operation: HandshakeAllThreads
Event: 1.303 Executing VM operation: HandshakeAllThreads done
Event: 1.324 Executing VM operation: HandshakeAllThreads
Event: 1.324 Executing VM operation: HandshakeAllThreads done
Event: 1.489 Executing VM operation: G1CollectForAllocation
Event: 1.493 Executing VM operation: G1CollectForAllocation done

Events (20 events):
Event: 1.570 loading class java/lang/invoke/VarHandles$1
Event: 1.570 loading class java/lang/invoke/VarHandles$1 done
Event: 1.570 loading class java/lang/invoke/VarHandleInts$FieldInstanceReadWrite
Event: 1.570 loading class java/lang/invoke/VarHandleInts$FieldInstanceReadOnly
Event: 1.570 loading class java/lang/invoke/VarHandleInts$FieldInstanceReadOnly done
Event: 1.570 loading class java/lang/invoke/VarHandleInts$FieldInstanceReadWrite done
Event: 1.570 loading class java/lang/invoke/VarHandle$1
Event: 1.570 loading class java/lang/invoke/VarHandle$1 done
Event: 1.570 loading class jdk/internal/util/Preconditions$1
Event: 1.570 loading class jdk/internal/util/Preconditions$1 done
Event: 1.570 loading class java/lang/invoke/VarHandleGuards
Event: 1.570 loading class java/lang/invoke/VarHandleGuards done
Event: 1.571 loading class java/lang/invoke/VarForm
Event: 1.571 loading class java/lang/invoke/VarForm done
Event: 1.574 loading class java/nio/charset/UnsupportedCharsetException
Event: 1.574 loading class java/nio/charset/UnsupportedCharsetException done
Event: 1.574 loading class jdk/internal/loader/BootLoader$PackageHelper
Event: 1.574 loading class jdk/internal/loader/BootLoader$PackageHelper done
Event: 1.576 loading class java/util/stream/ReferencePipeline$3
Event: 1.576 loading class java/util/stream/ReferencePipeline$3 done


Dynamic libraries:
0x00007ff6eb270000 - 0x00007ff6eb27e000 	c:\Users\55119\.vscode\extensions\redhat.java-1.33.0-win32-x64\jre\17.0.11-win32-x86_64\bin\java.exe
0x00007ffd877a0000 - 0x00007ffd879a9000 	C:\Windows\SYSTEM32\ntdll.dll
0x00007ffd5fb70000 - 0x00007ffd5fb8a000 	C:\Program Files\Avast Software\Avast\aswhook.dll
0x00007ffd86260000 - 0x00007ffd8631d000 	C:\Windows\System32\KERNEL32.DLL
0x00007ffd85260000 - 0x00007ffd855e4000 	C:\Windows\System32\KERNELBASE.dll
0x00007ffd84ee0000 - 0x00007ffd84ff1000 	C:\Windows\System32\ucrtbase.dll
0x00007ffd805f0000 - 0x00007ffd80607000 	c:\Users\55119\.vscode\extensions\redhat.java-1.33.0-win32-x64\jre\17.0.11-win32-x86_64\bin\jli.dll
0x00007ffd80590000 - 0x00007ffd805ab000 	c:\Users\55119\.vscode\extensions\redhat.java-1.33.0-win32-x64\jre\17.0.11-win32-x86_64\bin\VCRUNTIME140.dll
0x00007ffd873e0000 - 0x00007ffd8758d000 	C:\Windows\System32\USER32.dll
0x00007ffd85230000 - 0x00007ffd85256000 	C:\Windows\System32\win32u.dll
0x00007ffd87050000 - 0x00007ffd8707a000 	C:\Windows\System32\GDI32.dll
0x00007ffd71230000 - 0x00007ffd714d5000 	C:\Windows\WinSxS\amd64_microsoft.windows.common-controls_6595b64144ccf1df_6.0.22000.120_none_9d947278b86cc467\COMCTL32.dll
0x00007ffd84cb0000 - 0x00007ffd84dce000 	C:\Windows\System32\gdi32full.dll
0x00007ffd84dd0000 - 0x00007ffd84e6d000 	C:\Windows\System32\msvcp_win.dll
0x00007ffd87080000 - 0x00007ffd87123000 	C:\Windows\System32\msvcrt.dll
0x00007ffd87720000 - 0x00007ffd87751000 	C:\Windows\System32\IMM32.DLL
0x00007ffd81480000 - 0x00007ffd8148c000 	c:\Users\55119\.vscode\extensions\redhat.java-1.33.0-win32-x64\jre\17.0.11-win32-x86_64\bin\vcruntime140_1.dll
0x00007ffd6b610000 - 0x00007ffd6b69d000 	c:\Users\55119\.vscode\extensions\redhat.java-1.33.0-win32-x64\jre\17.0.11-win32-x86_64\bin\msvcp140.dll
0x00007ffcf7ab0000 - 0x00007ffcf8712000 	c:\Users\55119\.vscode\extensions\redhat.java-1.33.0-win32-x64\jre\17.0.11-win32-x86_64\bin\server\jvm.dll
0x00007ffd86e90000 - 0x00007ffd86f3e000 	C:\Windows\System32\ADVAPI32.dll
0x00007ffd87140000 - 0x00007ffd871de000 	C:\Windows\System32\sechost.dll
0x00007ffd86540000 - 0x00007ffd86661000 	C:\Windows\System32\RPCRT4.dll
0x00007ffd83860000 - 0x00007ffd838ad000 	C:\Windows\SYSTEM32\POWRPROF.dll
0x00007ffd7b350000 - 0x00007ffd7b383000 	C:\Windows\SYSTEM32\WINMM.dll
0x00007ffd6f4b0000 - 0x00007ffd6f4b9000 	C:\Windows\SYSTEM32\WSOCK32.dll
0x00007ffd7a270000 - 0x00007ffd7a27a000 	C:\Windows\SYSTEM32\VERSION.dll
0x00007ffd861f0000 - 0x00007ffd8625f000 	C:\Windows\System32\WS2_32.dll
0x00007ffd837c0000 - 0x00007ffd837d3000 	C:\Windows\SYSTEM32\UMPDC.dll
0x00007ffd83d90000 - 0x00007ffd83da8000 	C:\Windows\SYSTEM32\kernel.appcore.dll
0x00007ffd805c0000 - 0x00007ffd805ca000 	c:\Users\55119\.vscode\extensions\redhat.java-1.33.0-win32-x64\jre\17.0.11-win32-x86_64\bin\jimage.dll
0x00007ffd82180000 - 0x00007ffd823a1000 	C:\Windows\SYSTEM32\DBGHELP.DLL
0x00007ffd79280000 - 0x00007ffd792b1000 	C:\Windows\SYSTEM32\dbgcore.DLL
0x00007ffd84c30000 - 0x00007ffd84caf000 	C:\Windows\System32\bcryptPrimitives.dll
0x00007ffd80550000 - 0x00007ffd80575000 	c:\Users\55119\.vscode\extensions\redhat.java-1.33.0-win32-x64\jre\17.0.11-win32-x86_64\bin\java.dll
0x00007ffd79230000 - 0x00007ffd79248000 	c:\Users\55119\.vscode\extensions\redhat.java-1.33.0-win32-x64\jre\17.0.11-win32-x86_64\bin\zip.dll
0x00007ffd85a00000 - 0x00007ffd861c5000 	C:\Windows\System32\SHELL32.dll
0x00007ffd82d00000 - 0x00007ffd83562000 	C:\Windows\SYSTEM32\windows.storage.dll
0x00007ffd85610000 - 0x00007ffd85986000 	C:\Windows\System32\combase.dll
0x00007ffd82b90000 - 0x00007ffd82cf7000 	C:\Windows\SYSTEM32\wintypes.dll
0x00007ffd86920000 - 0x00007ffd86a0a000 	C:\Windows\System32\SHCORE.dll
0x00007ffd864e0000 - 0x00007ffd8653d000 	C:\Windows\System32\shlwapi.dll
0x00007ffd84b60000 - 0x00007ffd84b85000 	C:\Windows\SYSTEM32\profapi.dll
0x00007ffd78c90000 - 0x00007ffd78ca9000 	C:\Users\55119\.vscode\extensions\redhat.java-1.33.0-win32-x64\jre\17.0.11-win32-x86_64\bin\net.dll
0x00007ffd7d600000 - 0x00007ffd7d714000 	C:\Windows\SYSTEM32\WINHTTP.dll
0x00007ffd84240000 - 0x00007ffd842a7000 	C:\Windows\system32\mswsock.dll
0x00007ffd78c30000 - 0x00007ffd78c46000 	C:\Users\55119\.vscode\extensions\redhat.java-1.33.0-win32-x64\jre\17.0.11-win32-x86_64\bin\nio.dll

dbghelp: loaded successfully - version: 4.0.5 - missing functions: none
symbol engine: initialized successfully - sym options: 0x614 - pdb path: .;c:\Users\55119\.vscode\extensions\redhat.java-1.33.0-win32-x64\jre\17.0.11-win32-x86_64\bin;C:\Windows\SYSTEM32;C:\Program Files\Avast Software\Avast;C:\Windows\WinSxS\amd64_microsoft.windows.common-controls_6595b64144ccf1df_6.0.22000.120_none_9d947278b86cc467;c:\Users\55119\.vscode\extensions\redhat.java-1.33.0-win32-x64\jre\17.0.11-win32-x86_64\bin\server

VM Arguments:
jvm_args: -Xmx1024m -Dsts.lsp.client=vscode -Dsts.log.file=/dev/null -XX:TieredStopAtLevel=1 -Xlog:jni+resolve=off -Dspring.config.location=file:c:\Users\55119\.vscode\extensions\vmware.vscode-spring-boot-1.56.0\language-server\BOOT-INF\classes\application.properties 
java_command: org.springframework.ide.vscode.boot.app.BootLanguageServerBootApp
java_class_path (initial): c:\Users\55119\.vscode\extensions\vmware.vscode-spring-boot-1.56.0\language-server\BOOT-INF\classes;c:\Users\55119\.vscode\extensions\vmware.vscode-spring-boot-1.56.0\language-server\BOOT-INF\lib\annotations-24.1.0.jar;c:\Users\55119\.vscode\extensions\vmware.vscode-spring-boot-1.56.0\language-server\BOOT-INF\lib\antlr4-runtime-4.13.1.jar;c:\Users\55119\.vscode\extensions\vmware.vscode-spring-boot-1.56.0\language-server\BOOT-INF\lib\asm-9.7.jar;c:\Users\55119\.vscode\extensions\vmware.vscode-spring-boot-1.56.0\language-server\BOOT-INF\lib\asm-analysis-9.7.jar;c:\Users\55119\.vscode\extensions\vmware.vscode-spring-boot-1.56.0\language-server\BOOT-INF\lib\asm-tree-9.7.jar;c:\Users\55119\.vscode\extensions\vmware.vscode-spring-boot-1.56.0\language-server\BOOT-INF\lib\asm-util-9.7.jar;c:\Users\55119\.vscode\extensions\vmware.vscode-spring-boot-1.56.0\language-server\BOOT-INF\lib\caffeine-3.1.8.jar;c:\Users\55119\.vscode\extensions\vmware.vscode-spring-boot-1.56.0\language-server\BOOT-INF\lib\checker-qual-3.12.0.jar;c:\Users\55119\.vscode\extensions\vmware.vscode-spring-boot-1.56.0\language-server\BOOT-INF\lib\classgraph-4.8.149.jar;c:\Users\55119\.vscode\extensions\vmware.vscode-spring-boot-1.56.0\language-server\BOOT-INF\lib\commons-codec-1.16.1.jar;c:\Users\55119\.vscode\extensions\vmware.vscode-spring-boot-1.56.0\language-server\BOOT-INF\lib\commons-compress-1.26.2.jar;c:\Users\55119\.vscode\extensions\vmware.vscode-spring-boot-1.56.0\language-server\BOOT-INF\lib\commons-io-2.16.1.jar;c:\Users\55119\.vscode\extensions\vmware.vscode-spring-boot-1.56.0\language-server\BOOT-INF\lib\commons-java-1.56.0-SNAPSHOT.jar;c:\Users\55119\.vscode\extensions\vmware.vscode-spring-boot-1.56.0\language-server\BOOT-INF\lib\commons-lang3-3.14.0.jar;c:\Users\55119\.vscode\extensions\vmware.vscode-spring-boot-1.56.0\language-server\BOOT-INF\lib\commons-language-server-1.56.0-SNAPSHOT.jar;c:\Users\55119\.vscode\extensions\vmware.vscode-spring-boot-1.56.0\langu
Launcher Type: SUN_STANDARD

[Global flags]
     intx CICompilerCount                          = 3                                         {product} {ergonomic}
     uint ConcGCThreads                            = 1                                         {product} {ergonomic}
     uint G1ConcRefinementThreads                  = 4                                         {product} {ergonomic}
   size_t G1HeapRegionSize                         = 1048576                                   {product} {ergonomic}
    uintx GCDrainStackTargetSize                   = 64                                        {product} {ergonomic}
   size_t InitialHeapSize                          = 65011712                                  {product} {ergonomic}
   size_t MarkStackSize                            = 4194304                                   {product} {ergonomic}
   size_t MaxHeapSize                              = 1073741824                                {product} {command line}
   size_t MaxNewSize                               = 643825664                                 {product} {ergonomic}
   size_t MinHeapDeltaBytes                        = 1048576                                   {product} {ergonomic}
   size_t MinHeapSize                              = 8388608                                   {product} {ergonomic}
    uintx NonProfiledCodeHeapSize                  = 0                                      {pd product} {ergonomic}
     bool ProfileInterpreter                       = false                                  {pd product} {command line}
    uintx ProfiledCodeHeapSize                     = 0                                      {pd product} {ergonomic}
   size_t SoftMaxHeapSize                          = 1073741824                             {manageable} {ergonomic}
     intx TieredStopAtLevel                        = 1                                         {product} {command line}
     bool UseCompressedClassPointers               = true                           {product lp64_product} {ergonomic}
     bool UseCompressedOops                        = true                           {product lp64_product} {ergonomic}
     bool UseG1GC                                  = true                                      {product} {ergonomic}
     bool UseLargePagesIndividualAllocation        = false                                  {pd product} {ergonomic}

Logging:
Log output configuration:
 #0: stdout all=warning,jni+resolve=off uptime,level,tags
 #1: stderr all=off uptime,level,tags

Environment Variables:
PATH=C:\Program Files\Common Files\Oracle\Java\javapath;C:\ProgramData\Oracle\Java\javapath;C:\Windows\system32;C:\Windows;C:\Windows\System32\Wbem;C:\Windows\System32\WindowsPowerShell\v1.0\;C:\Windows\System32\OpenSSH\;C:\Program Files\dotnet\;C:\Program Files\Git\cmd;C:\Program Files\PuTTY\;C:\Program Files\nodejs\;C:\php-8.2.20-nts-Win32-vs16-x64\;C:\composer;C:\Users\55119\AppData\Local\Microsoft\WindowsApps;C:\Users\55119\AppData\Local\Programs\Microsoft VS Code\bin;C:\Users\55119\AppData\Local\GitHubDesktop\bin;C:\Program Files\MySQL\MySQL Server 8.0\bin;C:\mongosh-1.8.2\bin;C:\Program Files\MongoDB\Server\6.0\bin;C:\Program Files (x86)\sqlite3;C:\Users\55119\AppData\Roaming\npm;C:\php-8.2.20-nts-Win32-vs16-x64\;C:\Users\55119\AppData\Roaming\Composer\vendor\bin
USERNAME=gabriel
OS=Windows_NT
PROCESSOR_IDENTIFIER=Intel64 Family 6 Model 140 Stepping 2, GenuineIntel
TMP=C:\Users\55119\AppData\Local\Temp
TEMP=C:\Users\55119\AppData\Local\Temp



Periodic native trim disabled


---------------  S Y S T E M  ---------------

OS:
 Windows 11 , 64 bit Build 22000 (10.0.22000.2538)
OS uptime: 1 days 5:57 hours

CPU: total 4 (initial active 4) (2 cores per cpu, 2 threads per core) family 6 model 140 stepping 2 microcode 0x26, cx8, cmov, fxsr, ht, mmx, 3dnowpref, sse, sse2, sse3, ssse3, sse4.1, sse4.2, popcnt, lzcnt, tsc, tscinvbit, avx, avx2, aes, erms, clmul, bmi1, bmi2, adx, avx512f, avx512dq, avx512cd, avx512bw, avx512vl, sha, fma, vzeroupper, avx512_vpopcntdq, avx512_vpclmulqdq, avx512_vaes, avx512_vnni, clflush, clflushopt, clwb, avx512_vbmi2, avx512_vbmi
Processor Information for all 4 processors :
  Max Mhz: 2995, Current Mhz: 2995, Mhz Limit: 2995

Memory: 4k page, system-wide physical 3879M (72M free)
TotalPageFile size 15655M (AvailPageFile size 0M)
current process WorkingSet (physical memory assigned to process): 69M, peak: 69M
current process commit charge ("private bytes"): 136M, peak: 136M

vm_info: OpenJDK 64-Bit Server VM (17.0.11+9) for windows-amd64 JRE (17.0.11+9), built on Apr 17 2024 06:07:48 by "admin" with MS VC++ 16.10 / 16.11 (VS2019)

END.
