#
# There is insufficient memory for the Java Runtime Environment to continue.
# Native memory allocation (malloc) failed to allocate 1048576 bytes. Error detail: AllocateHeap
# Possible reasons:
#   The system is out of physical RAM or swap space
#   This process is running with CompressedOops enabled, and the Java Heap may be blocking the growth of the native heap
# Possible solutions:
#   Reduce memory load on the system
#   Increase physical memory or swap space
#   Check if swap backing store is full
#   Decrease Java heap size (-Xmx/-Xms)
#   Decrease number of Java threads
#   Decrease Java thread stack sizes (-Xss)
#   Set larger code cache with -XX:ReservedCodeCacheSize=
#   JVM is running with Unscaled Compressed Oops mode in which the Java heap is
#     placed in the first 4GB address space. The Java Heap base address is the
#     maximum limit for the native heap growth. Please use -XX:HeapBaseMinAddress
#     to set the Java Heap base and to place the Java Heap above 4GB virtual address.
# This output file may be truncated or incomplete.
#
#  Out of Memory Error (allocation.cpp:44), pid=2652, tid=4484
#
# JRE version: OpenJDK Runtime Environment Temurin-17.0.11+9 (17.0.11+9) (build 17.0.11+9)
# Java VM: OpenJDK 64-Bit Server VM Temurin-17.0.11+9 (17.0.11+9, mixed mode, emulated-client, tiered, compressed oops, compressed class ptrs, g1 gc, windows-amd64)
# No core dump will be written. Minidumps are not enabled by default on client versions of Windows
#

---------------  S U M M A R Y ------------

Command Line: -Xmx1024m -Dsts.lsp.client=vscode -Dsts.log.file=/dev/null -XX:TieredStopAtLevel=1 -Xlog:jni+resolve=off -Dspring.config.location=file:c:\Users\55119\.vscode\extensions\vmware.vscode-spring-boot-1.56.0\language-server\BOOT-INF\classes\application.properties org.springframework.ide.vscode.boot.app.BootLanguageServerBootApp

Host: 11th Gen Intel(R) Core(TM) i3-1115G4 @ 3.00GHz, 4 cores, 3G,  Windows 11 , 64 bit Build 22000 (10.0.22000.2538)
Time: Tue Aug 13 00:17:00 2024 Hora oficial do Brasil elapsed time: 125.101560 seconds (0d 0h 2m 5s)

---------------  T H R E A D  ---------------

Current thread (0x00000215e6ef1380):  VMThread "VM Thread" [stack: 0x000000fca0400000,0x000000fca0500000] [id=4484]

Stack: [0x000000fca0400000,0x000000fca0500000]
Native frames: (J=compiled Java code, j=interpreted, Vv=VM code, C=native code)
V  [jvm.dll+0x67d429]
V  [jvm.dll+0x834b7a]
V  [jvm.dll+0x83663e]
V  [jvm.dll+0x836ca3]
V  [jvm.dll+0x247dbf]
V  [jvm.dll+0xa6cb3]
V  [jvm.dll+0x2f8ad3]
V  [jvm.dll+0x2f4750]
V  [jvm.dll+0x2dcf67]
V  [jvm.dll+0x31fb67]
V  [jvm.dll+0x83b19b]
V  [jvm.dll+0x83bed2]
V  [jvm.dll+0x83c3ed]
V  [jvm.dll+0x83c7c4]
V  [jvm.dll+0x83c890]
V  [jvm.dll+0x7e410a]
V  [jvm.dll+0x67c315]
C  [ucrtbase.dll+0x26c0c]
C  [KERNEL32.DLL+0x153e0]
C  [ntdll.dll+0x485b]

VM_Operation (0x000000fca14fed00): G1CollectFull, mode: safepoint, requested by thread 0x00000215eca84700


---------------  P R O C E S S  ---------------

Threads class SMR info:
_java_thread_list=0x00000215ec795b10, length=23, elements={
0x00000215e6f09790, 0x00000215e6f0aa00, 0x00000215e6f37a30, 0x00000215e6f38300,
0x00000215e6f39370, 0x00000215e6f3bc50, 0x00000215e6f45120, 0x00000215e6f45a30,
0x00000215eb2ec2e0, 0x00000215eb2f87f0, 0x00000215ec908040, 0x00000215eca84700,
0x00000215ec924670, 0x00000215da9ebb10, 0x00000215ec9db940, 0x00000215eca78100,
0x00000215ec5e5450, 0x00000215ec5e5930, 0x00000215ec5f6960, 0x00000215ec5f5f40,
0x00000215ec5f91e0, 0x00000215ec5f7da0, 0x00000215ec5f87c0
}

Java Threads: ( => current thread )
  0x00000215e6f09790 JavaThread "Reference Handler" daemon [_thread_blocked, id=1680, stack(0x000000fca0500000,0x000000fca0600000)]
  0x00000215e6f0aa00 JavaThread "Finalizer" daemon [_thread_blocked, id=20928, stack(0x000000fca0600000,0x000000fca0700000)]
  0x00000215e6f37a30 JavaThread "Signal Dispatcher" daemon [_thread_blocked, id=3968, stack(0x000000fca0700000,0x000000fca0800000)]
  0x00000215e6f38300 JavaThread "Attach Listener" daemon [_thread_blocked, id=24200, stack(0x000000fca0800000,0x000000fca0900000)]
  0x00000215e6f39370 JavaThread "Service Thread" daemon [_thread_blocked, id=20888, stack(0x000000fca0900000,0x000000fca0a00000)]
  0x00000215e6f3bc50 JavaThread "Monitor Deflation Thread" daemon [_thread_blocked, id=11988, stack(0x000000fca0a00000,0x000000fca0b00000)]
  0x00000215e6f45120 JavaThread "C1 CompilerThread0" daemon [_thread_blocked, id=26764, stack(0x000000fca0b00000,0x000000fca0c00000)]
  0x00000215e6f45a30 JavaThread "Sweeper thread" daemon [_thread_blocked, id=28196, stack(0x000000fca0c00000,0x000000fca0d00000)]
  0x00000215eb2ec2e0 JavaThread "Notification Thread" daemon [_thread_blocked, id=3952, stack(0x000000fca0d00000,0x000000fca0e00000)]
  0x00000215eb2f87f0 JavaThread "Common-Cleaner" daemon [_thread_blocked, id=16408, stack(0x000000fca0f00000,0x000000fca1000000)]
  0x00000215ec908040 JavaThread "boundedElastic-evictor-1" daemon [_thread_blocked, id=21288, stack(0x000000fca1300000,0x000000fca1400000)]
  0x00000215eca84700 JavaThread "pool-13-thread-1" [_thread_blocked, id=25816, stack(0x000000fca1400000,0x000000fca1500000)]
  0x00000215ec924670 JavaThread "LanguageServerApp-lifecycle" [_thread_blocked, id=6892, stack(0x000000fca1500000,0x000000fca1600000)]
  0x00000215da9ebb10 JavaThread "DestroyJavaVM" [_thread_blocked, id=23956, stack(0x000000fc9fe00000,0x000000fc9ff00000)]
  0x00000215ec9db940 JavaThread "pool-14-thread-1" [_thread_in_native, id=27412, stack(0x000000fca1600000,0x000000fca1700000)]
  0x00000215eca78100 JavaThread "Simple-Language-Server main thread" daemon [_thread_blocked, id=22616, stack(0x000000fca1700000,0x000000fca1800000)]
  0x00000215ec5e5450 JavaThread "pool-8-thread-1" [_thread_blocked, id=28624, stack(0x000000fca1800000,0x000000fca1900000)]
  0x00000215ec5e5930 JavaThread "parallel-1" daemon [_thread_blocked, id=14964, stack(0x000000fca1900000,0x000000fca1a00000)]
  0x00000215ec5f6960 JavaThread "parallel-2" daemon [_thread_blocked, id=15256, stack(0x000000fca1a00000,0x000000fca1b00000)]
  0x00000215ec5f5f40 JavaThread "Reconciler-1" daemon [_thread_blocked, id=23100, stack(0x000000fca1d00000,0x000000fca1e00000)]
  0x00000215ec5f91e0 JavaThread "pool-6-thread-1" [_thread_blocked, id=27932, stack(0x000000fca1e00000,0x000000fca1f00000)]
  0x00000215ec5f7da0 JavaThread "parallel-3" daemon [_thread_blocked, id=7092, stack(0x000000fca1f00000,0x000000fca2000000)]
  0x00000215ec5f87c0 JavaThread "parallel-4" daemon [_thread_blocked, id=27420, stack(0x000000fca2000000,0x000000fca2100000)]

Other Threads:
=>0x00000215e6ef1380 VMThread "VM Thread" [stack: 0x000000fca0400000,0x000000fca0500000] [id=4484]
  0x00000215eb2edbd0 WatcherThread [stack: 0x000000fca0e00000,0x000000fca0f00000] [id=28160]
  0x00000215daa293a0 GCTaskThread "GC Thread#0" [stack: 0x000000fc9ff00000,0x000000fca0000000] [id=24404]
  0x00000215eb1c8220 GCTaskThread "GC Thread#1" [stack: 0x000000fca1000000,0x000000fca1100000] [id=20812]
  0x00000215eb2a9280 GCTaskThread "GC Thread#2" [stack: 0x000000fca1100000,0x000000fca1200000] [id=25044]
  0x00000215ebcd8440 GCTaskThread "GC Thread#3" [stack: 0x000000fca1200000,0x000000fca1300000] [id=11604]
  0x00000215daa322d0 ConcurrentGCThread "G1 Main Marker" [stack: 0x000000fca0000000,0x000000fca0100000] [id=17700]
  0x00000215daa33470 ConcurrentGCThread "G1 Conc#0" [stack: 0x000000fca0100000,0x000000fca0200000] [id=3532]
  0x00000215daa733e0 ConcurrentGCThread "G1 Refine#0" [stack: 0x000000fca0200000,0x000000fca0300000] [id=27676]
  0x00000215daa73d20 ConcurrentGCThread "G1 Service" [stack: 0x000000fca0300000,0x000000fca0400000] [id=25720]

Threads with active compile tasks:

VM state: at safepoint (normal execution)

VM Mutex/Monitor currently owned by a thread:  ([mutex/lock_event])
[0x00000215da762970] Threads_lock - owner thread: 0x00000215e6ef1380
[0x00000215da9e8250] Heap_lock - owner thread: 0x00000215eca84700

Heap address: 0x00000000c0000000, size: 1024 MB, Compressed Oops mode: 32-bit

CDS archive(s) not mapped
Compressed class space mapped at: 0x0000000100000000-0x0000000140000000, reserved size: 1073741824
Narrow klass base: 0x0000000000000000, Narrow klass shift: 3, Narrow klass range: 0x140000000

GC Precious Log:
 CPUs: 4 total, 4 available
 Memory: 3879M
 Large Page Support: Disabled
 NUMA Support: Disabled
 Compressed Oops: Enabled (32-bit)
 Heap Region Size: 1M
 Heap Min Capacity: 8M
 Heap Initial Capacity: 62M
 Heap Max Capacity: 1G
 Pre-touch: Disabled
 Parallel Workers: 4
 Concurrent Workers: 1
 Concurrent Refinement Workers: 4
 Periodic GC: Disabled

Heap:
 garbage-first heap   total 63488K, used 25049K [0x00000000c0000000, 0x0000000100000000)
  region size 1024K, 1 young (1024K), 0 survivors (0K)
 Metaspace       used 40848K, committed 41408K, reserved 1114112K
  class space    used 5210K, committed 5440K, reserved 1048576K

Heap Regions: E=young(eden), S=young(survivor), O=old, HS=humongous(starts), HC=humongous(continues), CS=collection set, F=free, OA=open archive, CA=closed archive, TAMS=top-at-mark-start (previous, next)
|   0|0x00000000c0000000, 0x00000000c0100000, 0x00000000c0100000|100%|HS|  |TAMS 0x00000000c0100000, 0x00000000c0000000| Untracked 
|   1|0x00000000c0100000, 0x00000000c0200000, 0x00000000c0200000|100%|HC|  |TAMS 0x00000000c0200000, 0x00000000c0100000| Untracked 
|   2|0x00000000c0200000, 0x00000000c0300000, 0x00000000c0300000|100%|HC|  |TAMS 0x00000000c0300000, 0x00000000c0200000| Untracked 
|   3|0x00000000c0300000, 0x00000000c0400000, 0x00000000c0400000|100%|HC|  |TAMS 0x00000000c0400000, 0x00000000c0300000| Untracked 
|   4|0x00000000c0400000, 0x00000000c0500000, 0x00000000c0500000|100%| O|  |TAMS 0x00000000c0500000, 0x00000000c0400000| Untracked 
|   5|0x00000000c0500000, 0x00000000c05e5a50, 0x00000000c0600000| 89%| O|  |TAMS 0x00000000c0500000, 0x00000000c0500000| Untracked 
|   6|0x00000000c0600000, 0x00000000c0700000, 0x00000000c0700000|100%| O|  |TAMS 0x00000000c0600000, 0x00000000c0600000| Untracked 
|   7|0x00000000c0700000, 0x00000000c07fa9a0, 0x00000000c0800000| 97%| O|  |TAMS 0x00000000c07fa9a0, 0x00000000c0700000| Untracked 
|   8|0x00000000c0800000, 0x00000000c0900000, 0x00000000c0900000|100%| O|  |TAMS 0x00000000c0900000, 0x00000000c0800000| Untracked 
|   9|0x00000000c0900000, 0x00000000c0a00000, 0x00000000c0a00000|100%| O|  |TAMS 0x00000000c0a00000, 0x00000000c0900000| Untracked 
|  10|0x00000000c0a00000, 0x00000000c0b00000, 0x00000000c0b00000|100%|HS|  |TAMS 0x00000000c0b00000, 0x00000000c0a00000| Untracked 
|  11|0x00000000c0b00000, 0x00000000c0c00000, 0x00000000c0c00000|100%|HC|  |TAMS 0x00000000c0c00000, 0x00000000c0b00000| Untracked 
|  12|0x00000000c0c00000, 0x00000000c0d00000, 0x00000000c0d00000|100%| O|  |TAMS 0x00000000c0d00000, 0x00000000c0c00000| Untracked 
|  13|0x00000000c0d00000, 0x00000000c0df0298, 0x00000000c0e00000| 93%| O|  |TAMS 0x00000000c0d00000, 0x00000000c0d00000| Untracked 
|  14|0x00000000c0e00000, 0x00000000c0eee970, 0x00000000c0f00000| 93%| O|  |TAMS 0x00000000c0e00000, 0x00000000c0e00000| Untracked 
|  15|0x00000000c0f00000, 0x00000000c1000000, 0x00000000c1000000|100%| O|  |TAMS 0x00000000c0f00000, 0x00000000c0f00000| Untracked 
|  16|0x00000000c1000000, 0x00000000c10fffd8, 0x00000000c1100000| 99%| O|  |TAMS 0x00000000c1000000, 0x00000000c1000000| Untracked 
|  17|0x00000000c1100000, 0x00000000c1200000, 0x00000000c1200000|100%| O|  |TAMS 0x00000000c1100000, 0x00000000c1100000| Untracked 
|  18|0x00000000c1200000, 0x00000000c1300000, 0x00000000c1300000|100%| O|  |TAMS 0x00000000c1200000, 0x00000000c1200000| Untracked 
|  19|0x00000000c1300000, 0x00000000c1400000, 0x00000000c1400000|100%| O|  |TAMS 0x00000000c1300000, 0x00000000c1300000| Untracked 
|  20|0x00000000c1400000, 0x00000000c14fe058, 0x00000000c1500000| 99%| O|  |TAMS 0x00000000c1400000, 0x00000000c1400000| Untracked 
|  21|0x00000000c1500000, 0x00000000c15ffff8, 0x00000000c1600000| 99%| O|  |TAMS 0x00000000c1500000, 0x00000000c1500000| Untracked 
|  22|0x00000000c1600000, 0x00000000c16fffe0, 0x00000000c1700000| 99%| O|  |TAMS 0x00000000c1600000, 0x00000000c1600000| Untracked 
|  23|0x00000000c1700000, 0x00000000c17f8590, 0x00000000c1800000| 97%| O|  |TAMS 0x00000000c1700000, 0x00000000c1700000| Untracked 
|  24|0x00000000c1800000, 0x00000000c1800000, 0x00000000c1900000|  0%| F|  |TAMS 0x00000000c1800000, 0x00000000c1800000| Untracked 
|  25|0x00000000c1900000, 0x00000000c19c1268, 0x00000000c1a00000| 75%| O|  |TAMS 0x00000000c1900000, 0x00000000c1900000| Untracked 
|  26|0x00000000c1a00000, 0x00000000c1a00000, 0x00000000c1b00000|  0%| F|  |TAMS 0x00000000c1a00000, 0x00000000c1a00000| Untracked 
|  27|0x00000000c1b00000, 0x00000000c1b00000, 0x00000000c1c00000|  0%| F|  |TAMS 0x00000000c1b00000, 0x00000000c1b00000| Untracked 
|  28|0x00000000c1c00000, 0x00000000c1c00000, 0x00000000c1d00000|  0%| F|  |TAMS 0x00000000c1c00000, 0x00000000c1c00000| Untracked 
|  29|0x00000000c1d00000, 0x00000000c1d00000, 0x00000000c1e00000|  0%| F|  |TAMS 0x00000000c1d00000, 0x00000000c1d00000| Untracked 
|  30|0x00000000c1e00000, 0x00000000c1e00000, 0x00000000c1f00000|  0%| F|  |TAMS 0x00000000c1e00000, 0x00000000c1e00000| Untracked 
|  31|0x00000000c1f00000, 0x00000000c1f00000, 0x00000000c2000000|  0%| F|  |TAMS 0x00000000c1f00000, 0x00000000c1f00000| Untracked 
|  32|0x00000000c2000000, 0x00000000c2000000, 0x00000000c2100000|  0%| F|  |TAMS 0x00000000c2000000, 0x00000000c2000000| Untracked 
|  33|0x00000000c2100000, 0x00000000c2100000, 0x00000000c2200000|  0%| F|  |TAMS 0x00000000c2100000, 0x00000000c2100000| Untracked 
|  34|0x00000000c2200000, 0x00000000c2200000, 0x00000000c2300000|  0%| F|  |TAMS 0x00000000c2200000, 0x00000000c2200000| Untracked 
|  35|0x00000000c2300000, 0x00000000c2300000, 0x00000000c2400000|  0%| F|  |TAMS 0x00000000c2300000, 0x00000000c2300000| Untracked 
|  36|0x00000000c2400000, 0x00000000c2400000, 0x00000000c2500000|  0%| F|  |TAMS 0x00000000c2400000, 0x00000000c2400000| Untracked 
|  37|0x00000000c2500000, 0x00000000c2500000, 0x00000000c2600000|  0%| F|  |TAMS 0x00000000c2500000, 0x00000000c2500000| Untracked 
|  38|0x00000000c2600000, 0x00000000c2600000, 0x00000000c2700000|  0%| F|  |TAMS 0x00000000c2600000, 0x00000000c2600000| Untracked 
|  39|0x00000000c2700000, 0x00000000c2700000, 0x00000000c2800000|  0%| F|  |TAMS 0x00000000c2700000, 0x00000000c2700000| Untracked 
|  40|0x00000000c2800000, 0x00000000c2800000, 0x00000000c2900000|  0%| F|  |TAMS 0x00000000c2800000, 0x00000000c2800000| Untracked 
|  41|0x00000000c2900000, 0x00000000c2900000, 0x00000000c2a00000|  0%| F|  |TAMS 0x00000000c2900000, 0x00000000c2900000| Untracked 
|  42|0x00000000c2a00000, 0x00000000c2a00000, 0x00000000c2b00000|  0%| F|  |TAMS 0x00000000c2a00000, 0x00000000c2a00000| Untracked 
|  43|0x00000000c2b00000, 0x00000000c2b00000, 0x00000000c2c00000|  0%| F|  |TAMS 0x00000000c2b00000, 0x00000000c2b00000| Untracked 
|  44|0x00000000c2c00000, 0x00000000c2c00000, 0x00000000c2d00000|  0%| F|  |TAMS 0x00000000c2c00000, 0x00000000c2c00000| Untracked 
|  45|0x00000000c2d00000, 0x00000000c2d00000, 0x00000000c2e00000|  0%| F|  |TAMS 0x00000000c2d00000, 0x00000000c2d00000| Untracked 
|  46|0x00000000c2e00000, 0x00000000c2e00000, 0x00000000c2f00000|  0%| F|  |TAMS 0x00000000c2e00000, 0x00000000c2e00000| Untracked 
|  47|0x00000000c2f00000, 0x00000000c2f00000, 0x00000000c3000000|  0%| F|  |TAMS 0x00000000c2f00000, 0x00000000c2f00000| Untracked 
|  48|0x00000000c3000000, 0x00000000c3000000, 0x00000000c3100000|  0%| F|  |TAMS 0x00000000c3000000, 0x00000000c3000000| Untracked 
|  49|0x00000000c3100000, 0x00000000c3100000, 0x00000000c3200000|  0%| F|  |TAMS 0x00000000c3100000, 0x00000000c3100000| Untracked 
|  50|0x00000000c3200000, 0x00000000c3200000, 0x00000000c3300000|  0%| F|  |TAMS 0x00000000c3200000, 0x00000000c3200000| Untracked 
|  51|0x00000000c3300000, 0x00000000c3300000, 0x00000000c3400000|  0%| F|  |TAMS 0x00000000c3300000, 0x00000000c3300000| Untracked 
|  52|0x00000000c3400000, 0x00000000c3400000, 0x00000000c3500000|  0%| F|  |TAMS 0x00000000c3400000, 0x00000000c3400000| Untracked 
|  53|0x00000000c3500000, 0x00000000c3500000, 0x00000000c3600000|  0%| F|  |TAMS 0x00000000c3500000, 0x00000000c3500000| Untracked 
|  54|0x00000000c3600000, 0x00000000c3600000, 0x00000000c3700000|  0%| F|  |TAMS 0x00000000c3600000, 0x00000000c3600000| Untracked 
|  55|0x00000000c3700000, 0x00000000c3700000, 0x00000000c3800000|  0%| F|  |TAMS 0x00000000c3700000, 0x00000000c3700000| Untracked 
|  56|0x00000000c3800000, 0x00000000c3800000, 0x00000000c3900000|  0%| F|  |TAMS 0x00000000c3800000, 0x00000000c3800000| Untracked 
|  57|0x00000000c3900000, 0x00000000c3900000, 0x00000000c3a00000|  0%| F|  |TAMS 0x00000000c3900000, 0x00000000c3900000| Untracked 
|  58|0x00000000c3a00000, 0x00000000c3a00000, 0x00000000c3b00000|  0%| F|  |TAMS 0x00000000c3a00000, 0x00000000c3a00000| Untracked 
|  59|0x00000000c3b00000, 0x00000000c3b00000, 0x00000000c3c00000|  0%| F|  |TAMS 0x00000000c3b00000, 0x00000000c3b00000| Untracked 
|  60|0x00000000c3c00000, 0x00000000c3c00000, 0x00000000c3d00000|  0%| F|  |TAMS 0x00000000c3c00000, 0x00000000c3c00000| Untracked 
|  61|0x00000000c3d00000, 0x00000000c3d249f8, 0x00000000c3e00000| 14%| E|  |TAMS 0x00000000c3d00000, 0x00000000c3d00000| Complete 

Card table byte_map: [0x00000215e2510000,0x00000215e2710000] _byte_map_base: 0x00000215e1f10000

Marking Bits (Prev, Next): (CMBitMap*) 0x00000215daa298d0, (CMBitMap*) 0x00000215daa29910
 Prev Bits: [0x00000215e2910000, 0x00000215e3910000)
 Next Bits: [0x00000215e3910000, 0x00000215e4910000)

Polling page: 0x00000215daaa0000

Metaspace:

Usage:
  Non-class:     34.80 MB used.
      Class:      5.09 MB used.
       Both:     39.89 MB used.

Virtual space:
  Non-class space:       64.00 MB reserved,      35.12 MB ( 55%) committed,  1 nodes.
      Class space:        1.00 GB reserved,       5.31 MB ( <1%) committed,  1 nodes.
             Both:        1.06 GB reserved,      40.44 MB (  4%) committed. 

Chunk freelists:
   Non-Class:  12.22 MB
       Class:  10.71 MB
        Both:  22.94 MB

MaxMetaspaceSize: unlimited
CompressedClassSpaceSize: 1.00 GB
Initial GC threshold: 21.00 MB
Current GC threshold: 67.44 MB
CDS: off
MetaspaceReclaimPolicy: balanced
 - commit_granule_bytes: 65536.
 - commit_granule_words: 8192.
 - virtual_space_node_default_size: 8388608.
 - enlarge_chunks_in_place: 1.
 - new_chunks_are_fully_committed: 0.
 - uncommit_free_chunks: 1.
 - use_allocation_guard: 0.
 - handle_deallocations: 1.


Internal statistics:

num_allocs_failed_limit: 8.
num_arena_births: 502.
num_arena_deaths: 152.
num_vsnodes_births: 2.
num_vsnodes_deaths: 0.
num_space_committed: 646.
num_space_uncommitted: 0.
num_chunks_returned_to_freelist: 178.
num_chunks_taken_from_freelist: 1721.
num_chunk_merges: 57.
num_chunk_splits: 1188.
num_chunks_enlarged: 913.
num_inconsistent_stats: 0.

CodeCache: size=49152Kb used=6691Kb max_used=6691Kb free=42461Kb
 bounds [0x00000215dee60000, 0x00000215df4f0000, 0x00000215e1e60000]
 total_blobs=4114 nmethods=3567 adapters=474
 compilation: enabled
              stopped_count=0, restarted_count=0
 full_count=0

Compilation events (20 events):
Event: 52.484 Thread 0x00000215e6f45120 3561       1       com.google.common.base.Preconditions::checkNotNull (14 bytes)
Event: 52.486 Thread 0x00000215e6f45120 nmethod 3561 0x00000215df4e2810 code [0x00000215df4e29a0, 0x00000215df4e2ac8]
Event: 52.875 Thread 0x00000215e6f45120 3562       1       com.google.gson.stream.JsonWriter::name (46 bytes)
Event: 52.882 Thread 0x00000215e6f45120 nmethod 3562 0x00000215df4e2b90 code [0x00000215df4e2d60, 0x00000215df4e3068]
Event: 52.890 Thread 0x00000215e6f45120 3563       1       java.lang.reflect.Field::get (29 bytes)
Event: 52.895 Thread 0x00000215e6f45120 nmethod 3563 0x00000215df4e3190 code [0x00000215df4e3360, 0x00000215df4e3558]
Event: 52.908 Thread 0x00000215e6f45120 3564  s    1       java.lang.StringBuffer::append (13 bytes)
Event: 52.910 Thread 0x00000215e6f45120 nmethod 3564 0x00000215df4e3690 code [0x00000215df4e3820, 0x00000215df4e39e8]
Event: 52.910 Thread 0x00000215e6f45120 3565       1       java.io.StringWriter::write (10 bytes)
Event: 52.912 Thread 0x00000215e6f45120 nmethod 3565 0x00000215df4e3a90 code [0x00000215df4e3c40, 0x00000215df4e3e28]
Event: 54.396 Thread 0x00000215e6f45120 3566       1       com.google.gson.stream.JsonReader::nextName (116 bytes)
Event: 54.441 Thread 0x00000215e6f45120 nmethod 3566 0x00000215df4e3f10 code [0x00000215df4e4160, 0x00000215df4e4748]
Event: 85.991 Thread 0x00000215e6f45120 3567       1       java.lang.invoke.StringConcatFactory::parseRecipe (198 bytes)
Event: 86.111 Thread 0x00000215e6f45120 nmethod 3567 0x00000215df4e4a90 code [0x00000215df4e4d60, 0x00000215df4e5ab8]
Event: 86.165 Thread 0x00000215e6f45120 3569       1       java.lang.invoke.MethodHandles::argumentsWithCombinerChecks (197 bytes)
Event: 86.212 Thread 0x00000215e6f45120 nmethod 3569 0x00000215df4e6390 code [0x00000215df4e6680, 0x00000215df4e6ff8]
Event: 86.212 Thread 0x00000215e6f45120 3568       1       java.lang.invoke.MethodHandles::argumentsWithCombiner (130 bytes)
Event: 86.261 Thread 0x00000215e6f45120 nmethod 3568 0x00000215df4e7710 code [0x00000215df4e7920, 0x00000215df4e7df8]
Event: 99.547 Thread 0x00000215e6f45120 3572       1       java.util.logging.Logger::getName (5 bytes)
Event: 99.573 Thread 0x00000215e6f45120 nmethod 3572 0x00000215df4e8910 code [0x00000215df4e8aa0, 0x00000215df4e8b78]

GC Heap History (20 events):
Event: 13.501 GC heap before
{Heap before GC invocations=4 (full 0):
 garbage-first heap   total 63488K, used 40166K [0x00000000c0000000, 0x0000000100000000)
  region size 1024K, 25 young (25600K), 2 survivors (2048K)
 Metaspace       used 19778K, committed 20032K, reserved 1114112K
  class space    used 2452K, committed 2560K, reserved 1048576K
}
Event: 13.514 GC heap after
{Heap after GC invocations=5 (full 0):
 garbage-first heap   total 63488K, used 19717K [0x00000000c0000000, 0x0000000100000000)
  region size 1024K, 4 young (4096K), 4 survivors (4096K)
 Metaspace       used 19778K, committed 20032K, reserved 1114112K
  class space    used 2452K, committed 2560K, reserved 1048576K
}
Event: 13.637 GC heap before
{Heap before GC invocations=5 (full 0):
 garbage-first heap   total 63488K, used 24837K [0x00000000c0000000, 0x0000000100000000)
  region size 1024K, 10 young (10240K), 4 survivors (4096K)
 Metaspace       used 21274K, committed 21504K, reserved 1114112K
  class space    used 2617K, committed 2752K, reserved 1048576K
}
Event: 13.646 GC heap after
{Heap after GC invocations=6 (full 0):
 garbage-first heap   total 63488K, used 20891K [0x00000000c0000000, 0x0000000100000000)
  region size 1024K, 2 young (2048K), 2 survivors (2048K)
 Metaspace       used 21274K, committed 21504K, reserved 1114112K
  class space    used 2617K, committed 2752K, reserved 1048576K
}
Event: 14.231 GC heap before
{Heap before GC invocations=7 (full 0):
 garbage-first heap   total 63488K, used 40347K [0x00000000c0000000, 0x0000000100000000)
  region size 1024K, 22 young (22528K), 2 survivors (2048K)
 Metaspace       used 25791K, committed 26048K, reserved 1114112K
  class space    used 3205K, committed 3328K, reserved 1048576K
}
Event: 14.234 GC heap after
{Heap after GC invocations=8 (full 0):
 garbage-first heap   total 63488K, used 22180K [0x00000000c0000000, 0x0000000100000000)
  region size 1024K, 3 young (3072K), 3 survivors (3072K)
 Metaspace       used 25791K, committed 26048K, reserved 1114112K
  class space    used 3205K, committed 3328K, reserved 1048576K
}
Event: 18.620 GC heap before
{Heap before GC invocations=8 (full 0):
 garbage-first heap   total 63488K, used 42660K [0x00000000c0000000, 0x0000000100000000)
  region size 1024K, 24 young (24576K), 3 survivors (3072K)
 Metaspace       used 28213K, committed 28480K, reserved 1114112K
  class space    used 3525K, committed 3648K, reserved 1048576K
}
Event: 18.661 GC heap after
{Heap after GC invocations=9 (full 0):
 garbage-first heap   total 63488K, used 23975K [0x00000000c0000000, 0x0000000100000000)
  region size 1024K, 2 young (2048K), 2 survivors (2048K)
 Metaspace       used 28213K, committed 28480K, reserved 1114112K
  class space    used 3525K, committed 3648K, reserved 1048576K
}
Event: 21.120 GC heap before
{Heap before GC invocations=9 (full 0):
 garbage-first heap   total 63488K, used 44455K [0x00000000c0000000, 0x0000000100000000)
  region size 1024K, 23 young (23552K), 2 survivors (2048K)
 Metaspace       used 31826K, committed 32192K, reserved 1114112K
  class space    used 4032K, committed 4224K, reserved 1048576K
}
Event: 21.150 GC heap after
{Heap after GC invocations=10 (full 0):
 garbage-first heap   total 63488K, used 25364K [0x00000000c0000000, 0x0000000100000000)
  region size 1024K, 2 young (2048K), 2 survivors (2048K)
 Metaspace       used 31826K, committed 32192K, reserved 1114112K
  class space    used 4032K, committed 4224K, reserved 1048576K
}
Event: 22.086 GC heap before
{Heap before GC invocations=10 (full 0):
 garbage-first heap   total 63488K, used 47892K [0x00000000c0000000, 0x0000000100000000)
  region size 1024K, 23 young (23552K), 2 survivors (2048K)
 Metaspace       used 34858K, committed 35264K, reserved 1114112K
  class space    used 4289K, committed 4480K, reserved 1048576K
}
Event: 22.109 GC heap after
{Heap after GC invocations=11 (full 0):
 garbage-first heap   total 63488K, used 29013K [0x00000000c0000000, 0x0000000100000000)
  region size 1024K, 3 young (3072K), 3 survivors (3072K)
 Metaspace       used 34858K, committed 35264K, reserved 1114112K
  class space    used 4289K, committed 4480K, reserved 1048576K
}
Event: 22.499 GC heap before
{Heap before GC invocations=11 (full 0):
 garbage-first heap   total 63488K, used 34133K [0x00000000c0000000, 0x0000000100000000)
  region size 1024K, 9 young (9216K), 3 survivors (3072K)
 Metaspace       used 35937K, committed 36288K, reserved 1114112K
  class space    used 4431K, committed 4608K, reserved 1048576K
}
Event: 22.509 GC heap after
{Heap after GC invocations=12 (full 0):
 garbage-first heap   total 63488K, used 29361K [0x00000000c0000000, 0x0000000100000000)
  region size 1024K, 1 young (1024K), 1 survivors (1024K)
 Metaspace       used 35937K, committed 36288K, reserved 1114112K
  class space    used 4431K, committed 4608K, reserved 1048576K
}
Event: 38.483 GC heap before
{Heap before GC invocations=13 (full 0):
 garbage-first heap   total 63488K, used 48817K [0x00000000c0000000, 0x0000000100000000)
  region size 1024K, 20 young (20480K), 1 survivors (1024K)
 Metaspace       used 39402K, committed 39872K, reserved 1114112K
  class space    used 4961K, committed 5184K, reserved 1048576K
}
Event: 38.670 GC heap after
{Heap after GC invocations=14 (full 0):
 garbage-first heap   total 63488K, used 30639K [0x00000000c0000000, 0x0000000100000000)
  region size 1024K, 2 young (2048K), 2 survivors (2048K)
 Metaspace       used 39402K, committed 39872K, reserved 1114112K
  class space    used 4961K, committed 5184K, reserved 1048576K
}
Event: 99.692 GC heap before
{Heap before GC invocations=14 (full 0):
 garbage-first heap   total 63488K, used 40879K [0x00000000c0000000, 0x0000000100000000)
  region size 1024K, 13 young (13312K), 2 survivors (2048K)
 Metaspace       used 40999K, committed 41408K, reserved 1114112K
  class space    used 5248K, committed 5440K, reserved 1048576K
}
Event: 100.776 GC heap after
{Heap after GC invocations=15 (full 1):
 garbage-first heap   total 63488K, used 28706K [0x00000000c0000000, 0x0000000100000000)
  region size 1024K, 0 young (0K), 0 survivors (0K)
 Metaspace       used 40999K, committed 41408K, reserved 1114112K
  class space    used 5248K, committed 5440K, reserved 1048576K
}
Event: 112.611 GC heap before
{Heap before GC invocations=15 (full 1):
 garbage-first heap   total 63488K, used 28706K [0x00000000c0000000, 0x0000000100000000)
  region size 1024K, 1 young (1024K), 0 survivors (0K)
 Metaspace       used 40999K, committed 41408K, reserved 1114112K
  class space    used 5248K, committed 5440K, reserved 1048576K
}
Event: 113.829 GC heap after
{Heap after GC invocations=16 (full 2):
 garbage-first heap   total 63488K, used 25049K [0x00000000c0000000, 0x0000000100000000)
  region size 1024K, 0 young (0K), 0 survivors (0K)
 Metaspace       used 40848K, committed 41408K, reserved 1114112K
  class space    used 5210K, committed 5440K, reserved 1048576K
}

Dll operation events (8 events):
Event: 0.520 Loaded shared library c:\Users\55119\.vscode\extensions\redhat.java-1.33.0-win32-x64\jre\17.0.11-win32-x86_64\bin\java.dll
Event: 3.502 Loaded shared library C:\Users\55119\.vscode\extensions\redhat.java-1.33.0-win32-x64\jre\17.0.11-win32-x86_64\bin\net.dll
Event: 3.531 Loaded shared library C:\Users\55119\.vscode\extensions\redhat.java-1.33.0-win32-x64\jre\17.0.11-win32-x86_64\bin\nio.dll
Event: 3.595 Loaded shared library C:\Users\55119\.vscode\extensions\redhat.java-1.33.0-win32-x64\jre\17.0.11-win32-x86_64\bin\zip.dll
Event: 9.738 Loaded shared library C:\Users\55119\.vscode\extensions\redhat.java-1.33.0-win32-x64\jre\17.0.11-win32-x86_64\bin\jimage.dll
Event: 13.493 Loaded shared library c:\Users\55119\.vscode\extensions\redhat.java-1.33.0-win32-x64\jre\17.0.11-win32-x86_64\bin\verify.dll
Event: 25.593 Loaded shared library C:\Users\55119\.vscode\extensions\redhat.java-1.33.0-win32-x64\jre\17.0.11-win32-x86_64\bin\management.dll
Event: 25.616 Loaded shared library C:\Users\55119\.vscode\extensions\redhat.java-1.33.0-win32-x64\jre\17.0.11-win32-x86_64\bin\management_ext.dll

Deoptimization events (4 events):
Event: 50.091 Thread 0x00000215ec9db940 DEOPT PACKING pc=0x00000215df289401 sp=0x000000fca16fdb10
Event: 50.094 Thread 0x00000215ec9db940 DEOPT UNPACKING pc=0x00000215deebace3 sp=0x000000fca16fcfa0 mode 3
Event: 50.243 Thread 0x00000215ec5e5450 DEOPT PACKING pc=0x00000215df26bc97 sp=0x000000fca18fece0
Event: 50.243 Thread 0x00000215ec5e5450 DEOPT UNPACKING pc=0x00000215deebace3 sp=0x000000fca18fe138 mode 3

Classes unloaded (20 events):
Event: 112.800 Thread 0x00000215e6ef1380 Unloading class 0x0000000100094800 'java/lang/invoke/LambdaForm$MH+0x0000000100094800'
Event: 112.801 Thread 0x00000215e6ef1380 Unloading class 0x0000000100094400 'java/lang/invoke/LambdaForm$MH+0x0000000100094400'
Event: 112.801 Thread 0x00000215e6ef1380 Unloading class 0x000000010008e800 'java/lang/invoke/LambdaForm$MH+0x000000010008e800'
Event: 112.801 Thread 0x00000215e6ef1380 Unloading class 0x000000010008e400 'java/lang/invoke/LambdaForm$MH+0x000000010008e400'
Event: 112.801 Thread 0x00000215e6ef1380 Unloading class 0x000000010008e000 'java/lang/invoke/LambdaForm$MH+0x000000010008e000'
Event: 112.801 Thread 0x00000215e6ef1380 Unloading class 0x000000010008dc00 'java/lang/invoke/LambdaForm$MH+0x000000010008dc00'
Event: 112.801 Thread 0x00000215e6ef1380 Unloading class 0x000000010008d800 'java/lang/invoke/LambdaForm$MH+0x000000010008d800'
Event: 112.801 Thread 0x00000215e6ef1380 Unloading class 0x000000010008d400 'java/lang/invoke/LambdaForm$MH+0x000000010008d400'
Event: 112.801 Thread 0x00000215e6ef1380 Unloading class 0x000000010008cc00 'java/lang/invoke/LambdaForm$MH+0x000000010008cc00'
Event: 112.801 Thread 0x00000215e6ef1380 Unloading class 0x000000010008c800 'java/lang/invoke/LambdaForm$MH+0x000000010008c800'
Event: 112.801 Thread 0x00000215e6ef1380 Unloading class 0x000000010008c000 'java/lang/invoke/LambdaForm$MH+0x000000010008c000'
Event: 112.801 Thread 0x00000215e6ef1380 Unloading class 0x000000010008bc00 'java/lang/invoke/LambdaForm$MH+0x000000010008bc00'
Event: 112.801 Thread 0x00000215e6ef1380 Unloading class 0x000000010008ac00 'java/lang/invoke/LambdaForm$MH+0x000000010008ac00'
Event: 112.801 Thread 0x00000215e6ef1380 Unloading class 0x000000010008a400 'java/lang/invoke/LambdaForm$MH+0x000000010008a400'
Event: 112.801 Thread 0x00000215e6ef1380 Unloading class 0x000000010008a000 'java/lang/invoke/LambdaForm$MH+0x000000010008a000'
Event: 112.801 Thread 0x00000215e6ef1380 Unloading class 0x0000000100089c00 'java/lang/invoke/LambdaForm$MH+0x0000000100089c00'
Event: 112.801 Thread 0x00000215e6ef1380 Unloading class 0x0000000100089800 'java/lang/invoke/LambdaForm$MH+0x0000000100089800'
Event: 112.802 Thread 0x00000215e6ef1380 Unloading class 0x0000000100089400 'java/lang/invoke/LambdaForm$MH+0x0000000100089400'
Event: 112.802 Thread 0x00000215e6ef1380 Unloading class 0x0000000100088c00 'java/lang/invoke/LambdaForm$MH+0x0000000100088c00'
Event: 112.803 Thread 0x00000215e6ef1380 Unloading class 0x0000000100088400 'java/lang/invoke/LambdaForm$MH+0x0000000100088400'

Classes redefined (0 events):
No events

Internal exceptions (20 events):
Event: 19.671 Thread 0x00000215da9ebb10 Exception <a 'java/lang/NoSuchMethodError'{0x00000000c3404300}: 'java.lang.Object java.lang.invoke.DirectMethodHandle$Holder.invokeSpecial(java.lang.Object, java.lang.Object, int, java.lang.Object, java.lang.Object)'> (0x00000000c3404300) 
thrown [s\src\hotspot\share\interpreter\linkResolver.cpp, line 759]
Event: 19.671 Thread 0x00000215da9ebb10 Exception <a 'java/lang/NoSuchMethodError'{0x00000000c3407fa8}: 'java.lang.Object java.lang.invoke.DelegatingMethodHandle$Holder.delegate(java.lang.Object, int, java.lang.Object, java.lang.Object)'> (0x00000000c3407fa8) 
thrown [s\src\hotspot\share\interpreter\linkResolver.cpp, line 759]
Event: 19.674 Thread 0x00000215da9ebb10 Exception <a 'java/lang/NoSuchMethodError'{0x00000000c3418e30}: 'int java.lang.invoke.Invokers$Holder.linkToTargetMethod(java.lang.Object, java.lang.Object, java.lang.Object)'> (0x00000000c3418e30) 
thrown [s\src\hotspot\share\interpreter\linkResolver.cpp, line 759]
Event: 20.233 Thread 0x00000215da9ebb10 Exception <a 'java/lang/NoSuchMethodError'{0x00000000c30bcd40}: 'java.lang.Object java.lang.invoke.DirectMethodHandle$Holder.invokeStaticInit(java.lang.Object, int, int, int, int)'> (0x00000000c30bcd40) 
thrown [s\src\hotspot\share\interpreter\linkResolver.cpp, line 759]
Event: 20.608 Thread 0x00000215da9ebb10 Exception <a 'java/lang/NoSuchMethodError'{0x00000000c2f63720}: 'java.lang.Object java.lang.invoke.DirectMethodHandle$Holder.invokeStaticInit(java.lang.Object, java.lang.Object, int, int, int, int)'> (0x00000000c2f63720) 
thrown [s\src\hotspot\share\interpreter\linkResolver.cpp, line 759]
Event: 21.225 Thread 0x00000215da9ebb10 Exception <a 'java/lang/NoSuchMethodError'{0x00000000c3ce7a68}: 'void java.lang.invoke.DirectMethodHandle$Holder.invokeSpecialIFC(java.lang.Object, java.lang.Object, java.lang.Object)'> (0x00000000c3ce7a68) 
thrown [s\src\hotspot\share\interpreter\linkResolver.cpp, line 759]
Event: 22.353 Thread 0x00000215da9ebb10 Exception <a 'java/lang/NoSuchMethodError'{0x00000000c3af69d8}: 'int java.lang.invoke.DirectMethodHandle$Holder.invokeStaticInit(java.lang.Object, java.lang.Object, int, java.lang.Object)'> (0x00000000c3af69d8) 
thrown [s\src\hotspot\share\interpreter\linkResolver.cpp, line 759]
Event: 22.499 Thread 0x00000215da9ebb10 Exception <a 'java/lang/NoSuchMethodError'{0x00000000c382a920}: 'void java.lang.invoke.DirectMethodHandle$Holder.invokeSpecial(java.lang.Object, java.lang.Object, java.lang.Object, java.lang.Object, java.lang.Object, java.lang.Object, java.lang.Object)'> (0x00000000c382a920) 
thrown [s\src\hotspot\share\interpreter\linkResolver.cpp, line 759]
Event: 23.971 Thread 0x00000215da9ebb10 Exception <a 'java/lang/NoSuchMethodError'{0x00000000c384f568}: 'java.lang.Object java.lang.invoke.DirectMethodHandle$Holder.invokeInterface(java.lang.Object, java.lang.Object, int)'> (0x00000000c384f568) 
thrown [s\src\hotspot\share\interpreter\linkResolver.cpp, line 759]
Event: 23.984 Thread 0x00000215da9ebb10 Exception <a 'java/lang/IncompatibleClassChangeError'{0x00000000c38677e8}: Found class java.lang.Object, but interface was expected> (0x00000000c38677e8) 
thrown [s\src\hotspot\share\interpreter\linkResolver.cpp, line 826]
Event: 25.530 Thread 0x00000215da9ebb10 Exception <a 'java/lang/NoSuchMethodError'{0x00000000c3171d48}: 'java.lang.Object java.lang.invoke.DirectMethodHandle$Holder.newInvokeSpecial(java.lang.Object, java.lang.Object, int, java.lang.Object, java.lang.Object)'> (0x00000000c3171d48) 
thrown [s\src\hotspot\share\interpreter\linkResolver.cpp, line 759]
Event: 25.536 Thread 0x00000215da9ebb10 Exception <a 'java/lang/NoSuchMethodError'{0x00000000c3188d50}: 'java.lang.Object java.lang.invoke.DirectMethodHandle$Holder.newInvokeSpecial(java.lang.Object, java.lang.Object, java.lang.Object, int)'> (0x00000000c3188d50) 
thrown [s\src\hotspot\share\interpreter\linkResolver.cpp, line 759]
Event: 25.537 Thread 0x00000215da9ebb10 Exception <a 'java/lang/NoSuchMethodError'{0x00000000c318d038}: 'java.lang.Object java.lang.invoke.DirectMethodHandle$Holder.invokeSpecial(java.lang.Object, java.lang.Object, java.lang.Object, java.lang.Object, int)'> (0x00000000c318d038) 
thrown [s\src\hotspot\share\interpreter\linkResolver.cpp, line 759]
Event: 25.537 Thread 0x00000215da9ebb10 Exception <a 'java/lang/NoSuchMethodError'{0x00000000c3190c00}: 'java.lang.Object java.lang.invoke.Invokers$Holder.linkToTargetMethod(java.lang.Object, java.lang.Object, int, java.lang.Object)'> (0x00000000c3190c00) 
thrown [s\src\hotspot\share\interpreter\linkResolver.cpp, line 759]
Event: 41.280 Thread 0x00000215eca78100 Exception <a 'java/lang/NoSuchMethodError'{0x00000000c3a60488}: 'java.lang.Object java.lang.invoke.DirectMethodHandle$Holder.invokeStatic(java.lang.Object, int, java.lang.Object)'> (0x00000000c3a60488) 
thrown [s\src\hotspot\share\interpreter\linkResolver.cpp, line 759]
Event: 45.537 Thread 0x00000215ec9db940 Exception <a 'java/lang/NoSuchMethodError'{0x00000000c3a312f0}: 'java.lang.Object java.lang.invoke.DirectMethodHandle$Holder.invokeStatic(java.lang.Object, java.lang.Object, java.lang.Object, int, java.lang.Object, java.lang.Object)'> (0x00000000c3a312f0) 
thrown [s\src\hotspot\share\interpreter\linkResolver.cpp, line 759]
Event: 51.953 Thread 0x00000215ec5f5f40 Exception <a 'java/lang/NoSuchMethodError'{0x00000000c3488ce0}: 'int java.lang.invoke.DirectMethodHandle$Holder.invokeStatic(java.lang.Object)'> (0x00000000c3488ce0) 
thrown [s\src\hotspot\share\interpreter\linkResolver.cpp, line 759]
Event: 51.982 Thread 0x00000215ec5f5f40 Exception <a 'java/lang/NoSuchMethodError'{0x00000000c348c0e0}: 'int java.lang.invoke.DirectMethodHandle$Holder.invokeStaticInit(java.lang.Object)'> (0x00000000c348c0e0) 
thrown [s\src\hotspot\share\interpreter\linkResolver.cpp, line 759]
Event: 91.977 Thread 0x00000215eca84700 Exception <a 'java/lang/NoSuchMethodError'{0x00000000c3acede0}: 'void java.lang.invoke.DirectMethodHandle$Holder.invokeStatic(java.lang.Object, long)'> (0x00000000c3acede0) 
thrown [s\src\hotspot\share\interpreter\linkResolver.cpp, line 759]
Event: 92.506 Thread 0x00000215eca84700 Exception <a 'java/lang/NoSuchMethodError'{0x00000000c3ad4188}: 'java.lang.Object java.lang.invoke.DirectMethodHandle$Holder.newInvokeSpecial(java.lang.Object, long)'> (0x00000000c3ad4188) 
thrown [s\src\hotspot\share\interpreter\linkResolver.cpp, line 759]

VM Operations (20 events):
Event: 40.684 Executing VM operation: Cleanup done
Event: 41.685 Executing VM operation: Cleanup
Event: 41.685 Executing VM operation: Cleanup done
Event: 45.702 Executing VM operation: Cleanup
Event: 45.746 Executing VM operation: Cleanup done
Event: 52.750 Executing VM operation: Cleanup
Event: 52.775 Executing VM operation: Cleanup done
Event: 53.526 Executing VM operation: HandshakeAllThreads
Event: 53.531 Executing VM operation: HandshakeAllThreads done
Event: 54.533 Executing VM operation: Cleanup
Event: 54.538 Executing VM operation: Cleanup done
Event: 60.569 Executing VM operation: HandshakeAllThreads
Event: 60.591 Executing VM operation: HandshakeAllThreads done
Event: 93.379 Executing VM operation: HandshakeAllThreads
Event: 93.393 Executing VM operation: HandshakeAllThreads done
Event: 99.649 Executing VM operation: G1CollectFull
Event: 100.779 Executing VM operation: G1CollectFull done
Event: 112.584 Executing VM operation: G1CollectFull
Event: 113.835 Executing VM operation: G1CollectFull done
Event: 125.049 Executing VM operation: G1CollectFull

Events (20 events):
Event: 52.015 loading class java/util/concurrent/atomic/AtomicLongFieldUpdater$CASUpdater$1 done
Event: 52.320 Thread 0x00000215ec5f91e0 Thread added: 0x00000215ec5f91e0
Event: 52.363 loading class java/util/concurrent/ConcurrentHashMap$ValueSpliterator
Event: 52.368 loading class java/util/concurrent/ConcurrentHashMap$ValueSpliterator done
Event: 52.402 Thread 0x00000215ec5f7da0 Thread added: 0x00000215ec5f7da0
Event: 52.408 Thread 0x00000215ec5f87c0 Thread added: 0x00000215ec5f87c0
Event: 52.990 loading class java/util/concurrent/CompletableFuture$UniRelay
Event: 53.004 loading class java/util/concurrent/CompletableFuture$UniRelay done
Event: 86.479 loading class java/lang/ProcessBuilder
Event: 88.908 loading class java/lang/ProcessBuilder done
Event: 88.978 loading class java/lang/ProcessImpl
Event: 89.636 loading class java/lang/ProcessImpl done
Event: 92.577 loading class java/lang/ProcessImpl$2
Event: 92.709 loading class java/lang/ProcessImpl$2 done
Event: 92.767 loading class java/lang/Process$PipeInputStream
Event: 92.895 loading class java/lang/Process$PipeInputStream done
Event: 93.419 loading class jdk/internal/event/ProcessStartEvent
Event: 93.503 loading class jdk/internal/event/ProcessStartEvent done
Event: 99.584 loading class java/io/FileOutputStream$1
Event: 99.636 loading class java/io/FileOutputStream$1 done


Dynamic libraries:
0x00007ff74f620000 - 0x00007ff74f62e000 	c:\Users\55119\.vscode\extensions\redhat.java-1.33.0-win32-x64\jre\17.0.11-win32-x86_64\bin\java.exe
0x00007ff91bb60000 - 0x00007ff91bd69000 	C:\Windows\SYSTEM32\ntdll.dll
0x00007ff8d8080000 - 0x00007ff8d809a000 	C:\Program Files\Avast Software\Avast\aswhook.dll
0x00007ff9199b0000 - 0x00007ff919a6d000 	C:\Windows\System32\KERNEL32.DLL
0x00007ff9193f0000 - 0x00007ff919774000 	C:\Windows\System32\KERNELBASE.dll
0x00007ff919780000 - 0x00007ff919891000 	C:\Windows\System32\ucrtbase.dll
0x00007ff9099a0000 - 0x00007ff9099bb000 	c:\Users\55119\.vscode\extensions\redhat.java-1.33.0-win32-x64\jre\17.0.11-win32-x86_64\bin\VCRUNTIME140.dll
0x00007ff90b2a0000 - 0x00007ff90b2b7000 	c:\Users\55119\.vscode\extensions\redhat.java-1.33.0-win32-x64\jre\17.0.11-win32-x86_64\bin\jli.dll
0x00007ff91a870000 - 0x00007ff91aa1d000 	C:\Windows\System32\USER32.dll
0x00007ff9191d0000 - 0x00007ff9191f6000 	C:\Windows\System32\win32u.dll
0x00007ff91ae60000 - 0x00007ff91ae8a000 	C:\Windows\System32\GDI32.dll
0x00007ff9190b0000 - 0x00007ff9191ce000 	C:\Windows\System32\gdi32full.dll
0x00007ff9198a0000 - 0x00007ff91993d000 	C:\Windows\System32\msvcp_win.dll
0x00007ff8f70e0000 - 0x00007ff8f7385000 	C:\Windows\WinSxS\amd64_microsoft.windows.common-controls_6595b64144ccf1df_6.0.22000.120_none_9d947278b86cc467\COMCTL32.dll
0x00007ff91aa30000 - 0x00007ff91aad3000 	C:\Windows\System32\msvcrt.dll
0x00007ff91a580000 - 0x00007ff91a5b1000 	C:\Windows\System32\IMM32.DLL
0x00007ff9152d0000 - 0x00007ff9152dc000 	c:\Users\55119\.vscode\extensions\redhat.java-1.33.0-win32-x64\jre\17.0.11-win32-x86_64\bin\vcruntime140_1.dll
0x00007ff8e3cf0000 - 0x00007ff8e3d7d000 	c:\Users\55119\.vscode\extensions\redhat.java-1.33.0-win32-x64\jre\17.0.11-win32-x86_64\bin\msvcp140.dll
0x00007ff8971c0000 - 0x00007ff897e22000 	c:\Users\55119\.vscode\extensions\redhat.java-1.33.0-win32-x64\jre\17.0.11-win32-x86_64\bin\server\jvm.dll
0x00007ff91a280000 - 0x00007ff91a32e000 	C:\Windows\System32\ADVAPI32.dll
0x00007ff91a7d0000 - 0x00007ff91a86e000 	C:\Windows\System32\sechost.dll
0x00007ff91b9c0000 - 0x00007ff91bae1000 	C:\Windows\System32\RPCRT4.dll
0x00007ff917dd0000 - 0x00007ff917e1d000 	C:\Windows\SYSTEM32\POWRPROF.dll
0x00007ff906ce0000 - 0x00007ff906ce9000 	C:\Windows\SYSTEM32\WSOCK32.dll
0x00007ff91af80000 - 0x00007ff91afef000 	C:\Windows\System32\WS2_32.dll
0x00007ff90fbe0000 - 0x00007ff90fc13000 	C:\Windows\SYSTEM32\WINMM.dll
0x00007ff90acd0000 - 0x00007ff90acda000 	C:\Windows\SYSTEM32\VERSION.dll
0x00007ff917bd0000 - 0x00007ff917be3000 	C:\Windows\SYSTEM32\UMPDC.dll
0x00007ff918150000 - 0x00007ff918168000 	C:\Windows\SYSTEM32\kernel.appcore.dll
0x00007ff909770000 - 0x00007ff90977a000 	c:\Users\55119\.vscode\extensions\redhat.java-1.33.0-win32-x64\jre\17.0.11-win32-x86_64\bin\jimage.dll
0x00007ff9169b0000 - 0x00007ff916bd1000 	C:\Windows\SYSTEM32\DBGHELP.DLL
0x00007ff909910000 - 0x00007ff909941000 	C:\Windows\SYSTEM32\dbgcore.DLL
0x00007ff919370000 - 0x00007ff9193ef000 	C:\Windows\System32\bcryptPrimitives.dll
0x00007ff900c20000 - 0x00007ff900c45000 	c:\Users\55119\.vscode\extensions\redhat.java-1.33.0-win32-x64\jre\17.0.11-win32-x86_64\bin\java.dll
0x00007ff908cc0000 - 0x00007ff908cd8000 	c:\Users\55119\.vscode\extensions\redhat.java-1.33.0-win32-x64\jre\17.0.11-win32-x86_64\bin\zip.dll
0x00007ff91b0c0000 - 0x00007ff91b885000 	C:\Windows\System32\SHELL32.dll
0x00007ff9170c0000 - 0x00007ff917922000 	C:\Windows\SYSTEM32\windows.storage.dll
0x00007ff919a70000 - 0x00007ff919de6000 	C:\Windows\System32\combase.dll
0x00007ff916f50000 - 0x00007ff9170b7000 	C:\Windows\SYSTEM32\wintypes.dll
0x00007ff91a6e0000 - 0x00007ff91a7ca000 	C:\Windows\System32\SHCORE.dll
0x00007ff91a330000 - 0x00007ff91a38d000 	C:\Windows\System32\shlwapi.dll
0x00007ff918f20000 - 0x00007ff918f45000 	C:\Windows\SYSTEM32\profapi.dll
0x00007ff908b90000 - 0x00007ff908ba9000 	C:\Users\55119\.vscode\extensions\redhat.java-1.33.0-win32-x64\jre\17.0.11-win32-x86_64\bin\net.dll
0x00007ff911cf0000 - 0x00007ff911e04000 	C:\Windows\SYSTEM32\WINHTTP.dll
0x00007ff918600000 - 0x00007ff918667000 	C:\Windows\system32\mswsock.dll
0x00007ff900c00000 - 0x00007ff900c16000 	C:\Users\55119\.vscode\extensions\redhat.java-1.33.0-win32-x64\jre\17.0.11-win32-x86_64\bin\nio.dll
0x00007ff909590000 - 0x00007ff9095a0000 	c:\Users\55119\.vscode\extensions\redhat.java-1.33.0-win32-x64\jre\17.0.11-win32-x86_64\bin\verify.dll
0x00007ff918840000 - 0x00007ff918858000 	C:\Windows\SYSTEM32\CRYPTSP.dll
0x00007ff9180b0000 - 0x00007ff9180e5000 	C:\Windows\system32\rsaenh.dll
0x00007ff9186f0000 - 0x00007ff91871c000 	C:\Windows\SYSTEM32\USERENV.dll
0x00007ff9189c0000 - 0x00007ff9189e7000 	C:\Windows\SYSTEM32\bcrypt.dll
0x00007ff918860000 - 0x00007ff91886c000 	C:\Windows\SYSTEM32\CRYPTBASE.dll
0x00007ff917c60000 - 0x00007ff917c8d000 	C:\Windows\SYSTEM32\IPHLPAPI.DLL
0x00007ff91aa20000 - 0x00007ff91aa29000 	C:\Windows\System32\NSI.dll
0x00007ff911cd0000 - 0x00007ff911ce9000 	C:\Windows\SYSTEM32\dhcpcsvc6.DLL
0x00007ff911f30000 - 0x00007ff911f4e000 	C:\Windows\SYSTEM32\dhcpcsvc.DLL
0x00007ff917ce0000 - 0x00007ff917dc7000 	C:\Windows\SYSTEM32\DNSAPI.dll
0x00007ff914a20000 - 0x00007ff914a29000 	C:\Users\55119\.vscode\extensions\redhat.java-1.33.0-win32-x64\jre\17.0.11-win32-x86_64\bin\management.dll
0x00007ff90b2c0000 - 0x00007ff90b2cb000 	C:\Users\55119\.vscode\extensions\redhat.java-1.33.0-win32-x64\jre\17.0.11-win32-x86_64\bin\management_ext.dll
0x00007ff91bb10000 - 0x00007ff91bb18000 	C:\Windows\System32\PSAPI.DLL

dbghelp: loaded successfully - version: 4.0.5 - missing functions: none
symbol engine: initialized successfully - sym options: 0x614 - pdb path: .;c:\Users\55119\.vscode\extensions\redhat.java-1.33.0-win32-x64\jre\17.0.11-win32-x86_64\bin;C:\Windows\SYSTEM32;C:\Program Files\Avast Software\Avast;C:\Windows\WinSxS\amd64_microsoft.windows.common-controls_6595b64144ccf1df_6.0.22000.120_none_9d947278b86cc467;c:\Users\55119\.vscode\extensions\redhat.java-1.33.0-win32-x64\jre\17.0.11-win32-x86_64\bin\server

VM Arguments:
jvm_args: -Xmx1024m -Dsts.lsp.client=vscode -Dsts.log.file=/dev/null -XX:TieredStopAtLevel=1 -Xlog:jni+resolve=off -Dspring.config.location=file:c:\Users\55119\.vscode\extensions\vmware.vscode-spring-boot-1.56.0\language-server\BOOT-INF\classes\application.properties 
java_command: org.springframework.ide.vscode.boot.app.BootLanguageServerBootApp
java_class_path (initial): c:\Users\55119\.vscode\extensions\vmware.vscode-spring-boot-1.56.0\language-server\BOOT-INF\classes;c:\Users\55119\.vscode\extensions\vmware.vscode-spring-boot-1.56.0\language-server\BOOT-INF\lib\annotations-24.1.0.jar;c:\Users\55119\.vscode\extensions\vmware.vscode-spring-boot-1.56.0\language-server\BOOT-INF\lib\antlr4-runtime-4.13.1.jar;c:\Users\55119\.vscode\extensions\vmware.vscode-spring-boot-1.56.0\language-server\BOOT-INF\lib\asm-9.7.jar;c:\Users\55119\.vscode\extensions\vmware.vscode-spring-boot-1.56.0\language-server\BOOT-INF\lib\asm-analysis-9.7.jar;c:\Users\55119\.vscode\extensions\vmware.vscode-spring-boot-1.56.0\language-server\BOOT-INF\lib\asm-tree-9.7.jar;c:\Users\55119\.vscode\extensions\vmware.vscode-spring-boot-1.56.0\language-server\BOOT-INF\lib\asm-util-9.7.jar;c:\Users\55119\.vscode\extensions\vmware.vscode-spring-boot-1.56.0\language-server\BOOT-INF\lib\caffeine-3.1.8.jar;c:\Users\55119\.vscode\extensions\vmware.vscode-spring-boot-1.56.0\language-server\BOOT-INF\lib\checker-qual-3.12.0.jar;c:\Users\55119\.vscode\extensions\vmware.vscode-spring-boot-1.56.0\language-server\BOOT-INF\lib\classgraph-4.8.149.jar;c:\Users\55119\.vscode\extensions\vmware.vscode-spring-boot-1.56.0\language-server\BOOT-INF\lib\commons-codec-1.16.1.jar;c:\Users\55119\.vscode\extensions\vmware.vscode-spring-boot-1.56.0\language-server\BOOT-INF\lib\commons-compress-1.26.2.jar;c:\Users\55119\.vscode\extensions\vmware.vscode-spring-boot-1.56.0\language-server\BOOT-INF\lib\commons-io-2.16.1.jar;c:\Users\55119\.vscode\extensions\vmware.vscode-spring-boot-1.56.0\language-server\BOOT-INF\lib\commons-java-1.56.0-SNAPSHOT.jar;c:\Users\55119\.vscode\extensions\vmware.vscode-spring-boot-1.56.0\language-server\BOOT-INF\lib\commons-lang3-3.14.0.jar;c:\Users\55119\.vscode\extensions\vmware.vscode-spring-boot-1.56.0\language-server\BOOT-INF\lib\commons-language-server-1.56.0-SNAPSHOT.jar;c:\Users\55119\.vscode\extensions\vmware.vscode-spring-boot-1.56.0\langu
Launcher Type: SUN_STANDARD

[Global flags]
     intx CICompilerCount                          = 3                                         {product} {ergonomic}
     uint ConcGCThreads                            = 1                                         {product} {ergonomic}
     uint G1ConcRefinementThreads                  = 4                                         {product} {ergonomic}
   size_t G1HeapRegionSize                         = 1048576                                   {product} {ergonomic}
    uintx GCDrainStackTargetSize                   = 64                                        {product} {ergonomic}
   size_t InitialHeapSize                          = 65011712                                  {product} {ergonomic}
   size_t MarkStackSize                            = 4194304                                   {product} {ergonomic}
   size_t MaxHeapSize                              = 1073741824                                {product} {command line}
   size_t MaxNewSize                               = 643825664                                 {product} {ergonomic}
   size_t MinHeapDeltaBytes                        = 1048576                                   {product} {ergonomic}
   size_t MinHeapSize                              = 8388608                                   {product} {ergonomic}
    uintx NonProfiledCodeHeapSize                  = 0                                      {pd product} {ergonomic}
     bool ProfileInterpreter                       = false                                  {pd product} {command line}
    uintx ProfiledCodeHeapSize                     = 0                                      {pd product} {ergonomic}
   size_t SoftMaxHeapSize                          = 1073741824                             {manageable} {ergonomic}
     intx TieredStopAtLevel                        = 1                                         {product} {command line}
     bool UseCompressedClassPointers               = true                           {product lp64_product} {ergonomic}
     bool UseCompressedOops                        = true                           {product lp64_product} {ergonomic}
     bool UseG1GC                                  = true                                      {product} {ergonomic}
     bool UseLargePagesIndividualAllocation        = false                                  {pd product} {ergonomic}

Logging:
Log output configuration:
 #0: stdout all=warning,jni+resolve=off uptime,level,tags
 #1: stderr all=off uptime,level,tags

Environment Variables:
PATH=C:\Program Files\Common Files\Oracle\Java\javapath;C:\ProgramData\Oracle\Java\javapath;C:\Windows\system32;C:\Windows;C:\Windows\System32\Wbem;C:\Windows\System32\WindowsPowerShell\v1.0\;C:\Windows\System32\OpenSSH\;C:\Program Files\dotnet\;C:\Program Files\Git\cmd;C:\Program Files\PuTTY\;C:\Program Files\nodejs\;C:\php-8.2.20-nts-Win32-vs16-x64\;C:\composer;C:\Users\55119\AppData\Local\Microsoft\WindowsApps;C:\Users\55119\AppData\Local\Programs\Microsoft VS Code\bin;C:\Users\55119\AppData\Local\GitHubDesktop\bin;C:\Program Files\MySQL\MySQL Server 8.0\bin;C:\mongosh-1.8.2\bin;C:\Program Files\MongoDB\Server\6.0\bin;C:\Program Files (x86)\sqlite3;C:\Users\55119\AppData\Roaming\npm;C:\php-8.2.20-nts-Win32-vs16-x64\;C:\Users\55119\AppData\Roaming\Composer\vendor\bin
USERNAME=gabriel
OS=Windows_NT
PROCESSOR_IDENTIFIER=Intel64 Family 6 Model 140 Stepping 2, GenuineIntel
TMP=C:\Users\55119\AppData\Local\Temp
TEMP=C:\Users\55119\AppData\Local\Temp



Periodic native trim disabled


---------------  S Y S T E M  ---------------

OS:
 Windows 11 , 64 bit Build 22000 (10.0.22000.2538)
OS uptime: 0 days 4:16 hours

CPU: total 4 (initial active 4) (2 cores per cpu, 2 threads per core) family 6 model 140 stepping 2 microcode 0x26, cx8, cmov, fxsr, ht, mmx, 3dnowpref, sse, sse2, sse3, ssse3, sse4.1, sse4.2, popcnt, lzcnt, tsc, tscinvbit, avx, avx2, aes, erms, clmul, bmi1, bmi2, adx, avx512f, avx512dq, avx512cd, avx512bw, avx512vl, sha, fma, vzeroupper, avx512_vpopcntdq, avx512_vpclmulqdq, avx512_vaes, avx512_vnni, clflush, clflushopt, clwb, avx512_vbmi2, avx512_vbmi
Processor Information for all 4 processors :
  Max Mhz: 2995, Current Mhz: 2995, Mhz Limit: 2995

Memory: 4k page, system-wide physical 3879M (13M free)
TotalPageFile size 15655M (AvailPageFile size 0M)
current process WorkingSet (physical memory assigned to process): 5M, peak: 83M
current process commit charge ("private bytes"): 185M, peak: 194M

vm_info: OpenJDK 64-Bit Server VM (17.0.11+9) for windows-amd64 JRE (17.0.11+9), built on Apr 17 2024 06:07:48 by "admin" with MS VC++ 16.10 / 16.11 (VS2019)

END.
