#
# There is insufficient memory for the Java Runtime Environment to continue.
# Native memory allocation (malloc) failed to allocate 409040 bytes. Error detail: Chunk::new
# Possible reasons:
#   The system is out of physical RAM or swap space
#   This process is running with CompressedOops enabled, and the Java Heap may be blocking the growth of the native heap
# Possible solutions:
#   Reduce memory load on the system
#   Increase physical memory or swap space
#   Check if swap backing store is full
#   Decrease Java heap size (-Xmx/-Xms)
#   Decrease number of Java threads
#   Decrease Java thread stack sizes (-Xss)
#   Set larger code cache with -XX:ReservedCodeCacheSize=
#   JVM is running with Unscaled Compressed Oops mode in which the Java heap is
#     placed in the first 4GB address space. The Java Heap base address is the
#     maximum limit for the native heap growth. Please use -XX:HeapBaseMinAddress
#     to set the Java Heap base and to place the Java Heap above 4GB virtual address.
# This output file may be truncated or incomplete.
#
#  Out of Memory Error (arena.cpp:191), pid=23376, tid=29928
#
# JRE version: OpenJDK Runtime Environment Temurin-17.0.11+9 (17.0.11+9) (build 17.0.11+9)
# Java VM: OpenJDK 64-Bit Server VM Temurin-17.0.11+9 (17.0.11+9, mixed mode, tiered, compressed oops, compressed class ptrs, parallel gc, windows-amd64)
# No core dump will be written. Minidumps are not enabled by default on client versions of Windows
#

---------------  S U M M A R Y ------------

Command Line: --add-modules=ALL-SYSTEM --add-opens=java.base/java.util=ALL-UNNAMED --add-opens=java.base/java.lang=ALL-UNNAMED --add-opens=java.base/sun.nio.fs=ALL-UNNAMED -Declipse.application=org.eclipse.jdt.ls.core.id1 -Dosgi.bundles.defaultStartLevel=4 -Declipse.product=org.eclipse.jdt.ls.core.product -Djava.import.generatesMetadataFilesAtProjectRoot=false -DDetectVMInstallationsJob.disabled=true -Dfile.encoding=utf8 -XX:+UseParallelGC -XX:GCTimeRatio=4 -XX:AdaptiveSizePolicyWeight=90 -Dsun.zip.disableMemoryMapping=true -Xmx1G -Xms100m -Xlog:disable -javaagent:c:\Users\55119\.vscode\extensions\redhat.java-1.33.0-win32-x64\lombok\lombok-1.18.33.jar c:\Users\55119\.vscode\extensions\redhat.java-1.33.0-win32-x64\server\plugins\org.eclipse.equinox.launcher_1.6.900.v20240613-2009.jar -configuration c:\Users\55119\AppData\Roaming\Code\User\globalStorage\redhat.java\1.33.0\config_ss_win -data c:\Users\55119\AppData\Roaming\Code\User\workspaceStorage\ed399de286a856b5668f17e944be6a14\redhat.java\ss_ws --pipe=\\.\pipe\lsp-9f35f487ee00f1c45f01acdc772b326b-sock

Host: 11th Gen Intel(R) Core(TM) i3-1115G4 @ 3.00GHz, 4 cores, 3G,  Windows 11 , 64 bit Build 22000 (10.0.22000.2538)
Time: Tue Aug 20 01:12:59 2024 Hora oficial do Brasil elapsed time: 45.307234 seconds (0d 0h 0m 45s)

---------------  T H R E A D  ---------------

Current thread (0x000001b3fc372080):  JavaThread "C2 CompilerThread0" daemon [_thread_in_native, id=29928, stack(0x0000001e5ae00000,0x0000001e5af00000)]


Current CompileTask:
C2:  45307 5146       4       org.eclipse.core.internal.dtree.DataTreeWriter::writeNode (182 bytes)

Stack: [0x0000001e5ae00000,0x0000001e5af00000]
Native frames: (J=compiled Java code, j=interpreted, Vv=VM code, C=native code)
V  [jvm.dll+0x67d429]
V  [jvm.dll+0x834b7a]
V  [jvm.dll+0x83663e]
V  [jvm.dll+0x836ca3]
V  [jvm.dll+0x247dbf]
V  [jvm.dll+0xac534]
V  [jvm.dll+0xacb7c]
V  [jvm.dll+0x11f347]
V  [jvm.dll+0x60f335]
V  [jvm.dll+0x60d9da]
V  [jvm.dll+0x21a2e8]
V  [jvm.dll+0x2198b1]
V  [jvm.dll+0x1a534d]
V  [jvm.dll+0x2295cd]
V  [jvm.dll+0x22779c]
V  [jvm.dll+0x7e9d07]
V  [jvm.dll+0x7e410a]
V  [jvm.dll+0x67c315]
C  [ucrtbase.dll+0x26c0c]
C  [KERNEL32.DLL+0x153e0]
C  [ntdll.dll+0x485b]


---------------  P R O C E S S  ---------------

Threads class SMR info:
_java_thread_list=0x000001b393ab3350, length=31, elements={
0x000001b3f74f5510, 0x000001b3f75acb60, 0x000001b3f75aea10, 0x000001b3fc362310,
0x000001b3fc362da0, 0x000001b3fc365c00, 0x000001b3fc3647c0, 0x000001b3fc372080,
0x000001b3fc3732f0, 0x000001b3fc375d00, 0x000001b3fc3656f0, 0x000001b3fc364cd0,
0x000001b3fc3651e0, 0x000001b3fc366620, 0x000001b3fc367550, 0x000001b3fc366b30,
0x000001b3fc367a60, 0x000001b3fdf495b0, 0x000001b3fdf490a0, 0x000001b3fdf449c0,
0x000001b3fdf458f0, 0x000001b3fdf48680, 0x000001b3fdf49ac0, 0x000001b3fdf43580,
0x000001b3fdf48b90, 0x000001b3fdf49fd0, 0x000001b3fdf43070, 0x000001b3fdf46820,
0x000001b3fdf46d30, 0x000001b3fdf4a4e0, 0x000001b3fdf4a9f0
}

Java Threads: ( => current thread )
  0x000001b3f74f5510 JavaThread "main" [_thread_blocked, id=31480, stack(0x0000001e5a500000,0x0000001e5a600000)]
  0x000001b3f75acb60 JavaThread "Reference Handler" daemon [_thread_blocked, id=28120, stack(0x0000001e5a800000,0x0000001e5a900000)]
  0x000001b3f75aea10 JavaThread "Finalizer" daemon [_thread_blocked, id=29140, stack(0x0000001e5a900000,0x0000001e5aa00000)]
  0x000001b3fc362310 JavaThread "Signal Dispatcher" daemon [_thread_blocked, id=30920, stack(0x0000001e5aa00000,0x0000001e5ab00000)]
  0x000001b3fc362da0 JavaThread "Attach Listener" daemon [_thread_blocked, id=1872, stack(0x0000001e5ab00000,0x0000001e5ac00000)]
  0x000001b3fc365c00 JavaThread "Service Thread" daemon [_thread_blocked, id=22292, stack(0x0000001e5ac00000,0x0000001e5ad00000)]
  0x000001b3fc3647c0 JavaThread "Monitor Deflation Thread" daemon [_thread_blocked, id=10220, stack(0x0000001e5ad00000,0x0000001e5ae00000)]
=>0x000001b3fc372080 JavaThread "C2 CompilerThread0" daemon [_thread_in_native, id=29928, stack(0x0000001e5ae00000,0x0000001e5af00000)]
  0x000001b3fc3732f0 JavaThread "C1 CompilerThread0" daemon [_thread_blocked, id=25040, stack(0x0000001e5af00000,0x0000001e5b000000)]
  0x000001b3fc375d00 JavaThread "Sweeper thread" daemon [_thread_blocked, id=29532, stack(0x0000001e5b000000,0x0000001e5b100000)]
  0x000001b3fc3656f0 JavaThread "Common-Cleaner" daemon [_thread_blocked, id=28304, stack(0x0000001e5b100000,0x0000001e5b200000)]
  0x000001b3fc364cd0 JavaThread "Notification Thread" daemon [_thread_blocked, id=28788, stack(0x0000001e5b200000,0x0000001e5b300000)]
  0x000001b3fc3651e0 JavaThread "Active Thread: Equinox Container: 74f27946-13ff-41cb-be1d-a253f42d95b8" [_thread_blocked, id=3588, stack(0x0000001e5b700000,0x0000001e5b800000)]
  0x000001b3fc366620 JavaThread "Framework Event Dispatcher: Equinox Container: 74f27946-13ff-41cb-be1d-a253f42d95b8" daemon [_thread_blocked, id=2452, stack(0x0000001e5b800000,0x0000001e5b900000)]
  0x000001b3fc367550 JavaThread "Start Level: Equinox Container: 74f27946-13ff-41cb-be1d-a253f42d95b8" daemon [_thread_blocked, id=19940, stack(0x0000001e5b900000,0x0000001e5ba00000)]
  0x000001b3fc366b30 JavaThread "SCR Component Actor" daemon [_thread_blocked, id=30084, stack(0x0000001e5ba00000,0x0000001e5bb00000)]
  0x000001b3fc367a60 JavaThread "Worker-JM" [_thread_blocked, id=22296, stack(0x0000001e5bc00000,0x0000001e5bd00000)]
  0x000001b3fdf495b0 JavaThread "JNA Cleaner" daemon [_thread_blocked, id=18588, stack(0x0000001e5bd00000,0x0000001e5be00000)]
  0x000001b3fdf490a0 JavaThread "Worker-0: Shutdown..." [_thread_in_Java, id=25120, stack(0x0000001e5be00000,0x0000001e5bf00000)]
  0x000001b3fdf449c0 JavaThread "Worker-1" [_thread_blocked, id=25248, stack(0x0000001e5bf00000,0x0000001e5c000000)]
  0x000001b3fdf458f0 JavaThread "Thread-2" daemon [_thread_in_native, id=5020, stack(0x0000001e5c000000,0x0000001e5c100000)]
  0x000001b3fdf48680 JavaThread "Thread-3" daemon [_thread_in_native, id=15356, stack(0x0000001e5c100000,0x0000001e5c200000)]
  0x000001b3fdf49ac0 JavaThread "Thread-4" daemon [_thread_in_native, id=21532, stack(0x0000001e5c200000,0x0000001e5c300000)]
  0x000001b3fdf43580 JavaThread "Thread-5" daemon [_thread_in_native, id=8128, stack(0x0000001e5c300000,0x0000001e5c400000)]
  0x000001b3fdf48b90 JavaThread "Thread-6" daemon [_thread_in_native, id=6192, stack(0x0000001e5c400000,0x0000001e5c500000)]
  0x000001b3fdf49fd0 JavaThread "pool-2-thread-1" [_thread_blocked, id=28136, stack(0x0000001e5c500000,0x0000001e5c600000)]
  0x000001b3fdf43070 JavaThread "WorkspaceEventsHandler" [_thread_blocked, id=30684, stack(0x0000001e5c600000,0x0000001e5c700000)]
  0x000001b3fdf46820 JavaThread "pool-1-thread-1" [_thread_blocked, id=25356, stack(0x0000001e5c700000,0x0000001e5c800000)]
  0x000001b3fdf46d30 JavaThread "ForkJoinPool.commonPool-worker-1" daemon [_thread_blocked, id=23168, stack(0x0000001e5c800000,0x0000001e5c900000)]
  0x000001b3fdf4a4e0 JavaThread "ForkJoinPool.commonPool-worker-2" daemon [_thread_blocked, id=23064, stack(0x0000001e5c900000,0x0000001e5ca00000)]
  0x000001b3fdf4a9f0 JavaThread "Worker-2" [_thread_blocked, id=20500, stack(0x0000001e5bb00000,0x0000001e5bc00000)]

Other Threads:
  0x000001b3fc326ac0 VMThread "VM Thread" [stack: 0x0000001e5a700000,0x0000001e5a800000] [id=18712]
  0x000001b3fd6ab800 WatcherThread [stack: 0x0000001e5b300000,0x0000001e5b400000] [id=1976]
  0x000001b3f750d030 GCTaskThread "GC Thread#0" [stack: 0x0000001e5a600000,0x0000001e5a700000] [id=28472]
  0x000001b3fd8f7150 GCTaskThread "GC Thread#1" [stack: 0x0000001e5b400000,0x0000001e5b500000] [id=20012]
  0x000001b3fd8f7410 GCTaskThread "GC Thread#2" [stack: 0x0000001e5b500000,0x0000001e5b600000] [id=21596]
  0x000001b3fda4d6f0 GCTaskThread "GC Thread#3" [stack: 0x0000001e5b600000,0x0000001e5b700000] [id=30128]

Threads with active compile tasks:
C2 CompilerThread0    45338 5146       4       org.eclipse.core.internal.dtree.DataTreeWriter::writeNode (182 bytes)

VM state: not at safepoint (normal execution)

VM Mutex/Monitor currently owned by a thread: None

Heap address: 0x00000000c0000000, size: 1024 MB, Compressed Oops mode: 32-bit

CDS archive(s) not mapped
Compressed class space mapped at: 0x0000000100000000-0x0000000140000000, reserved size: 1073741824
Narrow klass base: 0x0000000000000000, Narrow klass shift: 3, Narrow klass range: 0x140000000

GC Precious Log:
 CPUs: 4 total, 4 available
 Memory: 3879M
 Large Page Support: Disabled
 NUMA Support: Disabled
 Compressed Oops: Enabled (32-bit)
 Alignments: Space 512K, Generation 512K, Heap 2M
 Heap Min Capacity: 100M
 Heap Initial Capacity: 100M
 Heap Max Capacity: 1G
 Pre-touch: Disabled
 Parallel Workers: 4

Heap:
 PSYoungGen      total 22528K, used 20271K [0x00000000eab00000, 0x00000000ec380000, 0x0000000100000000)
  eden space 21504K, 90% used [0x00000000eab00000,0x00000000ebe18c78,0x00000000ec000000)
  from space 1024K, 69% used [0x00000000ec000000,0x00000000ec0b3250,0x00000000ec100000)
  to   space 1536K, 0% used [0x00000000ec200000,0x00000000ec200000,0x00000000ec380000)
 ParOldGen       total 68608K, used 32128K [0x00000000c0000000, 0x00000000c4300000, 0x00000000eab00000)
  object space 68608K, 46% used [0x00000000c0000000,0x00000000c1f603c0,0x00000000c4300000)
 Metaspace       used 48084K, committed 48896K, reserved 1114112K
  class space    used 4825K, committed 5184K, reserved 1048576K

Card table byte_map: [0x000001b3f6e90000,0x000001b3f70a0000] _byte_map_base: 0x000001b3f6890000

Marking Bits: (ParMarkBitMap*) 0x00007ff9cd8dd820
 Begin Bits: [0x000001b3fa190000, 0x000001b3fb190000)
 End Bits:   [0x000001b3fb190000, 0x000001b3fc190000)

Polling page: 0x000001b3f53d0000

Metaspace:

Usage:
  Non-class:     42.25 MB used.
      Class:      4.71 MB used.
       Both:     46.96 MB used.

Virtual space:
  Non-class space:       64.00 MB reserved,      42.69 MB ( 67%) committed,  1 nodes.
      Class space:        1.00 GB reserved,       5.06 MB ( <1%) committed,  1 nodes.
             Both:        1.06 GB reserved,      47.75 MB (  4%) committed. 

Chunk freelists:
   Non-Class:  4.98 MB
       Class:  10.95 MB
        Both:  15.94 MB

MaxMetaspaceSize: unlimited
CompressedClassSpaceSize: 1.00 GB
Initial GC threshold: 21.00 MB
Current GC threshold: 58.38 MB
CDS: off
MetaspaceReclaimPolicy: balanced
 - commit_granule_bytes: 65536.
 - commit_granule_words: 8192.
 - virtual_space_node_default_size: 8388608.
 - enlarge_chunks_in_place: 1.
 - new_chunks_are_fully_committed: 0.
 - uncommit_free_chunks: 1.
 - use_allocation_guard: 0.
 - handle_deallocations: 1.


Internal statistics:

num_allocs_failed_limit: 6.
num_arena_births: 442.
num_arena_deaths: 14.
num_vsnodes_births: 2.
num_vsnodes_deaths: 0.
num_space_committed: 764.
num_space_uncommitted: 0.
num_chunks_returned_to_freelist: 20.
num_chunks_taken_from_freelist: 2072.
num_chunk_merges: 11.
num_chunk_splits: 1340.
num_chunks_enlarged: 909.
num_inconsistent_stats: 0.

CodeHeap 'non-profiled nmethods': size=120000Kb used=2947Kb max_used=2947Kb free=117052Kb
 bounds [0x000001b387ad0000, 0x000001b387dc0000, 0x000001b38f000000]
CodeHeap 'profiled nmethods': size=120000Kb used=11433Kb max_used=11433Kb free=108567Kb
 bounds [0x000001b380000000, 0x000001b380b30000, 0x000001b387530000]
CodeHeap 'non-nmethods': size=5760Kb used=1355Kb max_used=1399Kb free=4404Kb
 bounds [0x000001b387530000, 0x000001b3877a0000, 0x000001b387ad0000]
 total_blobs=5829 nmethods=5142 adapters=600
 compilation: enabled
              stopped_count=0, restarted_count=0
 full_count=0

Compilation events (20 events):
Event: 45.186 Thread 0x000001b3fc372080 nmethod 5135 0x000001b387daa490 code [0x000001b387daa620, 0x000001b387daa9c8]
Event: 45.186 Thread 0x000001b3fc372080 5136  s    4       java.io.BufferedOutputStream::write (35 bytes)
Event: 45.187 Thread 0x000001b3fc372080 nmethod 5136 0x000001b387daab90 code [0x000001b387daad20, 0x000001b387dab048]
Event: 45.187 Thread 0x000001b3fc372080 5139       4       java.io.DataOutputStream::writeUTF (411 bytes)
Event: 45.203 Thread 0x000001b3fc372080 nmethod 5139 0x000001b387dab190 code [0x000001b387dab380, 0x000001b387dac2a8]
Event: 45.203 Thread 0x000001b3fc372080 5138       4       org.eclipse.core.runtime.Path::append (147 bytes)
Event: 45.209 Thread 0x000001b3fc372080 nmethod 5138 0x000001b387dacb90 code [0x000001b387dacd60, 0x000001b387dad4c8]
Event: 45.209 Thread 0x000001b3fc372080 5140       4       java.io.DataOutputStream::writeByte (14 bytes)
Event: 45.212 Thread 0x000001b3fc372080 nmethod 5140 0x000001b387dad890 code [0x000001b387dada40, 0x000001b387dade48]
Event: 45.212 Thread 0x000001b3fc372080 5141       4       java.io.DataOutputStream::writeLong (118 bytes)
Event: 45.216 Thread 0x000001b3fc372080 nmethod 5141 0x000001b387dae090 code [0x000001b387dae240, 0x000001b387dae808]
Event: 45.216 Thread 0x000001b3fc372080 5142       4       org.eclipse.core.internal.dtree.DataTreeWriter::writeNumber (47 bytes)
Event: 45.219 Thread 0x000001b3fc372080 nmethod 5142 0x000001b387daec10 code [0x000001b387daede0, 0x000001b387daf348]
Event: 45.220 Thread 0x000001b3fc372080 5144       4       org.eclipse.core.runtime.Path::equals (124 bytes)
Event: 45.223 Thread 0x000001b3fc372080 nmethod 5144 0x000001b387daf710 code [0x000001b387daf8a0, 0x000001b387dafcf8]
Event: 45.223 Thread 0x000001b3fc372080 5143       4       java.io.DataOutputStream::writeInt (62 bytes)
Event: 45.228 Thread 0x000001b3fc372080 nmethod 5143 0x000001b387daff10 code [0x000001b387db00c0, 0x000001b387db0668]
Event: 45.229 Thread 0x000001b3fc372080 5145       4       java.io.DataOutputStream::writeUTF (7 bytes)
Event: 45.229 Thread 0x000001b3fc372080 nmethod 5145 0x000001b387db0a90 code [0x000001b387db0c20, 0x000001b387db0cc8]
Event: 45.229 Thread 0x000001b3fc372080 5146       4       org.eclipse.core.internal.dtree.DataTreeWriter::writeNode (182 bytes)

GC Heap History (20 events):
Event: 15.915 GC heap before
{Heap before GC invocations=16 (full 2):
 PSYoungGen      total 24064K, used 23872K [0x00000000eab00000, 0x00000000ec580000, 0x0000000100000000)
  eden space 22016K, 100% used [0x00000000eab00000,0x00000000ec080000,0x00000000ec080000)
  from space 2048K, 90% used [0x00000000ec200000,0x00000000ec3d0000,0x00000000ec400000)
  to   space 1536K, 0% used [0x00000000ec400000,0x00000000ec400000,0x00000000ec580000)
 ParOldGen       total 68608K, used 19028K [0x00000000c0000000, 0x00000000c4300000, 0x00000000eab00000)
  object space 68608K, 27% used [0x00000000c0000000,0x00000000c1295070,0x00000000c4300000)
 Metaspace       used 39471K, committed 40256K, reserved 1114112K
  class space    used 3982K, committed 4352K, reserved 1048576K
}
Event: 15.918 GC heap after
{Heap after GC invocations=16 (full 2):
 PSYoungGen      total 23552K, used 1440K [0x00000000eab00000, 0x00000000ec580000, 0x0000000100000000)
  eden space 22016K, 0% used [0x00000000eab00000,0x00000000eab00000,0x00000000ec080000)
  from space 1536K, 93% used [0x00000000ec400000,0x00000000ec568010,0x00000000ec580000)
  to   space 2048K, 0% used [0x00000000ec180000,0x00000000ec180000,0x00000000ec380000)
 ParOldGen       total 68608K, used 20804K [0x00000000c0000000, 0x00000000c4300000, 0x00000000eab00000)
  object space 68608K, 30% used [0x00000000c0000000,0x00000000c1451070,0x00000000c4300000)
 Metaspace       used 39471K, committed 40256K, reserved 1114112K
  class space    used 3982K, committed 4352K, reserved 1048576K
}
Event: 17.013 GC heap before
{Heap before GC invocations=17 (full 2):
 PSYoungGen      total 23552K, used 23456K [0x00000000eab00000, 0x00000000ec580000, 0x0000000100000000)
  eden space 22016K, 100% used [0x00000000eab00000,0x00000000ec080000,0x00000000ec080000)
  from space 1536K, 93% used [0x00000000ec400000,0x00000000ec568010,0x00000000ec580000)
  to   space 2048K, 0% used [0x00000000ec180000,0x00000000ec180000,0x00000000ec380000)
 ParOldGen       total 68608K, used 20804K [0x00000000c0000000, 0x00000000c4300000, 0x00000000eab00000)
  object space 68608K, 30% used [0x00000000c0000000,0x00000000c1451070,0x00000000c4300000)
 Metaspace       used 40914K, committed 41664K, reserved 1114112K
  class space    used 4181K, committed 4544K, reserved 1048576K
}
Event: 17.015 GC heap after
{Heap after GC invocations=17 (full 2):
 PSYoungGen      total 24064K, used 568K [0x00000000eab00000, 0x00000000ec480000, 0x0000000100000000)
  eden space 22016K, 0% used [0x00000000eab00000,0x00000000eab00000,0x00000000ec080000)
  from space 2048K, 27% used [0x00000000ec180000,0x00000000ec20e260,0x00000000ec380000)
  to   space 1024K, 0% used [0x00000000ec380000,0x00000000ec380000,0x00000000ec480000)
 ParOldGen       total 68608K, used 22174K [0x00000000c0000000, 0x00000000c4300000, 0x00000000eab00000)
  object space 68608K, 32% used [0x00000000c0000000,0x00000000c15a7bb0,0x00000000c4300000)
 Metaspace       used 40914K, committed 41664K, reserved 1114112K
  class space    used 4181K, committed 4544K, reserved 1048576K
}
Event: 17.767 GC heap before
{Heap before GC invocations=18 (full 2):
 PSYoungGen      total 24064K, used 22584K [0x00000000eab00000, 0x00000000ec480000, 0x0000000100000000)
  eden space 22016K, 100% used [0x00000000eab00000,0x00000000ec080000,0x00000000ec080000)
  from space 2048K, 27% used [0x00000000ec180000,0x00000000ec20e260,0x00000000ec380000)
  to   space 1024K, 0% used [0x00000000ec380000,0x00000000ec380000,0x00000000ec480000)
 ParOldGen       total 68608K, used 22174K [0x00000000c0000000, 0x00000000c4300000, 0x00000000eab00000)
  object space 68608K, 32% used [0x00000000c0000000,0x00000000c15a7bb0,0x00000000c4300000)
 Metaspace       used 43263K, committed 44032K, reserved 1114112K
  class space    used 4364K, committed 4736K, reserved 1048576K
}
Event: 17.769 GC heap after
{Heap after GC invocations=18 (full 2):
 PSYoungGen      total 22528K, used 320K [0x00000000eab00000, 0x00000000ec400000, 0x0000000100000000)
  eden space 22016K, 0% used [0x00000000eab00000,0x00000000eab00000,0x00000000ec080000)
  from space 512K, 62% used [0x00000000ec380000,0x00000000ec3d0000,0x00000000ec400000)
  to   space 512K, 0% used [0x00000000ec300000,0x00000000ec300000,0x00000000ec380000)
 ParOldGen       total 68608K, used 22680K [0x00000000c0000000, 0x00000000c4300000, 0x00000000eab00000)
  object space 68608K, 33% used [0x00000000c0000000,0x00000000c16260b0,0x00000000c4300000)
 Metaspace       used 43263K, committed 44032K, reserved 1114112K
  class space    used 4364K, committed 4736K, reserved 1048576K
}
Event: 18.581 GC heap before
{Heap before GC invocations=19 (full 2):
 PSYoungGen      total 22528K, used 22336K [0x00000000eab00000, 0x00000000ec400000, 0x0000000100000000)
  eden space 22016K, 100% used [0x00000000eab00000,0x00000000ec080000,0x00000000ec080000)
  from space 512K, 62% used [0x00000000ec380000,0x00000000ec3d0000,0x00000000ec400000)
  to   space 512K, 0% used [0x00000000ec300000,0x00000000ec300000,0x00000000ec380000)
 ParOldGen       total 68608K, used 22680K [0x00000000c0000000, 0x00000000c4300000, 0x00000000eab00000)
  object space 68608K, 33% used [0x00000000c0000000,0x00000000c16260b0,0x00000000c4300000)
 Metaspace       used 44154K, committed 44928K, reserved 1114112K
  class space    used 4432K, committed 4800K, reserved 1048576K
}
Event: 18.586 GC heap after
{Heap after GC invocations=19 (full 2):
 PSYoungGen      total 22528K, used 480K [0x00000000eab00000, 0x00000000ec680000, 0x0000000100000000)
  eden space 22016K, 0% used [0x00000000eab00000,0x00000000eab00000,0x00000000ec080000)
  from space 512K, 93% used [0x00000000ec300000,0x00000000ec378020,0x00000000ec380000)
  to   space 3072K, 0% used [0x00000000ec380000,0x00000000ec380000,0x00000000ec680000)
 ParOldGen       total 68608K, used 24569K [0x00000000c0000000, 0x00000000c4300000, 0x00000000eab00000)
  object space 68608K, 35% used [0x00000000c0000000,0x00000000c17fe5f8,0x00000000c4300000)
 Metaspace       used 44154K, committed 44928K, reserved 1114112K
  class space    used 4432K, committed 4800K, reserved 1048576K
}
Event: 18.761 GC heap before
{Heap before GC invocations=20 (full 2):
 PSYoungGen      total 22528K, used 22496K [0x00000000eab00000, 0x00000000ec680000, 0x0000000100000000)
  eden space 22016K, 100% used [0x00000000eab00000,0x00000000ec080000,0x00000000ec080000)
  from space 512K, 93% used [0x00000000ec300000,0x00000000ec378020,0x00000000ec380000)
  to   space 3072K, 0% used [0x00000000ec380000,0x00000000ec380000,0x00000000ec680000)
 ParOldGen       total 68608K, used 24569K [0x00000000c0000000, 0x00000000c4300000, 0x00000000eab00000)
  object space 68608K, 35% used [0x00000000c0000000,0x00000000c17fe5f8,0x00000000c4300000)
 Metaspace       used 44154K, committed 44928K, reserved 1114112K
  class space    used 4432K, committed 4800K, reserved 1048576K
}
Event: 18.766 GC heap after
{Heap after GC invocations=20 (full 2):
 PSYoungGen      total 24576K, used 2432K [0x00000000eab00000, 0x00000000ec600000, 0x0000000100000000)
  eden space 22016K, 0% used [0x00000000eab00000,0x00000000eab00000,0x00000000ec080000)
  from space 2560K, 95% used [0x00000000ec380000,0x00000000ec5e0000,0x00000000ec600000)
  to   space 2560K, 0% used [0x00000000ec100000,0x00000000ec100000,0x00000000ec380000)
 ParOldGen       total 68608K, used 25065K [0x00000000c0000000, 0x00000000c4300000, 0x00000000eab00000)
  object space 68608K, 36% used [0x00000000c0000000,0x00000000c187a618,0x00000000c4300000)
 Metaspace       used 44154K, committed 44928K, reserved 1114112K
  class space    used 4432K, committed 4800K, reserved 1048576K
}
Event: 19.037 GC heap before
{Heap before GC invocations=21 (full 2):
 PSYoungGen      total 24576K, used 24448K [0x00000000eab00000, 0x00000000ec600000, 0x0000000100000000)
  eden space 22016K, 100% used [0x00000000eab00000,0x00000000ec080000,0x00000000ec080000)
  from space 2560K, 95% used [0x00000000ec380000,0x00000000ec5e0000,0x00000000ec600000)
  to   space 2560K, 0% used [0x00000000ec100000,0x00000000ec100000,0x00000000ec380000)
 ParOldGen       total 68608K, used 25065K [0x00000000c0000000, 0x00000000c4300000, 0x00000000eab00000)
  object space 68608K, 36% used [0x00000000c0000000,0x00000000c187a618,0x00000000c4300000)
 Metaspace       used 44214K, committed 44992K, reserved 1114112K
  class space    used 4435K, committed 4800K, reserved 1048576K
}
Event: 19.047 GC heap after
{Heap after GC invocations=21 (full 2):
 PSYoungGen      total 24064K, used 1952K [0x00000000eab00000, 0x00000000ec580000, 0x0000000100000000)
  eden space 22016K, 0% used [0x00000000eab00000,0x00000000eab00000,0x00000000ec080000)
  from space 2048K, 95% used [0x00000000ec100000,0x00000000ec2e8030,0x00000000ec300000)
  to   space 2560K, 0% used [0x00000000ec300000,0x00000000ec300000,0x00000000ec580000)
 ParOldGen       total 68608K, used 27151K [0x00000000c0000000, 0x00000000c4300000, 0x00000000eab00000)
  object space 68608K, 39% used [0x00000000c0000000,0x00000000c1a83e98,0x00000000c4300000)
 Metaspace       used 44214K, committed 44992K, reserved 1114112K
  class space    used 4435K, committed 4800K, reserved 1048576K
}
Event: 19.177 GC heap before
{Heap before GC invocations=22 (full 2):
 PSYoungGen      total 24064K, used 23968K [0x00000000eab00000, 0x00000000ec580000, 0x0000000100000000)
  eden space 22016K, 100% used [0x00000000eab00000,0x00000000ec080000,0x00000000ec080000)
  from space 2048K, 95% used [0x00000000ec100000,0x00000000ec2e8030,0x00000000ec300000)
  to   space 2560K, 0% used [0x00000000ec300000,0x00000000ec300000,0x00000000ec580000)
 ParOldGen       total 68608K, used 27151K [0x00000000c0000000, 0x00000000c4300000, 0x00000000eab00000)
  object space 68608K, 39% used [0x00000000c0000000,0x00000000c1a83e98,0x00000000c4300000)
 Metaspace       used 44268K, committed 45056K, reserved 1114112K
  class space    used 4442K, committed 4800K, reserved 1048576K
}
Event: 19.180 GC heap after
{Heap after GC invocations=22 (full 2):
 PSYoungGen      total 23552K, used 1088K [0x00000000eab00000, 0x00000000ec480000, 0x0000000100000000)
  eden space 22016K, 0% used [0x00000000eab00000,0x00000000eab00000,0x00000000ec080000)
  from space 1536K, 70% used [0x00000000ec300000,0x00000000ec410000,0x00000000ec480000)
  to   space 1536K, 0% used [0x00000000ec180000,0x00000000ec180000,0x00000000ec300000)
 ParOldGen       total 68608K, used 29047K [0x00000000c0000000, 0x00000000c4300000, 0x00000000eab00000)
  object space 68608K, 42% used [0x00000000c0000000,0x00000000c1c5dec8,0x00000000c4300000)
 Metaspace       used 44268K, committed 45056K, reserved 1114112K
  class space    used 4442K, committed 4800K, reserved 1048576K
}
Event: 19.203 GC heap before
{Heap before GC invocations=23 (full 2):
 PSYoungGen      total 23552K, used 23104K [0x00000000eab00000, 0x00000000ec480000, 0x0000000100000000)
  eden space 22016K, 100% used [0x00000000eab00000,0x00000000ec080000,0x00000000ec080000)
  from space 1536K, 70% used [0x00000000ec300000,0x00000000ec410000,0x00000000ec480000)
  to   space 1536K, 0% used [0x00000000ec180000,0x00000000ec180000,0x00000000ec300000)
 ParOldGen       total 68608K, used 29047K [0x00000000c0000000, 0x00000000c4300000, 0x00000000eab00000)
  object space 68608K, 42% used [0x00000000c0000000,0x00000000c1c5dec8,0x00000000c4300000)
 Metaspace       used 44274K, committed 45056K, reserved 1114112K
  class space    used 4443K, committed 4800K, reserved 1048576K
}
Event: 19.205 GC heap after
{Heap after GC invocations=23 (full 2):
 PSYoungGen      total 23552K, used 1216K [0x00000000eab00000, 0x00000000ec380000, 0x0000000100000000)
  eden space 22016K, 0% used [0x00000000eab00000,0x00000000eab00000,0x00000000ec080000)
  from space 1536K, 79% used [0x00000000ec180000,0x00000000ec2b0000,0x00000000ec300000)
  to   space 512K, 0% used [0x00000000ec300000,0x00000000ec300000,0x00000000ec380000)
 ParOldGen       total 68608K, used 29659K [0x00000000c0000000, 0x00000000c4300000, 0x00000000eab00000)
  object space 68608K, 43% used [0x00000000c0000000,0x00000000c1cf6d88,0x00000000c4300000)
 Metaspace       used 44274K, committed 45056K, reserved 1114112K
  class space    used 4443K, committed 4800K, reserved 1048576K
}
Event: 20.539 GC heap before
{Heap before GC invocations=24 (full 2):
 PSYoungGen      total 23552K, used 23232K [0x00000000eab00000, 0x00000000ec380000, 0x0000000100000000)
  eden space 22016K, 100% used [0x00000000eab00000,0x00000000ec080000,0x00000000ec080000)
  from space 1536K, 79% used [0x00000000ec180000,0x00000000ec2b0000,0x00000000ec300000)
  to   space 512K, 0% used [0x00000000ec300000,0x00000000ec300000,0x00000000ec380000)
 ParOldGen       total 68608K, used 29659K [0x00000000c0000000, 0x00000000c4300000, 0x00000000eab00000)
  object space 68608K, 43% used [0x00000000c0000000,0x00000000c1cf6d88,0x00000000c4300000)
 Metaspace       used 45987K, committed 46720K, reserved 1114112K
  class space    used 4621K, committed 4992K, reserved 1048576K
}
Event: 20.543 GC heap after
{Heap after GC invocations=24 (full 2):
 PSYoungGen      total 22016K, used 499K [0x00000000eab00000, 0x00000000ec680000, 0x0000000100000000)
  eden space 21504K, 0% used [0x00000000eab00000,0x00000000eab00000,0x00000000ec000000)
  from space 512K, 97% used [0x00000000ec300000,0x00000000ec37cdb8,0x00000000ec380000)
  to   space 3072K, 0% used [0x00000000ec000000,0x00000000ec000000,0x00000000ec300000)
 ParOldGen       total 68608K, used 31616K [0x00000000c0000000, 0x00000000c4300000, 0x00000000eab00000)
  object space 68608K, 46% used [0x00000000c0000000,0x00000000c1ee0028,0x00000000c4300000)
 Metaspace       used 45987K, committed 46720K, reserved 1114112K
  class space    used 4621K, committed 4992K, reserved 1048576K
}
Event: 20.709 GC heap before
{Heap before GC invocations=25 (full 2):
 PSYoungGen      total 22016K, used 22003K [0x00000000eab00000, 0x00000000ec680000, 0x0000000100000000)
  eden space 21504K, 100% used [0x00000000eab00000,0x00000000ec000000,0x00000000ec000000)
  from space 512K, 97% used [0x00000000ec300000,0x00000000ec37cdb8,0x00000000ec380000)
  to   space 3072K, 0% used [0x00000000ec000000,0x00000000ec000000,0x00000000ec300000)
 ParOldGen       total 68608K, used 31616K [0x00000000c0000000, 0x00000000c4300000, 0x00000000eab00000)
  object space 68608K, 46% used [0x00000000c0000000,0x00000000c1ee0028,0x00000000c4300000)
 Metaspace       used 46072K, committed 46848K, reserved 1114112K
  class space    used 4627K, committed 4992K, reserved 1048576K
}
Event: 20.711 GC heap after
{Heap after GC invocations=25 (full 2):
 PSYoungGen      total 22528K, used 716K [0x00000000eab00000, 0x00000000ec380000, 0x0000000100000000)
  eden space 21504K, 0% used [0x00000000eab00000,0x00000000eab00000,0x00000000ec000000)
  from space 1024K, 69% used [0x00000000ec000000,0x00000000ec0b3250,0x00000000ec100000)
  to   space 1536K, 0% used [0x00000000ec200000,0x00000000ec200000,0x00000000ec380000)
 ParOldGen       total 68608K, used 32128K [0x00000000c0000000, 0x00000000c4300000, 0x00000000eab00000)
  object space 68608K, 46% used [0x00000000c0000000,0x00000000c1f603c0,0x00000000c4300000)
 Metaspace       used 46072K, committed 46848K, reserved 1114112K
  class space    used 4627K, committed 4992K, reserved 1048576K
}

Dll operation events (10 events):
Event: 1.771 Loaded shared library c:\Users\55119\.vscode\extensions\redhat.java-1.33.0-win32-x64\jre\17.0.11-win32-x86_64\bin\java.dll
Event: 2.086 Loaded shared library c:\Users\55119\.vscode\extensions\redhat.java-1.33.0-win32-x64\jre\17.0.11-win32-x86_64\bin\zip.dll
Event: 2.093 Loaded shared library C:\Users\55119\.vscode\extensions\redhat.java-1.33.0-win32-x64\jre\17.0.11-win32-x86_64\bin\instrument.dll
Event: 2.116 Loaded shared library C:\Users\55119\.vscode\extensions\redhat.java-1.33.0-win32-x64\jre\17.0.11-win32-x86_64\bin\net.dll
Event: 2.124 Loaded shared library C:\Users\55119\.vscode\extensions\redhat.java-1.33.0-win32-x64\jre\17.0.11-win32-x86_64\bin\nio.dll
Event: 2.132 Loaded shared library C:\Users\55119\.vscode\extensions\redhat.java-1.33.0-win32-x64\jre\17.0.11-win32-x86_64\bin\zip.dll
Event: 2.150 Loaded shared library C:\Users\55119\.vscode\extensions\redhat.java-1.33.0-win32-x64\jre\17.0.11-win32-x86_64\bin\jimage.dll
Event: 2.214 Loaded shared library c:\Users\55119\.vscode\extensions\redhat.java-1.33.0-win32-x64\jre\17.0.11-win32-x86_64\bin\verify.dll
Event: 6.726 Loaded shared library C:\Users\55119\AppData\Roaming\Code\User\globalStorage\redhat.java\1.33.0\config_ss_win\org.eclipse.equinox.launcher\org.eclipse.equinox.launcher.win32.win32.x86_64_1.2.1100.v20240722-2106\eclipse_11904.dll
Event: 9.721 Loaded shared library C:\Users\55119\AppData\Local\Temp\jna--205368346\jna17235185653194425490.dll

Deoptimization events (20 events):
Event: 43.960 Thread 0x000001b3fdf490a0 Uncommon trap: trap_request=0xffffffde fr.pc=0x000001b387c8d89c relative=0x0000000000000c5c
Event: 43.960 Thread 0x000001b3fdf490a0 Uncommon trap: reason=class_check action=maybe_recompile pc=0x000001b387c8d89c method=java.util.Spliterators$1Adapter.hasNext()Z @ 12 c2
Event: 43.960 Thread 0x000001b3fdf490a0 DEOPT PACKING pc=0x000001b387c8d89c sp=0x0000001e5befe860
Event: 43.960 Thread 0x000001b3fdf490a0 DEOPT UNPACKING pc=0x000001b387589ea3 sp=0x0000001e5befe828 mode 2
Event: 45.126 Thread 0x000001b3fdf490a0 Uncommon trap: trap_request=0xffffffde fr.pc=0x000001b387b61604 relative=0x0000000000000784
Event: 45.126 Thread 0x000001b3fdf490a0 Uncommon trap: reason=class_check action=maybe_recompile pc=0x000001b387b61604 method=java.util.HashMap.computeIfAbsent(Ljava/lang/Object;Ljava/util/function/Function;)Ljava/lang/Object; @ 188 c2
Event: 45.126 Thread 0x000001b3fdf490a0 DEOPT PACKING pc=0x000001b387b61604 sp=0x0000001e5befee70
Event: 45.128 Thread 0x000001b3fdf490a0 DEOPT UNPACKING pc=0x000001b387589ea3 sp=0x0000001e5befee18 mode 2
Event: 45.145 Thread 0x000001b3fdf490a0 Uncommon trap: trap_request=0xffffffde fr.pc=0x000001b387b61604 relative=0x0000000000000784
Event: 45.145 Thread 0x000001b3fdf490a0 Uncommon trap: reason=class_check action=maybe_recompile pc=0x000001b387b61604 method=java.util.HashMap.computeIfAbsent(Ljava/lang/Object;Ljava/util/function/Function;)Ljava/lang/Object; @ 188 c2
Event: 45.145 Thread 0x000001b3fdf490a0 DEOPT PACKING pc=0x000001b387b61604 sp=0x0000001e5befee70
Event: 45.145 Thread 0x000001b3fdf490a0 DEOPT UNPACKING pc=0x000001b387589ea3 sp=0x0000001e5befee18 mode 2
Event: 45.175 Thread 0x000001b3fdf490a0 Uncommon trap: trap_request=0xffffff45 fr.pc=0x000001b387da8ee8 relative=0x00000000000001e8
Event: 45.175 Thread 0x000001b3fdf490a0 Uncommon trap: reason=unstable_if action=reinterpret pc=0x000001b387da8ee8 method=java.io.BufferedOutputStream.write(I)V @ 9 c2
Event: 45.175 Thread 0x000001b3fdf490a0 DEOPT PACKING pc=0x000001b387da8ee8 sp=0x0000001e5befe4c0
Event: 45.176 Thread 0x000001b3fdf490a0 DEOPT UNPACKING pc=0x000001b387589ea3 sp=0x0000001e5befe468 mode 2
Event: 45.178 Thread 0x000001b3fdf490a0 Uncommon trap: trap_request=0xffffff45 fr.pc=0x000001b387da9750 relative=0x0000000000000230
Event: 45.178 Thread 0x000001b3fdf490a0 Uncommon trap: reason=unstable_if action=reinterpret pc=0x000001b387da9750 method=java.io.BufferedOutputStream.write(I)V @ 9 c2
Event: 45.178 Thread 0x000001b3fdf490a0 DEOPT PACKING pc=0x000001b387da9750 sp=0x0000001e5befe620
Event: 45.178 Thread 0x000001b3fdf490a0 DEOPT UNPACKING pc=0x000001b387589ea3 sp=0x0000001e5befe568 mode 2

Classes unloaded (7 events):
Event: 9.088 Thread 0x000001b3fc326ac0 Unloading class 0x000000010021a400 'java/lang/invoke/LambdaForm$MH+0x000000010021a400'
Event: 9.088 Thread 0x000001b3fc326ac0 Unloading class 0x000000010021a000 'java/lang/invoke/LambdaForm$MH+0x000000010021a000'
Event: 9.088 Thread 0x000001b3fc326ac0 Unloading class 0x0000000100219c00 'java/lang/invoke/LambdaForm$MH+0x0000000100219c00'
Event: 9.088 Thread 0x000001b3fc326ac0 Unloading class 0x0000000100219800 'java/lang/invoke/LambdaForm$MH+0x0000000100219800'
Event: 9.088 Thread 0x000001b3fc326ac0 Unloading class 0x0000000100219400 'java/lang/invoke/LambdaForm$BMH+0x0000000100219400'
Event: 9.088 Thread 0x000001b3fc326ac0 Unloading class 0x0000000100219000 'java/lang/invoke/LambdaForm$DMH+0x0000000100219000'
Event: 9.088 Thread 0x000001b3fc326ac0 Unloading class 0x0000000100214400 'java/lang/invoke/LambdaForm$DMH+0x0000000100214400'

Classes redefined (0 events):
No events

Internal exceptions (20 events):
Event: 14.548 Thread 0x000001b3fdf490a0 Exception <a 'sun/nio/fs/WindowsException'{0x00000000ebc1d4e8}> (0x00000000ebc1d4e8) 
thrown [s\src\hotspot\share\prims\jni.cpp, line 516]
Event: 14.548 Thread 0x000001b3fdf490a0 Exception <a 'sun/nio/fs/WindowsException'{0x00000000ebc1ddc8}> (0x00000000ebc1ddc8) 
thrown [s\src\hotspot\share\prims\jni.cpp, line 516]
Event: 14.550 Thread 0x000001b3fdf490a0 Exception <a 'java/lang/NoSuchMethodError'{0x00000000ebcb4a38}: 'void java.lang.invoke.DirectMethodHandle$Holder.invokeVirtual(java.lang.Object, java.lang.Object, java.lang.Object, java.lang.Object)'> (0x00000000ebcb4a38) 
thrown [s\src\hotspot\share\interpreter\linkResolver.cpp, line 759]
Event: 14.615 Thread 0x000001b3fdf490a0 Exception <a 'java/lang/NoSuchMethodError'{0x00000000ebdc20b0}: 'java.lang.Object java.lang.invoke.DirectMethodHandle$Holder.newInvokeSpecial(java.lang.Object, java.lang.Object, java.lang.Object, java.lang.Object, java.lang.Object, java.lang.Object)'> (0x00000000ebdc20b0) 
thrown [s\src\hotspot\share\interpreter\linkResolver.cpp, line 759]
Event: 14.779 Thread 0x000001b3fdf46820 Exception <a 'java/lang/NoSuchMethodError'{0x00000000ec067000}: 'java.lang.Object java.lang.invoke.Invokers$Holder.invoke_MT(java.lang.Object, java.lang.Object, java.lang.Object)'> (0x00000000ec067000) 
thrown [s\src\hotspot\share\interpreter\linkResolver.cpp, line 759]
Event: 16.367 Thread 0x000001b3fdf46820 Exception <a 'java/lang/LinkageError'{0x00000000eb0ecc00}: loader lombok.launch.ShadowClassLoader @41abf75a attempted duplicate class definition for lombok.launch.PatchFixesHider$Transform. (lombok.launch.PatchFixesHider$Transform is in unnamed module of loader lombok.launch.ShadowClassLoader @41abf75a, parent loader org.eclipse.osgi.internal.loader.EquinoxClassLoader @678992a3)> (0x00000000eb0ecc00) 
thrown [s\src\hotspot\share\classfile\systemDictionary.cpp, line 1723]
Event: 16.375 Thread 0x000001b3fdf4a4e0 Exception <a 'java/lang/LinkageError'{0x00000000eb215558}: loader lombok.launch.ShadowClassLoader @41abf75a attempted duplicate class definition for lombok.launch.PatchFixesHider$Transform. (lombok.launch.PatchFixesHider$Transform is in unnamed module of loader lombok.launch.ShadowClassLoader @41abf75a, parent loader org.eclipse.osgi.internal.loader.EquinoxClassLoader @678992a3)> (0x00000000eb215558) 
thrown [s\src\hotspot\share\classfile\systemDictionary.cpp, line 1723]
Event: 17.852 Thread 0x000001b3fdf4a4e0 Exception <a 'java/lang/NoSuchMethodError'{0x00000000eabf64c8}: 'int java.lang.invoke.DirectMethodHandle$Holder.invokeVirtual(java.lang.Object, java.lang.Object)'> (0x00000000eabf64c8) 
thrown [s\src\hotspot\share\interpreter\linkResolver.cpp, line 759]
Event: 19.103 Thread 0x000001b3fdf46d30 Exception <a 'java/lang/NoSuchMethodError'{0x00000000eacb4148}: 'int java.lang.invoke.DirectMethodHandle$Holder.invokeInterface(java.lang.Object, java.lang.Object)'> (0x00000000eacb4148) 
thrown [s\src\hotspot\share\interpreter\linkResolver.cpp, line 759]
Event: 19.104 Thread 0x000001b3fdf46d30 Exception <a 'java/lang/IncompatibleClassChangeError'{0x00000000eacb76d8}: Found class java.lang.Object, but interface was expected> (0x00000000eacb76d8) 
thrown [s\src\hotspot\share\interpreter\linkResolver.cpp, line 826]
Event: 19.569 Thread 0x000001b3fdf449c0 Exception <a 'java/lang/NoSuchMethodError'{0x00000000eb16c460}: 'int java.lang.invoke.DirectMethodHandle$Holder.invokeStatic(java.lang.Object, java.lang.Object, java.lang.Object, int)'> (0x00000000eb16c460) 
thrown [s\src\hotspot\share\interpreter\linkResolver.cpp, line 759]
Event: 19.843 Thread 0x000001b3fdf449c0 Exception <a 'java/lang/NoSuchMethodError'{0x00000000eb22b470}: 'int java.lang.invoke.DirectMethodHandle$Holder.invokeVirtual(java.lang.Object, java.lang.Object, java.lang.Object)'> (0x00000000eb22b470) 
thrown [s\src\hotspot\share\interpreter\linkResolver.cpp, line 759]
Event: 19.850 Thread 0x000001b3fdf449c0 Exception <a 'java/lang/NoSuchMethodError'{0x00000000eb25dee0}: 'int java.lang.invoke.DirectMethodHandle$Holder.invokeSpecialIFC(java.lang.Object, java.lang.Object, java.lang.Object)'> (0x00000000eb25dee0) 
thrown [s\src\hotspot\share\interpreter\linkResolver.cpp, line 759]
Event: 20.180 Thread 0x000001b3fdf46d30 Exception <a 'java/io/FileNotFoundException'{0x00000000eb52f4a8}> (0x00000000eb52f4a8) 
thrown [s\src\hotspot\share\prims\jni.cpp, line 516]
Event: 20.183 Thread 0x000001b3fdf46d30 Exception <a 'java/io/FileNotFoundException'{0x00000000eb530778}> (0x00000000eb530778) 
thrown [s\src\hotspot\share\prims\jni.cpp, line 516]
Event: 20.202 Thread 0x000001b3fdf449c0 Exception <a 'java/lang/LinkageError'{0x00000000eb5dd210}: loader lombok.launch.ShadowClassLoader @41abf75a attempted duplicate class definition for lombok.launch.PatchFixesHider$Delegate. (lombok.launch.PatchFixesHider$Delegate is in unnamed module of loader lombok.launch.ShadowClassLoader @41abf75a, parent loader org.eclipse.osgi.internal.loader.EquinoxClassLoader @678992a3)> (0x00000000eb5dd210) 
thrown [s\src\hotspot\share\classfile\systemDictionary.cpp, line 1723]
Event: 20.637 Thread 0x000001b3fdf449c0 Exception <a 'java/io/FileNotFoundException'{0x00000000eb5fb6c0}> (0x00000000eb5fb6c0) 
thrown [s\src\hotspot\share\prims\jni.cpp, line 516]
Event: 20.637 Thread 0x000001b3fdf449c0 Exception <a 'java/io/FileNotFoundException'{0x00000000eb5fc6f0}> (0x00000000eb5fc6f0) 
thrown [s\src\hotspot\share\prims\jni.cpp, line 516]
Event: 20.642 Thread 0x000001b3fdf449c0 Exception <a 'java/io/FileNotFoundException'{0x00000000eb5fd498}> (0x00000000eb5fd498) 
thrown [s\src\hotspot\share\prims\jni.cpp, line 516]
Event: 44.927 Thread 0x000001b3fdf490a0 Exception <a 'java/io/FileNotFoundException'{0x00000000ebd1f4d8}> (0x00000000ebd1f4d8) 
thrown [s\src\hotspot\share\prims\jni.cpp, line 516]

VM Operations (20 events):
Event: 20.284 Executing VM operation: HandshakeAllThreads
Event: 20.287 Executing VM operation: HandshakeAllThreads done
Event: 20.287 Executing VM operation: Cleanup
Event: 20.292 Executing VM operation: Cleanup done
Event: 20.326 Executing VM operation: HandshakeAllThreads
Event: 20.329 Executing VM operation: HandshakeAllThreads done
Event: 20.538 Executing VM operation: ParallelGCFailedAllocation
Event: 20.543 Executing VM operation: ParallelGCFailedAllocation done
Event: 20.704 Executing VM operation: ParallelGCFailedAllocation
Event: 20.711 Executing VM operation: ParallelGCFailedAllocation done
Event: 22.711 Executing VM operation: Cleanup
Event: 22.712 Executing VM operation: Cleanup done
Event: 32.716 Executing VM operation: Cleanup
Event: 32.717 Executing VM operation: Cleanup done
Event: 43.724 Executing VM operation: Cleanup
Event: 43.752 Executing VM operation: Cleanup done
Event: 44.752 Executing VM operation: Cleanup
Event: 44.805 Executing VM operation: Cleanup done
Event: 45.113 Executing VM operation: HandshakeAllThreads
Event: 45.114 Executing VM operation: HandshakeAllThreads done

Events (20 events):
Event: 44.839 loading class java/util/concurrent/CountedCompleter
Event: 44.842 loading class java/util/concurrent/CountedCompleter done
Event: 44.842 loading class java/util/stream/AbstractTask done
Event: 44.843 loading class java/util/stream/Nodes$CollectorTask done
Event: 44.843 loading class java/util/stream/Nodes$CollectorTask$OfRef done
Event: 44.846 loading class java/util/function/LongFunction
Event: 44.850 loading class java/util/function/LongFunction done
Event: 44.852 loading class java/util/stream/Nodes$ConcNode
Event: 44.854 loading class java/util/stream/Nodes$AbstractConcNode
Event: 44.857 loading class java/util/stream/Nodes$AbstractConcNode done
Event: 44.858 loading class java/util/stream/Nodes$ConcNode done
Event: 44.862 Thread 0x000001b3fdf48170 Thread added: 0x000001b3fdf48170
Event: 44.864 loading class java/util/stream/Nodes$ToArrayTask$OfRef
Event: 44.866 loading class java/util/stream/Nodes$ToArrayTask
Event: 44.867 loading class java/util/stream/Nodes$ToArrayTask done
Event: 44.868 loading class java/util/stream/Nodes$ToArrayTask$OfRef done
Event: 44.868 Thread 0x000001b3fdf43a90 Thread added: 0x000001b3fdf43a90
Event: 44.903 Thread 0x000001b3fdf43a90 Thread exited: 0x000001b3fdf43a90
Event: 44.903 Thread 0x000001b3fdf47240 Thread exited: 0x000001b3fdf47240
Event: 44.903 Thread 0x000001b3fdf48170 Thread exited: 0x000001b3fdf48170


Dynamic libraries:
0x00007ff6ba5e0000 - 0x00007ff6ba5ee000 	c:\Users\55119\.vscode\extensions\redhat.java-1.33.0-win32-x64\jre\17.0.11-win32-x86_64\bin\java.exe
0x00007ffa59da0000 - 0x00007ffa59fa9000 	C:\Windows\SYSTEM32\ntdll.dll
0x00007ffa09180000 - 0x00007ffa0919a000 	C:\Program Files\Avast Software\Avast\aswhook.dll
0x00007ffa59450000 - 0x00007ffa5950d000 	C:\Windows\System32\KERNEL32.DLL
0x00007ffa57860000 - 0x00007ffa57be4000 	C:\Windows\System32\KERNELBASE.dll
0x00007ffa57560000 - 0x00007ffa57671000 	C:\Windows\System32\ucrtbase.dll
0x00007ffa53450000 - 0x00007ffa53467000 	c:\Users\55119\.vscode\extensions\redhat.java-1.33.0-win32-x64\jre\17.0.11-win32-x86_64\bin\jli.dll
0x00007ffa59700000 - 0x00007ffa598ad000 	C:\Windows\System32\USER32.dll
0x00007ffa57680000 - 0x00007ffa576a6000 	C:\Windows\System32\win32u.dll
0x00007ffa58450000 - 0x00007ffa5847a000 	C:\Windows\System32\GDI32.dll
0x00007ffa4aff0000 - 0x00007ffa4b00b000 	c:\Users\55119\.vscode\extensions\redhat.java-1.33.0-win32-x64\jre\17.0.11-win32-x86_64\bin\VCRUNTIME140.dll
0x00007ffa57440000 - 0x00007ffa5755e000 	C:\Windows\System32\gdi32full.dll
0x00007ffa442d0000 - 0x00007ffa44575000 	C:\Windows\WinSxS\amd64_microsoft.windows.common-controls_6595b64144ccf1df_6.0.22000.120_none_9d947278b86cc467\COMCTL32.dll
0x00007ffa59150000 - 0x00007ffa591f3000 	C:\Windows\System32\msvcrt.dll
0x00007ffa573a0000 - 0x00007ffa5743d000 	C:\Windows\System32\msvcp_win.dll
0x00007ffa59600000 - 0x00007ffa59631000 	C:\Windows\System32\IMM32.DLL
0x00007ffa52cb0000 - 0x00007ffa52cbc000 	c:\Users\55119\.vscode\extensions\redhat.java-1.33.0-win32-x64\jre\17.0.11-win32-x86_64\bin\vcruntime140_1.dll
0x00007ffa31f20000 - 0x00007ffa31fad000 	c:\Users\55119\.vscode\extensions\redhat.java-1.33.0-win32-x64\jre\17.0.11-win32-x86_64\bin\msvcp140.dll
0x00007ff9ccd40000 - 0x00007ff9cd9a2000 	c:\Users\55119\.vscode\extensions\redhat.java-1.33.0-win32-x64\jre\17.0.11-win32-x86_64\bin\server\jvm.dll
0x00007ffa59280000 - 0x00007ffa5932e000 	C:\Windows\System32\ADVAPI32.dll
0x00007ffa57bf0000 - 0x00007ffa57c8e000 	C:\Windows\System32\sechost.dll
0x00007ffa59bc0000 - 0x00007ffa59ce1000 	C:\Windows\System32\RPCRT4.dll
0x00007ffa55e30000 - 0x00007ffa55e7d000 	C:\Windows\SYSTEM32\POWRPROF.dll
0x00007ffa4d830000 - 0x00007ffa4d863000 	C:\Windows\SYSTEM32\WINMM.dll
0x00007ffa4d7b0000 - 0x00007ffa4d7ba000 	C:\Windows\SYSTEM32\VERSION.dll
0x00007ffa419d0000 - 0x00007ffa419d9000 	C:\Windows\SYSTEM32\WSOCK32.dll
0x00007ffa58480000 - 0x00007ffa584ef000 	C:\Windows\System32\WS2_32.dll
0x00007ffa55ce0000 - 0x00007ffa55cf3000 	C:\Windows\SYSTEM32\UMPDC.dll
0x00007ffa56390000 - 0x00007ffa563a8000 	C:\Windows\SYSTEM32\kernel.appcore.dll
0x00007ffa4b9d0000 - 0x00007ffa4b9da000 	c:\Users\55119\.vscode\extensions\redhat.java-1.33.0-win32-x64\jre\17.0.11-win32-x86_64\bin\jimage.dll
0x00007ffa52db0000 - 0x00007ffa52fd1000 	C:\Windows\SYSTEM32\DBGHELP.DLL
0x00007ffa4b830000 - 0x00007ffa4b861000 	C:\Windows\SYSTEM32\dbgcore.DLL
0x00007ffa577e0000 - 0x00007ffa5785f000 	C:\Windows\System32\bcryptPrimitives.dll
0x00007ffa4b990000 - 0x00007ffa4b99e000 	c:\Users\55119\.vscode\extensions\redhat.java-1.33.0-win32-x64\jre\17.0.11-win32-x86_64\bin\instrument.dll
0x00007ffa48d80000 - 0x00007ffa48da5000 	c:\Users\55119\.vscode\extensions\redhat.java-1.33.0-win32-x64\jre\17.0.11-win32-x86_64\bin\java.dll
0x00007ffa48f70000 - 0x00007ffa48f88000 	c:\Users\55119\.vscode\extensions\redhat.java-1.33.0-win32-x64\jre\17.0.11-win32-x86_64\bin\zip.dll
0x00007ffa58980000 - 0x00007ffa59145000 	C:\Windows\System32\SHELL32.dll
0x00007ffa55300000 - 0x00007ffa55b62000 	C:\Windows\SYSTEM32\windows.storage.dll
0x00007ffa57f20000 - 0x00007ffa58296000 	C:\Windows\System32\combase.dll
0x00007ffa55190000 - 0x00007ffa552f7000 	C:\Windows\SYSTEM32\wintypes.dll
0x00007ffa57e30000 - 0x00007ffa57f1a000 	C:\Windows\System32\SHCORE.dll
0x00007ffa59200000 - 0x00007ffa5925d000 	C:\Windows\System32\shlwapi.dll
0x00007ffa57160000 - 0x00007ffa57185000 	C:\Windows\SYSTEM32\profapi.dll
0x00007ffa43f10000 - 0x00007ffa43f29000 	C:\Users\55119\.vscode\extensions\redhat.java-1.33.0-win32-x64\jre\17.0.11-win32-x86_64\bin\net.dll
0x00007ffa4fc00000 - 0x00007ffa4fd14000 	C:\Windows\SYSTEM32\WINHTTP.dll
0x00007ffa56840000 - 0x00007ffa568a7000 	C:\Windows\system32\mswsock.dll
0x00007ffa42ef0000 - 0x00007ffa42f06000 	C:\Users\55119\.vscode\extensions\redhat.java-1.33.0-win32-x64\jre\17.0.11-win32-x86_64\bin\nio.dll
0x00007ffa4b880000 - 0x00007ffa4b890000 	c:\Users\55119\.vscode\extensions\redhat.java-1.33.0-win32-x64\jre\17.0.11-win32-x86_64\bin\verify.dll
0x00007ffa29200000 - 0x00007ffa29245000 	C:\Users\55119\AppData\Roaming\Code\User\globalStorage\redhat.java\1.33.0\config_ss_win\org.eclipse.equinox.launcher\org.eclipse.equinox.launcher.win32.win32.x86_64_1.2.1100.v20240722-2106\eclipse_11904.dll
0x00007ffa57c90000 - 0x00007ffa57e2a000 	C:\Windows\System32\ole32.dll
0x00007ffa56a80000 - 0x00007ffa56a98000 	C:\Windows\SYSTEM32\CRYPTSP.dll
0x00007ffa562f0000 - 0x00007ffa56325000 	C:\Windows\system32\rsaenh.dll
0x00007ffa56930000 - 0x00007ffa5695c000 	C:\Windows\SYSTEM32\USERENV.dll
0x00007ffa56c50000 - 0x00007ffa56c77000 	C:\Windows\SYSTEM32\bcrypt.dll
0x00007ffa56aa0000 - 0x00007ffa56aac000 	C:\Windows\SYSTEM32\CRYPTBASE.dll
0x00007ffa55f40000 - 0x00007ffa55f6d000 	C:\Windows\SYSTEM32\IPHLPAPI.DLL
0x00007ffa59510000 - 0x00007ffa59519000 	C:\Windows\System32\NSI.dll
0x00007ffa4fbe0000 - 0x00007ffa4fbf9000 	C:\Windows\SYSTEM32\dhcpcsvc6.DLL
0x00007ffa4fed0000 - 0x00007ffa4feee000 	C:\Windows\SYSTEM32\dhcpcsvc.DLL
0x00007ffa55f70000 - 0x00007ffa56057000 	C:\Windows\SYSTEM32\DNSAPI.dll
0x00007ffa234a0000 - 0x00007ffa234e5000 	C:\Users\55119\AppData\Local\Temp\jna--205368346\jna17235185653194425490.dll
0x00007ffa58970000 - 0x00007ffa58978000 	C:\Windows\System32\PSAPI.DLL

dbghelp: loaded successfully - version: 4.0.5 - missing functions: none
symbol engine: initialized successfully - sym options: 0x614 - pdb path: .;c:\Users\55119\.vscode\extensions\redhat.java-1.33.0-win32-x64\jre\17.0.11-win32-x86_64\bin;C:\Windows\SYSTEM32;C:\Program Files\Avast Software\Avast;C:\Windows\WinSxS\amd64_microsoft.windows.common-controls_6595b64144ccf1df_6.0.22000.120_none_9d947278b86cc467;c:\Users\55119\.vscode\extensions\redhat.java-1.33.0-win32-x64\jre\17.0.11-win32-x86_64\bin\server;C:\Users\55119\AppData\Roaming\Code\User\globalStorage\redhat.java\1.33.0\config_ss_win\org.eclipse.equinox.launcher\org.eclipse.equinox.launcher.win32.win32.x86_64_1.2.1100.v20240722-2106;C:\Users\55119\AppData\Local\Temp\jna--205368346

VM Arguments:
jvm_args: --add-modules=ALL-SYSTEM --add-opens=java.base/java.util=ALL-UNNAMED --add-opens=java.base/java.lang=ALL-UNNAMED --add-opens=java.base/sun.nio.fs=ALL-UNNAMED -Declipse.application=org.eclipse.jdt.ls.core.id1 -Dosgi.bundles.defaultStartLevel=4 -Declipse.product=org.eclipse.jdt.ls.core.product -Djava.import.generatesMetadataFilesAtProjectRoot=false -DDetectVMInstallationsJob.disabled=true -Dfile.encoding=utf8 -XX:+UseParallelGC -XX:GCTimeRatio=4 -XX:AdaptiveSizePolicyWeight=90 -Dsun.zip.disableMemoryMapping=true -Xmx1G -Xms100m -Xlog:disable -javaagent:c:\Users\55119\.vscode\extensions\redhat.java-1.33.0-win32-x64\lombok\lombok-1.18.33.jar 
java_command: c:\Users\55119\.vscode\extensions\redhat.java-1.33.0-win32-x64\server\plugins\org.eclipse.equinox.launcher_1.6.900.v20240613-2009.jar -configuration c:\Users\55119\AppData\Roaming\Code\User\globalStorage\redhat.java\1.33.0\config_ss_win -data c:\Users\55119\AppData\Roaming\Code\User\workspaceStorage\ed399de286a856b5668f17e944be6a14\redhat.java\ss_ws --pipe=\\.\pipe\lsp-9f35f487ee00f1c45f01acdc772b326b-sock
java_class_path (initial): c:\Users\55119\.vscode\extensions\redhat.java-1.33.0-win32-x64\server\plugins\org.eclipse.equinox.launcher_1.6.900.v20240613-2009.jar
Launcher Type: SUN_STANDARD

[Global flags]
    uintx AdaptiveSizePolicyWeight                 = 90                                        {product} {command line}
     intx CICompilerCount                          = 3                                         {product} {ergonomic}
    uintx GCTimeRatio                              = 4                                         {product} {command line}
   size_t InitialHeapSize                          = 104857600                                 {product} {command line}
   size_t MaxHeapSize                              = 1073741824                                {product} {command line}
   size_t MaxNewSize                               = 357564416                                 {product} {ergonomic}
   size_t MinHeapDeltaBytes                        = 524288                                    {product} {ergonomic}
   size_t MinHeapSize                              = 104857600                                 {product} {command line}
   size_t NewSize                                  = 34603008                                  {product} {ergonomic}
    uintx NonNMethodCodeHeapSize                   = 5832780                                {pd product} {ergonomic}
    uintx NonProfiledCodeHeapSize                  = 122912730                              {pd product} {ergonomic}
   size_t OldSize                                  = 70254592                                  {product} {ergonomic}
    uintx ProfiledCodeHeapSize                     = 122912730                              {pd product} {ergonomic}
    uintx ReservedCodeCacheSize                    = 251658240                              {pd product} {ergonomic}
     bool SegmentedCodeCache                       = true                                      {product} {ergonomic}
   size_t SoftMaxHeapSize                          = 1073741824                             {manageable} {ergonomic}
     bool UseCompressedClassPointers               = true                           {product lp64_product} {ergonomic}
     bool UseCompressedOops                        = true                           {product lp64_product} {ergonomic}
     bool UseLargePagesIndividualAllocation        = false                                  {pd product} {ergonomic}
     bool UseParallelGC                            = true                                      {product} {command line}

Logging:
Log output configuration:
 #0: stdout all=off uptime,level,tags
 #1: stderr all=off uptime,level,tags

Environment Variables:
PATH=C:\Program Files\Common Files\Oracle\Java\javapath;C:\ProgramData\Oracle\Java\javapath;C:\Windows\system32;C:\Windows;C:\Windows\System32\Wbem;C:\Windows\System32\WindowsPowerShell\v1.0\;C:\Windows\System32\OpenSSH\;C:\Program Files\dotnet\;C:\Program Files\Git\cmd;C:\Program Files\PuTTY\;C:\Program Files\nodejs\;C:\php-8.2.20-nts-Win32-vs16-x64\;C:\composer;C:\Users\55119\AppData\Local\Microsoft\WindowsApps;C:\Users\55119\AppData\Local\Programs\Microsoft VS Code\bin;C:\Users\55119\AppData\Local\GitHubDesktop\bin;C:\Program Files\MySQL\MySQL Server 8.0\bin;C:\mongosh-1.8.2\bin;C:\Program Files\MongoDB\Server\6.0\bin;C:\Program Files (x86)\sqlite3;C:\Users\55119\AppData\Roaming\npm;C:\php-8.2.20-nts-Win32-vs16-x64\;C:\Users\55119\AppData\Roaming\Composer\vendor\bin
USERNAME=gabriel
OS=Windows_NT
PROCESSOR_IDENTIFIER=Intel64 Family 6 Model 140 Stepping 2, GenuineIntel
TMP=C:\Users\55119\AppData\Local\Temp
TEMP=C:\Users\55119\AppData\Local\Temp



Periodic native trim disabled


---------------  S Y S T E M  ---------------

OS:
 Windows 11 , 64 bit Build 22000 (10.0.22000.2538)
OS uptime: 0 days 13:30 hours

CPU: total 4 (initial active 4) (2 cores per cpu, 2 threads per core) family 6 model 140 stepping 2 microcode 0x26, cx8, cmov, fxsr, ht, mmx, 3dnowpref, sse, sse2, sse3, ssse3, sse4.1, sse4.2, popcnt, lzcnt, tsc, tscinvbit, avx, avx2, aes, erms, clmul, bmi1, bmi2, adx, avx512f, avx512dq, avx512cd, avx512bw, avx512vl, sha, fma, vzeroupper, avx512_vpopcntdq, avx512_vpclmulqdq, avx512_vaes, avx512_vnni, clflush, clflushopt, clwb, avx512_vbmi2, avx512_vbmi
Processor Information for all 4 processors :
  Max Mhz: 2995, Current Mhz: 2995, Mhz Limit: 2995

Memory: 4k page, system-wide physical 3879M (28M free)
TotalPageFile size 15655M (AvailPageFile size 2M)
current process WorkingSet (physical memory assigned to process): 65M, peak: 141M
current process commit charge ("private bytes"): 248M, peak: 262M

vm_info: OpenJDK 64-Bit Server VM (17.0.11+9) for windows-amd64 JRE (17.0.11+9), built on Apr 17 2024 06:07:48 by "admin" with MS VC++ 16.10 / 16.11 (VS2019)

END.
