#
# There is insufficient memory for the Java Runtime Environment to continue.
# Native memory allocation (malloc) failed to allocate 1039216 bytes. Error detail: Chunk::new
# Possible reasons:
#   The system is out of physical RAM or swap space
#   This process is running with CompressedOops enabled, and the Java Heap may be blocking the growth of the native heap
# Possible solutions:
#   Reduce memory load on the system
#   Increase physical memory or swap space
#   Check if swap backing store is full
#   Decrease Java heap size (-Xmx/-Xms)
#   Decrease number of Java threads
#   Decrease Java thread stack sizes (-Xss)
#   Set larger code cache with -XX:ReservedCodeCacheSize=
#   JVM is running with Unscaled Compressed Oops mode in which the Java heap is
#     placed in the first 4GB address space. The Java Heap base address is the
#     maximum limit for the native heap growth. Please use -XX:HeapBaseMinAddress
#     to set the Java Heap base and to place the Java Heap above 4GB virtual address.
# This output file may be truncated or incomplete.
#
#  Out of Memory Error (arena.cpp:191), pid=29300, tid=14812
#
# JRE version: OpenJDK Runtime Environment Temurin-17.0.11+9 (17.0.11+9) (build 17.0.11+9)
# Java VM: OpenJDK 64-Bit Server VM Temurin-17.0.11+9 (17.0.11+9, mixed mode, tiered, compressed oops, compressed class ptrs, parallel gc, windows-amd64)
# No core dump will be written. Minidumps are not enabled by default on client versions of Windows
#

---------------  S U M M A R Y ------------

Command Line: --add-modules=ALL-SYSTEM --add-opens=java.base/java.util=ALL-UNNAMED --add-opens=java.base/java.lang=ALL-UNNAMED --add-opens=java.base/sun.nio.fs=ALL-UNNAMED -Declipse.application=org.eclipse.jdt.ls.core.id1 -Dosgi.bundles.defaultStartLevel=4 -Declipse.product=org.eclipse.jdt.ls.core.product -Djava.import.generatesMetadataFilesAtProjectRoot=false -DDetectVMInstallationsJob.disabled=true -Dfile.encoding=utf8 -XX:+UseParallelGC -XX:GCTimeRatio=4 -XX:AdaptiveSizePolicyWeight=90 -Dsun.zip.disableMemoryMapping=true -Xmx1G -Xms100m -Xlog:disable -javaagent:c:\Users\55119\.vscode\extensions\redhat.java-1.33.0-win32-x64\lombok\lombok-1.18.33.jar -XX:+HeapDumpOnOutOfMemoryError -XX:HeapDumpPath=c:\Users\55119\AppData\Roaming\Code\User\workspaceStorage\ed399de286a856b5668f17e944be6a14\redhat.java -Daether.dependencyCollector.impl=bf c:\Users\55119\.vscode\extensions\redhat.java-1.33.0-win32-x64\server\plugins\org.eclipse.equinox.launcher_1.6.900.v20240613-2009.jar -configuration c:\Users\55119\AppData\Roaming\Code\User\globalStorage\redhat.java\1.33.0\config_win -data c:\Users\55119\AppData\Roaming\Code\User\workspaceStorage\ed399de286a856b5668f17e944be6a14\redhat.java\jdt_ws --pipe=\\.\pipe\lsp-c01d02de7b55d52f88a83514d3801ef9-sock

Host: 11th Gen Intel(R) Core(TM) i3-1115G4 @ 3.00GHz, 4 cores, 3G,  Windows 11 , 64 bit Build 22000 (10.0.22000.2538)
Time: Fri Aug 16 18:56:16 2024 Hora oficial do Brasil elapsed time: 25.006386 seconds (0d 0h 0m 25s)

---------------  T H R E A D  ---------------

Current thread (0x00000226c540c4f0):  JavaThread "C2 CompilerThread0" daemon [_thread_in_native, id=14812, stack(0x00000050f5400000,0x00000050f5500000)]


Current CompileTask:
C2:  25006 5017   !   4       org.eclipse.osgi.internal.loader.classpath.ClasspathManager::defineClass (636 bytes)

Stack: [0x00000050f5400000,0x00000050f5500000]
Native frames: (J=compiled Java code, j=interpreted, Vv=VM code, C=native code)
V  [jvm.dll+0x67d429]
V  [jvm.dll+0x834b7a]
V  [jvm.dll+0x83663e]
V  [jvm.dll+0x836ca3]
V  [jvm.dll+0x247dbf]
V  [jvm.dll+0xac534]
V  [jvm.dll+0xacb7c]
V  [jvm.dll+0x2af2cf]
V  [jvm.dll+0x5848b7]
V  [jvm.dll+0x222d82]
V  [jvm.dll+0x22317f]
V  [jvm.dll+0x21c2a0]
V  [jvm.dll+0x2197a1]
V  [jvm.dll+0x1a534d]
V  [jvm.dll+0x2295cd]
V  [jvm.dll+0x22779c]
V  [jvm.dll+0x7e9d07]
V  [jvm.dll+0x7e410a]
V  [jvm.dll+0x67c315]
C  [ucrtbase.dll+0x26c0c]
C  [KERNEL32.DLL+0x153e0]
C  [ntdll.dll+0x485b]


---------------  P R O C E S S  ---------------

Threads class SMR info:
_java_thread_list=0x00000226cd1f2130, length=33, elements={
0x00000226b159bbd0, 0x00000226b164e790, 0x00000226c53dae50, 0x00000226c5402f10,
0x00000226c54057f0, 0x00000226c5406860, 0x00000226c54098e0, 0x00000226c540c4f0,
0x00000226c5412270, 0x00000226c542d730, 0x00000226ca679000, 0x00000226ca7e3530,
0x00000226caefbb10, 0x00000226cb04fbd0, 0x00000226caeb5f80, 0x00000226ca83e5f0,
0x00000226cb814390, 0x00000226cb01f760, 0x00000226cacb1930, 0x00000226cacb04f0,
0x00000226cacb0a00, 0x00000226cacb0f10, 0x00000226cbca8310, 0x00000226cbcabfd0,
0x00000226cbca5070, 0x00000226cbca7e00, 0x00000226cbcaa170, 0x00000226cbca73e0,
0x00000226cbcab5b0, 0x00000226cbcaa680, 0x00000226cbca9240, 0x00000226cbcab0a0,
0x00000226cbca78f0
}

Java Threads: ( => current thread )
  0x00000226b159bbd0 JavaThread "main" [_thread_blocked, id=21464, stack(0x00000050f4b00000,0x00000050f4c00000)]
  0x00000226b164e790 JavaThread "Reference Handler" daemon [_thread_blocked, id=19340, stack(0x00000050f4e00000,0x00000050f4f00000)]
  0x00000226c53dae50 JavaThread "Finalizer" daemon [_thread_blocked, id=29608, stack(0x00000050f4f00000,0x00000050f5000000)]
  0x00000226c5402f10 JavaThread "Signal Dispatcher" daemon [_thread_blocked, id=5520, stack(0x00000050f5000000,0x00000050f5100000)]
  0x00000226c54057f0 JavaThread "Attach Listener" daemon [_thread_blocked, id=25800, stack(0x00000050f5100000,0x00000050f5200000)]
  0x00000226c5406860 JavaThread "Service Thread" daemon [_thread_blocked, id=25720, stack(0x00000050f5200000,0x00000050f5300000)]
  0x00000226c54098e0 JavaThread "Monitor Deflation Thread" daemon [_thread_blocked, id=15012, stack(0x00000050f5300000,0x00000050f5400000)]
=>0x00000226c540c4f0 JavaThread "C2 CompilerThread0" daemon [_thread_in_native, id=14812, stack(0x00000050f5400000,0x00000050f5500000)]
  0x00000226c5412270 JavaThread "C1 CompilerThread0" daemon [_thread_in_native, id=10508, stack(0x00000050f5500000,0x00000050f5600000)]
  0x00000226c542d730 JavaThread "Sweeper thread" daemon [_thread_blocked, id=20812, stack(0x00000050f5600000,0x00000050f5700000)]
  0x00000226ca679000 JavaThread "Common-Cleaner" daemon [_thread_blocked, id=5124, stack(0x00000050f5700000,0x00000050f5800000)]
  0x00000226ca7e3530 JavaThread "Notification Thread" daemon [_thread_blocked, id=10140, stack(0x00000050f5800000,0x00000050f5900000)]
  0x00000226caefbb10 JavaThread "Active Thread: Equinox Container: 435c3a8f-b249-4cc7-9fe1-35adad13ae8a" [_thread_blocked, id=25204, stack(0x00000050f5d00000,0x00000050f5e00000)]
  0x00000226cb04fbd0 JavaThread "Framework Event Dispatcher: Equinox Container: 435c3a8f-b249-4cc7-9fe1-35adad13ae8a" daemon [_thread_blocked, id=21372, stack(0x00000050f5e00000,0x00000050f5f00000)]
  0x00000226caeb5f80 JavaThread "Start Level: Equinox Container: 435c3a8f-b249-4cc7-9fe1-35adad13ae8a" daemon [_thread_blocked, id=11420, stack(0x00000050f5f00000,0x00000050f6000000)]
  0x00000226ca83e5f0 JavaThread "Bundle File Closer" daemon [_thread_blocked, id=20908, stack(0x00000050f6000000,0x00000050f6100000)]
  0x00000226cb814390 JavaThread "SCR Component Actor" daemon [_thread_blocked, id=24328, stack(0x00000050f6100000,0x00000050f6200000)]
  0x00000226cb01f760 JavaThread "SCR Component Registry" daemon [_thread_blocked, id=9100, stack(0x00000050f6200000,0x00000050f6300000)]
  0x00000226cacb1930 JavaThread "Worker-JM" [_thread_blocked, id=25156, stack(0x00000050f6300000,0x00000050f6400000)]
  0x00000226cacb04f0 JavaThread "JNA Cleaner" daemon [_thread_blocked, id=20652, stack(0x00000050f6400000,0x00000050f6500000)]
  0x00000226cacb0a00 JavaThread "Worker-0" [_thread_blocked, id=25996, stack(0x00000050f6500000,0x00000050f6600000)]
  0x00000226cacb0f10 JavaThread "Worker-1: Repository registry initialization" [_thread_in_native, id=24836, stack(0x00000050f6600000,0x00000050f6700000)]
  0x00000226cbca8310 JavaThread "Java indexing" daemon [_thread_blocked, id=2820, stack(0x00000050f6700000,0x00000050f6800000)]
  0x00000226cbcabfd0 JavaThread "Thread-2" daemon [_thread_in_native, id=22332, stack(0x00000050f6800000,0x00000050f6900000)]
  0x00000226cbca5070 JavaThread "Thread-3" daemon [_thread_in_native, id=10192, stack(0x00000050f6900000,0x00000050f6a00000)]
  0x00000226cbca7e00 JavaThread "Thread-4" daemon [_thread_in_native, id=2320, stack(0x00000050f6a00000,0x00000050f6b00000)]
  0x00000226cbcaa170 JavaThread "Thread-5" daemon [_thread_in_native, id=28256, stack(0x00000050f6b00000,0x00000050f6c00000)]
  0x00000226cbca73e0 JavaThread "Thread-6" daemon [_thread_in_native, id=21600, stack(0x00000050f6c00000,0x00000050f6d00000)]
  0x00000226cbcab5b0 JavaThread "Worker-2" [_thread_blocked, id=23032, stack(0x00000050f6d00000,0x00000050f6e00000)]
  0x00000226cbcaa680 JavaThread "pool-2-thread-1" [_thread_blocked, id=28524, stack(0x00000050f6e00000,0x00000050f6f00000)]
  0x00000226cbca9240 JavaThread "WorkspaceEventsHandler" [_thread_blocked, id=26044, stack(0x00000050f6f00000,0x00000050f7000000)]
  0x00000226cbcab0a0 JavaThread "pool-1-thread-1" [_thread_blocked, id=28980, stack(0x00000050f7000000,0x00000050f7100000)]
  0x00000226cbca78f0 JavaThread "Worker-3" [_thread_blocked, id=29456, stack(0x00000050f7100000,0x00000050f7200000)]

Other Threads:
  0x00000226c53c66d0 VMThread "VM Thread" [stack: 0x00000050f4d00000,0x00000050f4e00000] [id=28952]
  0x00000226ca79d1f0 WatcherThread [stack: 0x00000050f5900000,0x00000050f5a00000] [id=11928]
  0x00000226b15b2760 GCTaskThread "GC Thread#0" [stack: 0x00000050f4c00000,0x00000050f4d00000] [id=9196]
  0x00000226cadef880 GCTaskThread "GC Thread#1" [stack: 0x00000050f5a00000,0x00000050f5b00000] [id=6844]
  0x00000226cae37750 GCTaskThread "GC Thread#2" [stack: 0x00000050f5b00000,0x00000050f5c00000] [id=13844]
  0x00000226cae37a10 GCTaskThread "GC Thread#3" [stack: 0x00000050f5c00000,0x00000050f5d00000] [id=25388]

Threads with active compile tasks:
C2 CompilerThread0    25084 5017   !   4       org.eclipse.osgi.internal.loader.classpath.ClasspathManager::defineClass (636 bytes)
C1 CompilerThread0    25084 5170       3       java.lang.reflect.Executable::synthesizeAllParams (58 bytes)

VM state: not at safepoint (normal execution)

VM Mutex/Monitor currently owned by a thread: None

Heap address: 0x00000000c0000000, size: 1024 MB, Compressed Oops mode: 32-bit

CDS archive(s) not mapped
Compressed class space mapped at: 0x0000000100000000-0x0000000140000000, reserved size: 1073741824
Narrow klass base: 0x0000000000000000, Narrow klass shift: 3, Narrow klass range: 0x140000000

GC Precious Log:
 CPUs: 4 total, 4 available
 Memory: 3879M
 Large Page Support: Disabled
 NUMA Support: Disabled
 Compressed Oops: Enabled (32-bit)
 Alignments: Space 512K, Generation 512K, Heap 2M
 Heap Min Capacity: 100M
 Heap Initial Capacity: 100M
 Heap Max Capacity: 1G
 Pre-touch: Disabled
 Parallel Workers: 4

Heap:
 PSYoungGen      total 23040K, used 7368K [0x00000000eab00000, 0x00000000ec400000, 0x0000000100000000)
  eden space 22016K, 29% used [0x00000000eab00000,0x00000000eb168b60,0x00000000ec080000)
  from space 1024K, 78% used [0x00000000ec300000,0x00000000ec3c9698,0x00000000ec400000)
  to   space 1536K, 0% used [0x00000000ec100000,0x00000000ec100000,0x00000000ec280000)
 ParOldGen       total 68608K, used 19763K [0x00000000c0000000, 0x00000000c4300000, 0x00000000eab00000)
  object space 68608K, 28% used [0x00000000c0000000,0x00000000c134ce80,0x00000000c4300000)
 Metaspace       used 47632K, committed 48576K, reserved 1114112K
  class space    used 5059K, committed 5504K, reserved 1048576K

Card table byte_map: [0x00000226b0f30000,0x00000226b1140000] _byte_map_base: 0x00000226b0930000

Marking Bits: (ParMarkBitMap*) 0x00007ff8120dd820
 Begin Bits: [0x00000226c3230000, 0x00000226c4230000)
 End Bits:   [0x00000226c4230000, 0x00000226c5230000)

Polling page: 0x00000226af470000

Metaspace:

Usage:
  Non-class:     41.58 MB used.
      Class:      4.94 MB used.
       Both:     46.52 MB used.

Virtual space:
  Non-class space:       64.00 MB reserved,      42.06 MB ( 66%) committed,  1 nodes.
      Class space:        1.00 GB reserved,       5.38 MB ( <1%) committed,  1 nodes.
             Both:        1.06 GB reserved,      47.44 MB (  4%) committed. 

Chunk freelists:
   Non-Class:  5.00 MB
       Class:  10.67 MB
        Both:  15.66 MB

MaxMetaspaceSize: unlimited
CompressedClassSpaceSize: 1.00 GB
Initial GC threshold: 21.00 MB
Current GC threshold: 58.38 MB
CDS: off
MetaspaceReclaimPolicy: balanced
 - commit_granule_bytes: 65536.
 - commit_granule_words: 8192.
 - virtual_space_node_default_size: 8388608.
 - enlarge_chunks_in_place: 1.
 - new_chunks_are_fully_committed: 0.
 - uncommit_free_chunks: 1.
 - use_allocation_guard: 0.
 - handle_deallocations: 1.


Internal statistics:

num_allocs_failed_limit: 6.
num_arena_births: 682.
num_arena_deaths: 14.
num_vsnodes_births: 2.
num_vsnodes_deaths: 0.
num_space_committed: 760.
num_space_uncommitted: 0.
num_chunks_returned_to_freelist: 20.
num_chunks_taken_from_freelist: 2461.
num_chunk_merges: 8.
num_chunk_splits: 1523.
num_chunks_enlarged: 873.
num_inconsistent_stats: 0.

CodeHeap 'non-profiled nmethods': size=120000Kb used=1820Kb max_used=2218Kb free=118179Kb
 bounds [0x00000226bbd00000, 0x00000226bbf70000, 0x00000226c3230000]
CodeHeap 'profiled nmethods': size=120000Kb used=8616Kb max_used=11196Kb free=111384Kb
 bounds [0x00000226b4230000, 0x00000226b4d20000, 0x00000226bb760000]
CodeHeap 'non-nmethods': size=5760Kb used=1306Kb max_used=1362Kb free=4453Kb
 bounds [0x00000226bb760000, 0x00000226bb9d0000, 0x00000226bbd00000]
 total_blobs=4954 nmethods=4326 adapters=541
 compilation: enabled
              stopped_count=0, restarted_count=0
 full_count=0

Compilation events (20 events):
Event: 24.982 Thread 0x00000226c5412270 5125       3       java.util.stream.ReferencePipeline::collect (124 bytes)
Event: 24.982 Thread 0x00000226c5412270 nmethod 5125 0x00000226b4d16890 code [0x00000226b4d16b20, 0x00000226b4d17768]
Event: 24.983 Thread 0x00000226c5412270 5126       3       java.util.stream.ReduceOps$3::<init> (28 bytes)
Event: 24.983 Thread 0x00000226c5412270 nmethod 5126 0x00000226b4d17b90 code [0x00000226b4d17d40, 0x00000226b4d17f78]
Event: 24.983 Thread 0x00000226c5412270 5127       3       java.util.stream.ReduceOps$3::getOpFlags (28 bytes)
Event: 24.983 Thread 0x00000226c5412270 nmethod 5127 0x00000226b4d18090 code [0x00000226b4d18240, 0x00000226b4d18508]
Event: 24.983 Thread 0x00000226c5412270 5128       3       java.util.stream.ReduceOps$ReduceOp::evaluateSequential (18 bytes)
Event: 24.983 Thread 0x00000226c5412270 nmethod 5128 0x00000226b4d18610 code [0x00000226b4d187e0, 0x00000226b4d18c38]
Event: 24.983 Thread 0x00000226c5412270 5129       3       java.util.stream.ReduceOps$3::makeSink (5 bytes)
Event: 24.983 Thread 0x00000226c5412270 nmethod 5129 0x00000226b4d18e10 code [0x00000226b4d18fc0, 0x00000226b4d19108]
Event: 24.985 Thread 0x00000226c5412270 5130       3       sun.reflect.annotation.TypeAnnotationParser::buildAnnotatedType (114 bytes)
Event: 24.986 Thread 0x00000226c5412270 nmethod 5130 0x00000226b4d19190 code [0x00000226b4d193e0, 0x00000226b4d19db8]
Event: 24.986 Thread 0x00000226c5412270 5131       3       java.lang.Class::isEnum (27 bytes)
Event: 24.987 Thread 0x00000226c5412270 nmethod 5131 0x00000226b4d1a290 code [0x00000226b4d1a440, 0x00000226b4d1a648]
Event: 24.988 Thread 0x00000226c5412270 5132       3       com.google.inject.internal.Annotations::getKey (39 bytes)
Event: 24.989 Thread 0x00000226c5412270 nmethod 5132 0x00000226b4d1a710 code [0x00000226b4d1a9c0, 0x00000226b4d1b788]
Event: 24.989 Thread 0x00000226c5412270 5133       3       com.google.inject.internal.Errors::throwIfNewErrors (14 bytes)
Event: 24.989 Thread 0x00000226c5412270 nmethod 5133 0x00000226b4d1bd90 code [0x00000226b4d1bf60, 0x00000226b4d1c378]
Event: 24.989 Thread 0x00000226c5412270 5134       3       com.google.inject.spi.InjectionPoint::newDependency (12 bytes)
Event: 24.989 Thread 0x00000226c5412270 nmethod 5134 0x00000226b4d1c510 code [0x00000226b4d1c6e0, 0x00000226b4d1cba8]

GC Heap History (20 events):
Event: 23.049 GC heap before
{Heap before GC invocations=9 (full 1):
 PSYoungGen      total 27136K, used 27106K [0x00000000eab00000, 0x00000000ecb00000, 0x0000000100000000)
  eden space 24576K, 99% used [0x00000000eab00000,0x00000000ec2fe778,0x00000000ec300000)
  from space 2560K, 99% used [0x00000000ec500000,0x00000000ec77a1c0,0x00000000ec780000)
  to   space 3584K, 0% used [0x00000000ec780000,0x00000000ec780000,0x00000000ecb00000)
 ParOldGen       total 68608K, used 11475K [0x00000000c0000000, 0x00000000c4300000, 0x00000000eab00000)
  object space 68608K, 16% used [0x00000000c0000000,0x00000000c0b34dd0,0x00000000c4300000)
 Metaspace       used 29708K, committed 30400K, reserved 1114112K
  class space    used 3039K, committed 3328K, reserved 1048576K
}
Event: 23.051 GC heap after
{Heap after GC invocations=9 (full 1):
 PSYoungGen      total 27648K, used 3569K [0x00000000eab00000, 0x00000000ecb80000, 0x0000000100000000)
  eden space 24064K, 0% used [0x00000000eab00000,0x00000000eab00000,0x00000000ec280000)
  from space 3584K, 99% used [0x00000000ec780000,0x00000000ecafc610,0x00000000ecb00000)
  to   space 4608K, 0% used [0x00000000ec280000,0x00000000ec280000,0x00000000ec700000)
 ParOldGen       total 68608K, used 11809K [0x00000000c0000000, 0x00000000c4300000, 0x00000000eab00000)
  object space 68608K, 17% used [0x00000000c0000000,0x00000000c0b88548,0x00000000c4300000)
 Metaspace       used 29708K, committed 30400K, reserved 1114112K
  class space    used 3039K, committed 3328K, reserved 1048576K
}
Event: 23.253 GC heap before
{Heap before GC invocations=10 (full 1):
 PSYoungGen      total 27648K, used 27117K [0x00000000eab00000, 0x00000000ecb80000, 0x0000000100000000)
  eden space 24064K, 97% used [0x00000000eab00000,0x00000000ec1ff008,0x00000000ec280000)
  from space 3584K, 99% used [0x00000000ec780000,0x00000000ecafc610,0x00000000ecb00000)
  to   space 4608K, 0% used [0x00000000ec280000,0x00000000ec280000,0x00000000ec700000)
 ParOldGen       total 68608K, used 11809K [0x00000000c0000000, 0x00000000c4300000, 0x00000000eab00000)
  object space 68608K, 17% used [0x00000000c0000000,0x00000000c0b88548,0x00000000c4300000)
 Metaspace       used 33301K, committed 34048K, reserved 1114112K
  class space    used 3306K, committed 3648K, reserved 1048576K
}
Event: 23.256 GC heap after
{Heap after GC invocations=10 (full 1):
 PSYoungGen      total 26624K, used 2825K [0x00000000eab00000, 0x00000000ec900000, 0x0000000100000000)
  eden space 23552K, 0% used [0x00000000eab00000,0x00000000eab00000,0x00000000ec200000)
  from space 3072K, 91% used [0x00000000ec280000,0x00000000ec5424a0,0x00000000ec580000)
  to   space 3584K, 0% used [0x00000000ec580000,0x00000000ec580000,0x00000000ec900000)
 ParOldGen       total 68608K, used 12515K [0x00000000c0000000, 0x00000000c4300000, 0x00000000eab00000)
  object space 68608K, 18% used [0x00000000c0000000,0x00000000c0c38c80,0x00000000c4300000)
 Metaspace       used 33301K, committed 34048K, reserved 1114112K
  class space    used 3306K, committed 3648K, reserved 1048576K
}
Event: 23.505 GC heap before
{Heap before GC invocations=11 (full 1):
 PSYoungGen      total 26624K, used 26377K [0x00000000eab00000, 0x00000000ec900000, 0x0000000100000000)
  eden space 23552K, 100% used [0x00000000eab00000,0x00000000ec200000,0x00000000ec200000)
  from space 3072K, 91% used [0x00000000ec280000,0x00000000ec5424a0,0x00000000ec580000)
  to   space 3584K, 0% used [0x00000000ec580000,0x00000000ec580000,0x00000000ec900000)
 ParOldGen       total 68608K, used 12515K [0x00000000c0000000, 0x00000000c4300000, 0x00000000eab00000)
  object space 68608K, 18% used [0x00000000c0000000,0x00000000c0c38c80,0x00000000c4300000)
 Metaspace       used 34717K, committed 35520K, reserved 1114112K
  class space    used 3416K, committed 3776K, reserved 1048576K
}
Event: 23.508 GC heap after
{Heap after GC invocations=11 (full 1):
 PSYoungGen      total 26112K, used 2737K [0x00000000eab00000, 0x00000000ec880000, 0x0000000100000000)
  eden space 23040K, 0% used [0x00000000eab00000,0x00000000eab00000,0x00000000ec180000)
  from space 3072K, 89% used [0x00000000ec580000,0x00000000ec82c760,0x00000000ec880000)
  to   space 3072K, 0% used [0x00000000ec280000,0x00000000ec280000,0x00000000ec580000)
 ParOldGen       total 68608K, used 15102K [0x00000000c0000000, 0x00000000c4300000, 0x00000000eab00000)
  object space 68608K, 22% used [0x00000000c0000000,0x00000000c0ebf800,0x00000000c4300000)
 Metaspace       used 34717K, committed 35520K, reserved 1114112K
  class space    used 3416K, committed 3776K, reserved 1048576K
}
Event: 23.540 GC heap before
{Heap before GC invocations=12 (full 1):
 PSYoungGen      total 26112K, used 4767K [0x00000000eab00000, 0x00000000ec880000, 0x0000000100000000)
  eden space 23040K, 8% used [0x00000000eab00000,0x00000000eacfb518,0x00000000ec180000)
  from space 3072K, 89% used [0x00000000ec580000,0x00000000ec82c760,0x00000000ec880000)
  to   space 3072K, 0% used [0x00000000ec280000,0x00000000ec280000,0x00000000ec580000)
 ParOldGen       total 68608K, used 15102K [0x00000000c0000000, 0x00000000c4300000, 0x00000000eab00000)
  object space 68608K, 22% used [0x00000000c0000000,0x00000000c0ebf800,0x00000000c4300000)
 Metaspace       used 35085K, committed 35840K, reserved 1114112K
  class space    used 3442K, committed 3776K, reserved 1048576K
}
Event: 23.543 GC heap after
{Heap after GC invocations=12 (full 1):
 PSYoungGen      total 23552K, used 174K [0x00000000eab00000, 0x00000000ec600000, 0x0000000100000000)
  eden space 23040K, 0% used [0x00000000eab00000,0x00000000eab00000,0x00000000ec180000)
  from space 512K, 34% used [0x00000000ec280000,0x00000000ec2abbb8,0x00000000ec300000)
  to   space 1536K, 0% used [0x00000000ec480000,0x00000000ec480000,0x00000000ec600000)
 ParOldGen       total 68608K, used 17801K [0x00000000c0000000, 0x00000000c4300000, 0x00000000eab00000)
  object space 68608K, 25% used [0x00000000c0000000,0x00000000c1162438,0x00000000c4300000)
 Metaspace       used 35085K, committed 35840K, reserved 1114112K
  class space    used 3442K, committed 3776K, reserved 1048576K
}
Event: 23.543 GC heap before
{Heap before GC invocations=13 (full 2):
 PSYoungGen      total 23552K, used 174K [0x00000000eab00000, 0x00000000ec600000, 0x0000000100000000)
  eden space 23040K, 0% used [0x00000000eab00000,0x00000000eab00000,0x00000000ec180000)
  from space 512K, 34% used [0x00000000ec280000,0x00000000ec2abbb8,0x00000000ec300000)
  to   space 1536K, 0% used [0x00000000ec480000,0x00000000ec480000,0x00000000ec600000)
 ParOldGen       total 68608K, used 17801K [0x00000000c0000000, 0x00000000c4300000, 0x00000000eab00000)
  object space 68608K, 25% used [0x00000000c0000000,0x00000000c1162438,0x00000000c4300000)
 Metaspace       used 35085K, committed 35840K, reserved 1114112K
  class space    used 3442K, committed 3776K, reserved 1048576K
}
Event: 23.583 GC heap after
{Heap after GC invocations=13 (full 2):
 PSYoungGen      total 23552K, used 0K [0x00000000eab00000, 0x00000000ec600000, 0x0000000100000000)
  eden space 23040K, 0% used [0x00000000eab00000,0x00000000eab00000,0x00000000ec180000)
  from space 512K, 0% used [0x00000000ec280000,0x00000000ec280000,0x00000000ec300000)
  to   space 1536K, 0% used [0x00000000ec480000,0x00000000ec480000,0x00000000ec600000)
 ParOldGen       total 68608K, used 15714K [0x00000000c0000000, 0x00000000c4300000, 0x00000000eab00000)
  object space 68608K, 22% used [0x00000000c0000000,0x00000000c0f58b90,0x00000000c4300000)
 Metaspace       used 35085K, committed 35840K, reserved 1114112K
  class space    used 3442K, committed 3776K, reserved 1048576K
}
Event: 24.007 GC heap before
{Heap before GC invocations=14 (full 2):
 PSYoungGen      total 23552K, used 23040K [0x00000000eab00000, 0x00000000ec600000, 0x0000000100000000)
  eden space 23040K, 100% used [0x00000000eab00000,0x00000000ec180000,0x00000000ec180000)
  from space 512K, 0% used [0x00000000ec280000,0x00000000ec280000,0x00000000ec300000)
  to   space 1536K, 0% used [0x00000000ec480000,0x00000000ec480000,0x00000000ec600000)
 ParOldGen       total 68608K, used 15714K [0x00000000c0000000, 0x00000000c4300000, 0x00000000eab00000)
  object space 68608K, 22% used [0x00000000c0000000,0x00000000c0f58b90,0x00000000c4300000)
 Metaspace       used 38565K, committed 39424K, reserved 1114112K
  class space    used 3857K, committed 4224K, reserved 1048576K
}
Event: 24.009 GC heap after
{Heap after GC invocations=14 (full 2):
 PSYoungGen      total 24064K, used 1433K [0x00000000eab00000, 0x00000000ec600000, 0x0000000100000000)
  eden space 22528K, 0% used [0x00000000eab00000,0x00000000eab00000,0x00000000ec100000)
  from space 1536K, 93% used [0x00000000ec480000,0x00000000ec5e6618,0x00000000ec600000)
  to   space 2048K, 0% used [0x00000000ec200000,0x00000000ec200000,0x00000000ec400000)
 ParOldGen       total 68608K, used 15722K [0x00000000c0000000, 0x00000000c4300000, 0x00000000eab00000)
  object space 68608K, 22% used [0x00000000c0000000,0x00000000c0f5ab90,0x00000000c4300000)
 Metaspace       used 38565K, committed 39424K, reserved 1114112K
  class space    used 3857K, committed 4224K, reserved 1048576K
}
Event: 24.214 GC heap before
{Heap before GC invocations=15 (full 2):
 PSYoungGen      total 24064K, used 23961K [0x00000000eab00000, 0x00000000ec600000, 0x0000000100000000)
  eden space 22528K, 100% used [0x00000000eab00000,0x00000000ec100000,0x00000000ec100000)
  from space 1536K, 93% used [0x00000000ec480000,0x00000000ec5e6618,0x00000000ec600000)
  to   space 2048K, 0% used [0x00000000ec200000,0x00000000ec200000,0x00000000ec400000)
 ParOldGen       total 68608K, used 15722K [0x00000000c0000000, 0x00000000c4300000, 0x00000000eab00000)
  object space 68608K, 22% used [0x00000000c0000000,0x00000000c0f5ab90,0x00000000c4300000)
 Metaspace       used 41302K, committed 42304K, reserved 1114112K
  class space    used 4250K, committed 4736K, reserved 1048576K
}
Event: 24.216 GC heap after
{Heap after GC invocations=15 (full 2):
 PSYoungGen      total 24064K, used 720K [0x00000000eab00000, 0x00000000ec500000, 0x0000000100000000)
  eden space 22016K, 0% used [0x00000000eab00000,0x00000000eab00000,0x00000000ec080000)
  from space 2048K, 35% used [0x00000000ec200000,0x00000000ec2b4010,0x00000000ec400000)
  to   space 1024K, 0% used [0x00000000ec400000,0x00000000ec400000,0x00000000ec500000)
 ParOldGen       total 68608K, used 17033K [0x00000000c0000000, 0x00000000c4300000, 0x00000000eab00000)
  object space 68608K, 24% used [0x00000000c0000000,0x00000000c10a2608,0x00000000c4300000)
 Metaspace       used 41302K, committed 42304K, reserved 1114112K
  class space    used 4250K, committed 4736K, reserved 1048576K
}
Event: 24.365 GC heap before
{Heap before GC invocations=16 (full 2):
 PSYoungGen      total 24064K, used 22736K [0x00000000eab00000, 0x00000000ec500000, 0x0000000100000000)
  eden space 22016K, 100% used [0x00000000eab00000,0x00000000ec080000,0x00000000ec080000)
  from space 2048K, 35% used [0x00000000ec200000,0x00000000ec2b4010,0x00000000ec400000)
  to   space 1024K, 0% used [0x00000000ec400000,0x00000000ec400000,0x00000000ec500000)
 ParOldGen       total 68608K, used 17033K [0x00000000c0000000, 0x00000000c4300000, 0x00000000eab00000)
  object space 68608K, 24% used [0x00000000c0000000,0x00000000c10a2608,0x00000000c4300000)
 Metaspace       used 42877K, committed 43840K, reserved 1114112K
  class space    used 4433K, committed 4864K, reserved 1048576K
}
Event: 24.368 GC heap after
{Heap after GC invocations=16 (full 2):
 PSYoungGen      total 23040K, used 1024K [0x00000000eab00000, 0x00000000ec500000, 0x0000000100000000)
  eden space 22016K, 0% used [0x00000000eab00000,0x00000000eab00000,0x00000000ec080000)
  from space 1024K, 100% used [0x00000000ec400000,0x00000000ec500000,0x00000000ec500000)
  to   space 2048K, 0% used [0x00000000ec100000,0x00000000ec100000,0x00000000ec300000)
 ParOldGen       total 68608K, used 17601K [0x00000000c0000000, 0x00000000c4300000, 0x00000000eab00000)
  object space 68608K, 25% used [0x00000000c0000000,0x00000000c1130608,0x00000000c4300000)
 Metaspace       used 42877K, committed 43840K, reserved 1114112K
  class space    used 4433K, committed 4864K, reserved 1048576K
}
Event: 24.658 GC heap before
{Heap before GC invocations=17 (full 2):
 PSYoungGen      total 23040K, used 23040K [0x00000000eab00000, 0x00000000ec500000, 0x0000000100000000)
  eden space 22016K, 100% used [0x00000000eab00000,0x00000000ec080000,0x00000000ec080000)
  from space 1024K, 100% used [0x00000000ec400000,0x00000000ec500000,0x00000000ec500000)
  to   space 2048K, 0% used [0x00000000ec100000,0x00000000ec100000,0x00000000ec300000)
 ParOldGen       total 68608K, used 17601K [0x00000000c0000000, 0x00000000c4300000, 0x00000000eab00000)
  object space 68608K, 25% used [0x00000000c0000000,0x00000000c1130608,0x00000000c4300000)
 Metaspace       used 44593K, committed 45632K, reserved 1114112K
  class space    used 4657K, committed 5120K, reserved 1048576K
}
Event: 24.660 GC heap after
{Heap after GC invocations=17 (full 2):
 PSYoungGen      total 24064K, used 1805K [0x00000000eab00000, 0x00000000ec480000, 0x0000000100000000)
  eden space 22016K, 0% used [0x00000000eab00000,0x00000000eab00000,0x00000000ec080000)
  from space 2048K, 88% used [0x00000000ec100000,0x00000000ec2c37e0,0x00000000ec300000)
  to   space 1536K, 0% used [0x00000000ec300000,0x00000000ec300000,0x00000000ec480000)
 ParOldGen       total 68608K, used 18120K [0x00000000c0000000, 0x00000000c4300000, 0x00000000eab00000)
  object space 68608K, 26% used [0x00000000c0000000,0x00000000c11b23e8,0x00000000c4300000)
 Metaspace       used 44593K, committed 45632K, reserved 1114112K
  class space    used 4657K, committed 5120K, reserved 1048576K
}
Event: 24.920 GC heap before
{Heap before GC invocations=18 (full 2):
 PSYoungGen      total 24064K, used 23805K [0x00000000eab00000, 0x00000000ec480000, 0x0000000100000000)
  eden space 22016K, 99% used [0x00000000eab00000,0x00000000ec07bdc8,0x00000000ec080000)
  from space 2048K, 88% used [0x00000000ec100000,0x00000000ec2c37e0,0x00000000ec300000)
  to   space 1536K, 0% used [0x00000000ec300000,0x00000000ec300000,0x00000000ec480000)
 ParOldGen       total 68608K, used 18120K [0x00000000c0000000, 0x00000000c4300000, 0x00000000eab00000)
  object space 68608K, 26% used [0x00000000c0000000,0x00000000c11b23e8,0x00000000c4300000)
 Metaspace       used 46880K, committed 47808K, reserved 1114112K
  class space    used 4962K, committed 5376K, reserved 1048576K
}
Event: 24.923 GC heap after
{Heap after GC invocations=18 (full 2):
 PSYoungGen      total 23040K, used 805K [0x00000000eab00000, 0x00000000ec400000, 0x0000000100000000)
  eden space 22016K, 0% used [0x00000000eab00000,0x00000000eab00000,0x00000000ec080000)
  from space 1024K, 78% used [0x00000000ec300000,0x00000000ec3c9698,0x00000000ec400000)
  to   space 1536K, 0% used [0x00000000ec100000,0x00000000ec100000,0x00000000ec280000)
 ParOldGen       total 68608K, used 19763K [0x00000000c0000000, 0x00000000c4300000, 0x00000000eab00000)
  object space 68608K, 28% used [0x00000000c0000000,0x00000000c134ce80,0x00000000c4300000)
 Metaspace       used 46880K, committed 47808K, reserved 1114112K
  class space    used 4962K, committed 5376K, reserved 1048576K
}

Dll operation events (10 events):
Event: 0.019 Loaded shared library c:\Users\55119\.vscode\extensions\redhat.java-1.33.0-win32-x64\jre\17.0.11-win32-x86_64\bin\java.dll
Event: 0.573 Loaded shared library c:\Users\55119\.vscode\extensions\redhat.java-1.33.0-win32-x64\jre\17.0.11-win32-x86_64\bin\zip.dll
Event: 0.578 Loaded shared library C:\Users\55119\.vscode\extensions\redhat.java-1.33.0-win32-x64\jre\17.0.11-win32-x86_64\bin\instrument.dll
Event: 0.601 Loaded shared library C:\Users\55119\.vscode\extensions\redhat.java-1.33.0-win32-x64\jre\17.0.11-win32-x86_64\bin\net.dll
Event: 0.613 Loaded shared library C:\Users\55119\.vscode\extensions\redhat.java-1.33.0-win32-x64\jre\17.0.11-win32-x86_64\bin\nio.dll
Event: 0.620 Loaded shared library C:\Users\55119\.vscode\extensions\redhat.java-1.33.0-win32-x64\jre\17.0.11-win32-x86_64\bin\zip.dll
Event: 0.645 Loaded shared library C:\Users\55119\.vscode\extensions\redhat.java-1.33.0-win32-x64\jre\17.0.11-win32-x86_64\bin\jimage.dll
Event: 0.762 Loaded shared library c:\Users\55119\.vscode\extensions\redhat.java-1.33.0-win32-x64\jre\17.0.11-win32-x86_64\bin\verify.dll
Event: 6.048 Loaded shared library C:\Users\55119\AppData\Roaming\Code\User\globalStorage\redhat.java\1.33.0\config_win\org.eclipse.equinox.launcher\org.eclipse.equinox.launcher.win32.win32.x86_64_1.2.1100.v20240722-2106\eclipse_11904.dll
Event: 22.184 Loaded shared library C:\Users\55119\AppData\Local\Temp\jna--205368346\jna18196880203674962060.dll

Deoptimization events (20 events):
Event: 24.674 Thread 0x00000226cbcab0a0 Uncommon trap: trap_request=0xffffff45 fr.pc=0x00000226bbdf9b68 relative=0x00000000000000e8
Event: 24.674 Thread 0x00000226cbcab0a0 Uncommon trap: reason=unstable_if action=reinterpret pc=0x00000226bbdf9b68 method=jdk.internal.org.objectweb.asm.ByteVector.putShort(I)Ljdk/internal/org/objectweb/asm/ByteVector; @ 13 c2
Event: 24.674 Thread 0x00000226cbcab0a0 DEOPT PACKING pc=0x00000226bbdf9b68 sp=0x00000050f70fc130
Event: 24.674 Thread 0x00000226cbcab0a0 DEOPT UNPACKING pc=0x00000226bb7b9ea3 sp=0x00000050f70fc0b8 mode 2
Event: 24.731 Thread 0x00000226cacb0f10 Uncommon trap: trap_request=0xffffffde fr.pc=0x00000226bbf15e94 relative=0x0000000000000494
Event: 24.731 Thread 0x00000226cacb0f10 Uncommon trap: reason=class_check action=maybe_recompile pc=0x00000226bbf15e94 method=java.lang.reflect.Executable.declaredAnnotations()Ljava/util/Map; @ 23 c2
Event: 24.731 Thread 0x00000226cacb0f10 DEOPT PACKING pc=0x00000226bbf15e94 sp=0x00000050f66fe130
Event: 24.731 Thread 0x00000226cacb0f10 DEOPT UNPACKING pc=0x00000226bb7b9ea3 sp=0x00000050f66fe0f8 mode 2
Event: 24.731 Thread 0x00000226cacb0f10 Uncommon trap: trap_request=0xffffffde fr.pc=0x00000226bbf15e94 relative=0x0000000000000494
Event: 24.731 Thread 0x00000226cacb0f10 Uncommon trap: reason=class_check action=maybe_recompile pc=0x00000226bbf15e94 method=java.lang.reflect.Executable.declaredAnnotations()Ljava/util/Map; @ 23 c2
Event: 24.731 Thread 0x00000226cacb0f10 DEOPT PACKING pc=0x00000226bbf15e94 sp=0x00000050f66fe090
Event: 24.731 Thread 0x00000226cacb0f10 DEOPT UNPACKING pc=0x00000226bb7b9ea3 sp=0x00000050f66fe060 mode 2
Event: 24.731 Thread 0x00000226cacb0f10 Uncommon trap: trap_request=0xffffffde fr.pc=0x00000226bbf15e94 relative=0x0000000000000494
Event: 24.731 Thread 0x00000226cacb0f10 Uncommon trap: reason=class_check action=maybe_recompile pc=0x00000226bbf15e94 method=java.lang.reflect.Executable.declaredAnnotations()Ljava/util/Map; @ 23 c2
Event: 24.731 Thread 0x00000226cacb0f10 DEOPT PACKING pc=0x00000226bbf15e94 sp=0x00000050f66fe130
Event: 24.731 Thread 0x00000226cacb0f10 DEOPT UNPACKING pc=0x00000226bb7b9ea3 sp=0x00000050f66fe0f8 mode 2
Event: 24.731 Thread 0x00000226cacb0f10 Uncommon trap: trap_request=0xffffffde fr.pc=0x00000226bbf15e94 relative=0x0000000000000494
Event: 24.731 Thread 0x00000226cacb0f10 Uncommon trap: reason=class_check action=maybe_recompile pc=0x00000226bbf15e94 method=java.lang.reflect.Executable.declaredAnnotations()Ljava/util/Map; @ 23 c2
Event: 24.731 Thread 0x00000226cacb0f10 DEOPT PACKING pc=0x00000226bbf15e94 sp=0x00000050f66fe090
Event: 24.731 Thread 0x00000226cacb0f10 DEOPT UNPACKING pc=0x00000226bb7b9ea3 sp=0x00000050f66fe060 mode 2

Classes unloaded (7 events):
Event: 21.431 Thread 0x00000226c53c66d0 Unloading class 0x000000010024a400 'java/lang/invoke/LambdaForm$MH+0x000000010024a400'
Event: 21.431 Thread 0x00000226c53c66d0 Unloading class 0x000000010024a000 'java/lang/invoke/LambdaForm$MH+0x000000010024a000'
Event: 21.431 Thread 0x00000226c53c66d0 Unloading class 0x0000000100249c00 'java/lang/invoke/LambdaForm$MH+0x0000000100249c00'
Event: 21.431 Thread 0x00000226c53c66d0 Unloading class 0x0000000100249800 'java/lang/invoke/LambdaForm$MH+0x0000000100249800'
Event: 21.431 Thread 0x00000226c53c66d0 Unloading class 0x0000000100249400 'java/lang/invoke/LambdaForm$BMH+0x0000000100249400'
Event: 21.431 Thread 0x00000226c53c66d0 Unloading class 0x0000000100249000 'java/lang/invoke/LambdaForm$DMH+0x0000000100249000'
Event: 21.431 Thread 0x00000226c53c66d0 Unloading class 0x0000000100244400 'java/lang/invoke/LambdaForm$DMH+0x0000000100244400'

Classes redefined (0 events):
No events

Internal exceptions (20 events):
Event: 23.647 Thread 0x00000226caeb5f80 Exception <a 'java/lang/ClassNotFoundException'{0x00000000eadd1160}: com/sun/org/apache/xml/internal/serializer/spi/XMLEntitiesProvider> (0x00000000eadd1160) 
thrown [s\src\hotspot\share\classfile\systemDictionary.cpp, line 256]
Event: 23.827 Thread 0x00000226caeb5f80 Exception <a 'java/io/FileNotFoundException'{0x00000000eb187518}> (0x00000000eb187518) 
thrown [s\src\hotspot\share\prims\jni.cpp, line 516]
Event: 23.842 Thread 0x00000226caeb5f80 Exception <a 'java/lang/UnsatisfiedLinkError'{0x00000000eb29ed18}: Não foi possível encontrar o procedimento especificado.
> (0x00000000eb29ed18) 
thrown [s\src\hotspot\share\prims\jni.cpp, line 535]
Event: 23.860 Thread 0x00000226caeb5f80 Exception <a 'java/io/FileNotFoundException'{0x00000000eb2b6e20}> (0x00000000eb2b6e20) 
thrown [s\src\hotspot\share\prims\jni.cpp, line 516]
Event: 23.868 Thread 0x00000226caeb5f80 Exception <a 'java/io/FileNotFoundException'{0x00000000eb34a390}> (0x00000000eb34a390) 
thrown [s\src\hotspot\share\prims\jni.cpp, line 516]
Event: 23.871 Thread 0x00000226caeb5f80 Exception <a 'java/lang/UnsatisfiedLinkError'{0x00000000eb379c00}: Não foi possível encontrar o procedimento especificado.
> (0x00000000eb379c00) 
thrown [s\src\hotspot\share\prims\jni.cpp, line 535]
Event: 23.943 Thread 0x00000226cacb0f10 Exception <a 'java/lang/NoSuchMethodError'{0x00000000eb852ac0}: 'java.lang.Object java.lang.invoke.DirectMethodHandle$Holder.invokeSpecialIFC(java.lang.Object, java.lang.Object, java.lang.Object, java.lang.Object)'> (0x00000000eb852ac0) 
thrown [s\src\hotspot\share\interpreter\linkResolver.cpp, line 759]
Event: 23.992 Thread 0x00000226b159bbd0 Exception <a 'java/lang/NoSuchMethodError'{0x00000000ebfbb380}: 'java.lang.Object java.lang.invoke.DirectMethodHandle$Holder.invokeStatic(java.lang.Object, java.lang.Object, long, java.lang.Object)'> (0x00000000ebfbb380) 
thrown [s\src\hotspot\share\interpreter\linkResolver.cpp, line 759]
Event: 23.992 Thread 0x00000226b159bbd0 Exception <a 'java/lang/NoSuchMethodError'{0x00000000ebfbee18}: 'java.lang.Object java.lang.invoke.DirectMethodHandle$Holder.invokeStaticInit(java.lang.Object, java.lang.Object, long, java.lang.Object)'> (0x00000000ebfbee18) 
thrown [s\src\hotspot\share\interpreter\linkResolver.cpp, line 759]
Event: 23.992 Thread 0x00000226b159bbd0 Exception <a 'java/lang/NoSuchMethodError'{0x00000000ebfd4158}: 'java.lang.Object java.lang.invoke.DirectMethodHandle$Holder.newInvokeSpecial(java.lang.Object, java.lang.Object, long)'> (0x00000000ebfd4158) 
thrown [s\src\hotspot\share\interpreter\linkResolver.cpp, line 759]
Event: 24.097 Thread 0x00000226cacb0f10 Exception <a 'java/lang/NoSuchMethodError'{0x00000000eb0f8dc8}: 'int java.lang.invoke.DirectMethodHandle$Holder.invokeSpecialIFC(java.lang.Object, java.lang.Object, java.lang.Object, java.lang.Object, java.lang.Object)'> (0x00000000eb0f8dc8) 
thrown [s\src\hotspot\share\interpreter\linkResolver.cpp, line 759]
Event: 24.109 Thread 0x00000226b159bbd0 Exception <a 'java/lang/NoSuchMethodError'{0x00000000eb298080}: 'void java.lang.invoke.DirectMethodHandle$Holder.invokeStatic(java.lang.Object, java.lang.Object, java.lang.Object, java.lang.Object)'> (0x00000000eb298080) 
thrown [s\src\hotspot\share\interpreter\linkResolver.cpp, line 759]
Event: 24.189 Thread 0x00000226cacb0f10 Exception <a 'java/lang/NoClassDefFoundError'{0x00000000ebe26dd8}: javax/enterprise/inject/Typed> (0x00000000ebe26dd8) 
thrown [s\src\hotspot\share\classfile\systemDictionary.cpp, line 245]
Event: 24.253 Thread 0x00000226b159bbd0 Exception <a 'java/lang/NoSuchMethodError'{0x00000000eb42d870}: 'void java.lang.invoke.DirectMethodHandle$Holder.invokeSpecial(java.lang.Object, java.lang.Object, java.lang.Object, java.lang.Object, java.lang.Object, java.lang.Object)'> (0x00000000eb42d870) 
thrown [s\src\hotspot\share\interpreter\linkResolver.cpp, line 759]
Event: 24.254 Thread 0x00000226b159bbd0 Exception <a 'java/lang/IncompatibleClassChangeError'{0x00000000eb493548}: Found class java.lang.Object, but interface was expected> (0x00000000eb493548) 
thrown [s\src\hotspot\share\interpreter\linkResolver.cpp, line 826]
Event: 24.644 Thread 0x00000226cbcab0a0 Exception <a 'java/io/FileNotFoundException'{0x00000000ebdff4c0}> (0x00000000ebdff4c0) 
thrown [s\src\hotspot\share\prims\jni.cpp, line 516]
Event: 24.670 Thread 0x00000226cbcab0a0 Exception <a 'java/lang/NoSuchMethodError'{0x00000000eabf81a8}: 'int java.lang.invoke.DirectMethodHandle$Holder.invokeSpecial(java.lang.Object, java.lang.Object, java.lang.Object, java.lang.Object)'> (0x00000000eabf81a8) 
thrown [s\src\hotspot\share\interpreter\linkResolver.cpp, line 759]
Event: 24.673 Thread 0x00000226cbcab0a0 Exception <a 'java/lang/NoSuchMethodError'{0x00000000eac62f38}: 'java.lang.Object java.lang.invoke.DirectMethodHandle$Holder.invokeStatic(java.lang.Object, int, java.lang.Object, java.lang.Object)'> (0x00000000eac62f38) 
thrown [s\src\hotspot\share\interpreter\linkResolver.cpp, line 759]
Event: 24.673 Thread 0x00000226cbcab0a0 Exception <a 'java/lang/NoSuchMethodError'{0x00000000eac66a70}: 'java.lang.Object java.lang.invoke.DelegatingMethodHandle$Holder.delegate(java.lang.Object, int, java.lang.Object, java.lang.Object)'> (0x00000000eac66a70) 
thrown [s\src\hotspot\share\interpreter\linkResolver.cpp, line 759]
Event: 24.675 Thread 0x00000226cbcab0a0 Exception <a 'java/lang/NoSuchMethodError'{0x00000000eacc9f10}: 'int java.lang.invoke.Invokers$Holder.linkToTargetMethod(java.lang.Object, java.lang.Object, java.lang.Object)'> (0x00000000eacc9f10) 
thrown [s\src\hotspot\share\interpreter\linkResolver.cpp, line 759]

VM Operations (20 events):
Event: 24.214 Executing VM operation: ParallelGCFailedAllocation
Event: 24.216 Executing VM operation: ParallelGCFailedAllocation done
Event: 24.365 Executing VM operation: ParallelGCFailedAllocation
Event: 24.368 Executing VM operation: ParallelGCFailedAllocation done
Event: 24.600 Executing VM operation: HandshakeAllThreads
Event: 24.600 Executing VM operation: HandshakeAllThreads done
Event: 24.657 Executing VM operation: ParallelGCFailedAllocation
Event: 24.661 Executing VM operation: ParallelGCFailedAllocation done
Event: 24.672 Executing VM operation: HandshakeAllThreads
Event: 24.672 Executing VM operation: HandshakeAllThreads done
Event: 24.767 Executing VM operation: HandshakeAllThreads
Event: 24.767 Executing VM operation: HandshakeAllThreads done
Event: 24.829 Executing VM operation: HandshakeAllThreads
Event: 24.829 Executing VM operation: HandshakeAllThreads done
Event: 24.920 Executing VM operation: ParallelGCFailedAllocation
Event: 24.923 Executing VM operation: ParallelGCFailedAllocation done
Event: 24.946 Executing VM operation: HandshakeAllThreads
Event: 24.946 Executing VM operation: HandshakeAllThreads done
Event: 24.963 Executing VM operation: HandshakeAllThreads
Event: 24.963 Executing VM operation: HandshakeAllThreads done

Events (20 events):
Event: 24.673 loading class java/lang/invoke/MethodHandleImpl$CountingWrapper
Event: 24.673 loading class java/lang/invoke/MethodHandleImpl$CountingWrapper done
Event: 24.723 loading class sun/reflect/annotation/AnnotatedTypeFactory$AnnotatedParameterizedTypeImpl
Event: 24.724 loading class java/lang/reflect/AnnotatedParameterizedType
Event: 24.724 loading class java/lang/reflect/AnnotatedParameterizedType done
Event: 24.724 loading class sun/reflect/annotation/AnnotatedTypeFactory$AnnotatedParameterizedTypeImpl done
Event: 24.801 loading class java/util/concurrent/CompletionService
Event: 24.801 loading class java/util/concurrent/CompletionService done
Event: 24.918 loading class sun/reflect/generics/scope/ConstructorScope
Event: 24.918 loading class sun/reflect/generics/scope/ConstructorScope done
Event: 24.918 loading class sun/reflect/generics/tree/VoidDescriptor
Event: 24.918 loading class sun/reflect/generics/tree/VoidDescriptor done
Event: 24.945 loading class java/nio/channels/SocketChannel
Event: 24.945 loading class java/nio/channels/NetworkChannel
Event: 24.945 loading class java/nio/channels/NetworkChannel done
Event: 24.946 loading class java/nio/channels/spi/AbstractSelectableChannel
Event: 24.946 loading class java/nio/channels/spi/AbstractSelectableChannel done
Event: 24.946 loading class java/nio/channels/SocketChannel done
Event: 24.947 loading class java/nio/channels/ServerSocketChannel
Event: 24.947 loading class java/nio/channels/ServerSocketChannel done


Dynamic libraries:
0x00007ff6063d0000 - 0x00007ff6063de000 	c:\Users\55119\.vscode\extensions\redhat.java-1.33.0-win32-x64\jre\17.0.11-win32-x86_64\bin\java.exe
0x00007ff89f840000 - 0x00007ff89fa49000 	C:\Windows\SYSTEM32\ntdll.dll
0x00007ff873fa0000 - 0x00007ff873fba000 	C:\Program Files\Avast Software\Avast\aswhook.dll
0x00007ff89e630000 - 0x00007ff89e6ed000 	C:\Windows\System32\KERNEL32.DLL
0x00007ff89d030000 - 0x00007ff89d3b4000 	C:\Windows\System32\KERNELBASE.dll
0x00007ff89cd50000 - 0x00007ff89ce61000 	C:\Windows\System32\ucrtbase.dll
0x00007ff892900000 - 0x00007ff892917000 	c:\Users\55119\.vscode\extensions\redhat.java-1.33.0-win32-x64\jre\17.0.11-win32-x86_64\bin\jli.dll
0x00007ff898170000 - 0x00007ff89818b000 	c:\Users\55119\.vscode\extensions\redhat.java-1.33.0-win32-x64\jre\17.0.11-win32-x86_64\bin\VCRUNTIME140.dll
0x00007ff89f3b0000 - 0x00007ff89f55d000 	C:\Windows\System32\USER32.dll
0x00007ff89cf90000 - 0x00007ff89cfb6000 	C:\Windows\System32\win32u.dll
0x00007ff89d690000 - 0x00007ff89d6ba000 	C:\Windows\System32\GDI32.dll
0x00007ff89ce70000 - 0x00007ff89cf8e000 	C:\Windows\System32\gdi32full.dll
0x00007ff89d3c0000 - 0x00007ff89d45d000 	C:\Windows\System32\msvcp_win.dll
0x00007ff889a60000 - 0x00007ff889d05000 	C:\Windows\WinSxS\amd64_microsoft.windows.common-controls_6595b64144ccf1df_6.0.22000.120_none_9d947278b86cc467\COMCTL32.dll
0x00007ff89e900000 - 0x00007ff89e9a3000 	C:\Windows\System32\msvcrt.dll
0x00007ff89e8c0000 - 0x00007ff89e8f1000 	C:\Windows\System32\IMM32.DLL
0x00007ff891b20000 - 0x00007ff891b2c000 	c:\Users\55119\.vscode\extensions\redhat.java-1.33.0-win32-x64\jre\17.0.11-win32-x86_64\bin\vcruntime140_1.dll
0x00007ff8747c0000 - 0x00007ff87484d000 	c:\Users\55119\.vscode\extensions\redhat.java-1.33.0-win32-x64\jre\17.0.11-win32-x86_64\bin\msvcp140.dll
0x00007ff811540000 - 0x00007ff8121a2000 	c:\Users\55119\.vscode\extensions\redhat.java-1.33.0-win32-x64\jre\17.0.11-win32-x86_64\bin\server\jvm.dll
0x00007ff89db20000 - 0x00007ff89dbce000 	C:\Windows\System32\ADVAPI32.dll
0x00007ff89d8f0000 - 0x00007ff89d98e000 	C:\Windows\System32\sechost.dll
0x00007ff89dbd0000 - 0x00007ff89dcf1000 	C:\Windows\System32\RPCRT4.dll
0x00007ff89b760000 - 0x00007ff89b7ad000 	C:\Windows\SYSTEM32\POWRPROF.dll
0x00007ff887420000 - 0x00007ff887429000 	C:\Windows\SYSTEM32\WSOCK32.dll
0x00007ff89f5d0000 - 0x00007ff89f63f000 	C:\Windows\System32\WS2_32.dll
0x00007ff893470000 - 0x00007ff8934a3000 	C:\Windows\SYSTEM32\WINMM.dll
0x00007ff891f80000 - 0x00007ff891f8a000 	C:\Windows\SYSTEM32\VERSION.dll
0x00007ff89b740000 - 0x00007ff89b753000 	C:\Windows\SYSTEM32\UMPDC.dll
0x00007ff89be30000 - 0x00007ff89be48000 	C:\Windows\SYSTEM32\kernel.appcore.dll
0x00007ff891b10000 - 0x00007ff891b1a000 	c:\Users\55119\.vscode\extensions\redhat.java-1.33.0-win32-x64\jre\17.0.11-win32-x86_64\bin\jimage.dll
0x00007ff89a6e0000 - 0x00007ff89a901000 	C:\Windows\SYSTEM32\DBGHELP.DLL
0x00007ff891150000 - 0x00007ff891181000 	C:\Windows\SYSTEM32\dbgcore.DLL
0x00007ff89ccd0000 - 0x00007ff89cd4f000 	C:\Windows\System32\bcryptPrimitives.dll
0x00007ff891a60000 - 0x00007ff891a6e000 	c:\Users\55119\.vscode\extensions\redhat.java-1.33.0-win32-x64\jre\17.0.11-win32-x86_64\bin\instrument.dll
0x00007ff880b50000 - 0x00007ff880b75000 	c:\Users\55119\.vscode\extensions\redhat.java-1.33.0-win32-x64\jre\17.0.11-win32-x86_64\bin\java.dll
0x00007ff880b30000 - 0x00007ff880b48000 	c:\Users\55119\.vscode\extensions\redhat.java-1.33.0-win32-x64\jre\17.0.11-win32-x86_64\bin\zip.dll
0x00007ff89dd00000 - 0x00007ff89e4c5000 	C:\Windows\System32\SHELL32.dll
0x00007ff89ada0000 - 0x00007ff89b602000 	C:\Windows\SYSTEM32\windows.storage.dll
0x00007ff89ef40000 - 0x00007ff89f2b6000 	C:\Windows\System32\combase.dll
0x00007ff89ac30000 - 0x00007ff89ad97000 	C:\Windows\SYSTEM32\wintypes.dll
0x00007ff89e9c0000 - 0x00007ff89eaaa000 	C:\Windows\System32\SHCORE.dll
0x00007ff89f350000 - 0x00007ff89f3ad000 	C:\Windows\System32\shlwapi.dll
0x00007ff89cc00000 - 0x00007ff89cc25000 	C:\Windows\SYSTEM32\profapi.dll
0x00007ff880ad0000 - 0x00007ff880ae9000 	C:\Users\55119\.vscode\extensions\redhat.java-1.33.0-win32-x64\jre\17.0.11-win32-x86_64\bin\net.dll
0x00007ff8955c0000 - 0x00007ff8956d4000 	C:\Windows\SYSTEM32\WINHTTP.dll
0x00007ff89c2e0000 - 0x00007ff89c347000 	C:\Windows\system32\mswsock.dll
0x00007ff8809b0000 - 0x00007ff8809c6000 	C:\Users\55119\.vscode\extensions\redhat.java-1.33.0-win32-x64\jre\17.0.11-win32-x86_64\bin\nio.dll
0x00007ff891a50000 - 0x00007ff891a60000 	c:\Users\55119\.vscode\extensions\redhat.java-1.33.0-win32-x64\jre\17.0.11-win32-x86_64\bin\verify.dll
0x00007ff874770000 - 0x00007ff8747b5000 	C:\Users\55119\AppData\Roaming\Code\User\globalStorage\redhat.java\1.33.0\config_win\org.eclipse.equinox.launcher\org.eclipse.equinox.launcher.win32.win32.x86_64_1.2.1100.v20240722-2106\eclipse_11904.dll
0x00007ff89e700000 - 0x00007ff89e89a000 	C:\Windows\System32\ole32.dll
0x00007ff89c520000 - 0x00007ff89c538000 	C:\Windows\SYSTEM32\CRYPTSP.dll
0x00007ff89bd90000 - 0x00007ff89bdc5000 	C:\Windows\system32\rsaenh.dll
0x00007ff89c3d0000 - 0x00007ff89c3fc000 	C:\Windows\SYSTEM32\USERENV.dll
0x00007ff89c6a0000 - 0x00007ff89c6c7000 	C:\Windows\SYSTEM32\bcrypt.dll
0x00007ff89c540000 - 0x00007ff89c54c000 	C:\Windows\SYSTEM32\CRYPTBASE.dll
0x00007ff89b950000 - 0x00007ff89b97d000 	C:\Windows\SYSTEM32\IPHLPAPI.DLL
0x00007ff89eab0000 - 0x00007ff89eab9000 	C:\Windows\System32\NSI.dll
0x00007ff8955a0000 - 0x00007ff8955b9000 	C:\Windows\SYSTEM32\dhcpcsvc6.DLL
0x00007ff8958a0000 - 0x00007ff8958be000 	C:\Windows\SYSTEM32\dhcpcsvc.DLL
0x00007ff89b980000 - 0x00007ff89ba67000 	C:\Windows\SYSTEM32\DNSAPI.dll
0x00007ff8745b0000 - 0x00007ff8745f5000 	C:\Users\55119\AppData\Local\Temp\jna--205368346\jna18196880203674962060.dll
0x00007ff89e6f0000 - 0x00007ff89e6f8000 	C:\Windows\System32\PSAPI.DLL

dbghelp: loaded successfully - version: 4.0.5 - missing functions: none
symbol engine: initialized successfully - sym options: 0x614 - pdb path: .;c:\Users\55119\.vscode\extensions\redhat.java-1.33.0-win32-x64\jre\17.0.11-win32-x86_64\bin;C:\Windows\SYSTEM32;C:\Program Files\Avast Software\Avast;C:\Windows\WinSxS\amd64_microsoft.windows.common-controls_6595b64144ccf1df_6.0.22000.120_none_9d947278b86cc467;c:\Users\55119\.vscode\extensions\redhat.java-1.33.0-win32-x64\jre\17.0.11-win32-x86_64\bin\server;C:\Users\55119\AppData\Roaming\Code\User\globalStorage\redhat.java\1.33.0\config_win\org.eclipse.equinox.launcher\org.eclipse.equinox.launcher.win32.win32.x86_64_1.2.1100.v20240722-2106;C:\Users\55119\AppData\Local\Temp\jna--205368346

VM Arguments:
jvm_args: --add-modules=ALL-SYSTEM --add-opens=java.base/java.util=ALL-UNNAMED --add-opens=java.base/java.lang=ALL-UNNAMED --add-opens=java.base/sun.nio.fs=ALL-UNNAMED -Declipse.application=org.eclipse.jdt.ls.core.id1 -Dosgi.bundles.defaultStartLevel=4 -Declipse.product=org.eclipse.jdt.ls.core.product -Djava.import.generatesMetadataFilesAtProjectRoot=false -DDetectVMInstallationsJob.disabled=true -Dfile.encoding=utf8 -XX:+UseParallelGC -XX:GCTimeRatio=4 -XX:AdaptiveSizePolicyWeight=90 -Dsun.zip.disableMemoryMapping=true -Xmx1G -Xms100m -Xlog:disable -javaagent:c:\Users\55119\.vscode\extensions\redhat.java-1.33.0-win32-x64\lombok\lombok-1.18.33.jar -XX:+HeapDumpOnOutOfMemoryError -XX:HeapDumpPath=c:\Users\55119\AppData\Roaming\Code\User\workspaceStorage\ed399de286a856b5668f17e944be6a14\redhat.java -Daether.dependencyCollector.impl=bf 
java_command: c:\Users\55119\.vscode\extensions\redhat.java-1.33.0-win32-x64\server\plugins\org.eclipse.equinox.launcher_1.6.900.v20240613-2009.jar -configuration c:\Users\55119\AppData\Roaming\Code\User\globalStorage\redhat.java\1.33.0\config_win -data c:\Users\55119\AppData\Roaming\Code\User\workspaceStorage\ed399de286a856b5668f17e944be6a14\redhat.java\jdt_ws --pipe=\\.\pipe\lsp-c01d02de7b55d52f88a83514d3801ef9-sock
java_class_path (initial): c:\Users\55119\.vscode\extensions\redhat.java-1.33.0-win32-x64\server\plugins\org.eclipse.equinox.launcher_1.6.900.v20240613-2009.jar
Launcher Type: SUN_STANDARD

[Global flags]
    uintx AdaptiveSizePolicyWeight                 = 90                                        {product} {command line}
     intx CICompilerCount                          = 3                                         {product} {ergonomic}
    uintx GCTimeRatio                              = 4                                         {product} {command line}
     bool HeapDumpOnOutOfMemoryError               = true                                   {manageable} {command line}
    ccstr HeapDumpPath                             = c:\Users\55119\AppData\Roaming\Code\User\workspaceStorage\ed399de286a856b5668f17e944be6a14\redhat.java         {manageable} {command line}
   size_t InitialHeapSize                          = 104857600                                 {product} {command line}
   size_t MaxHeapSize                              = 1073741824                                {product} {command line}
   size_t MaxNewSize                               = 357564416                                 {product} {ergonomic}
   size_t MinHeapDeltaBytes                        = 524288                                    {product} {ergonomic}
   size_t MinHeapSize                              = 104857600                                 {product} {command line}
   size_t NewSize                                  = 34603008                                  {product} {ergonomic}
    uintx NonNMethodCodeHeapSize                   = 5832780                                {pd product} {ergonomic}
    uintx NonProfiledCodeHeapSize                  = 122912730                              {pd product} {ergonomic}
   size_t OldSize                                  = 70254592                                  {product} {ergonomic}
    uintx ProfiledCodeHeapSize                     = 122912730                              {pd product} {ergonomic}
    uintx ReservedCodeCacheSize                    = 251658240                              {pd product} {ergonomic}
     bool SegmentedCodeCache                       = true                                      {product} {ergonomic}
   size_t SoftMaxHeapSize                          = 1073741824                             {manageable} {ergonomic}
     bool UseCompressedClassPointers               = true                           {product lp64_product} {ergonomic}
     bool UseCompressedOops                        = true                           {product lp64_product} {ergonomic}
     bool UseLargePagesIndividualAllocation        = false                                  {pd product} {ergonomic}
     bool UseParallelGC                            = true                                      {product} {command line}

Logging:
Log output configuration:
 #0: stdout all=off uptime,level,tags
 #1: stderr all=off uptime,level,tags

Environment Variables:
PATH=C:\Program Files\Common Files\Oracle\Java\javapath;C:\ProgramData\Oracle\Java\javapath;C:\Windows\system32;C:\Windows;C:\Windows\System32\Wbem;C:\Windows\System32\WindowsPowerShell\v1.0\;C:\Windows\System32\OpenSSH\;C:\Program Files\dotnet\;C:\Program Files\Git\cmd;C:\Program Files\PuTTY\;C:\Program Files\nodejs\;C:\php-8.2.20-nts-Win32-vs16-x64\;C:\composer;C:\Users\55119\AppData\Local\Microsoft\WindowsApps;C:\Users\55119\AppData\Local\Programs\Microsoft VS Code\bin;C:\Users\55119\AppData\Local\GitHubDesktop\bin;C:\Program Files\MySQL\MySQL Server 8.0\bin;C:\mongosh-1.8.2\bin;C:\Program Files\MongoDB\Server\6.0\bin;C:\Program Files (x86)\sqlite3;C:\Users\55119\AppData\Roaming\npm;C:\php-8.2.20-nts-Win32-vs16-x64\;C:\Users\55119\AppData\Roaming\Composer\vendor\bin
USERNAME=gabriel
OS=Windows_NT
PROCESSOR_IDENTIFIER=Intel64 Family 6 Model 140 Stepping 2, GenuineIntel
TMP=C:\Users\55119\AppData\Local\Temp
TEMP=C:\Users\55119\AppData\Local\Temp



Periodic native trim disabled


---------------  S Y S T E M  ---------------

OS:
 Windows 11 , 64 bit Build 22000 (10.0.22000.2538)
OS uptime: 0 days 7:55 hours

CPU: total 4 (initial active 4) (2 cores per cpu, 2 threads per core) family 6 model 140 stepping 2 microcode 0x26, cx8, cmov, fxsr, ht, mmx, 3dnowpref, sse, sse2, sse3, ssse3, sse4.1, sse4.2, popcnt, lzcnt, tsc, tscinvbit, avx, avx2, aes, erms, clmul, bmi1, bmi2, adx, avx512f, avx512dq, avx512cd, avx512bw, avx512vl, sha, fma, vzeroupper, avx512_vpopcntdq, avx512_vpclmulqdq, avx512_vaes, avx512_vnni, clflush, clflushopt, clwb, avx512_vbmi2, avx512_vbmi
Processor Information for all 4 processors :
  Max Mhz: 2995, Current Mhz: 2995, Mhz Limit: 2995

Memory: 4k page, system-wide physical 3879M (35M free)
TotalPageFile size 15655M (AvailPageFile size 3M)
current process WorkingSet (physical memory assigned to process): 172M, peak: 172M
current process commit charge ("private bytes"): 266M, peak: 267M

vm_info: OpenJDK 64-Bit Server VM (17.0.11+9) for windows-amd64 JRE (17.0.11+9), built on Apr 17 2024 06:07:48 by "admin" with MS VC++ 16.10 / 16.11 (VS2019)

END.
