#
# There is insufficient memory for the Java Runtime Environment to continue.
# Native memory allocation (malloc) failed to allocate 68336 bytes for Chunk::new
# Possible reasons:
#   The system is out of physical RAM or swap space
#   The process is running with CompressedOops enabled, and the Java Heap may be blocking the growth of the native heap
# Possible solutions:
#   Reduce memory load on the system
#   Increase physical memory or swap space
#   Check if swap backing store is full
#   Decrease Java heap size (-Xmx/-Xms)
#   Decrease number of Java threads
#   Decrease Java thread stack sizes (-Xss)
#   Set larger code cache with -XX:ReservedCodeCacheSize=
#   JVM is running with Unscaled Compressed Oops mode in which the Java heap is
#     placed in the first 4GB address space. The Java Heap base address is the
#     maximum limit for the native heap growth. Please use -XX:HeapBaseMinAddress
#     to set the Java Heap base and to place the Java Heap above 4GB virtual address.
# This output file may be truncated or incomplete.
#
#  Out of Memory Error (arena.cpp:189), pid=21192, tid=30300
#
# JRE version: Java(TM) SE Runtime Environment (17.0.7+8) (build 17.0.7+8-LTS-224)
# Java VM: Java HotSpot(TM) 64-Bit Server VM (17.0.7+8-LTS-224, mixed mode, sharing, tiered, compressed oops, compressed class ptrs, g1 gc, windows-amd64)
# No core dump will be written. Minidumps are not enabled by default on client versions of Windows
#

---------------  S U M M A R Y ------------

Command Line: -XX:+ShowCodeDetailsInExceptionMessages lacopet.demo.DemoApplication

Host: 11th Gen Intel(R) Core(TM) i3-1115G4 @ 3.00GHz, 4 cores, 3G,  Windows 11 , 64 bit Build 22000 (10.0.22000.2538)
Time: Wed Aug 21 23:57:19 2024 Hora oficial do Brasil elapsed time: 25.289383 seconds (0d 0h 0m 25s)

---------------  T H R E A D  ---------------

Current thread (0x000002835fafe8f0):  JavaThread "C2 CompilerThread0" daemon [_thread_in_native, id=30300, stack(0x0000008978100000,0x0000008978200000)]


Current CompileTask:
C2:  25290 4989       4       java.lang.invoke.LambdaForm$Name::replaceNames (175 bytes)

Stack: [0x0000008978100000,0x0000008978200000]
Native frames: (J=compiled Java code, j=interpreted, Vv=VM code, C=native code)
V  [jvm.dll+0x676a4a]
V  [jvm.dll+0x7d74f4]
V  [jvm.dll+0x7d8c9e]
V  [jvm.dll+0x7d9303]
V  [jvm.dll+0x2452c5]
V  [jvm.dll+0xaaa2b]
V  [jvm.dll+0xaafcc]
V  [jvm.dll+0x560964]
V  [jvm.dll+0x32bbd0]
V  [jvm.dll+0x32b03a]
V  [jvm.dll+0x217acf]
V  [jvm.dll+0x216f01]
V  [jvm.dll+0x1a35e0]
V  [jvm.dll+0x226a6e]
V  [jvm.dll+0x224e15]
V  [jvm.dll+0x78d05c]
V  [jvm.dll+0x78759a]
V  [jvm.dll+0x675875]
C  [ucrtbase.dll+0x26c0c]
C  [KERNEL32.DLL+0x153e0]
C  [ntdll.dll+0x485b]


---------------  P R O C E S S  ---------------

Threads class SMR info:
_java_thread_list=0x0000028363ab7230, length=39, elements={
0x0000028344aa1230, 0x0000028344aa1cb0, 0x0000028344ab8190, 0x0000028344ab8b40,
0x0000028344abb5d0, 0x000002835fafdf50, 0x000002835fafe8f0, 0x000002835fb23f70,
0x000002835fb2d0f0, 0x000002836057ed60, 0x000002836058ec50, 0x0000028363a77870,
0x00000283642c8010, 0x0000028363500360, 0x0000028363c07600, 0x00000283612d2e80,
0x00000283612d2010, 0x00000283612d29b0, 0x00000283612d4b60, 0x00000283612d3820,
0x00000283612d11a0, 0x00000283612d1670, 0x00000283612d1b40, 0x00000283612d4690,
0x0000028363f8cff0, 0x0000028363f8b7e0, 0x0000028363f8f670, 0x0000028363f89160,
0x0000028363f89b00, 0x0000028363f8f1a0, 0x0000028363f90010, 0x0000028363f8a970,
0x0000028363f8e800, 0x0000028363f8bcb0, 0x0000028363f8d990, 0x0000028363f887c0,
0x0000028363f89fd0, 0x0000028363f8d4c0, 0x0000028363f8c180
}

Java Threads: ( => current thread )
  0x0000028344aa1230 JavaThread "Reference Handler" daemon [_thread_blocked, id=224, stack(0x0000008977b00000,0x0000008977c00000)]
  0x0000028344aa1cb0 JavaThread "Finalizer" daemon [_thread_blocked, id=31392, stack(0x0000008977c00000,0x0000008977d00000)]
  0x0000028344ab8190 JavaThread "Signal Dispatcher" daemon [_thread_blocked, id=23620, stack(0x0000008977d00000,0x0000008977e00000)]
  0x0000028344ab8b40 JavaThread "Attach Listener" daemon [_thread_blocked, id=12408, stack(0x0000008977e00000,0x0000008977f00000)]
  0x0000028344abb5d0 JavaThread "Service Thread" daemon [_thread_blocked, id=30912, stack(0x0000008977f00000,0x0000008978000000)]
  0x000002835fafdf50 JavaThread "Monitor Deflation Thread" daemon [_thread_blocked, id=34308, stack(0x0000008978000000,0x0000008978100000)]
=>0x000002835fafe8f0 JavaThread "C2 CompilerThread0" daemon [_thread_in_native, id=30300, stack(0x0000008978100000,0x0000008978200000)]
  0x000002835fb23f70 JavaThread "C1 CompilerThread0" daemon [_thread_blocked, id=34120, stack(0x0000008978200000,0x0000008978300000)]
  0x000002835fb2d0f0 JavaThread "Sweeper thread" daemon [_thread_blocked, id=33856, stack(0x0000008978300000,0x0000008978400000)]
  0x000002836057ed60 JavaThread "Notification Thread" daemon [_thread_blocked, id=33392, stack(0x0000008978400000,0x0000008978500000)]
  0x000002836058ec50 JavaThread "Common-Cleaner" daemon [_thread_blocked, id=21368, stack(0x0000008978600000,0x0000008978700000)]
  0x0000028363a77870 JavaThread "Catalina-utility-1" [_thread_blocked, id=17416, stack(0x0000008978b00000,0x0000008978c00000)]
  0x00000283642c8010 JavaThread "Catalina-utility-2" [_thread_blocked, id=17852, stack(0x0000008978c00000,0x0000008978d00000)]
  0x0000028363500360 JavaThread "container-0" [_thread_blocked, id=32336, stack(0x0000008978d00000,0x0000008978e00000)]
  0x0000028363c07600 JavaThread "Thread-1" daemon [_thread_in_native, id=36712, stack(0x0000008978e00000,0x0000008978f00000)]
  0x00000283612d2e80 JavaThread "BufferPoolPruner-1-thread-1" daemon [_thread_blocked, id=13984, stack(0x0000008978f00000,0x0000008979000000)]
  0x00000283612d2010 JavaThread "cluster-ClusterId{value='66c6a8fd4cbcf505acab45e3', description='null'}-srv-cluster0.shx7xrb.mongodb.net" daemon [_thread_blocked, id=32880, stack(0x0000008979000000,0x0000008979100000)]
  0x00000283612d29b0 JavaThread "cluster-ClusterId{value='66c6a8fd4cbcf505acab45e3', description='null'}-ac-rtkxxft-shard-00-00.shx7xrb.mongodb.net:27017" daemon [_thread_in_native, id=33360, stack(0x0000008979100000,0x0000008979200000)]
  0x00000283612d4b60 JavaThread "cluster-rtt-ClusterId{value='66c6a8fd4cbcf505acab45e3', description='null'}-ac-rtkxxft-shard-00-00.shx7xrb.mongodb.net:27017" daemon [_thread_blocked, id=35356, stack(0x0000008979200000,0x0000008979300000)]
  0x00000283612d3820 JavaThread "cluster-ClusterId{value='66c6a8fd4cbcf505acab45e3', description='null'}-ac-rtkxxft-shard-00-02.shx7xrb.mongodb.net:27017" daemon [_thread_in_native, id=27164, stack(0x0000008979300000,0x0000008979400000)]
  0x00000283612d11a0 JavaThread "cluster-rtt-ClusterId{value='66c6a8fd4cbcf505acab45e3', description='null'}-ac-rtkxxft-shard-00-02.shx7xrb.mongodb.net:27017" daemon [_thread_blocked, id=33180, stack(0x0000008979400000,0x0000008979500000)]
  0x00000283612d1670 JavaThread "cluster-ClusterId{value='66c6a8fd4cbcf505acab45e3', description='null'}-ac-rtkxxft-shard-00-01.shx7xrb.mongodb.net:27017" daemon [_thread_in_native, id=12448, stack(0x0000008979500000,0x0000008979600000)]
  0x00000283612d1b40 JavaThread "cluster-rtt-ClusterId{value='66c6a8fd4cbcf505acab45e3', description='null'}-ac-rtkxxft-shard-00-01.shx7xrb.mongodb.net:27017" daemon [_thread_blocked, id=29980, stack(0x0000008979600000,0x0000008979700000)]
  0x00000283612d4690 JavaThread "MaintenanceTimer-2-thread-1" daemon [_thread_blocked, id=9060, stack(0x0000008979800000,0x0000008979900000)]
  0x0000028363f8cff0 JavaThread "MaintenanceTimer-3-thread-1" daemon [_thread_blocked, id=32644, stack(0x0000008979900000,0x0000008979a00000)]
  0x0000028363f8b7e0 JavaThread "MaintenanceTimer-4-thread-1" daemon [_thread_blocked, id=29396, stack(0x0000008979a00000,0x0000008979b00000)]
  0x0000028363f8f670 JavaThread "http-nio-8080-exec-1" daemon [_thread_in_native, id=33816, stack(0x0000008979b00000,0x0000008979c00000)]
  0x0000028363f89160 JavaThread "http-nio-8080-exec-2" daemon [_thread_blocked, id=8452, stack(0x0000008979c00000,0x0000008979d00000)]
  0x0000028363f89b00 JavaThread "http-nio-8080-exec-3" daemon [_thread_blocked, id=14528, stack(0x0000008979d00000,0x0000008979e00000)]
  0x0000028363f8f1a0 JavaThread "http-nio-8080-exec-4" daemon [_thread_blocked, id=14728, stack(0x0000008979e00000,0x0000008979f00000)]
  0x0000028363f90010 JavaThread "http-nio-8080-exec-5" daemon [_thread_blocked, id=33236, stack(0x0000008979f00000,0x000000897a000000)]
  0x0000028363f8a970 JavaThread "http-nio-8080-exec-6" daemon [_thread_blocked, id=23576, stack(0x000000897a000000,0x000000897a100000)]
  0x0000028363f8e800 JavaThread "http-nio-8080-exec-7" daemon [_thread_blocked, id=34296, stack(0x000000897a100000,0x000000897a200000)]
  0x0000028363f8bcb0 JavaThread "http-nio-8080-exec-8" daemon [_thread_blocked, id=35704, stack(0x000000897a200000,0x000000897a300000)]
  0x0000028363f8d990 JavaThread "http-nio-8080-exec-9" daemon [_thread_blocked, id=32088, stack(0x000000897a300000,0x000000897a400000)]
  0x0000028363f887c0 JavaThread "http-nio-8080-exec-10" daemon [_thread_blocked, id=28224, stack(0x000000897a400000,0x000000897a500000)]
  0x0000028363f89fd0 JavaThread "http-nio-8080-Poller" daemon [_thread_in_native, id=36136, stack(0x000000897a500000,0x000000897a600000)]
  0x0000028363f8d4c0 JavaThread "http-nio-8080-Acceptor" daemon [_thread_in_native, id=31580, stack(0x000000897a600000,0x000000897a700000)]
  0x0000028363f8c180 JavaThread "DestroyJavaVM" [_thread_blocked, id=23028, stack(0x0000008977400000,0x0000008977500000)]

Other Threads:
  0x0000028344a9b380 VMThread "VM Thread" [stack: 0x0000008977a00000,0x0000008977b00000] [id=35380]
  0x0000028344a8dc70 WatcherThread [stack: 0x0000008978500000,0x0000008978600000] [id=33516]
  0x0000028344a2fc10 GCTaskThread "GC Thread#0" [stack: 0x0000008977500000,0x0000008977600000] [id=34380]
  0x0000028360917fa0 GCTaskThread "GC Thread#1" [stack: 0x0000008978700000,0x0000008978800000] [id=36088]
  0x0000028361007a50 GCTaskThread "GC Thread#2" [stack: 0x0000008978800000,0x0000008978900000] [id=14588]
  0x0000028360f3ebe0 GCTaskThread "GC Thread#3" [stack: 0x0000008978900000,0x0000008978a00000] [id=5100]
  0x0000028344a38c00 ConcurrentGCThread "G1 Main Marker" [stack: 0x0000008977600000,0x0000008977700000] [id=22380]
  0x0000028344a395e0 ConcurrentGCThread "G1 Conc#0" [stack: 0x0000008977700000,0x0000008977800000] [id=4880]
  0x0000028344a7aa70 ConcurrentGCThread "G1 Refine#0" [stack: 0x0000008977800000,0x0000008977900000] [id=18004]
  0x0000028360f53f80 ConcurrentGCThread "G1 Refine#1" [stack: 0x0000008978a00000,0x0000008978b00000] [id=31648]
  0x0000028344a7b390 ConcurrentGCThread "G1 Service" [stack: 0x0000008977900000,0x0000008977a00000] [id=28040]

Threads with active compile tasks:
C2 CompilerThread0    25337 4989       4       java.lang.invoke.LambdaForm$Name::replaceNames (175 bytes)

VM state: not at safepoint (normal execution)

VM Mutex/Monitor currently owned by a thread: None

Heap address: 0x00000000c3600000, size: 970 MB, Compressed Oops mode: 32-bit

CDS archive(s) mapped at: [0x0000000800000000-0x0000000800bd0000-0x0000000800bd0000), size 12386304, SharedBaseAddress: 0x0000000800000000, ArchiveRelocationMode: 0.
Compressed class space mapped at: 0x0000000800c00000-0x0000000840c00000, reserved size: 1073741824
Narrow klass base: 0x0000000800000000, Narrow klass shift: 0, Narrow klass range: 0x100000000

GC Precious Log:
 CPUs: 4 total, 4 available
 Memory: 3879M
 Large Page Support: Disabled
 NUMA Support: Disabled
 Compressed Oops: Enabled (32-bit)
 Heap Region Size: 1M
 Heap Min Capacity: 8M
 Heap Initial Capacity: 62M
 Heap Max Capacity: 970M
 Pre-touch: Disabled
 Parallel Workers: 4
 Concurrent Workers: 1
 Concurrent Refinement Workers: 4
 Periodic GC: Disabled

Heap:
 garbage-first heap   total 51200K, used 37991K [0x00000000c3600000, 0x0000000100000000)
  region size 1024K, 20 young (20480K), 3 survivors (3072K)
 Metaspace       used 42418K, committed 42816K, reserved 1089536K
  class space    used 5489K, committed 5696K, reserved 1048576K

Heap Regions: E=young(eden), S=young(survivor), O=old, HS=humongous(starts), HC=humongous(continues), CS=collection set, F=free, OA=open archive, CA=closed archive, TAMS=top-at-mark-start (previous, next)
|   0|0x00000000c3600000, 0x00000000c3700000, 0x00000000c3700000|100%|HS|  |TAMS 0x00000000c3700000, 0x00000000c3600000| Complete 
|   1|0x00000000c3700000, 0x00000000c3800000, 0x00000000c3800000|100%| O|  |TAMS 0x00000000c3800000, 0x00000000c3700000| Untracked 
|   2|0x00000000c3800000, 0x00000000c3900000, 0x00000000c3900000|100%| O|  |TAMS 0x00000000c3900000, 0x00000000c3800000| Untracked 
|   3|0x00000000c3900000, 0x00000000c3a00000, 0x00000000c3a00000|100%| O|  |TAMS 0x00000000c3a00000, 0x00000000c3900000| Untracked 
|   4|0x00000000c3a00000, 0x00000000c3b00000, 0x00000000c3b00000|100%| O|  |TAMS 0x00000000c3b00000, 0x00000000c3a00000| Untracked 
|   5|0x00000000c3b00000, 0x00000000c3c00000, 0x00000000c3c00000|100%| O|  |TAMS 0x00000000c3c00000, 0x00000000c3b00000| Untracked 
|   6|0x00000000c3c00000, 0x00000000c3d00000, 0x00000000c3d00000|100%| O|  |TAMS 0x00000000c3d00000, 0x00000000c3c00000| Untracked 
|   7|0x00000000c3d00000, 0x00000000c3e00000, 0x00000000c3e00000|100%| O|  |TAMS 0x00000000c3e00000, 0x00000000c3d00000| Untracked 
|   8|0x00000000c3e00000, 0x00000000c3f00000, 0x00000000c3f00000|100%| O|  |TAMS 0x00000000c3f00000, 0x00000000c3e00000| Untracked 
|   9|0x00000000c3f00000, 0x00000000c4000000, 0x00000000c4000000|100%| O|  |TAMS 0x00000000c4000000, 0x00000000c3f00000| Untracked 
|  10|0x00000000c4000000, 0x00000000c4100000, 0x00000000c4100000|100%| O|  |TAMS 0x00000000c4100000, 0x00000000c4000000| Untracked 
|  11|0x00000000c4100000, 0x00000000c41a0e00, 0x00000000c4200000| 62%| O|  |TAMS 0x00000000c41a0e00, 0x00000000c4100000| Untracked 
|  12|0x00000000c4200000, 0x00000000c4300000, 0x00000000c4300000|100%| O|  |TAMS 0x00000000c4300000, 0x00000000c4200000| Untracked 
|  13|0x00000000c4300000, 0x00000000c4400000, 0x00000000c4400000|100%| O|  |TAMS 0x00000000c4400000, 0x00000000c4300000| Untracked 
|  14|0x00000000c4400000, 0x00000000c4500000, 0x00000000c4500000|100%| O|  |TAMS 0x00000000c4500000, 0x00000000c4400000| Untracked 
|  15|0x00000000c4500000, 0x00000000c4600000, 0x00000000c4600000|100%| O|  |TAMS 0x00000000c4600000, 0x00000000c4500000| Untracked 
|  16|0x00000000c4600000, 0x00000000c4700000, 0x00000000c4700000|100%| O|  |TAMS 0x00000000c4600000, 0x00000000c4600000| Untracked 
|  17|0x00000000c4700000, 0x00000000c47eb400, 0x00000000c4800000| 91%| O|  |TAMS 0x00000000c4700000, 0x00000000c4700000| Untracked 
|  18|0x00000000c4800000, 0x00000000c4800000, 0x00000000c4900000|  0%| F|  |TAMS 0x00000000c4800000, 0x00000000c4800000| Untracked 
|  19|0x00000000c4900000, 0x00000000c4900000, 0x00000000c4a00000|  0%| F|  |TAMS 0x00000000c4900000, 0x00000000c4900000| Untracked 
|  20|0x00000000c4a00000, 0x00000000c4b00000, 0x00000000c4b00000|100%| O|  |TAMS 0x00000000c4a97c00, 0x00000000c4a00000| Untracked 
|  21|0x00000000c4b00000, 0x00000000c4b00000, 0x00000000c4c00000|  0%| F|  |TAMS 0x00000000c4b00000, 0x00000000c4b00000| Untracked 
|  22|0x00000000c4c00000, 0x00000000c4c00000, 0x00000000c4d00000|  0%| F|  |TAMS 0x00000000c4c00000, 0x00000000c4c00000| Untracked 
|  23|0x00000000c4d00000, 0x00000000c4d00000, 0x00000000c4e00000|  0%| F|  |TAMS 0x00000000c4d00000, 0x00000000c4d00000| Untracked 
|  24|0x00000000c4e00000, 0x00000000c4e00000, 0x00000000c4f00000|  0%| F|  |TAMS 0x00000000c4e00000, 0x00000000c4e00000| Untracked 
|  25|0x00000000c4f00000, 0x00000000c4f00000, 0x00000000c5000000|  0%| F|  |TAMS 0x00000000c4f00000, 0x00000000c4f00000| Untracked 
|  26|0x00000000c5000000, 0x00000000c5000000, 0x00000000c5100000|  0%| F|  |TAMS 0x00000000c5000000, 0x00000000c5000000| Untracked 
|  27|0x00000000c5100000, 0x00000000c5100000, 0x00000000c5200000|  0%| F|  |TAMS 0x00000000c5100000, 0x00000000c5100000| Untracked 
|  28|0x00000000c5200000, 0x00000000c528dd60, 0x00000000c5300000| 55%| S|CS|TAMS 0x00000000c5200000, 0x00000000c5200000| Complete 
|  29|0x00000000c5300000, 0x00000000c5400000, 0x00000000c5400000|100%| S|CS|TAMS 0x00000000c5300000, 0x00000000c5300000| Complete 
|  30|0x00000000c5400000, 0x00000000c5500000, 0x00000000c5500000|100%| S|CS|TAMS 0x00000000c5400000, 0x00000000c5400000| Complete 
|  31|0x00000000c5500000, 0x00000000c5500000, 0x00000000c5600000|  0%| F|  |TAMS 0x00000000c5500000, 0x00000000c5500000| Untracked 
|  32|0x00000000c5600000, 0x00000000c5600000, 0x00000000c5700000|  0%| F|  |TAMS 0x00000000c5600000, 0x00000000c5600000| Untracked 
|  33|0x00000000c5700000, 0x00000000c575b6e0, 0x00000000c5800000| 35%| E|  |TAMS 0x00000000c5700000, 0x00000000c5700000| Complete 
|  34|0x00000000c5800000, 0x00000000c5900000, 0x00000000c5900000|100%| E|CS|TAMS 0x00000000c5800000, 0x00000000c5800000| Complete 
|  35|0x00000000c5900000, 0x00000000c5a00000, 0x00000000c5a00000|100%| E|CS|TAMS 0x00000000c5900000, 0x00000000c5900000| Complete 
|  36|0x00000000c5a00000, 0x00000000c5b00000, 0x00000000c5b00000|100%| E|CS|TAMS 0x00000000c5a00000, 0x00000000c5a00000| Complete 
|  37|0x00000000c5b00000, 0x00000000c5c00000, 0x00000000c5c00000|100%| E|CS|TAMS 0x00000000c5b00000, 0x00000000c5b00000| Complete 
|  38|0x00000000c5c00000, 0x00000000c5d00000, 0x00000000c5d00000|100%| E|CS|TAMS 0x00000000c5c00000, 0x00000000c5c00000| Complete 
|  39|0x00000000c5d00000, 0x00000000c5e00000, 0x00000000c5e00000|100%| E|CS|TAMS 0x00000000c5d00000, 0x00000000c5d00000| Complete 
|  40|0x00000000c5e00000, 0x00000000c5f00000, 0x00000000c5f00000|100%| E|CS|TAMS 0x00000000c5e00000, 0x00000000c5e00000| Complete 
|  41|0x00000000c5f00000, 0x00000000c6000000, 0x00000000c6000000|100%| E|CS|TAMS 0x00000000c5f00000, 0x00000000c5f00000| Complete 
|  42|0x00000000c6000000, 0x00000000c6100000, 0x00000000c6100000|100%| E|CS|TAMS 0x00000000c6000000, 0x00000000c6000000| Complete 
|  43|0x00000000c6100000, 0x00000000c6200000, 0x00000000c6200000|100%| E|CS|TAMS 0x00000000c6100000, 0x00000000c6100000| Complete 
|  44|0x00000000c6200000, 0x00000000c6300000, 0x00000000c6300000|100%| E|CS|TAMS 0x00000000c6200000, 0x00000000c6200000| Complete 
|  45|0x00000000c6300000, 0x00000000c6400000, 0x00000000c6400000|100%| E|CS|TAMS 0x00000000c6300000, 0x00000000c6300000| Complete 
|  46|0x00000000c6400000, 0x00000000c6500000, 0x00000000c6500000|100%| E|CS|TAMS 0x00000000c6400000, 0x00000000c6400000| Complete 
|  47|0x00000000c6500000, 0x00000000c6600000, 0x00000000c6600000|100%| E|CS|TAMS 0x00000000c6500000, 0x00000000c6500000| Complete 
|  48|0x00000000c6600000, 0x00000000c6700000, 0x00000000c6700000|100%| E|CS|TAMS 0x00000000c6600000, 0x00000000c6600000| Complete 
|  61|0x00000000c7300000, 0x00000000c7400000, 0x00000000c7400000|100%| E|CS|TAMS 0x00000000c7300000, 0x00000000c7300000| Complete 

Card table byte_map: [0x000002835b460000,0x000002835b650000] _byte_map_base: 0x000002835ae45000

Marking Bits (Prev, Next): (CMBitMap*) 0x0000028344a30120, (CMBitMap*) 0x0000028344a30160
 Prev Bits: [0x000002835b840000, 0x000002835c768000)
 Next Bits: [0x000002835c770000, 0x000002835d698000)

Polling page: 0x00000283427f0000

Metaspace:

Usage:
  Non-class:     36.07 MB used.
      Class:      5.36 MB used.
       Both:     41.43 MB used.

Virtual space:
  Non-class space:       40.00 MB reserved,      36.31 MB ( 91%) committed,  5 nodes.
      Class space:        1.00 GB reserved,       5.56 MB ( <1%) committed,  1 nodes.
             Both:        1.04 GB reserved,      41.88 MB (  4%) committed. 

Chunk freelists:
   Non-Class:  3.73 MB
       Class:  2.25 MB
        Both:  5.99 MB

MaxMetaspaceSize: unlimited
CompressedClassSpaceSize: 1.00 GB
Initial GC threshold: 21.00 MB
Current GC threshold: 58.75 MB
CDS: on
MetaspaceReclaimPolicy: balanced
 - commit_granule_bytes: 65536.
 - commit_granule_words: 8192.
 - virtual_space_node_default_size: 1048576.
 - enlarge_chunks_in_place: 1.
 - new_chunks_are_fully_committed: 0.
 - uncommit_free_chunks: 1.
 - use_allocation_guard: 0.
 - handle_deallocations: 1.


Internal statistics:

num_allocs_failed_limit: 6.
num_arena_births: 652.
num_arena_deaths: 0.
num_vsnodes_births: 6.
num_vsnodes_deaths: 0.
num_space_committed: 670.
num_space_uncommitted: 0.
num_chunks_returned_to_freelist: 6.
num_chunks_taken_from_freelist: 2093.
num_chunk_merges: 6.
num_chunk_splits: 1410.
num_chunks_enlarged: 1009.
num_purges: 0.
num_inconsistent_stats: 0.

CodeHeap 'non-profiled nmethods': size=120000Kb used=2710Kb max_used=2710Kb free=117289Kb
 bounds [0x0000028353d40000, 0x0000028353ff0000, 0x000002835b270000]
CodeHeap 'profiled nmethods': size=120000Kb used=10701Kb max_used=10701Kb free=109298Kb
 bounds [0x000002834c270000, 0x000002834ccf0000, 0x00000283537a0000]
CodeHeap 'non-nmethods': size=5760Kb used=1294Kb max_used=1328Kb free=4465Kb
 bounds [0x00000283537a0000, 0x0000028353a10000, 0x0000028353d40000]
 total_blobs=5585 nmethods=4989 adapters=508
 compilation: enabled
              stopped_count=0, restarted_count=0
 full_count=0

Compilation events (20 events):
Event: 19.856 Thread 0x000002835fafe8f0 nmethod 4972 0x0000028353fe3710 code [0x0000028353fe38a0, 0x0000028353fe39f8]
Event: 19.856 Thread 0x000002835fafe8f0 4971       4       java.nio.Buffer::position (52 bytes)
Event: 19.857 Thread 0x000002835fafe8f0 nmethod 4971 0x0000028353fe3b10 code [0x0000028353fe3c80, 0x0000028353fe3d58]
Event: 19.974 Thread 0x000002835fb23f70 4981       3       java.util.TimSort::binarySort (223 bytes)
Event: 19.976 Thread 0x000002835fb23f70 nmethod 4981 0x000002834cce0410 code [0x000002834cce0620, 0x000002834cce1138]
Event: 19.976 Thread 0x000002835fb23f70 4982       3       org.bson.BsonDocument::get (14 bytes)
Event: 19.977 Thread 0x000002835fb23f70 nmethod 4982 0x000002834cce1410 code [0x000002834cce15c0, 0x000002834cce1888]
Event: 24.256 Thread 0x000002835fb23f70 4983       3       jdk.internal.loader.NativeLibraries$NativeLibraryImpl::find (6 bytes)
Event: 24.266 Thread 0x000002835fb23f70 nmethod 4983 0x000002834cce1990 code [0x000002834cce1b20, 0x000002834cce1c48]
Event: 25.056 Thread 0x000002835fafe8f0 4985       4       java.nio.Buffer::hasRemaining (17 bytes)
Event: 25.083 Thread 0x000002835fafe8f0 nmethod 4985 0x0000028353fe4210 code [0x0000028353fe4380, 0x0000028353fe4418]
Event: 25.102 Thread 0x000002835fafe8f0 4986       4       java.util.ArrayDeque::poll (5 bytes)
Event: 25.109 Thread 0x000002835fafe8f0 nmethod 4986 0x0000028353fe4510 code [0x0000028353fe4680, 0x0000028353fe4798]
Event: 25.198 Thread 0x000002835fb23f70 4987       3       java.lang.invoke.InvokerBytecodeGenerator::emitReturnInsn (122 bytes)
Event: 25.199 Thread 0x000002835fafe8f0 4988       4       java.lang.invoke.MemberName::getMethodOrFieldType (72 bytes)
Event: 25.201 Thread 0x000002835fb23f70 nmethod 4987 0x000002834cce1d10 code [0x000002834cce1f80, 0x000002834cce2a08]
Event: 25.201 Thread 0x000002835fb23f70 4990       3       java.lang.invoke.LambdaFormBuffer::indexOf (25 bytes)
Event: 25.202 Thread 0x000002835fb23f70 nmethod 4990 0x000002834cce2d90 code [0x000002834cce2f40, 0x000002834cce3158]
Event: 25.211 Thread 0x000002835fafe8f0 nmethod 4988 0x0000028353fe4890 code [0x0000028353fe4a80, 0x0000028353fe5130]
Event: 25.211 Thread 0x000002835fafe8f0 4989       4       java.lang.invoke.LambdaForm$Name::replaceNames (175 bytes)

GC Heap History (18 events):
Event: 2.097 GC heap before
{Heap before GC invocations=0 (full 0):
 garbage-first heap   total 63488K, used 13312K [0x00000000c3600000, 0x0000000100000000)
  region size 1024K, 13 young (13312K), 0 survivors (0K)
 Metaspace       used 3417K, committed 3648K, reserved 1056768K
  class space    used 361K, committed 448K, reserved 1048576K
}
Event: 2.107 GC heap after
{Heap after GC invocations=1 (full 0):
 garbage-first heap   total 63488K, used 6380K [0x00000000c3600000, 0x0000000100000000)
  region size 1024K, 2 young (2048K), 2 survivors (2048K)
 Metaspace       used 3417K, committed 3648K, reserved 1056768K
  class space    used 361K, committed 448K, reserved 1048576K
}
Event: 2.559 GC heap before
{Heap before GC invocations=1 (full 0):
 garbage-first heap   total 63488K, used 16620K [0x00000000c3600000, 0x0000000100000000)
  region size 1024K, 12 young (12288K), 2 survivors (2048K)
 Metaspace       used 6283K, committed 6464K, reserved 1056768K
  class space    used 764K, committed 832K, reserved 1048576K
}
Event: 2.563 GC heap after
{Heap after GC invocations=2 (full 0):
 garbage-first heap   total 63488K, used 7581K [0x00000000c3600000, 0x0000000100000000)
  region size 1024K, 1 young (1024K), 1 survivors (1024K)
 Metaspace       used 6283K, committed 6464K, reserved 1056768K
  class space    used 764K, committed 832K, reserved 1048576K
}
Event: 3.414 GC heap before
{Heap before GC invocations=2 (full 0):
 garbage-first heap   total 63488K, used 26013K [0x00000000c3600000, 0x0000000100000000)
  region size 1024K, 20 young (20480K), 1 survivors (1024K)
 Metaspace       used 11381K, committed 11584K, reserved 1064960K
  class space    used 1363K, committed 1472K, reserved 1048576K
}
Event: 3.418 GC heap after
{Heap after GC invocations=3 (full 0):
 garbage-first heap   total 63488K, used 9383K [0x00000000c3600000, 0x0000000100000000)
  region size 1024K, 3 young (3072K), 3 survivors (3072K)
 Metaspace       used 11381K, committed 11584K, reserved 1064960K
  class space    used 1363K, committed 1472K, reserved 1048576K
}
Event: 4.543 GC heap before
{Heap before GC invocations=3 (full 0):
 garbage-first heap   total 63488K, used 39079K [0x00000000c3600000, 0x0000000100000000)
  region size 1024K, 32 young (32768K), 3 survivors (3072K)
 Metaspace       used 17481K, committed 17728K, reserved 1073152K
  class space    used 2155K, committed 2240K, reserved 1048576K
}
Event: 4.551 GC heap after
{Heap after GC invocations=4 (full 0):
 garbage-first heap   total 63488K, used 12134K [0x00000000c3600000, 0x0000000100000000)
  region size 1024K, 4 young (4096K), 4 survivors (4096K)
 Metaspace       used 17481K, committed 17728K, reserved 1073152K
  class space    used 2155K, committed 2240K, reserved 1048576K
}
Event: 5.435 GC heap before
{Heap before GC invocations=4 (full 0):
 garbage-first heap   total 63488K, used 35686K [0x00000000c3600000, 0x0000000100000000)
  region size 1024K, 28 young (28672K), 4 survivors (4096K)
 Metaspace       used 21172K, committed 21504K, reserved 1073152K
  class space    used 2636K, committed 2816K, reserved 1048576K
}
Event: 5.445 GC heap after
{Heap after GC invocations=5 (full 0):
 garbage-first heap   total 63488K, used 13955K [0x00000000c3600000, 0x0000000100000000)
  region size 1024K, 2 young (2048K), 2 survivors (2048K)
 Metaspace       used 21172K, committed 21504K, reserved 1073152K
  class space    used 2636K, committed 2816K, reserved 1048576K
}
Event: 7.385 GC heap before
{Heap before GC invocations=6 (full 0):
 garbage-first heap   total 51200K, used 40579K [0x00000000c3600000, 0x0000000100000000)
  region size 1024K, 30 young (30720K), 2 survivors (2048K)
 Metaspace       used 27724K, committed 28160K, reserved 1081344K
  class space    used 3506K, committed 3712K, reserved 1048576K
}
Event: 7.391 GC heap after
{Heap after GC invocations=7 (full 0):
 garbage-first heap   total 51200K, used 16638K [0x00000000c3600000, 0x0000000100000000)
  region size 1024K, 4 young (4096K), 4 survivors (4096K)
 Metaspace       used 27724K, committed 28160K, reserved 1081344K
  class space    used 3506K, committed 3712K, reserved 1048576K
}
Event: 8.368 GC heap before
{Heap before GC invocations=7 (full 0):
 garbage-first heap   total 51200K, used 36094K [0x00000000c3600000, 0x0000000100000000)
  region size 1024K, 23 young (23552K), 4 survivors (4096K)
 Metaspace       used 33344K, committed 33792K, reserved 1081344K
  class space    used 4261K, committed 4480K, reserved 1048576K
}
Event: 8.389 GC heap after
{Heap after GC invocations=8 (full 0):
 garbage-first heap   total 51200K, used 19186K [0x00000000c3600000, 0x0000000100000000)
  region size 1024K, 3 young (3072K), 3 survivors (3072K)
 Metaspace       used 33344K, committed 33792K, reserved 1081344K
  class space    used 4261K, committed 4480K, reserved 1048576K
}
Event: 8.740 GC heap before
{Heap before GC invocations=8 (full 0):
 garbage-first heap   total 51200K, used 24306K [0x00000000c3600000, 0x0000000100000000)
  region size 1024K, 9 young (9216K), 3 survivors (3072K)
 Metaspace       used 35479K, committed 35968K, reserved 1081344K
  class space    used 4532K, committed 4736K, reserved 1048576K
}
Event: 8.747 GC heap after
{Heap after GC invocations=9 (full 0):
 garbage-first heap   total 51200K, used 20016K [0x00000000c3600000, 0x0000000100000000)
  region size 1024K, 1 young (1024K), 1 survivors (1024K)
 Metaspace       used 35479K, committed 35968K, reserved 1081344K
  class space    used 4532K, committed 4736K, reserved 1048576K
}
Event: 10.022 GC heap before
{Heap before GC invocations=10 (full 0):
 garbage-first heap   total 51200K, used 37424K [0x00000000c3600000, 0x0000000100000000)
  region size 1024K, 19 young (19456K), 1 survivors (1024K)
 Metaspace       used 39823K, committed 40192K, reserved 1089536K
  class space    used 5145K, committed 5312K, reserved 1048576K
}
Event: 10.027 GC heap after
{Heap after GC invocations=11 (full 0):
 garbage-first heap   total 51200K, used 21607K [0x00000000c3600000, 0x0000000100000000)
  region size 1024K, 3 young (3072K), 3 survivors (3072K)
 Metaspace       used 39823K, committed 40192K, reserved 1089536K
  class space    used 5145K, committed 5312K, reserved 1048576K
}

Deoptimization events (20 events):
Event: 10.500 Thread 0x00000283449ebf10 Uncommon trap: trap_request=0xffffff45 fr.pc=0x0000028353ef8988 relative=0x0000000000000a08
Event: 10.500 Thread 0x00000283449ebf10 Uncommon trap: reason=unstable_if action=reinterpret pc=0x0000028353ef8988 method=org.springframework.beans.factory.support.DefaultSingletonBeanRegistry.getSingleton(Ljava/lang/String;Z)Ljava/lang/Object; @ 39 c2
Event: 10.500 Thread 0x00000283449ebf10 DEOPT PACKING pc=0x0000028353ef8988 sp=0x00000089774fe040
Event: 10.500 Thread 0x00000283449ebf10 DEOPT UNPACKING pc=0x00000283537f5ba3 sp=0x00000089774fdfd8 mode 2
Event: 10.513 Thread 0x00000283449ebf10 Uncommon trap: trap_request=0xffffffde fr.pc=0x0000028353dae0dc relative=0x000000000000011c
Event: 10.513 Thread 0x00000283449ebf10 Uncommon trap: reason=class_check action=maybe_recompile pc=0x0000028353dae0dc method=org.springframework.boot.context.properties.source.ConfigurationPropertyName$Elements.charAt(II)C @ 43 c2
Event: 10.513 Thread 0x00000283449ebf10 DEOPT PACKING pc=0x0000028353dae0dc sp=0x00000089774fbbe0
Event: 10.513 Thread 0x00000283449ebf10 DEOPT UNPACKING pc=0x00000283537f5ba3 sp=0x00000089774fbb58 mode 2
Event: 10.513 Thread 0x00000283449ebf10 Uncommon trap: trap_request=0xffffffde fr.pc=0x0000028353dae0dc relative=0x000000000000011c
Event: 10.513 Thread 0x00000283449ebf10 Uncommon trap: reason=class_check action=maybe_recompile pc=0x0000028353dae0dc method=org.springframework.boot.context.properties.source.ConfigurationPropertyName$Elements.charAt(II)C @ 43 c2
Event: 10.513 Thread 0x00000283449ebf10 DEOPT PACKING pc=0x0000028353dae0dc sp=0x00000089774fbbe0
Event: 10.513 Thread 0x00000283449ebf10 DEOPT UNPACKING pc=0x00000283537f5ba3 sp=0x00000089774fbb58 mode 2
Event: 10.590 Thread 0x00000283449ebf10 Uncommon trap: trap_request=0xffffffde fr.pc=0x0000028353ecae34 relative=0x0000000000000834
Event: 10.590 Thread 0x00000283449ebf10 Uncommon trap: reason=class_check action=maybe_recompile pc=0x0000028353ecae34 method=org.springframework.util.ConcurrentReferenceHashMap$Segment.findInChain(Lorg/springframework/util/ConcurrentReferenceHashMap$Reference;Ljava/lang/Object;I)Lorg/springfra
Event: 10.590 Thread 0x00000283449ebf10 DEOPT PACKING pc=0x0000028353ecae34 sp=0x00000089774fdf70
Event: 10.590 Thread 0x00000283449ebf10 DEOPT UNPACKING pc=0x00000283537f5ba3 sp=0x00000089774fdda8 mode 2
Event: 10.622 Thread 0x00000283449ebf10 Uncommon trap: trap_request=0xffffff76 fr.pc=0x0000028353fc31dc relative=0x000000000000081c
Event: 10.622 Thread 0x00000283449ebf10 Uncommon trap: reason=predicate action=maybe_recompile pc=0x0000028353fc31dc method=java.util.AbstractCollection.toArray([Ljava/lang/Object;)[Ljava/lang/Object; @ 43 c2
Event: 10.622 Thread 0x00000283449ebf10 DEOPT PACKING pc=0x0000028353fc31dc sp=0x00000089774fe3c0
Event: 10.622 Thread 0x00000283449ebf10 DEOPT UNPACKING pc=0x00000283537f5ba3 sp=0x00000089774fe398 mode 2

Classes unloaded (0 events):
No events

Classes redefined (0 events):
No events

Internal exceptions (20 events):
Event: 8.339 Thread 0x00000283449ebf10 Exception <a 'java/lang/NoSuchMethodError'{0x00000000c558c598}: 'java.lang.Object java.lang.invoke.DirectMethodHandle$Holder.newInvokeSpecial(java.lang.Object, long)'> (0x00000000c558c598) 
thrown [s\open\src\hotspot\share\interpreter\linkResolver.cpp, line 759]
Event: 8.352 Thread 0x00000283449ebf10 Exception <a 'java/lang/IncompatibleClassChangeError'{0x00000000c55c2198}: Found class java.lang.Object, but interface was expected> (0x00000000c55c2198) 
thrown [s\open\src\hotspot\share\interpreter\linkResolver.cpp, line 826]
Event: 8.707 Thread 0x00000283612d29b0 Exception <a 'java/lang/reflect/InvocationTargetException'{0x00000000c6492a00}> (0x00000000c6492a00) 
thrown [s\open\src\hotspot\share\runtime\reflection.cpp, line 1121]
Event: 8.707 Thread 0x00000283612d11a0 Exception <a 'java/lang/reflect/InvocationTargetException'{0x00000000c640a4a0}> (0x00000000c640a4a0) 
thrown [s\open\src\hotspot\share\runtime\reflection.cpp, line 1121]
Event: 8.707 Thread 0x00000283612d3820 Exception <a 'java/lang/reflect/InvocationTargetException'{0x00000000c65dbde8}> (0x00000000c65dbde8) 
thrown [s\open\src\hotspot\share\runtime\reflection.cpp, line 1121]
Event: 8.707 Thread 0x00000283612d4b60 Exception <a 'java/lang/reflect/InvocationTargetException'{0x00000000c647bbc0}> (0x00000000c647bbc0) 
thrown [s\open\src\hotspot\share\runtime\reflection.cpp, line 1121]
Event: 8.707 Thread 0x00000283612d1b40 Exception <a 'java/lang/reflect/InvocationTargetException'{0x00000000c63f9ec0}> (0x00000000c63f9ec0) 
thrown [s\open\src\hotspot\share\runtime\reflection.cpp, line 1121]
Event: 8.719 Thread 0x00000283612d1670 Exception <a 'java/lang/reflect/InvocationTargetException'{0x00000000c646ed80}> (0x00000000c646ed80) 
thrown [s\open\src\hotspot\share\runtime\reflection.cpp, line 1121]
Event: 9.026 Thread 0x00000283449ebf10 Exception <a 'java/lang/IncompatibleClassChangeError'{0x00000000c659c7f8}: Found class java.lang.Object, but interface was expected> (0x00000000c659c7f8) 
thrown [s\open\src\hotspot\share\interpreter\linkResolver.cpp, line 826]
Event: 9.055 Thread 0x00000283449ebf10 Exception <a 'java/lang/NoSuchMethodError'{0x00000000c6426b18}: 'java.lang.Object java.lang.invoke.DirectMethodHandle$Holder.newInvokeSpecial(java.lang.Object, java.lang.Object, java.lang.Object, java.lang.Object, java.lang.Object, java.lang.Object)'> (0x00000000c6426b18) 
thrown [s\open\src\hotspot\share\interpreter\linkResolver.cpp, line 759]
Event: 9.517 Thread 0x00000283449ebf10 Exception <a 'java/lang/NoSuchMethodError'{0x00000000c5c42238}: 'int java.lang.invoke.DirectMethodHandle$Holder.invokeStatic(java.lang.Object, java.lang.Object, int)'> (0x00000000c5c42238) 
thrown [s\open\src\hotspot\share\interpreter\linkResolver.cpp, line 759]
Event: 9.520 Thread 0x00000283449ebf10 Exception <a 'java/lang/NoSuchMethodError'{0x00000000c5c5c2d8}: 'java.lang.Object java.lang.invoke.DirectMethodHandle$Holder.invokeStatic(java.lang.Object, java.lang.Object, int, java.lang.Object)'> (0x00000000c5c5c2d8) 
thrown [s\open\src\hotspot\share\interpreter\linkResolver.cpp, line 759]
Event: 9.521 Thread 0x00000283449ebf10 Exception <a 'java/lang/NoSuchMethodError'{0x00000000c5c637f0}: 'java.lang.Object java.lang.invoke.DirectMethodHandle$Holder.newInvokeSpecial(java.lang.Object, java.lang.Object, int)'> (0x00000000c5c637f0) 
thrown [s\open\src\hotspot\share\interpreter\linkResolver.cpp, line 759]
Event: 10.095 Thread 0x00000283449ebf10 Exception <a 'sun/nio/fs/WindowsException'{0x00000000c650f5e0}> (0x00000000c650f5e0) 
thrown [s\open\src\hotspot\share\prims\jni.cpp, line 516]
Event: 10.163 Thread 0x00000283449ebf10 Exception <a 'java/lang/IncompatibleClassChangeError'{0x00000000c64ea358}: Found class java.lang.Object, but interface was expected> (0x00000000c64ea358) 
thrown [s\open\src\hotspot\share\interpreter\linkResolver.cpp, line 826]
Event: 10.374 Thread 0x00000283449ebf10 Exception <a 'java/lang/NoSuchMethodError'{0x00000000c6258138}: 'void java.lang.invoke.DirectMethodHandle$Holder.invokeVirtual(java.lang.Object, java.lang.Object, long)'> (0x00000000c6258138) 
thrown [s\open\src\hotspot\share\interpreter\linkResolver.cpp, line 759]
Event: 10.538 Thread 0x00000283449ebf10 Exception <a 'sun/nio/fs/WindowsException'{0x00000000c5ea2628}> (0x00000000c5ea2628) 
thrown [s\open\src\hotspot\share\prims\jni.cpp, line 516]
Event: 10.692 Thread 0x00000283449ebf10 Exception <a 'java/lang/NoSuchMethodError'{0x00000000c5ba8460}: 'java.lang.Object java.lang.invoke.DirectMethodHandle$Holder.newInvokeSpecial(java.lang.Object, java.lang.Object, int, java.lang.Object, java.lang.Object)'> (0x00000000c5ba8460) 
thrown [s\open\src\hotspot\share\interpreter\linkResolver.cpp, line 759]
Event: 25.215 Thread 0x0000028363f8f670 Exception <a 'java/lang/NoSuchMethodError'{0x00000000c5741208}: 'java.lang.Object java.lang.invoke.DirectMethodHandle$Holder.invokeSpecial(java.lang.Object, java.lang.Object, java.lang.Object, java.lang.Object, java.lang.Object, long)'> (0x00000000c5741208) 
thrown [s\open\src\hotspot\share\interpreter\linkResolver.cpp, line 759]
Event: 25.215 Thread 0x0000028363f8f670 Exception <a 'java/lang/NoSuchMethodError'{0x00000000c5744c48}: 'java.lang.Object java.lang.invoke.Invokers$Holder.linkToTargetMethod(java.lang.Object, java.lang.Object, java.lang.Object, long, java.lang.Object)'> (0x00000000c5744c48) 
thrown [s\open\src\hotspot\share\interpreter\linkResolver.cpp, line 759]

VM Operations (20 events):
Event: 9.602 Executing VM operation: HandshakeAllThreads
Event: 9.618 Executing VM operation: HandshakeAllThreads done
Event: 9.922 Executing VM operation: HandshakeAllThreads
Event: 9.923 Executing VM operation: HandshakeAllThreads done
Event: 9.965 Executing VM operation: HandshakeAllThreads
Event: 9.965 Executing VM operation: HandshakeAllThreads done
Event: 10.019 Executing VM operation: HandshakeAllThreads
Event: 10.019 Executing VM operation: HandshakeAllThreads done
Event: 10.022 Executing VM operation: G1CollectForAllocation
Event: 10.027 Executing VM operation: G1CollectForAllocation done
Event: 10.422 Executing VM operation: HandshakeAllThreads
Event: 10.422 Executing VM operation: HandshakeAllThreads done
Event: 11.421 Executing VM operation: Cleanup
Event: 11.422 Executing VM operation: Cleanup done
Event: 18.508 Executing VM operation: Cleanup
Event: 18.752 Executing VM operation: Cleanup done
Event: 20.753 Executing VM operation: Cleanup
Event: 20.753 Executing VM operation: Cleanup done
Event: 24.755 Executing VM operation: Cleanup
Event: 24.757 Executing VM operation: Cleanup done

Events (20 events):
Event: 24.142 loading class java/util/concurrent/BlockingDeque done
Event: 24.144 loading class java/util/concurrent/LinkedBlockingDeque done
Event: 24.146 loading class java/util/concurrent/Semaphore
Event: 24.151 loading class java/util/concurrent/Semaphore done
Event: 24.151 loading class java/util/concurrent/Semaphore$NonfairSync
Event: 24.153 loading class java/util/concurrent/Semaphore$Sync
Event: 24.157 loading class java/util/concurrent/Semaphore$Sync done
Event: 24.157 loading class java/util/concurrent/Semaphore$NonfairSync done
Event: 24.167 loading class sun/nio/ch/SocketAdaptor
Event: 24.181 loading class sun/nio/ch/SocketAdaptor done
Event: 24.228 loading class sun/nio/ch/SocketChannelImpl$DefaultOptionsHolder
Event: 24.230 loading class sun/nio/ch/SocketChannelImpl$DefaultOptionsHolder done
Event: 24.262 loading class sun/nio/ch/SelectionKeyImpl
Event: 24.273 loading class java/nio/channels/spi/AbstractSelectionKey
Event: 24.279 loading class java/nio/channels/SelectionKey
Event: 24.282 loading class java/nio/channels/SelectionKey done
Event: 24.282 loading class java/nio/channels/spi/AbstractSelectionKey done
Event: 24.282 loading class sun/nio/ch/SelectionKeyImpl done
Event: 24.288 loading class java/lang/invoke/ConstantBootstraps
Event: 24.294 loading class java/lang/invoke/ConstantBootstraps done


Dynamic libraries:
0x00007ff771f50000 - 0x00007ff771f60000 	C:\Program Files\Java\jdk-17\bin\java.exe
0x00007ffad1d40000 - 0x00007ffad1f49000 	C:\Windows\SYSTEM32\ntdll.dll
0x00007ffabb030000 - 0x00007ffabb04a000 	C:\Program Files\Avast Software\Avast\aswhook.dll
0x00007ffad0760000 - 0x00007ffad081d000 	C:\Windows\System32\KERNEL32.DLL
0x00007ffacf3b0000 - 0x00007ffacf734000 	C:\Windows\System32\KERNELBASE.dll
0x00007ffacf8b0000 - 0x00007ffacf9c1000 	C:\Windows\System32\ucrtbase.dll
0x00007ffab3900000 - 0x00007ffab391b000 	C:\Program Files\Java\jdk-17\bin\VCRUNTIME140.dll
0x00007ffab5da0000 - 0x00007ffab5db9000 	C:\Program Files\Java\jdk-17\bin\jli.dll
0x00007ffad0b80000 - 0x00007ffad0c2e000 	C:\Windows\System32\ADVAPI32.dll
0x00007ffad1c30000 - 0x00007ffad1cd3000 	C:\Windows\System32\msvcrt.dll
0x00007ffad1460000 - 0x00007ffad14fe000 	C:\Windows\System32\sechost.dll
0x00007ffad0e90000 - 0x00007ffad0fb1000 	C:\Windows\System32\RPCRT4.dll
0x00007ffad0820000 - 0x00007ffad09cd000 	C:\Windows\System32\USER32.dll
0x00007ffacf9d0000 - 0x00007ffacf9f6000 	C:\Windows\System32\win32u.dll
0x00007ffabc140000 - 0x00007ffabc3e5000 	C:\Windows\WinSxS\amd64_microsoft.windows.common-controls_6595b64144ccf1df_6.0.22000.120_none_9d947278b86cc467\COMCTL32.dll
0x00007ffacfd20000 - 0x00007ffacfd4a000 	C:\Windows\System32\GDI32.dll
0x00007ffacf290000 - 0x00007ffacf3ae000 	C:\Windows\System32\gdi32full.dll
0x00007ffacfa70000 - 0x00007ffacfb0d000 	C:\Windows\System32\msvcp_win.dll
0x00007ffac6d20000 - 0x00007ffac6d2a000 	C:\Windows\SYSTEM32\VERSION.dll
0x00007ffacfd50000 - 0x00007ffacfd81000 	C:\Windows\System32\IMM32.DLL
0x00007ffac8050000 - 0x00007ffac805c000 	C:\Program Files\Java\jdk-17\bin\vcruntime140_1.dll
0x00007ffa99f40000 - 0x00007ffa99fce000 	C:\Program Files\Java\jdk-17\bin\msvcp140.dll
0x00007ffa74340000 - 0x00007ffa74f1d000 	C:\Program Files\Java\jdk-17\bin\server\jvm.dll
0x00007ffacfd90000 - 0x00007ffacfd98000 	C:\Windows\System32\PSAPI.DLL
0x00007ffac5290000 - 0x00007ffac52c3000 	C:\Windows\SYSTEM32\WINMM.dll
0x00007ffab9910000 - 0x00007ffab9919000 	C:\Windows\SYSTEM32\WSOCK32.dll
0x00007ffad0e20000 - 0x00007ffad0e8f000 	C:\Windows\System32\WS2_32.dll
0x00007fface330000 - 0x00007fface348000 	C:\Windows\SYSTEM32\kernel.appcore.dll
0x00007ffac7330000 - 0x00007ffac733a000 	C:\Program Files\Java\jdk-17\bin\jimage.dll
0x00007ffacc860000 - 0x00007ffacca81000 	C:\Windows\SYSTEM32\DBGHELP.DLL
0x00007ffac3480000 - 0x00007ffac34b1000 	C:\Windows\SYSTEM32\dbgcore.DLL
0x00007ffacfb10000 - 0x00007ffacfb8f000 	C:\Windows\System32\bcryptPrimitives.dll
0x00007ffab20d0000 - 0x00007ffab20f5000 	C:\Program Files\Java\jdk-17\bin\java.dll
0x00007ffa8e740000 - 0x00007ffa8e817000 	C:\Program Files\Java\jdk-17\bin\jsvml.dll
0x00007ffacff90000 - 0x00007ffad0755000 	C:\Windows\System32\SHELL32.dll
0x00007ffacd2a0000 - 0x00007ffacdb02000 	C:\Windows\SYSTEM32\windows.storage.dll
0x00007ffad1030000 - 0x00007ffad13a6000 	C:\Windows\System32\combase.dll
0x00007ffacd130000 - 0x00007ffacd297000 	C:\Windows\SYSTEM32\wintypes.dll
0x00007ffacfc30000 - 0x00007ffacfd1a000 	C:\Windows\System32\SHCORE.dll
0x00007ffad0fd0000 - 0x00007ffad102d000 	C:\Windows\System32\shlwapi.dll
0x00007ffacf100000 - 0x00007ffacf125000 	C:\Windows\SYSTEM32\profapi.dll
0x00007ffab32b0000 - 0x00007ffab32c9000 	C:\Program Files\Java\jdk-17\bin\net.dll
0x00007ffac7ba0000 - 0x00007ffac7cb4000 	C:\Windows\SYSTEM32\WINHTTP.dll
0x00007fface7e0000 - 0x00007fface847000 	C:\Windows\system32\mswsock.dll
0x00007ffab2ec0000 - 0x00007ffab2ed6000 	C:\Program Files\Java\jdk-17\bin\nio.dll
0x00007ffab2040000 - 0x00007ffab2058000 	C:\Program Files\Java\jdk-17\bin\zip.dll
0x00007ffac51f0000 - 0x00007ffac51fd000 	C:\Program Files\Java\jdk-17\bin\sunmscapi.dll
0x00007ffacf740000 - 0x00007ffacf8a2000 	C:\Windows\System32\CRYPT32.dll
0x00007ffaceb70000 - 0x00007ffaceb98000 	C:\Windows\SYSTEM32\ncrypt.dll
0x00007ffaceb30000 - 0x00007ffaceb67000 	C:\Windows\SYSTEM32\NTASN1.dll
0x00007ffacea20000 - 0x00007ffacea38000 	C:\Windows\SYSTEM32\CRYPTSP.dll
0x00007fface290000 - 0x00007fface2c5000 	C:\Windows\system32\rsaenh.dll
0x00007fface8d0000 - 0x00007fface8fc000 	C:\Windows\SYSTEM32\USERENV.dll
0x00007ffaceba0000 - 0x00007ffacebc7000 	C:\Windows\SYSTEM32\bcrypt.dll
0x00007ffacea40000 - 0x00007ffacea4c000 	C:\Windows\SYSTEM32\CRYPTBASE.dll
0x00007ffacde10000 - 0x00007ffacde3d000 	C:\Windows\SYSTEM32\IPHLPAPI.DLL
0x00007ffad15e0000 - 0x00007ffad15e9000 	C:\Windows\System32\NSI.dll
0x00007ffac7b30000 - 0x00007ffac7b49000 	C:\Windows\SYSTEM32\dhcpcsvc6.DLL
0x00007ffac7dc0000 - 0x00007ffac7dde000 	C:\Windows\SYSTEM32\dhcpcsvc.DLL
0x00007ffacdea0000 - 0x00007ffacdf87000 	C:\Windows\SYSTEM32\DNSAPI.dll
0x00007ffac5140000 - 0x00007ffac514a000 	C:\Program Files\Java\jdk-17\bin\management.dll
0x00007ffac3cd0000 - 0x00007ffac3cdb000 	C:\Program Files\Java\jdk-17\bin\management_ext.dll
0x00007ffac4ed0000 - 0x00007ffac4eda000 	C:\Windows\System32\rasadhlp.dll
0x00007ffac6d30000 - 0x00007ffac6db1000 	C:\Windows\System32\fwpuclnt.dll
0x00007ffa99010000 - 0x00007ffa99018000 	C:\Windows\system32\wshunix.dll

dbghelp: loaded successfully - version: 4.0.5 - missing functions: none
symbol engine: initialized successfully - sym options: 0x614 - pdb path: .;C:\Program Files\Java\jdk-17\bin;C:\Windows\SYSTEM32;C:\Program Files\Avast Software\Avast;C:\Windows\WinSxS\amd64_microsoft.windows.common-controls_6595b64144ccf1df_6.0.22000.120_none_9d947278b86cc467;C:\Program Files\Java\jdk-17\bin\server

VM Arguments:
jvm_args: -XX:+ShowCodeDetailsInExceptionMessages 
java_command: lacopet.demo.DemoApplication
java_class_path (initial): C:\Users\55119\Music\Projeto-tcc\Server\demo\target\classes;C:\Users\55119\.m2\repository\org\springframework\boot\spring-boot-starter-mail\3.3.2\spring-boot-starter-mail-3.3.2.jar;C:\Users\55119\.m2\repository\org\springframework\boot\spring-boot-starter\3.3.2\spring-boot-starter-3.3.2.jar;C:\Users\55119\.m2\repository\org\springframework\boot\spring-boot\3.3.2\spring-boot-3.3.2.jar;C:\Users\55119\.m2\repository\org\springframework\boot\spring-boot-autoconfigure\3.3.2\spring-boot-autoconfigure-3.3.2.jar;C:\Users\55119\.m2\repository\org\springframework\boot\spring-boot-starter-logging\3.3.2\spring-boot-starter-logging-3.3.2.jar;C:\Users\55119\.m2\repository\ch\qos\logback\logback-classic\1.5.6\logback-classic-1.5.6.jar;C:\Users\55119\.m2\repository\ch\qos\logback\logback-core\1.5.6\logback-core-1.5.6.jar;C:\Users\55119\.m2\repository\org\apache\logging\log4j\log4j-to-slf4j\2.23.1\log4j-to-slf4j-2.23.1.jar;C:\Users\55119\.m2\repository\org\apache\logging\log4j\log4j-api\2.23.1\log4j-api-2.23.1.jar;C:\Users\55119\.m2\repository\org\slf4j\jul-to-slf4j\2.0.13\jul-to-slf4j-2.0.13.jar;C:\Users\55119\.m2\repository\jakarta\annotation\jakarta.annotation-api\2.1.1\jakarta.annotation-api-2.1.1.jar;C:\Users\55119\.m2\repository\org\yaml\snakeyaml\2.2\snakeyaml-2.2.jar;C:\Users\55119\.m2\repository\org\springframework\spring-context-support\6.1.11\spring-context-support-6.1.11.jar;C:\Users\55119\.m2\repository\org\springframework\spring-beans\6.1.11\spring-beans-6.1.11.jar;C:\Users\55119\.m2\repository\org\springframework\spring-context\6.1.11\spring-context-6.1.11.jar;C:\Users\55119\.m2\repository\org\eclipse\angus\jakarta.mail\2.0.3\jakarta.mail-2.0.3.jar;C:\Users\55119\.m2\repository\jakarta\activation\jakarta.activation-api\2.1.3\jakarta.activation-api-2.1.3.jar;C:\Users\55119\.m2\repository\org\eclipse\angus\angus-activation\2.0.2\angus-activation-2.0.2.jar;C:\Users\55119\.m2\repository\org\springframework\boot\spring-boot-starter-web\3.3.2\sp
Launcher Type: SUN_STANDARD

[Global flags]
     intx CICompilerCount                          = 3                                         {product} {ergonomic}
     uint ConcGCThreads                            = 1                                         {product} {ergonomic}
     uint G1ConcRefinementThreads                  = 4                                         {product} {ergonomic}
   size_t G1HeapRegionSize                         = 1048576                                   {product} {ergonomic}
    uintx GCDrainStackTargetSize                   = 64                                        {product} {ergonomic}
   size_t InitialHeapSize                          = 65011712                                  {product} {ergonomic}
   size_t MarkStackSize                            = 4194304                                   {product} {ergonomic}
   size_t MaxHeapSize                              = 1017118720                                {product} {ergonomic}
   size_t MaxNewSize                               = 610271232                                 {product} {ergonomic}
   size_t MinHeapDeltaBytes                        = 1048576                                   {product} {ergonomic}
   size_t MinHeapSize                              = 8388608                                   {product} {ergonomic}
    uintx NonNMethodCodeHeapSize                   = 5832780                                {pd product} {ergonomic}
    uintx NonProfiledCodeHeapSize                  = 122912730                              {pd product} {ergonomic}
    uintx ProfiledCodeHeapSize                     = 122912730                              {pd product} {ergonomic}
    uintx ReservedCodeCacheSize                    = 251658240                              {pd product} {ergonomic}
     bool SegmentedCodeCache                       = true                                      {product} {ergonomic}
     bool ShowCodeDetailsInExceptionMessages       = true                                   {manageable} {command line}
   size_t SoftMaxHeapSize                          = 1017118720                             {manageable} {ergonomic}
     bool UseCompressedClassPointers               = true                           {product lp64_product} {ergonomic}
     bool UseCompressedOops                        = true                           {product lp64_product} {ergonomic}
     bool UseG1GC                                  = true                                      {product} {ergonomic}
     bool UseLargePagesIndividualAllocation        = false                                  {pd product} {ergonomic}

Logging:
Log output configuration:
 #0: stdout all=warning uptime,level,tags
 #1: stderr all=off uptime,level,tags

Environment Variables:
PATH=C:\Program Files\Common Files\Oracle\Java\javapath;C:\ProgramData\Oracle\Java\javapath;C:\Windows\system32;C:\Windows;C:\Windows\System32\Wbem;C:\Windows\System32\WindowsPowerShell\v1.0\;C:\Windows\System32\OpenSSH\;C:\Program Files\dotnet\;C:\Program Files\Git\cmd;C:\Program Files\PuTTY\;C:\Program Files\nodejs\;C:\php-8.2.20-nts-Win32-vs16-x64\;C:\composer;C:\Users\55119\AppData\Local\Microsoft\WindowsApps;C:\Users\55119\AppData\Local\Programs\Microsoft VS Code\bin;C:\Users\55119\AppData\Local\GitHubDesktop\bin;C:\Program Files\MySQL\MySQL Server 8.0\bin;C:\mongosh-1.8.2\bin;C:\Program Files\MongoDB\Server\6.0\bin;C:\Program Files (x86)\sqlite3;C:\Users\55119\AppData\Roaming\npm;C:\php-8.2.20-nts-Win32-vs16-x64\;C:\Users\55119\AppData\Roaming\Composer\vendor\bin
USERNAME=gabriel
LANG=pt_BR.UTF-8
OS=Windows_NT
PROCESSOR_IDENTIFIER=Intel64 Family 6 Model 140 Stepping 2, GenuineIntel



---------------  S Y S T E M  ---------------

OS:
 Windows 11 , 64 bit Build 22000 (10.0.22000.2538)
OS uptime: 0 days 12:49 hours

CPU: total 4 (initial active 4) (2 cores per cpu, 2 threads per core) family 6 model 140 stepping 2 microcode 0x26, cx8, cmov, fxsr, ht, mmx, 3dnowpref, sse, sse2, sse3, ssse3, sse4.1, sse4.2, popcnt, lzcnt, tsc, tscinvbit, avx, avx2, aes, erms, clmul, bmi1, bmi2, adx, avx512f, avx512dq, avx512cd, avx512bw, avx512vl, sha, fma, vzeroupper, avx512_vpopcntdq, avx512_vpclmulqdq, avx512_vaes, avx512_vnni, clflush, clflushopt, clwb, avx512_vbmi2, avx512_vbmi

Memory: 4k page, system-wide physical 3879M (72M free)
TotalPageFile size 15655M (AvailPageFile size 1M)
current process WorkingSet (physical memory assigned to process): 48M, peak: 148M
current process commit charge ("private bytes"): 200M, peak: 217M

vm_info: Java HotSpot(TM) 64-Bit Server VM (17.0.7+8-LTS-224) for windows-amd64 JRE (17.0.7+8-LTS-224), built on Feb 28 2023 23:03:02 by "mach5one" with MS VC++ 17.1 (VS2022)

END.
