#
# There is insufficient memory for the Java Runtime Environment to continue.
# Native memory allocation (malloc) failed to allocate 1048576 bytes. Error detail: AllocateHeap
# Possible reasons:
#   The system is out of physical RAM or swap space
#   This process is running with CompressedOops enabled, and the Java Heap may be blocking the growth of the native heap
# Possible solutions:
#   Reduce memory load on the system
#   Increase physical memory or swap space
#   Check if swap backing store is full
#   Decrease Java heap size (-Xmx/-Xms)
#   Decrease number of Java threads
#   Decrease Java thread stack sizes (-Xss)
#   Set larger code cache with -XX:ReservedCodeCacheSize=
#   JVM is running with Unscaled Compressed Oops mode in which the Java heap is
#     placed in the first 4GB address space. The Java Heap base address is the
#     maximum limit for the native heap growth. Please use -XX:HeapBaseMinAddress
#     to set the Java Heap base and to place the Java Heap above 4GB virtual address.
# This output file may be truncated or incomplete.
#
#  Out of Memory Error (allocation.cpp:44), pid=23556, tid=23824
#
# JRE version: OpenJDK Runtime Environment Temurin-17.0.11+9 (17.0.11+9) (build 17.0.11+9)
# Java VM: OpenJDK 64-Bit Server VM Temurin-17.0.11+9 (17.0.11+9, mixed mode, emulated-client, tiered, compressed oops, compressed class ptrs, g1 gc, windows-amd64)
# No core dump will be written. Minidumps are not enabled by default on client versions of Windows
#

---------------  S U M M A R Y ------------

Command Line: -Xmx1024m -Dsts.lsp.client=vscode -Dsts.log.file=/dev/null -XX:TieredStopAtLevel=1 -Xlog:jni+resolve=off -Dspring.config.location=file:c:\Users\55119\.vscode\extensions\vmware.vscode-spring-boot-1.56.0\language-server\BOOT-INF\classes\application.properties org.springframework.ide.vscode.boot.app.BootLanguageServerBootApp

Host: 11th Gen Intel(R) Core(TM) i3-1115G4 @ 3.00GHz, 4 cores, 3G,  Windows 11 , 64 bit Build 22000 (10.0.22000.2538)
Time: Tue Aug 20 23:44:00 2024 Hora oficial do Brasil elapsed time: 12770.561837 seconds (0d 3h 32m 50s)

---------------  T H R E A D  ---------------

Current thread (0x000001e8362ce370):  VMThread "VM Thread" [stack: 0x0000009072000000,0x0000009072100000] [id=23824]

Stack: [0x0000009072000000,0x0000009072100000]
Native frames: (J=compiled Java code, j=interpreted, Vv=VM code, C=native code)
V  [jvm.dll+0x67d429]
V  [jvm.dll+0x834b7a]
V  [jvm.dll+0x83663e]
V  [jvm.dll+0x836ca3]
V  [jvm.dll+0x247dbf]
V  [jvm.dll+0xa6cb3]
V  [jvm.dll+0x2f8ad3]
V  [jvm.dll+0x2f4750]
V  [jvm.dll+0x2dcf67]
V  [jvm.dll+0x31fb67]
V  [jvm.dll+0x83b19b]
V  [jvm.dll+0x83bed2]
V  [jvm.dll+0x83c3ed]
V  [jvm.dll+0x83c7c4]
V  [jvm.dll+0x83c890]
V  [jvm.dll+0x7e410a]
V  [jvm.dll+0x67c315]
C  [ucrtbase.dll+0x26c0c]
C  [KERNEL32.DLL+0x153e0]
C  [ntdll.dll+0x485b]

VM_Operation (0x00000090730fee80): G1CollectFull, mode: safepoint, requested by thread 0x000001e83c4b4030


---------------  P R O C E S S  ---------------

Threads class SMR info:
_java_thread_list=0x000001e83b6f0fb0, length=17, elements={
0x000001e83631c370, 0x000001e83631ee50, 0x000001e83635b130, 0x000001e83635ba00,
0x000001e83635c2d0, 0x000001e83635ebb0, 0x000001e836361490, 0x000001e836363db0,
0x000001e836694980, 0x000001e8366a5720, 0x000001e83b63a850, 0x000001e83c4b4030,
0x000001e83b563d90, 0x000001e82bdce0d0, 0x000001e83b743d10, 0x000001e83c4c6390,
0x000001e83bfce5c0
}

Java Threads: ( => current thread )
  0x000001e83631c370 JavaThread "Reference Handler" daemon [_thread_blocked, id=23096, stack(0x0000009072100000,0x0000009072200000)]
  0x000001e83631ee50 JavaThread "Finalizer" daemon [_thread_blocked, id=14024, stack(0x0000009072200000,0x0000009072300000)]
  0x000001e83635b130 JavaThread "Signal Dispatcher" daemon [_thread_blocked, id=25744, stack(0x0000009072300000,0x0000009072400000)]
  0x000001e83635ba00 JavaThread "Attach Listener" daemon [_thread_blocked, id=26396, stack(0x0000009072400000,0x0000009072500000)]
  0x000001e83635c2d0 JavaThread "Service Thread" daemon [_thread_blocked, id=23992, stack(0x0000009072500000,0x0000009072600000)]
  0x000001e83635ebb0 JavaThread "Monitor Deflation Thread" daemon [_thread_blocked, id=27440, stack(0x0000009072600000,0x0000009072700000)]
  0x000001e836361490 JavaThread "C1 CompilerThread0" daemon [_thread_blocked, id=10856, stack(0x0000009072700000,0x0000009072800000)]
  0x000001e836363db0 JavaThread "Sweeper thread" daemon [_thread_blocked, id=25992, stack(0x0000009072800000,0x0000009072900000)]
  0x000001e836694980 JavaThread "Notification Thread" daemon [_thread_blocked, id=7128, stack(0x0000009072900000,0x0000009072a00000)]
  0x000001e8366a5720 JavaThread "Common-Cleaner" daemon [_thread_blocked, id=14628, stack(0x0000009072b00000,0x0000009072c00000)]
  0x000001e83b63a850 JavaThread "boundedElastic-evictor-1" daemon [_thread_blocked, id=27124, stack(0x0000009072f00000,0x0000009073000000)]
  0x000001e83c4b4030 JavaThread "pool-13-thread-1" [_thread_blocked, id=25832, stack(0x0000009073000000,0x0000009073100000)]
  0x000001e83b563d90 JavaThread "LanguageServerApp-lifecycle" [_thread_blocked, id=26072, stack(0x0000009073100000,0x0000009073200000)]
  0x000001e82bdce0d0 JavaThread "DestroyJavaVM" [_thread_blocked, id=24224, stack(0x0000009071a00000,0x0000009071b00000)]
  0x000001e83b743d10 JavaThread "pool-14-thread-1" [_thread_in_native, id=25192, stack(0x0000009073200000,0x0000009073300000)]
  0x000001e83c4c6390 JavaThread "Simple-Language-Server main thread" daemon [_thread_blocked, id=6292, stack(0x0000009073300000,0x0000009073400000)]
  0x000001e83bfce5c0 JavaThread "pool-6-thread-1" [_thread_blocked, id=22724, stack(0x0000009073400000,0x0000009073500000)]

Other Threads:
=>0x000001e8362ce370 VMThread "VM Thread" [stack: 0x0000009072000000,0x0000009072100000] [id=23824]
  0x000001e836694e60 WatcherThread [stack: 0x0000009072a00000,0x0000009072b00000] [id=24308]
  0x000001e82be0a550 GCTaskThread "GC Thread#0" [stack: 0x0000009071b00000,0x0000009071c00000] [id=23636]
  0x000001e83b3fbbe0 GCTaskThread "GC Thread#1" [stack: 0x0000009072c00000,0x0000009072d00000] [id=1764]
  0x000001e83b43d900 GCTaskThread "GC Thread#2" [stack: 0x0000009072d00000,0x0000009072e00000] [id=26660]
  0x000001e83b7aec90 GCTaskThread "GC Thread#3" [stack: 0x0000009072e00000,0x0000009072f00000] [id=24980]
  0x000001e82be133b0 ConcurrentGCThread "G1 Main Marker" [stack: 0x0000009071c00000,0x0000009071d00000] [id=27292]
  0x000001e82be14550 ConcurrentGCThread "G1 Conc#0" [stack: 0x0000009071d00000,0x0000009071e00000] [id=12592]
  0x000001e82be54590 ConcurrentGCThread "G1 Refine#0" [stack: 0x0000009071e00000,0x0000009071f00000] [id=4900]
  0x000001e82be55ee0 ConcurrentGCThread "G1 Service" [stack: 0x0000009071f00000,0x0000009072000000] [id=20284]

Threads with active compile tasks:

VM state: at safepoint (normal execution)

VM Mutex/Monitor currently owned by a thread:  ([mutex/lock_event])
[0x000001e829bb6120] Threads_lock - owner thread: 0x000001e8362ce370
[0x000001e829bb0da0] Heap_lock - owner thread: 0x000001e83c4b4030

Heap address: 0x00000000c0000000, size: 1024 MB, Compressed Oops mode: 32-bit

CDS archive(s) not mapped
Compressed class space mapped at: 0x0000000100000000-0x0000000140000000, reserved size: 1073741824
Narrow klass base: 0x0000000000000000, Narrow klass shift: 3, Narrow klass range: 0x140000000

GC Precious Log:
 CPUs: 4 total, 4 available
 Memory: 3879M
 Large Page Support: Disabled
 NUMA Support: Disabled
 Compressed Oops: Enabled (32-bit)
 Heap Region Size: 1M
 Heap Min Capacity: 8M
 Heap Initial Capacity: 62M
 Heap Max Capacity: 1G
 Pre-touch: Disabled
 Parallel Workers: 4
 Concurrent Workers: 1
 Concurrent Refinement Workers: 4
 Periodic GC: Disabled

Heap:
 garbage-first heap   total 76800K, used 24973K [0x00000000c0000000, 0x0000000100000000)
  region size 1024K, 1 young (1024K), 0 survivors (0K)
 Metaspace       used 39953K, committed 40512K, reserved 1114112K
  class space    used 5048K, committed 5248K, reserved 1048576K

Heap Regions: E=young(eden), S=young(survivor), O=old, HS=humongous(starts), HC=humongous(continues), CS=collection set, F=free, OA=open archive, CA=closed archive, TAMS=top-at-mark-start (previous, next)
|   0|0x00000000c0000000, 0x00000000c0100000, 0x00000000c0100000|100%|HS|  |TAMS 0x00000000c0100000, 0x00000000c0000000| Untracked 
|   1|0x00000000c0100000, 0x00000000c0200000, 0x00000000c0200000|100%|HC|  |TAMS 0x00000000c0200000, 0x00000000c0100000| Untracked 
|   2|0x00000000c0200000, 0x00000000c0300000, 0x00000000c0300000|100%|HC|  |TAMS 0x00000000c0300000, 0x00000000c0200000| Untracked 
|   3|0x00000000c0300000, 0x00000000c0400000, 0x00000000c0400000|100%|HC|  |TAMS 0x00000000c0400000, 0x00000000c0300000| Untracked 
|   4|0x00000000c0400000, 0x00000000c0500000, 0x00000000c0500000|100%| O|  |TAMS 0x00000000c0500000, 0x00000000c0400000| Untracked 
|   5|0x00000000c0500000, 0x00000000c05fc7d0, 0x00000000c0600000| 98%| O|  |TAMS 0x00000000c05fc7d0, 0x00000000c0500000| Untracked 
|   6|0x00000000c0600000, 0x00000000c06fffd0, 0x00000000c0700000| 99%| O|  |TAMS 0x00000000c06fffd0, 0x00000000c0600000| Untracked 
|   7|0x00000000c0700000, 0x00000000c0800000, 0x00000000c0800000|100%| O|  |TAMS 0x00000000c0800000, 0x00000000c0700000| Untracked 
|   8|0x00000000c0800000, 0x00000000c0900000, 0x00000000c0900000|100%| O|  |TAMS 0x00000000c0900000, 0x00000000c0800000| Untracked 
|   9|0x00000000c0900000, 0x00000000c09ffff0, 0x00000000c0a00000| 99%| O|  |TAMS 0x00000000c09ffff0, 0x00000000c0900000| Untracked 
|  10|0x00000000c0a00000, 0x00000000c0b00000, 0x00000000c0b00000|100%|HS|  |TAMS 0x00000000c0b00000, 0x00000000c0a00000| Untracked 
|  11|0x00000000c0b00000, 0x00000000c0c00000, 0x00000000c0c00000|100%|HC|  |TAMS 0x00000000c0c00000, 0x00000000c0b00000| Untracked 
|  12|0x00000000c0c00000, 0x00000000c0d00000, 0x00000000c0d00000|100%| O|  |TAMS 0x00000000c0d00000, 0x00000000c0c00000| Untracked 
|  13|0x00000000c0d00000, 0x00000000c0dfffe8, 0x00000000c0e00000| 99%| O|  |TAMS 0x00000000c0dfffe8, 0x00000000c0d00000| Untracked 
|  14|0x00000000c0e00000, 0x00000000c0efffe8, 0x00000000c0f00000| 99%| O|  |TAMS 0x00000000c0efffe8, 0x00000000c0e00000| Untracked 
|  15|0x00000000c0f00000, 0x00000000c0fffff8, 0x00000000c1000000| 99%| O|  |TAMS 0x00000000c0fffff8, 0x00000000c0f00000| Untracked 
|  16|0x00000000c1000000, 0x00000000c10ffff0, 0x00000000c1100000| 99%| O|  |TAMS 0x00000000c10ffff0, 0x00000000c1000000| Untracked 
|  17|0x00000000c1100000, 0x00000000c1200000, 0x00000000c1200000|100%| O|  |TAMS 0x00000000c1200000, 0x00000000c1100000| Untracked 
|  18|0x00000000c1200000, 0x00000000c12fffc0, 0x00000000c1300000| 99%| O|  |TAMS 0x00000000c12fffc0, 0x00000000c1200000| Untracked 
|  19|0x00000000c1300000, 0x00000000c13ffff8, 0x00000000c1400000| 99%| O|  |TAMS 0x00000000c13ffff8, 0x00000000c1300000| Untracked 
|  20|0x00000000c1400000, 0x00000000c14fff08, 0x00000000c1500000| 99%| O|  |TAMS 0x00000000c14fff08, 0x00000000c1400000| Untracked 
|  21|0x00000000c1500000, 0x00000000c15fffc0, 0x00000000c1600000| 99%| O|  |TAMS 0x00000000c15fffc0, 0x00000000c1500000| Untracked 
|  22|0x00000000c1600000, 0x00000000c16ff300, 0x00000000c1700000| 99%| O|  |TAMS 0x00000000c16ff300, 0x00000000c1600000| Untracked 
|  23|0x00000000c1700000, 0x00000000c1800000, 0x00000000c1800000|100%| O|  |TAMS 0x00000000c1800000, 0x00000000c1700000| Untracked 
|  24|0x00000000c1800000, 0x00000000c1867c78, 0x00000000c1900000| 40%| O|  |TAMS 0x00000000c1800000, 0x00000000c1800000| Untracked 
|  25|0x00000000c1900000, 0x00000000c1900070, 0x00000000c1a00000|  0%| O|  |TAMS 0x00000000c1900000, 0x00000000c1900000| Untracked 
|  26|0x00000000c1a00000, 0x00000000c1a00000, 0x00000000c1b00000|  0%| F|  |TAMS 0x00000000c1a00000, 0x00000000c1a00000| Untracked 
|  27|0x00000000c1b00000, 0x00000000c1b00000, 0x00000000c1c00000|  0%| F|  |TAMS 0x00000000c1b00000, 0x00000000c1b00000| Untracked 
|  28|0x00000000c1c00000, 0x00000000c1c00000, 0x00000000c1d00000|  0%| F|  |TAMS 0x00000000c1c00000, 0x00000000c1c00000| Untracked 
|  29|0x00000000c1d00000, 0x00000000c1d00000, 0x00000000c1e00000|  0%| F|  |TAMS 0x00000000c1d00000, 0x00000000c1d00000| Untracked 
|  30|0x00000000c1e00000, 0x00000000c1e00000, 0x00000000c1f00000|  0%| F|  |TAMS 0x00000000c1e00000, 0x00000000c1e00000| Untracked 
|  31|0x00000000c1f00000, 0x00000000c1f00000, 0x00000000c2000000|  0%| F|  |TAMS 0x00000000c1f00000, 0x00000000c1f00000| Untracked 
|  32|0x00000000c2000000, 0x00000000c2000000, 0x00000000c2100000|  0%| F|  |TAMS 0x00000000c2000000, 0x00000000c2000000| Untracked 
|  33|0x00000000c2100000, 0x00000000c2100000, 0x00000000c2200000|  0%| F|  |TAMS 0x00000000c2100000, 0x00000000c2100000| Untracked 
|  34|0x00000000c2200000, 0x00000000c2200000, 0x00000000c2300000|  0%| F|  |TAMS 0x00000000c2200000, 0x00000000c2200000| Untracked 
|  35|0x00000000c2300000, 0x00000000c2300000, 0x00000000c2400000|  0%| F|  |TAMS 0x00000000c2300000, 0x00000000c2300000| Untracked 
|  36|0x00000000c2400000, 0x00000000c2400000, 0x00000000c2500000|  0%| F|  |TAMS 0x00000000c2400000, 0x00000000c2400000| Untracked 
|  37|0x00000000c2500000, 0x00000000c2500000, 0x00000000c2600000|  0%| F|  |TAMS 0x00000000c2500000, 0x00000000c2500000| Untracked 
|  38|0x00000000c2600000, 0x00000000c2600000, 0x00000000c2700000|  0%| F|  |TAMS 0x00000000c2600000, 0x00000000c2600000| Untracked 
|  39|0x00000000c2700000, 0x00000000c2700000, 0x00000000c2800000|  0%| F|  |TAMS 0x00000000c2700000, 0x00000000c2700000| Untracked 
|  40|0x00000000c2800000, 0x00000000c2800000, 0x00000000c2900000|  0%| F|  |TAMS 0x00000000c2800000, 0x00000000c2800000| Untracked 
|  41|0x00000000c2900000, 0x00000000c2900000, 0x00000000c2a00000|  0%| F|  |TAMS 0x00000000c2900000, 0x00000000c2900000| Untracked 
|  42|0x00000000c2a00000, 0x00000000c2a00000, 0x00000000c2b00000|  0%| F|  |TAMS 0x00000000c2a00000, 0x00000000c2a00000| Untracked 
|  43|0x00000000c2b00000, 0x00000000c2b00000, 0x00000000c2c00000|  0%| F|  |TAMS 0x00000000c2b00000, 0x00000000c2b00000| Untracked 
|  44|0x00000000c2c00000, 0x00000000c2c00000, 0x00000000c2d00000|  0%| F|  |TAMS 0x00000000c2c00000, 0x00000000c2c00000| Untracked 
|  45|0x00000000c2d00000, 0x00000000c2d00000, 0x00000000c2e00000|  0%| F|  |TAMS 0x00000000c2d00000, 0x00000000c2d00000| Untracked 
|  46|0x00000000c2e00000, 0x00000000c2e00000, 0x00000000c2f00000|  0%| F|  |TAMS 0x00000000c2e00000, 0x00000000c2e00000| Untracked 
|  47|0x00000000c2f00000, 0x00000000c2f00000, 0x00000000c3000000|  0%| F|  |TAMS 0x00000000c2f00000, 0x00000000c2f00000| Untracked 
|  48|0x00000000c3000000, 0x00000000c3000000, 0x00000000c3100000|  0%| F|  |TAMS 0x00000000c3000000, 0x00000000c3000000| Untracked 
|  49|0x00000000c3100000, 0x00000000c3100000, 0x00000000c3200000|  0%| F|  |TAMS 0x00000000c3100000, 0x00000000c3100000| Untracked 
|  50|0x00000000c3200000, 0x00000000c3200000, 0x00000000c3300000|  0%| F|  |TAMS 0x00000000c3200000, 0x00000000c3200000| Untracked 
|  51|0x00000000c3300000, 0x00000000c3300000, 0x00000000c3400000|  0%| F|  |TAMS 0x00000000c3300000, 0x00000000c3300000| Untracked 
|  52|0x00000000c3400000, 0x00000000c3400000, 0x00000000c3500000|  0%| F|  |TAMS 0x00000000c3400000, 0x00000000c3400000| Untracked 
|  53|0x00000000c3500000, 0x00000000c3500000, 0x00000000c3600000|  0%| F|  |TAMS 0x00000000c3500000, 0x00000000c3500000| Untracked 
|  54|0x00000000c3600000, 0x00000000c3600000, 0x00000000c3700000|  0%| F|  |TAMS 0x00000000c3600000, 0x00000000c3600000| Untracked 
|  55|0x00000000c3700000, 0x00000000c3700000, 0x00000000c3800000|  0%| F|  |TAMS 0x00000000c3700000, 0x00000000c3700000| Untracked 
|  56|0x00000000c3800000, 0x00000000c3800000, 0x00000000c3900000|  0%| F|  |TAMS 0x00000000c3800000, 0x00000000c3800000| Untracked 
|  57|0x00000000c3900000, 0x00000000c3900000, 0x00000000c3a00000|  0%| F|  |TAMS 0x00000000c3900000, 0x00000000c3900000| Untracked 
|  58|0x00000000c3a00000, 0x00000000c3a00000, 0x00000000c3b00000|  0%| F|  |TAMS 0x00000000c3a00000, 0x00000000c3a00000| Untracked 
|  59|0x00000000c3b00000, 0x00000000c3b00000, 0x00000000c3c00000|  0%| F|  |TAMS 0x00000000c3b00000, 0x00000000c3b00000| Untracked 
|  60|0x00000000c3c00000, 0x00000000c3c00000, 0x00000000c3d00000|  0%| F|  |TAMS 0x00000000c3c00000, 0x00000000c3c00000| Untracked 
|  61|0x00000000c3d00000, 0x00000000c3d00000, 0x00000000c3e00000|  0%| F|  |TAMS 0x00000000c3d00000, 0x00000000c3d00000| Untracked 
|  62|0x00000000c3e00000, 0x00000000c3e00000, 0x00000000c3f00000|  0%| F|  |TAMS 0x00000000c3e00000, 0x00000000c3e00000| Untracked 
|  63|0x00000000c3f00000, 0x00000000c3f00000, 0x00000000c4000000|  0%| F|  |TAMS 0x00000000c3f00000, 0x00000000c3f00000| Untracked 
|  64|0x00000000c4000000, 0x00000000c4000000, 0x00000000c4100000|  0%| F|  |TAMS 0x00000000c4000000, 0x00000000c4000000| Untracked 
|  65|0x00000000c4100000, 0x00000000c4100000, 0x00000000c4200000|  0%| F|  |TAMS 0x00000000c4100000, 0x00000000c4100000| Untracked 
|  66|0x00000000c4200000, 0x00000000c4200000, 0x00000000c4300000|  0%| F|  |TAMS 0x00000000c4200000, 0x00000000c4200000| Untracked 
|  67|0x00000000c4300000, 0x00000000c4300000, 0x00000000c4400000|  0%| F|  |TAMS 0x00000000c4300000, 0x00000000c4300000| Untracked 
|  68|0x00000000c4400000, 0x00000000c4400000, 0x00000000c4500000|  0%| F|  |TAMS 0x00000000c4400000, 0x00000000c4400000| Untracked 
|  69|0x00000000c4500000, 0x00000000c4500000, 0x00000000c4600000|  0%| F|  |TAMS 0x00000000c4500000, 0x00000000c4500000| Untracked 
|  70|0x00000000c4600000, 0x00000000c4600000, 0x00000000c4700000|  0%| F|  |TAMS 0x00000000c4600000, 0x00000000c4600000| Untracked 
|  71|0x00000000c4700000, 0x00000000c4700000, 0x00000000c4800000|  0%| F|  |TAMS 0x00000000c4700000, 0x00000000c4700000| Untracked 
|  72|0x00000000c4800000, 0x00000000c4800000, 0x00000000c4900000|  0%| F|  |TAMS 0x00000000c4800000, 0x00000000c4800000| Untracked 
|  73|0x00000000c4900000, 0x00000000c4900000, 0x00000000c4a00000|  0%| F|  |TAMS 0x00000000c4900000, 0x00000000c4900000| Untracked 
|  74|0x00000000c4a00000, 0x00000000c4a058a8, 0x00000000c4b00000|  2%| E|  |TAMS 0x00000000c4a00000, 0x00000000c4a00000| Complete 

Card table byte_map: [0x000001e831a60000,0x000001e831c60000] _byte_map_base: 0x000001e831460000

Marking Bits (Prev, Next): (CMBitMap*) 0x000001e82be0aa80, (CMBitMap*) 0x000001e82be0aac0
 Prev Bits: [0x000001e831e60000, 0x000001e832e60000)
 Next Bits: [0x000001e832e60000, 0x000001e833e60000)

Polling page: 0x000001e82b580000

Metaspace:

Usage:
  Non-class:     34.09 MB used.
      Class:      4.93 MB used.
       Both:     39.02 MB used.

Virtual space:
  Non-class space:       64.00 MB reserved,      34.44 MB ( 54%) committed,  1 nodes.
      Class space:        1.00 GB reserved,       5.12 MB ( <1%) committed,  1 nodes.
             Both:        1.06 GB reserved,      39.56 MB (  4%) committed. 

Chunk freelists:
   Non-Class:  12.94 MB
       Class:  10.88 MB
        Both:  23.81 MB

MaxMetaspaceSize: unlimited
CompressedClassSpaceSize: 1.00 GB
Initial GC threshold: 21.00 MB
Current GC threshold: 65.94 MB
CDS: off
MetaspaceReclaimPolicy: balanced
 - commit_granule_bytes: 65536.
 - commit_granule_words: 8192.
 - virtual_space_node_default_size: 8388608.
 - enlarge_chunks_in_place: 1.
 - new_chunks_are_fully_committed: 0.
 - uncommit_free_chunks: 1.
 - use_allocation_guard: 0.
 - handle_deallocations: 1.


Internal statistics:

num_allocs_failed_limit: 8.
num_arena_births: 494.
num_arena_deaths: 144.
num_vsnodes_births: 2.
num_vsnodes_deaths: 0.
num_space_committed: 632.
num_space_uncommitted: 0.
num_chunks_returned_to_freelist: 172.
num_chunks_taken_from_freelist: 1685.
num_chunk_merges: 51.
num_chunk_splits: 1153.
num_chunks_enlarged: 881.
num_inconsistent_stats: 0.

CodeCache: size=49152Kb used=7612Kb max_used=7612Kb free=41539Kb
 bounds [0x000001e82ea60000, 0x000001e82f1d0000, 0x000001e831a60000]
 total_blobs=4662 nmethods=4116 adapters=473
 compilation: enabled
              stopped_count=0, restarted_count=0
 full_count=0

Compilation events (20 events):
Event: 12471.212 Thread 0x000001e836361490 4141       1       java.lang.ProcessHandleImpl::getInternal (13 bytes)
Event: 12471.214 Thread 0x000001e836361490 nmethod 4141 0x000001e82f1caa10 code [0x000001e82f1caba0, 0x000001e82f1cad08]
Event: 12471.215 Thread 0x000001e836361490 4142       1       java.lang.ProcessImpl$2::<init> (20 bytes)
Event: 12471.215 Thread 0x000001e836361490 nmethod 4142 0x000001e82f1cad90 code [0x000001e82f1caf20, 0x000001e82f1cb098]
Event: 12471.215 Thread 0x000001e836361490 4143       1       java.lang.ProcessImpl$2::run (5 bytes)
Event: 12471.219 Thread 0x000001e836361490 nmethod 4143 0x000001e82f1cb110 code [0x000001e82f1cb2a0, 0x000001e82f1cb388]
Event: 12471.219 Thread 0x000001e836361490 4144       1       java.lang.ProcessImpl$2::run (242 bytes)
Event: 12471.238 Thread 0x000001e836361490 nmethod 4144 0x000001e82f1cb410 code [0x000001e82f1cb6c0, 0x000001e82f1cc458]
Event: 12471.829 Thread 0x000001e836361490 4145   !   1       java.io.FilterOutputStream::close (183 bytes)
Event: 12471.833 Thread 0x000001e836361490 nmethod 4145 0x000001e82f1cce90 code [0x000001e82f1cd0a0, 0x000001e82f1cd578]
Event: 12471.833 Thread 0x000001e836361490 4146   !   1       java.io.FileOutputStream::close (69 bytes)
Event: 12472.111 Thread 0x000001e836361490 nmethod 4146 0x000001e82f1cd810 code [0x000001e82f1cd9e0, 0x000001e82f1cdd58]
Event: 12472.111 Thread 0x000001e836361490 4150       1       java.lang.ProcessImpl$$Lambda$799/0x00000001003e3810::run (8 bytes)
Event: 12472.112 Thread 0x000001e836361490 nmethod 4150 0x000001e82f1ce290 code [0x000001e82f1ce420, 0x000001e82f1ce508]
Event: 12472.112 Thread 0x000001e836361490 4151       1       java.lang.ProcessImpl::lambda$new$0 (6 bytes)
Event: 12472.112 Thread 0x000001e836361490 nmethod 4151 0x000001e82f1ce590 code [0x000001e82f1ce720, 0x000001e82f1ce7e8]
Event: 12472.112 Thread 0x000001e836361490 4147       1       java.io.FileOutputStream$1::<init> (10 bytes)
Event: 12472.112 Thread 0x000001e836361490 nmethod 4147 0x000001e82f1ce890 code [0x000001e82f1cea20, 0x000001e82f1ceb38]
Event: 12472.112 Thread 0x000001e836361490 4148       1       java.io.FileOutputStream$1::close (11 bytes)
Event: 12472.113 Thread 0x000001e836361490 nmethod 4148 0x000001e82f1ceb90 code [0x000001e82f1ced40, 0x000001e82f1cf058]

GC Heap History (20 events):
Event: 12656.897 GC heap before
{Heap before GC invocations=299 (full 272):
 garbage-first heap   total 76800K, used 24973K [0x00000000c0000000, 0x0000000100000000)
  region size 1024K, 1 young (1024K), 0 survivors (0K)
 Metaspace       used 39953K, committed 40512K, reserved 1114112K
  class space    used 5048K, committed 5248K, reserved 1048576K
}
Event: 12657.057 GC heap after
{Heap after GC invocations=300 (full 273):
 garbage-first heap   total 76800K, used 24973K [0x00000000c0000000, 0x0000000100000000)
  region size 1024K, 0 young (0K), 0 survivors (0K)
 Metaspace       used 39953K, committed 40512K, reserved 1114112K
  class space    used 5048K, committed 5248K, reserved 1048576K
}
Event: 12667.674 GC heap before
{Heap before GC invocations=300 (full 273):
 garbage-first heap   total 76800K, used 24973K [0x00000000c0000000, 0x0000000100000000)
  region size 1024K, 1 young (1024K), 0 survivors (0K)
 Metaspace       used 39953K, committed 40512K, reserved 1114112K
  class space    used 5048K, committed 5248K, reserved 1048576K
}
Event: 12667.878 GC heap after
{Heap after GC invocations=301 (full 274):
 garbage-first heap   total 76800K, used 24973K [0x00000000c0000000, 0x0000000100000000)
  region size 1024K, 0 young (0K), 0 survivors (0K)
 Metaspace       used 39953K, committed 40512K, reserved 1114112K
  class space    used 5048K, committed 5248K, reserved 1048576K
}
Event: 12678.623 GC heap before
{Heap before GC invocations=301 (full 274):
 garbage-first heap   total 76800K, used 24973K [0x00000000c0000000, 0x0000000100000000)
  region size 1024K, 1 young (1024K), 0 survivors (0K)
 Metaspace       used 39953K, committed 40512K, reserved 1114112K
  class space    used 5048K, committed 5248K, reserved 1048576K
}
Event: 12678.817 GC heap after
{Heap after GC invocations=302 (full 275):
 garbage-first heap   total 76800K, used 24973K [0x00000000c0000000, 0x0000000100000000)
  region size 1024K, 0 young (0K), 0 survivors (0K)
 Metaspace       used 39953K, committed 40512K, reserved 1114112K
  class space    used 5048K, committed 5248K, reserved 1048576K
}
Event: 12689.559 GC heap before
{Heap before GC invocations=302 (full 275):
 garbage-first heap   total 76800K, used 24973K [0x00000000c0000000, 0x0000000100000000)
  region size 1024K, 1 young (1024K), 0 survivors (0K)
 Metaspace       used 39953K, committed 40512K, reserved 1114112K
  class space    used 5048K, committed 5248K, reserved 1048576K
}
Event: 12689.792 GC heap after
{Heap after GC invocations=303 (full 276):
 garbage-first heap   total 76800K, used 24973K [0x00000000c0000000, 0x0000000100000000)
  region size 1024K, 0 young (0K), 0 survivors (0K)
 Metaspace       used 39953K, committed 40512K, reserved 1114112K
  class space    used 5048K, committed 5248K, reserved 1048576K
}
Event: 12700.758 GC heap before
{Heap before GC invocations=303 (full 276):
 garbage-first heap   total 76800K, used 24973K [0x00000000c0000000, 0x0000000100000000)
  region size 1024K, 1 young (1024K), 0 survivors (0K)
 Metaspace       used 39953K, committed 40512K, reserved 1114112K
  class space    used 5048K, committed 5248K, reserved 1048576K
}
Event: 12700.960 GC heap after
{Heap after GC invocations=304 (full 277):
 garbage-first heap   total 76800K, used 24973K [0x00000000c0000000, 0x0000000100000000)
  region size 1024K, 0 young (0K), 0 survivors (0K)
 Metaspace       used 39953K, committed 40512K, reserved 1114112K
  class space    used 5048K, committed 5248K, reserved 1048576K
}
Event: 12712.019 GC heap before
{Heap before GC invocations=304 (full 277):
 garbage-first heap   total 76800K, used 24973K [0x00000000c0000000, 0x0000000100000000)
  region size 1024K, 1 young (1024K), 0 survivors (0K)
 Metaspace       used 39953K, committed 40512K, reserved 1114112K
  class space    used 5048K, committed 5248K, reserved 1048576K
}
Event: 12712.225 GC heap after
{Heap after GC invocations=305 (full 278):
 garbage-first heap   total 76800K, used 24973K [0x00000000c0000000, 0x0000000100000000)
  region size 1024K, 0 young (0K), 0 survivors (0K)
 Metaspace       used 39953K, committed 40512K, reserved 1114112K
  class space    used 5048K, committed 5248K, reserved 1048576K
}
Event: 12722.949 GC heap before
{Heap before GC invocations=305 (full 278):
 garbage-first heap   total 76800K, used 24973K [0x00000000c0000000, 0x0000000100000000)
  region size 1024K, 1 young (1024K), 0 survivors (0K)
 Metaspace       used 39953K, committed 40512K, reserved 1114112K
  class space    used 5048K, committed 5248K, reserved 1048576K
}
Event: 12723.109 GC heap after
{Heap after GC invocations=306 (full 279):
 garbage-first heap   total 76800K, used 24973K [0x00000000c0000000, 0x0000000100000000)
  region size 1024K, 0 young (0K), 0 survivors (0K)
 Metaspace       used 39953K, committed 40512K, reserved 1114112K
  class space    used 5048K, committed 5248K, reserved 1048576K
}
Event: 12733.859 GC heap before
{Heap before GC invocations=306 (full 279):
 garbage-first heap   total 76800K, used 24973K [0x00000000c0000000, 0x0000000100000000)
  region size 1024K, 1 young (1024K), 0 survivors (0K)
 Metaspace       used 39953K, committed 40512K, reserved 1114112K
  class space    used 5048K, committed 5248K, reserved 1048576K
}
Event: 12734.091 GC heap after
{Heap after GC invocations=307 (full 280):
 garbage-first heap   total 76800K, used 24973K [0x00000000c0000000, 0x0000000100000000)
  region size 1024K, 0 young (0K), 0 survivors (0K)
 Metaspace       used 39953K, committed 40512K, reserved 1114112K
  class space    used 5048K, committed 5248K, reserved 1048576K
}
Event: 12745.233 GC heap before
{Heap before GC invocations=307 (full 280):
 garbage-first heap   total 76800K, used 24973K [0x00000000c0000000, 0x0000000100000000)
  region size 1024K, 1 young (1024K), 0 survivors (0K)
 Metaspace       used 39953K, committed 40512K, reserved 1114112K
  class space    used 5048K, committed 5248K, reserved 1048576K
}
Event: 12745.421 GC heap after
{Heap after GC invocations=308 (full 281):
 garbage-first heap   total 76800K, used 24973K [0x00000000c0000000, 0x0000000100000000)
  region size 1024K, 0 young (0K), 0 survivors (0K)
 Metaspace       used 39953K, committed 40512K, reserved 1114112K
  class space    used 5048K, committed 5248K, reserved 1048576K
}
Event: 12756.217 GC heap before
{Heap before GC invocations=308 (full 281):
 garbage-first heap   total 76800K, used 24973K [0x00000000c0000000, 0x0000000100000000)
  region size 1024K, 1 young (1024K), 0 survivors (0K)
 Metaspace       used 39953K, committed 40512K, reserved 1114112K
  class space    used 5048K, committed 5248K, reserved 1048576K
}
Event: 12756.400 GC heap after
{Heap after GC invocations=309 (full 282):
 garbage-first heap   total 76800K, used 24973K [0x00000000c0000000, 0x0000000100000000)
  region size 1024K, 0 young (0K), 0 survivors (0K)
 Metaspace       used 39953K, committed 40512K, reserved 1114112K
  class space    used 5048K, committed 5248K, reserved 1048576K
}

Dll operation events (8 events):
Event: 0.034 Loaded shared library c:\Users\55119\.vscode\extensions\redhat.java-1.33.0-win32-x64\jre\17.0.11-win32-x86_64\bin\java.dll
Event: 1.013 Loaded shared library C:\Users\55119\.vscode\extensions\redhat.java-1.33.0-win32-x64\jre\17.0.11-win32-x86_64\bin\net.dll
Event: 1.020 Loaded shared library C:\Users\55119\.vscode\extensions\redhat.java-1.33.0-win32-x64\jre\17.0.11-win32-x86_64\bin\nio.dll
Event: 1.030 Loaded shared library C:\Users\55119\.vscode\extensions\redhat.java-1.33.0-win32-x64\jre\17.0.11-win32-x86_64\bin\zip.dll
Event: 1.771 Loaded shared library C:\Users\55119\.vscode\extensions\redhat.java-1.33.0-win32-x64\jre\17.0.11-win32-x86_64\bin\jimage.dll
Event: 4.426 Loaded shared library c:\Users\55119\.vscode\extensions\redhat.java-1.33.0-win32-x64\jre\17.0.11-win32-x86_64\bin\verify.dll
Event: 7.216 Loaded shared library C:\Users\55119\.vscode\extensions\redhat.java-1.33.0-win32-x64\jre\17.0.11-win32-x86_64\bin\management.dll
Event: 7.223 Loaded shared library C:\Users\55119\.vscode\extensions\redhat.java-1.33.0-win32-x64\jre\17.0.11-win32-x86_64\bin\management_ext.dll

Deoptimization events (6 events):
Event: 7.720 Thread 0x000001e83b743d10 DEOPT PACKING pc=0x000001e82ee8bc81 sp=0x00000090732fd920
Event: 7.720 Thread 0x000001e83b743d10 DEOPT UNPACKING pc=0x000001e82eabace3 sp=0x00000090732fcdb0 mode 3
Event: 7.734 Thread 0x000001e83c4c6390 DEOPT PACKING pc=0x000001e82ee6d117 sp=0x00000090733fed80
Event: 7.734 Thread 0x000001e83c4c6390 DEOPT UNPACKING pc=0x000001e82eabace3 sp=0x00000090733fe1d8 mode 3
Event: 6722.568 Thread 0x000001e83b743d10 DEOPT PACKING pc=0x000001e82ef56dd4 sp=0x00000090732fec20
Event: 6722.577 Thread 0x000001e83b743d10 DEOPT UNPACKING pc=0x000001e82eabace3 sp=0x00000090732fe0c8 mode 0

Classes unloaded (20 events):
Event: 72.924 Thread 0x000001e8362ce370 Unloading class 0x0000000100095c00 'java/lang/invoke/LambdaForm$MH+0x0000000100095c00'
Event: 72.924 Thread 0x000001e8362ce370 Unloading class 0x0000000100095800 'java/lang/invoke/LambdaForm$MH+0x0000000100095800'
Event: 72.924 Thread 0x000001e8362ce370 Unloading class 0x0000000100095400 'java/lang/invoke/LambdaForm$MH+0x0000000100095400'
Event: 72.924 Thread 0x000001e8362ce370 Unloading class 0x0000000100095000 'java/lang/invoke/LambdaForm$MH+0x0000000100095000'
Event: 72.924 Thread 0x000001e8362ce370 Unloading class 0x0000000100094c00 'java/lang/invoke/LambdaForm$MH+0x0000000100094c00'
Event: 72.924 Thread 0x000001e8362ce370 Unloading class 0x0000000100094800 'java/lang/invoke/LambdaForm$MH+0x0000000100094800'
Event: 72.924 Thread 0x000001e8362ce370 Unloading class 0x0000000100094400 'java/lang/invoke/LambdaForm$MH+0x0000000100094400'
Event: 72.924 Thread 0x000001e8362ce370 Unloading class 0x000000010008e800 'java/lang/invoke/LambdaForm$MH+0x000000010008e800'
Event: 72.924 Thread 0x000001e8362ce370 Unloading class 0x000000010008e400 'java/lang/invoke/LambdaForm$MH+0x000000010008e400'
Event: 72.924 Thread 0x000001e8362ce370 Unloading class 0x000000010008e000 'java/lang/invoke/LambdaForm$MH+0x000000010008e000'
Event: 72.924 Thread 0x000001e8362ce370 Unloading class 0x000000010008dc00 'java/lang/invoke/LambdaForm$MH+0x000000010008dc00'
Event: 72.924 Thread 0x000001e8362ce370 Unloading class 0x000000010008d800 'java/lang/invoke/LambdaForm$MH+0x000000010008d800'
Event: 72.924 Thread 0x000001e8362ce370 Unloading class 0x000000010008d400 'java/lang/invoke/LambdaForm$MH+0x000000010008d400'
Event: 72.924 Thread 0x000001e8362ce370 Unloading class 0x000000010008cc00 'java/lang/invoke/LambdaForm$MH+0x000000010008cc00'
Event: 72.924 Thread 0x000001e8362ce370 Unloading class 0x000000010008c800 'java/lang/invoke/LambdaForm$MH+0x000000010008c800'
Event: 72.924 Thread 0x000001e8362ce370 Unloading class 0x000000010008c000 'java/lang/invoke/LambdaForm$MH+0x000000010008c000'
Event: 72.924 Thread 0x000001e8362ce370 Unloading class 0x000000010008bc00 'java/lang/invoke/LambdaForm$MH+0x000000010008bc00'
Event: 9368.400 Thread 0x000001e8362ce370 Unloading class 0x0000000100436000 'java/lang/invoke/LambdaForm$MH+0x0000000100436000'
Event: 9368.401 Thread 0x000001e8362ce370 Unloading class 0x0000000100494400 'java/lang/invoke/LambdaForm$MH+0x0000000100494400'
Event: 9368.401 Thread 0x000001e8362ce370 Unloading class 0x0000000100528400 'java/lang/invoke/LambdaForm$MH+0x0000000100528400'

Classes redefined (0 events):
No events

Internal exceptions (20 events):
Event: 5.590 Thread 0x000001e82bdce0d0 Exception <a 'java/lang/NoSuchMethodError'{0x00000000c2ea5a08}: 'int java.lang.invoke.Invokers$Holder.linkToTargetMethod(java.lang.Object, java.lang.Object)'> (0x00000000c2ea5a08) 
thrown [s\src\hotspot\share\interpreter\linkResolver.cpp, line 759]
Event: 5.605 Thread 0x000001e82bdce0d0 Exception <a 'java/lang/NoSuchMethodError'{0x00000000c2d962e8}: 'java.lang.Object java.lang.invoke.DirectMethodHandle$Holder.invokeSpecial(java.lang.Object, java.lang.Object, java.lang.Object, java.lang.Object, java.lang.Object, java.lang.Object, java.lang.Object, java.lang.Object, java.lang.Object, java.lang.Object)'> (0x00000000c2d962e8) 
thrown [s\src\hotspot\share\interpreter\linkResolver.cpp, line 759]
Event: 5.605 Thread 0x000001e82bdce0d0 Exception <a 'java/lang/NoSuchMethodError'{0x00000000c2d9a8d0}: 'java.lang.Object java.lang.invoke.Invokers$Holder.invoke_MT(java.lang.Object, java.lang.Object, java.lang.Object, java.lang.Object, java.lang.Object, java.lang.Object, java.lang.Object, java.lang.Object, java.lang.Object, java.lang.Object)'> (0x00000000c2d9a8d0) 
thrown [s\src\hotspot\share\interpreter\linkResolver.cpp, line 759]
Event: 5.609 Thread 0x000001e82bdce0d0 Exception <a 'java/lang/NoSuchMethodError'{0x00000000c2de2920}: 'java.lang.Object java.lang.invoke.DirectMethodHandle$Holder.invokeSpecial(java.lang.Object, java.lang.Object, int, java.lang.Object, java.lang.Object)'> (0x00000000c2de2920) 
thrown [s\src\hotspot\share\interpreter\linkResolver.cpp, line 759]
Event: 5.609 Thread 0x000001e82bdce0d0 Exception <a 'java/lang/NoSuchMethodError'{0x00000000c2de65c8}: 'java.lang.Object java.lang.invoke.DelegatingMethodHandle$Holder.delegate(java.lang.Object, int, java.lang.Object, java.lang.Object)'> (0x00000000c2de65c8) 
thrown [s\src\hotspot\share\interpreter\linkResolver.cpp, line 759]
Event: 5.610 Thread 0x000001e82bdce0d0 Exception <a 'java/lang/NoSuchMethodError'{0x00000000c2df7450}: 'int java.lang.invoke.Invokers$Holder.linkToTargetMethod(java.lang.Object, java.lang.Object, java.lang.Object)'> (0x00000000c2df7450) 
thrown [s\src\hotspot\share\interpreter\linkResolver.cpp, line 759]
Event: 5.729 Thread 0x000001e82bdce0d0 Exception <a 'java/lang/NoSuchMethodError'{0x00000000c46b4ca8}: 'java.lang.Object java.lang.invoke.DirectMethodHandle$Holder.invokeStaticInit(java.lang.Object, int, int, int, int)'> (0x00000000c46b4ca8) 
thrown [s\src\hotspot\share\interpreter\linkResolver.cpp, line 759]
Event: 6.025 Thread 0x000001e82bdce0d0 Exception <a 'java/lang/NoSuchMethodError'{0x00000000c45916a8}: 'java.lang.Object java.lang.invoke.DirectMethodHandle$Holder.invokeStaticInit(java.lang.Object, java.lang.Object, int, int, int, int)'> (0x00000000c45916a8) 
thrown [s\src\hotspot\share\interpreter\linkResolver.cpp, line 759]
Event: 6.208 Thread 0x000001e82bdce0d0 Exception <a 'java/lang/NoSuchMethodError'{0x00000000c3c26a50}: 'void java.lang.invoke.DirectMethodHandle$Holder.invokeSpecialIFC(java.lang.Object, java.lang.Object, java.lang.Object)'> (0x00000000c3c26a50) 
thrown [s\src\hotspot\share\interpreter\linkResolver.cpp, line 759]
Event: 6.677 Thread 0x000001e82bdce0d0 Exception <a 'java/lang/NoSuchMethodError'{0x00000000c4433d38}: 'int java.lang.invoke.DirectMethodHandle$Holder.invokeStaticInit(java.lang.Object, java.lang.Object, int, java.lang.Object)'> (0x00000000c4433d38) 
thrown [s\src\hotspot\share\interpreter\linkResolver.cpp, line 759]
Event: 6.749 Thread 0x000001e82bdce0d0 Exception <a 'java/lang/NoSuchMethodError'{0x00000000c4a97a10}: 'void java.lang.invoke.DirectMethodHandle$Holder.invokeSpecial(java.lang.Object, java.lang.Object, java.lang.Object, java.lang.Object, java.lang.Object, java.lang.Object, java.lang.Object)'> (0x00000000c4a97a10) 
thrown [s\src\hotspot\share\interpreter\linkResolver.cpp, line 759]
Event: 7.043 Thread 0x000001e82bdce0d0 Exception <a 'java/lang/NoSuchMethodError'{0x00000000c45e8140}: 'java.lang.Object java.lang.invoke.DirectMethodHandle$Holder.invokeInterface(java.lang.Object, java.lang.Object, int)'> (0x00000000c45e8140) 
thrown [s\src\hotspot\share\interpreter\linkResolver.cpp, line 759]
Event: 7.045 Thread 0x000001e82bdce0d0 Exception <a 'java/lang/IncompatibleClassChangeError'{0x00000000c45feef8}: Found class java.lang.Object, but interface was expected> (0x00000000c45feef8) 
thrown [s\src\hotspot\share\interpreter\linkResolver.cpp, line 826]
Event: 7.206 Thread 0x000001e82bdce0d0 Exception <a 'java/lang/NoSuchMethodError'{0x00000000c3d36468}: 'java.lang.Object java.lang.invoke.DirectMethodHandle$Holder.newInvokeSpecial(java.lang.Object, java.lang.Object, int, java.lang.Object, java.lang.Object)'> (0x00000000c3d36468) 
thrown [s\src\hotspot\share\interpreter\linkResolver.cpp, line 759]
Event: 7.207 Thread 0x000001e82bdce0d0 Exception <a 'java/lang/NoSuchMethodError'{0x00000000c3d4d470}: 'java.lang.Object java.lang.invoke.DirectMethodHandle$Holder.newInvokeSpecial(java.lang.Object, java.lang.Object, java.lang.Object, int)'> (0x00000000c3d4d470) 
thrown [s\src\hotspot\share\interpreter\linkResolver.cpp, line 759]
Event: 7.207 Thread 0x000001e82bdce0d0 Exception <a 'java/lang/NoSuchMethodError'{0x00000000c3d51758}: 'java.lang.Object java.lang.invoke.DirectMethodHandle$Holder.invokeSpecial(java.lang.Object, java.lang.Object, java.lang.Object, java.lang.Object, int)'> (0x00000000c3d51758) 
thrown [s\src\hotspot\share\interpreter\linkResolver.cpp, line 759]
Event: 7.207 Thread 0x000001e82bdce0d0 Exception <a 'java/lang/NoSuchMethodError'{0x00000000c3d55320}: 'java.lang.Object java.lang.invoke.Invokers$Holder.linkToTargetMethod(java.lang.Object, java.lang.Object, int, java.lang.Object)'> (0x00000000c3d55320) 
thrown [s\src\hotspot\share\interpreter\linkResolver.cpp, line 759]
Event: 7.634 Thread 0x000001e83c4c6390 Exception <a 'java/lang/NoSuchMethodError'{0x00000000c33afc30}: 'java.lang.Object java.lang.invoke.DirectMethodHandle$Holder.invokeStatic(java.lang.Object, int, java.lang.Object)'> (0x00000000c33afc30) 
thrown [s\src\hotspot\share\interpreter\linkResolver.cpp, line 759]
Event: 48.473 Thread 0x000001e83c4b4030 Exception <a 'java/lang/NoSuchMethodError'{0x00000000c3e75ee8}: 'void java.lang.invoke.DirectMethodHandle$Holder.invokeStatic(java.lang.Object, long)'> (0x00000000c3e75ee8) 
thrown [s\src\hotspot\share\interpreter\linkResolver.cpp, line 759]
Event: 48.505 Thread 0x000001e83c4b4030 Exception <a 'java/lang/NoSuchMethodError'{0x00000000c3e7b290}: 'java.lang.Object java.lang.invoke.DirectMethodHandle$Holder.newInvokeSpecial(java.lang.Object, long)'> (0x00000000c3e7b290) 
thrown [s\src\hotspot\share\interpreter\linkResolver.cpp, line 759]

VM Operations (20 events):
Event: 12657.057 Executing VM operation: G1CollectFull done
Event: 12667.665 Executing VM operation: G1CollectFull
Event: 12667.878 Executing VM operation: G1CollectFull done
Event: 12678.616 Executing VM operation: G1CollectFull
Event: 12678.818 Executing VM operation: G1CollectFull done
Event: 12689.546 Executing VM operation: G1CollectFull
Event: 12689.793 Executing VM operation: G1CollectFull done
Event: 12700.748 Executing VM operation: G1CollectFull
Event: 12700.961 Executing VM operation: G1CollectFull done
Event: 12712.009 Executing VM operation: G1CollectFull
Event: 12712.226 Executing VM operation: G1CollectFull done
Event: 12722.942 Executing VM operation: G1CollectFull
Event: 12723.110 Executing VM operation: G1CollectFull done
Event: 12733.851 Executing VM operation: G1CollectFull
Event: 12734.092 Executing VM operation: G1CollectFull done
Event: 12745.224 Executing VM operation: G1CollectFull
Event: 12745.422 Executing VM operation: G1CollectFull done
Event: 12756.209 Executing VM operation: G1CollectFull
Event: 12756.400 Executing VM operation: G1CollectFull done
Event: 12770.524 Executing VM operation: G1CollectFull

Events (20 events):
Event: 9358.972 Thread 0x000001e83b618db0 Thread exited: 0x000001e83b618db0
Event: 9389.277 Thread 0x000001e83b61a1f0 Thread exited: 0x000001e83b61a1f0
Event: 11852.448 Thread 0x000001e83b615b10 Thread added: 0x000001e83b615b10
Event: 11876.014 Thread 0x000001e83b613290 Thread added: 0x000001e83b613290
Event: 11895.169 Thread 0x000001e83b616a40 Thread added: 0x000001e83b616a40
Event: 11895.176 Thread 0x000001e83b616020 Thread added: 0x000001e83b616020
Event: 11904.872 Thread 0x000001e83b61a700 Thread added: 0x000001e83b61a700
Event: 11928.559 Thread 0x000001e83b616f50 Thread added: 0x000001e83b616f50
Event: 11951.119 Thread 0x000001e83b6137a0 Thread added: 0x000001e83b6137a0
Event: 11957.207 Thread 0x000001e83b614be0 Thread added: 0x000001e83b614be0
Event: 11980.544 Thread 0x000001e83b616530 Thread added: 0x000001e83b616530
Event: 12115.139 Thread 0x000001e83b615b10 Thread exited: 0x000001e83b615b10
Event: 12115.140 Thread 0x000001e83b6137a0 Thread exited: 0x000001e83b6137a0
Event: 12174.569 Thread 0x000001e83b616a40 Thread exited: 0x000001e83b616a40
Event: 12175.572 Thread 0x000001e83b61a700 Thread exited: 0x000001e83b61a700
Event: 12175.580 Thread 0x000001e83b616530 Thread exited: 0x000001e83b616530
Event: 12184.932 Thread 0x000001e83b614be0 Thread exited: 0x000001e83b614be0
Event: 12185.928 Thread 0x000001e83b616020 Thread exited: 0x000001e83b616020
Event: 12185.928 Thread 0x000001e83b616f50 Thread exited: 0x000001e83b616f50
Event: 12193.562 Thread 0x000001e83b613290 Thread exited: 0x000001e83b613290


Dynamic libraries:
0x00007ff708220000 - 0x00007ff70822e000 	c:\Users\55119\.vscode\extensions\redhat.java-1.33.0-win32-x64\jre\17.0.11-win32-x86_64\bin\java.exe
0x00007ffd3e000000 - 0x00007ffd3e209000 	C:\Windows\SYSTEM32\ntdll.dll
0x00007ffceafa0000 - 0x00007ffceafba000 	C:\Program Files\Avast Software\Avast\aswhook.dll
0x00007ffd3cf90000 - 0x00007ffd3d04d000 	C:\Windows\System32\KERNEL32.DLL
0x00007ffd3b7c0000 - 0x00007ffd3bb44000 	C:\Windows\System32\KERNELBASE.dll
0x00007ffd3bb50000 - 0x00007ffd3bc61000 	C:\Windows\System32\ucrtbase.dll
0x00007ffd1fc30000 - 0x00007ffd1fc47000 	c:\Users\55119\.vscode\extensions\redhat.java-1.33.0-win32-x64\jre\17.0.11-win32-x86_64\bin\jli.dll
0x00007ffd3c5f0000 - 0x00007ffd3c79d000 	C:\Windows\System32\USER32.dll
0x00007ffd27460000 - 0x00007ffd27705000 	C:\Windows\WinSxS\amd64_microsoft.windows.common-controls_6595b64144ccf1df_6.0.22000.120_none_9d947278b86cc467\COMCTL32.dll
0x00007ffd3d960000 - 0x00007ffd3da03000 	C:\Windows\System32\msvcrt.dll
0x00007ffd3c3b0000 - 0x00007ffd3c3da000 	C:\Windows\System32\GDI32.dll
0x00007ffd3bd30000 - 0x00007ffd3be4e000 	C:\Windows\System32\gdi32full.dll
0x00007ffd3b6a0000 - 0x00007ffd3b73d000 	C:\Windows\System32\msvcp_win.dll
0x00007ffd3b670000 - 0x00007ffd3b696000 	C:\Windows\System32\win32u.dll
0x00007ffd1f5a0000 - 0x00007ffd1f5bb000 	c:\Users\55119\.vscode\extensions\redhat.java-1.33.0-win32-x64\jre\17.0.11-win32-x86_64\bin\VCRUNTIME140.dll
0x00007ffd3c370000 - 0x00007ffd3c3a1000 	C:\Windows\System32\IMM32.DLL
0x00007ffd26db0000 - 0x00007ffd26dbc000 	c:\Users\55119\.vscode\extensions\redhat.java-1.33.0-win32-x64\jre\17.0.11-win32-x86_64\bin\vcruntime140_1.dll
0x00007ffcf22a0000 - 0x00007ffcf232d000 	c:\Users\55119\.vscode\extensions\redhat.java-1.33.0-win32-x64\jre\17.0.11-win32-x86_64\bin\msvcp140.dll
0x00007ffc7e6a0000 - 0x00007ffc7f302000 	c:\Users\55119\.vscode\extensions\redhat.java-1.33.0-win32-x64\jre\17.0.11-win32-x86_64\bin\server\jvm.dll
0x00007ffd3c540000 - 0x00007ffd3c5ee000 	C:\Windows\System32\ADVAPI32.dll
0x00007ffd3de30000 - 0x00007ffd3dece000 	C:\Windows\System32\sechost.dll
0x00007ffd3dd00000 - 0x00007ffd3de21000 	C:\Windows\System32\RPCRT4.dll
0x00007ffd3a300000 - 0x00007ffd3a34d000 	C:\Windows\SYSTEM32\POWRPROF.dll
0x00007ffd32dd0000 - 0x00007ffd32dda000 	C:\Windows\SYSTEM32\VERSION.dll
0x00007ffd314a0000 - 0x00007ffd314d3000 	C:\Windows\SYSTEM32\WINMM.dll
0x00007ffd25ec0000 - 0x00007ffd25ec9000 	C:\Windows\SYSTEM32\WSOCK32.dll
0x00007ffd3cf20000 - 0x00007ffd3cf8f000 	C:\Windows\System32\ws2_32.DLL
0x00007ffd3a250000 - 0x00007ffd3a263000 	C:\Windows\SYSTEM32\UMPDC.dll
0x00007ffd3a5f0000 - 0x00007ffd3a608000 	C:\Windows\SYSTEM32\kernel.appcore.dll
0x00007ffd1e2c0000 - 0x00007ffd1e2ca000 	c:\Users\55119\.vscode\extensions\redhat.java-1.33.0-win32-x64\jre\17.0.11-win32-x86_64\bin\jimage.dll
0x00007ffd38810000 - 0x00007ffd38a31000 	C:\Windows\SYSTEM32\DBGHELP.DLL
0x00007ffd2b8f0000 - 0x00007ffd2b921000 	C:\Windows\SYSTEM32\dbgcore.DLL
0x00007ffd3b740000 - 0x00007ffd3b7bf000 	C:\Windows\System32\bcryptPrimitives.dll
0x00007ffd1e280000 - 0x00007ffd1e2a5000 	c:\Users\55119\.vscode\extensions\redhat.java-1.33.0-win32-x64\jre\17.0.11-win32-x86_64\bin\java.dll
0x00007ffd04330000 - 0x00007ffd04348000 	c:\Users\55119\.vscode\extensions\redhat.java-1.33.0-win32-x64\jre\17.0.11-win32-x86_64\bin\zip.dll
0x00007ffd3d190000 - 0x00007ffd3d955000 	C:\Windows\System32\SHELL32.dll
0x00007ffd39560000 - 0x00007ffd39dc2000 	C:\Windows\SYSTEM32\windows.storage.dll
0x00007ffd3be50000 - 0x00007ffd3c1c6000 	C:\Windows\System32\combase.dll
0x00007ffd393f0000 - 0x00007ffd39557000 	C:\Windows\SYSTEM32\wintypes.dll
0x00007ffd3db00000 - 0x00007ffd3dbea000 	C:\Windows\System32\SHCORE.dll
0x00007ffd3c460000 - 0x00007ffd3c4bd000 	C:\Windows\System32\shlwapi.dll
0x00007ffd3b3c0000 - 0x00007ffd3b3e5000 	C:\Windows\SYSTEM32\profapi.dll
0x00007ffcf9000000 - 0x00007ffcf9019000 	C:\Users\55119\.vscode\extensions\redhat.java-1.33.0-win32-x64\jre\17.0.11-win32-x86_64\bin\net.dll
0x00007ffd33f40000 - 0x00007ffd34054000 	C:\Windows\SYSTEM32\WINHTTP.dll
0x00007ffd3aaa0000 - 0x00007ffd3ab07000 	C:\Windows\system32\mswsock.dll
0x00007ffcf8fe0000 - 0x00007ffcf8ff6000 	C:\Users\55119\.vscode\extensions\redhat.java-1.33.0-win32-x64\jre\17.0.11-win32-x86_64\bin\nio.dll
0x00007ffd1e210000 - 0x00007ffd1e220000 	c:\Users\55119\.vscode\extensions\redhat.java-1.33.0-win32-x64\jre\17.0.11-win32-x86_64\bin\verify.dll
0x00007ffd3ace0000 - 0x00007ffd3acf8000 	C:\Windows\SYSTEM32\CRYPTSP.dll
0x00007ffd3a550000 - 0x00007ffd3a585000 	C:\Windows\system32\rsaenh.dll
0x00007ffd3ab90000 - 0x00007ffd3abbc000 	C:\Windows\SYSTEM32\USERENV.dll
0x00007ffd3ae60000 - 0x00007ffd3ae87000 	C:\Windows\SYSTEM32\bcrypt.dll
0x00007ffd3ad00000 - 0x00007ffd3ad0c000 	C:\Windows\SYSTEM32\CRYPTBASE.dll
0x00007ffd3a120000 - 0x00007ffd3a14d000 	C:\Windows\SYSTEM32\IPHLPAPI.DLL
0x00007ffd3c450000 - 0x00007ffd3c459000 	C:\Windows\System32\NSI.dll
0x00007ffd34f30000 - 0x00007ffd34f49000 	C:\Windows\SYSTEM32\dhcpcsvc6.DLL
0x00007ffd34f60000 - 0x00007ffd34f7e000 	C:\Windows\SYSTEM32\dhcpcsvc.DLL
0x00007ffd3a150000 - 0x00007ffd3a237000 	C:\Windows\SYSTEM32\DNSAPI.dll
0x00007ffd1fb20000 - 0x00007ffd1fb29000 	C:\Users\55119\.vscode\extensions\redhat.java-1.33.0-win32-x64\jre\17.0.11-win32-x86_64\bin\management.dll
0x00007ffd1f090000 - 0x00007ffd1f09b000 	C:\Users\55119\.vscode\extensions\redhat.java-1.33.0-win32-x64\jre\17.0.11-win32-x86_64\bin\management_ext.dll
0x00007ffd3da80000 - 0x00007ffd3da88000 	C:\Windows\System32\PSAPI.DLL

dbghelp: loaded successfully - version: 4.0.5 - missing functions: none
symbol engine: initialized successfully - sym options: 0x614 - pdb path: .;c:\Users\55119\.vscode\extensions\redhat.java-1.33.0-win32-x64\jre\17.0.11-win32-x86_64\bin;C:\Windows\SYSTEM32;C:\Program Files\Avast Software\Avast;C:\Windows\WinSxS\amd64_microsoft.windows.common-controls_6595b64144ccf1df_6.0.22000.120_none_9d947278b86cc467;c:\Users\55119\.vscode\extensions\redhat.java-1.33.0-win32-x64\jre\17.0.11-win32-x86_64\bin\server

VM Arguments:
jvm_args: -Xmx1024m -Dsts.lsp.client=vscode -Dsts.log.file=/dev/null -XX:TieredStopAtLevel=1 -Xlog:jni+resolve=off -Dspring.config.location=file:c:\Users\55119\.vscode\extensions\vmware.vscode-spring-boot-1.56.0\language-server\BOOT-INF\classes\application.properties 
java_command: org.springframework.ide.vscode.boot.app.BootLanguageServerBootApp
java_class_path (initial): c:\Users\55119\.vscode\extensions\vmware.vscode-spring-boot-1.56.0\language-server\BOOT-INF\classes;c:\Users\55119\.vscode\extensions\vmware.vscode-spring-boot-1.56.0\language-server\BOOT-INF\lib\annotations-24.1.0.jar;c:\Users\55119\.vscode\extensions\vmware.vscode-spring-boot-1.56.0\language-server\BOOT-INF\lib\antlr4-runtime-4.13.1.jar;c:\Users\55119\.vscode\extensions\vmware.vscode-spring-boot-1.56.0\language-server\BOOT-INF\lib\asm-9.7.jar;c:\Users\55119\.vscode\extensions\vmware.vscode-spring-boot-1.56.0\language-server\BOOT-INF\lib\asm-analysis-9.7.jar;c:\Users\55119\.vscode\extensions\vmware.vscode-spring-boot-1.56.0\language-server\BOOT-INF\lib\asm-tree-9.7.jar;c:\Users\55119\.vscode\extensions\vmware.vscode-spring-boot-1.56.0\language-server\BOOT-INF\lib\asm-util-9.7.jar;c:\Users\55119\.vscode\extensions\vmware.vscode-spring-boot-1.56.0\language-server\BOOT-INF\lib\caffeine-3.1.8.jar;c:\Users\55119\.vscode\extensions\vmware.vscode-spring-boot-1.56.0\language-server\BOOT-INF\lib\checker-qual-3.12.0.jar;c:\Users\55119\.vscode\extensions\vmware.vscode-spring-boot-1.56.0\language-server\BOOT-INF\lib\classgraph-4.8.149.jar;c:\Users\55119\.vscode\extensions\vmware.vscode-spring-boot-1.56.0\language-server\BOOT-INF\lib\commons-codec-1.16.1.jar;c:\Users\55119\.vscode\extensions\vmware.vscode-spring-boot-1.56.0\language-server\BOOT-INF\lib\commons-compress-1.26.2.jar;c:\Users\55119\.vscode\extensions\vmware.vscode-spring-boot-1.56.0\language-server\BOOT-INF\lib\commons-io-2.16.1.jar;c:\Users\55119\.vscode\extensions\vmware.vscode-spring-boot-1.56.0\language-server\BOOT-INF\lib\commons-java-1.56.0-SNAPSHOT.jar;c:\Users\55119\.vscode\extensions\vmware.vscode-spring-boot-1.56.0\language-server\BOOT-INF\lib\commons-lang3-3.14.0.jar;c:\Users\55119\.vscode\extensions\vmware.vscode-spring-boot-1.56.0\language-server\BOOT-INF\lib\commons-language-server-1.56.0-SNAPSHOT.jar;c:\Users\55119\.vscode\extensions\vmware.vscode-spring-boot-1.56.0\langu
Launcher Type: SUN_STANDARD

[Global flags]
     intx CICompilerCount                          = 3                                         {product} {ergonomic}
     uint ConcGCThreads                            = 1                                         {product} {ergonomic}
     uint G1ConcRefinementThreads                  = 4                                         {product} {ergonomic}
   size_t G1HeapRegionSize                         = 1048576                                   {product} {ergonomic}
    uintx GCDrainStackTargetSize                   = 64                                        {product} {ergonomic}
   size_t InitialHeapSize                          = 65011712                                  {product} {ergonomic}
   size_t MarkStackSize                            = 4194304                                   {product} {ergonomic}
   size_t MaxHeapSize                              = 1073741824                                {product} {command line}
   size_t MaxNewSize                               = 643825664                                 {product} {ergonomic}
   size_t MinHeapDeltaBytes                        = 1048576                                   {product} {ergonomic}
   size_t MinHeapSize                              = 8388608                                   {product} {ergonomic}
    uintx NonProfiledCodeHeapSize                  = 0                                      {pd product} {ergonomic}
     bool ProfileInterpreter                       = false                                  {pd product} {command line}
    uintx ProfiledCodeHeapSize                     = 0                                      {pd product} {ergonomic}
   size_t SoftMaxHeapSize                          = 1073741824                             {manageable} {ergonomic}
     intx TieredStopAtLevel                        = 1                                         {product} {command line}
     bool UseCompressedClassPointers               = true                           {product lp64_product} {ergonomic}
     bool UseCompressedOops                        = true                           {product lp64_product} {ergonomic}
     bool UseG1GC                                  = true                                      {product} {ergonomic}
     bool UseLargePagesIndividualAllocation        = false                                  {pd product} {ergonomic}

Logging:
Log output configuration:
 #0: stdout all=warning,jni+resolve=off uptime,level,tags
 #1: stderr all=off uptime,level,tags

Environment Variables:
PATH=C:\Program Files\Common Files\Oracle\Java\javapath;C:\ProgramData\Oracle\Java\javapath;C:\Windows\system32;C:\Windows;C:\Windows\System32\Wbem;C:\Windows\System32\WindowsPowerShell\v1.0\;C:\Windows\System32\OpenSSH\;C:\Program Files\dotnet\;C:\Program Files\Git\cmd;C:\Program Files\PuTTY\;C:\Program Files\nodejs\;C:\php-8.2.20-nts-Win32-vs16-x64\;C:\composer;C:\Users\55119\AppData\Local\Microsoft\WindowsApps;C:\Users\55119\AppData\Local\Programs\Microsoft VS Code\bin;C:\Users\55119\AppData\Local\GitHubDesktop\bin;C:\Program Files\MySQL\MySQL Server 8.0\bin;C:\mongosh-1.8.2\bin;C:\Program Files\MongoDB\Server\6.0\bin;C:\Program Files (x86)\sqlite3;C:\Users\55119\AppData\Roaming\npm;C:\php-8.2.20-nts-Win32-vs16-x64\;C:\Users\55119\AppData\Roaming\Composer\vendor\bin
USERNAME=gabriel
OS=Windows_NT
PROCESSOR_IDENTIFIER=Intel64 Family 6 Model 140 Stepping 2, GenuineIntel
TMP=C:\Users\55119\AppData\Local\Temp
TEMP=C:\Users\55119\AppData\Local\Temp



Periodic native trim disabled


---------------  S Y S T E M  ---------------

OS:
 Windows 11 , 64 bit Build 22000 (10.0.22000.2538)
OS uptime: 0 days 6:21 hours

CPU: total 4 (initial active 4) (2 cores per cpu, 2 threads per core) family 6 model 140 stepping 2 microcode 0x26, cx8, cmov, fxsr, ht, mmx, 3dnowpref, sse, sse2, sse3, ssse3, sse4.1, sse4.2, popcnt, lzcnt, tsc, tscinvbit, avx, avx2, aes, erms, clmul, bmi1, bmi2, adx, avx512f, avx512dq, avx512cd, avx512bw, avx512vl, sha, fma, vzeroupper, avx512_vpopcntdq, avx512_vpclmulqdq, avx512_vaes, avx512_vnni, clflush, clflushopt, clwb, avx512_vbmi2, avx512_vbmi
Processor Information for all 4 processors :
  Max Mhz: 2995, Current Mhz: 2995, Mhz Limit: 2995

Memory: 4k page, system-wide physical 3879M (80M free)
TotalPageFile size 15655M (AvailPageFile size 0M)
current process WorkingSet (physical memory assigned to process): 5M, peak: 119M
current process commit charge ("private bytes"): 200M, peak: 209M

vm_info: OpenJDK 64-Bit Server VM (17.0.11+9) for windows-amd64 JRE (17.0.11+9), built on Apr 17 2024 06:07:48 by "admin" with MS VC++ 16.10 / 16.11 (VS2019)

END.
