#
# There is insufficient memory for the Java Runtime Environment to continue.
# Native memory allocation (malloc) failed to allocate 321296 bytes. Error detail: Chunk::new
# Possible reasons:
#   The system is out of physical RAM or swap space
#   This process is running with CompressedOops enabled, and the Java Heap may be blocking the growth of the native heap
# Possible solutions:
#   Reduce memory load on the system
#   Increase physical memory or swap space
#   Check if swap backing store is full
#   Decrease Java heap size (-Xmx/-Xms)
#   Decrease number of Java threads
#   Decrease Java thread stack sizes (-Xss)
#   Set larger code cache with -XX:ReservedCodeCacheSize=
#   JVM is running with Unscaled Compressed Oops mode in which the Java heap is
#     placed in the first 4GB address space. The Java Heap base address is the
#     maximum limit for the native heap growth. Please use -XX:HeapBaseMinAddress
#     to set the Java Heap base and to place the Java Heap above 4GB virtual address.
# This output file may be truncated or incomplete.
#
#  Out of Memory Error (arena.cpp:191), pid=23820, tid=29008
#
# JRE version: OpenJDK Runtime Environment Temurin-17.0.11+9 (17.0.11+9) (build 17.0.11+9)
# Java VM: OpenJDK 64-Bit Server VM Temurin-17.0.11+9 (17.0.11+9, mixed mode, tiered, compressed oops, compressed class ptrs, parallel gc, windows-amd64)
# No core dump will be written. Minidumps are not enabled by default on client versions of Windows
#

---------------  S U M M A R Y ------------

Command Line: --add-modules=ALL-SYSTEM --add-opens=java.base/java.util=ALL-UNNAMED --add-opens=java.base/java.lang=ALL-UNNAMED --add-opens=java.base/sun.nio.fs=ALL-UNNAMED -Declipse.application=org.eclipse.jdt.ls.core.id1 -Dosgi.bundles.defaultStartLevel=4 -Declipse.product=org.eclipse.jdt.ls.core.product -Djava.import.generatesMetadataFilesAtProjectRoot=false -DDetectVMInstallationsJob.disabled=true -Dfile.encoding=utf8 -XX:+UseParallelGC -XX:GCTimeRatio=4 -XX:AdaptiveSizePolicyWeight=90 -Dsun.zip.disableMemoryMapping=true -Xmx1G -Xms100m -Xlog:disable -javaagent:c:\Users\55119\.vscode\extensions\redhat.java-1.33.0-win32-x64\lombok\lombok-1.18.33.jar -XX:+HeapDumpOnOutOfMemoryError -XX:HeapDumpPath=c:\Users\55119\AppData\Roaming\Code\User\workspaceStorage\ed399de286a856b5668f17e944be6a14\redhat.java -Daether.dependencyCollector.impl=bf c:\Users\55119\.vscode\extensions\redhat.java-1.33.0-win32-x64\server\plugins\org.eclipse.equinox.launcher_1.6.900.v20240613-2009.jar -configuration c:\Users\55119\AppData\Roaming\Code\User\globalStorage\redhat.java\1.33.0\config_win -data c:\Users\55119\AppData\Roaming\Code\User\workspaceStorage\ed399de286a856b5668f17e944be6a14\redhat.java\jdt_ws --pipe=\\.\pipe\lsp-dd23ae31e862f4f9f6a9b7a20b337433-sock

Host: 11th Gen Intel(R) Core(TM) i3-1115G4 @ 3.00GHz, 4 cores, 3G,  Windows 11 , 64 bit Build 22000 (10.0.22000.2538)
Time: Fri Aug 16 18:52:45 2024 Hora oficial do Brasil elapsed time: 5.852758 seconds (0d 0h 0m 5s)

---------------  T H R E A D  ---------------

Current thread (0x00000240e561ad50):  JavaThread "C2 CompilerThread0" daemon [_thread_in_native, id=29008, stack(0x000000c35b200000,0x000000c35b300000)]


Current CompileTask:
C2:   5852  529       4       lombok.patcher.scripts.MethodLevelPatchScript::patch (21 bytes)

Stack: [0x000000c35b200000,0x000000c35b300000]
Native frames: (J=compiled Java code, j=interpreted, Vv=VM code, C=native code)
V  [jvm.dll+0x67d429]
V  [jvm.dll+0x834b7a]
V  [jvm.dll+0x83663e]
V  [jvm.dll+0x836ca3]
V  [jvm.dll+0x247dbf]
V  [jvm.dll+0xac534]
V  [jvm.dll+0xacb7c]
V  [jvm.dll+0x3665f2]
V  [jvm.dll+0x330bba]
V  [jvm.dll+0x33005a]
V  [jvm.dll+0x21a471]
V  [jvm.dll+0x2198b1]
V  [jvm.dll+0x1a534d]
V  [jvm.dll+0x2295cd]
V  [jvm.dll+0x22779c]
V  [jvm.dll+0x7e9d07]
V  [jvm.dll+0x7e410a]
V  [jvm.dll+0x67c315]
C  [ucrtbase.dll+0x26c0c]
C  [KERNEL32.DLL+0x153e0]
C  [ntdll.dll+0x485b]


---------------  P R O C E S S  ---------------

Threads class SMR info:
_java_thread_list=0x00000240eabb0640, length=12, elements={
0x00000240d17ab720, 0x00000240d185d560, 0x00000240e55e8b30, 0x00000240e5613f20,
0x00000240e5616800, 0x00000240e5617870, 0x00000240e5618140, 0x00000240e561ad50,
0x00000240e561b660, 0x00000240e561bf70, 0x00000240ea863030, 0x00000240ea9c8070
}

Java Threads: ( => current thread )
  0x00000240d17ab720 JavaThread "main" [_thread_in_vm, id=25032, stack(0x000000c35a900000,0x000000c35aa00000)]
  0x00000240d185d560 JavaThread "Reference Handler" daemon [_thread_blocked, id=6732, stack(0x000000c35ac00000,0x000000c35ad00000)]
  0x00000240e55e8b30 JavaThread "Finalizer" daemon [_thread_blocked, id=10820, stack(0x000000c35ad00000,0x000000c35ae00000)]
  0x00000240e5613f20 JavaThread "Signal Dispatcher" daemon [_thread_blocked, id=27352, stack(0x000000c35ae00000,0x000000c35af00000)]
  0x00000240e5616800 JavaThread "Attach Listener" daemon [_thread_blocked, id=14012, stack(0x000000c35af00000,0x000000c35b000000)]
  0x00000240e5617870 JavaThread "Service Thread" daemon [_thread_blocked, id=26760, stack(0x000000c35b000000,0x000000c35b100000)]
  0x00000240e5618140 JavaThread "Monitor Deflation Thread" daemon [_thread_blocked, id=21600, stack(0x000000c35b100000,0x000000c35b200000)]
=>0x00000240e561ad50 JavaThread "C2 CompilerThread0" daemon [_thread_in_native, id=29008, stack(0x000000c35b200000,0x000000c35b300000)]
  0x00000240e561b660 JavaThread "C1 CompilerThread0" daemon [_thread_blocked, id=956, stack(0x000000c35b300000,0x000000c35b400000)]
  0x00000240e561bf70 JavaThread "Sweeper thread" daemon [_thread_blocked, id=27152, stack(0x000000c35b400000,0x000000c35b500000)]
  0x00000240ea863030 JavaThread "Common-Cleaner" daemon [_thread_blocked, id=23220, stack(0x000000c35b500000,0x000000c35b600000)]
  0x00000240ea9c8070 JavaThread "Notification Thread" daemon [_thread_blocked, id=18752, stack(0x000000c35b600000,0x000000c35b700000)]

Other Threads:
  0x00000240e55d60f0 VMThread "VM Thread" [stack: 0x000000c35ab00000,0x000000c35ac00000] [id=2820]
  0x00000240ea9c8db0 WatcherThread [stack: 0x000000c35b700000,0x000000c35b800000] [id=28760]
  0x00000240d17c22b0 GCTaskThread "GC Thread#0" [stack: 0x000000c35aa00000,0x000000c35ab00000] [id=18820]

Threads with active compile tasks:
C2 CompilerThread0     5923  529       4       lombok.patcher.scripts.MethodLevelPatchScript::patch (21 bytes)

VM state: not at safepoint (normal execution)

VM Mutex/Monitor currently owned by a thread:  ([mutex/lock_event])
[0x00000240d17a5f30] Metaspace_lock - owner thread: 0x00000240d17ab720

Heap address: 0x00000000c0000000, size: 1024 MB, Compressed Oops mode: 32-bit

CDS archive(s) not mapped
Compressed class space mapped at: 0x0000000100000000-0x0000000140000000, reserved size: 1073741824
Narrow klass base: 0x0000000000000000, Narrow klass shift: 3, Narrow klass range: 0x140000000

GC Precious Log:
 CPUs: 4 total, 4 available
 Memory: 3879M
 Large Page Support: Disabled
 NUMA Support: Disabled
 Compressed Oops: Enabled (32-bit)
 Alignments: Space 512K, Generation 512K, Heap 2M
 Heap Min Capacity: 100M
 Heap Initial Capacity: 100M
 Heap Max Capacity: 1G
 Pre-touch: Disabled
 Parallel Workers: 4

Heap:
 PSYoungGen      total 29696K, used 11818K [0x00000000eab00000, 0x00000000ecc00000, 0x0000000100000000)
  eden space 25600K, 46% used [0x00000000eab00000,0x00000000eb68a980,0x00000000ec400000)
  from space 4096K, 0% used [0x00000000ec800000,0x00000000ec800000,0x00000000ecc00000)
  to   space 4096K, 0% used [0x00000000ec400000,0x00000000ec400000,0x00000000ec800000)
 ParOldGen       total 68608K, used 0K [0x00000000c0000000, 0x00000000c4300000, 0x00000000eab00000)
  object space 68608K, 0% used [0x00000000c0000000,0x00000000c0000000,0x00000000c4300000)
 Metaspace       used 8285K, committed 8384K, reserved 1114112K
  class space    used 810K, committed 896K, reserved 1048576K

Card table byte_map: [0x00000240d1170000,0x00000240d1380000] _byte_map_base: 0x00000240d0b70000

Marking Bits: (ParMarkBitMap*) 0x00007ff8120dd820
 Begin Bits: [0x00000240e3440000, 0x00000240e4440000)
 End Bits:   [0x00000240e4440000, 0x00000240e5440000)

Polling page: 0x00000240d0f60000

Metaspace:

Usage:
  Non-class:      7.30 MB used.
      Class:    810.73 KB used.
       Both:      8.09 MB used.

Virtual space:
  Non-class space:       64.00 MB reserved,       7.31 MB ( 11%) committed,  1 nodes.
      Class space:        1.00 GB reserved,     896.00 KB ( <1%) committed,  1 nodes.
             Both:        1.06 GB reserved,       8.19 MB ( <1%) committed. 

Chunk freelists:
   Non-Class:  8.00 MB
       Class:  15.09 MB
        Both:  23.09 MB

MaxMetaspaceSize: unlimited
CompressedClassSpaceSize: 1.00 GB
Initial GC threshold: 21.00 MB
Current GC threshold: 21.00 MB
CDS: off
MetaspaceReclaimPolicy: balanced
 - commit_granule_bytes: 65536.
 - commit_granule_words: 8192.
 - virtual_space_node_default_size: 8388608.
 - enlarge_chunks_in_place: 1.
 - new_chunks_are_fully_committed: 0.
 - uncommit_free_chunks: 1.
 - use_allocation_guard: 0.
 - handle_deallocations: 1.


Internal statistics:

num_allocs_failed_limit: 0.
num_arena_births: 10.
num_arena_deaths: 0.
num_vsnodes_births: 2.
num_vsnodes_deaths: 0.
num_space_committed: 131.
num_space_uncommitted: 0.
num_chunks_returned_to_freelist: 0.
num_chunks_taken_from_freelist: 41.
num_chunk_merges: 0.
num_chunk_splits: 23.
num_chunks_enlarged: 22.
num_inconsistent_stats: 0.

CodeHeap 'non-profiled nmethods': size=120000Kb used=181Kb max_used=181Kb free=119818Kb
 bounds [0x00000240dbf10000, 0x00000240dc180000, 0x00000240e3440000]
CodeHeap 'profiled nmethods': size=120000Kb used=789Kb max_used=789Kb free=119210Kb
 bounds [0x00000240d4440000, 0x00000240d46b0000, 0x00000240db970000]
CodeHeap 'non-nmethods': size=5760Kb used=1139Kb max_used=1151Kb free=4620Kb
 bounds [0x00000240db970000, 0x00000240dbbe0000, 0x00000240dbf10000]
 total_blobs=950 nmethods=535 adapters=330
 compilation: enabled
              stopped_count=0, restarted_count=0
 full_count=0

Compilation events (20 events):
Event: 5.791 Thread 0x00000240e561ad50  512       4       java.lang.CharacterData::of (136 bytes)
Event: 5.791 Thread 0x00000240e561b660 nmethod 528 0x00000240d4502d90 code [0x00000240d4502f40, 0x00000240d45031a8]
Event: 5.791 Thread 0x00000240e561ad50 nmethod 512 0x00000240dbf3c510 code [0x00000240dbf3c680, 0x00000240dbf3c6f8]
Event: 5.791 Thread 0x00000240e561ad50  513       4       java.lang.CharacterDataLatin1::digit (32 bytes)
Event: 5.792 Thread 0x00000240e561ad50 nmethod 513 0x00000240dbf3c810 code [0x00000240dbf3c9a0, 0x00000240dbf3ca98]
Event: 5.792 Thread 0x00000240e561ad50  517       4       java.lang.Character::digit (6 bytes)
Event: 5.792 Thread 0x00000240e561ad50 nmethod 517 0x00000240dbf3cb90 code [0x00000240dbf3cd20, 0x00000240dbf3ce18]
Event: 5.792 Thread 0x00000240e561ad50  509       4       java.util.Collections$UnmodifiableCollection$1::next (10 bytes)
Event: 5.797 Thread 0x00000240e561ad50 nmethod 509 0x00000240dbf3cf90 code [0x00000240dbf3d120, 0x00000240dbf3d478]
Event: 5.797 Thread 0x00000240e561ad50  529       4       lombok.patcher.scripts.MethodLevelPatchScript::patch (21 bytes)
Event: 5.801 Thread 0x00000240e561b660  531       3       sun.security.util.DerInputStream::available (10 bytes)
Event: 5.801 Thread 0x00000240e561b660 nmethod 531 0x00000240d4503310 code [0x00000240d45034a0, 0x00000240d45035b8]
Event: 5.805 Thread 0x00000240e561b660  532       3       java.lang.Byte::<init> (10 bytes)
Event: 5.805 Thread 0x00000240e561b660 nmethod 532 0x00000240d4503690 code [0x00000240d4503840, 0x00000240d4503a18]
Event: 5.806 Thread 0x00000240e561b660  533       3       java.util.jar.Manifest$FastInputStream::readLine (296 bytes)
Event: 5.806 Thread 0x00000240e561b660 nmethod 533 0x00000240d4503b10 code [0x00000240d4503d40, 0x00000240d4504648]
Event: 5.807 Thread 0x00000240e561b660  535       3       java.lang.reflect.Modifier::isPublic (12 bytes)
Event: 5.807 Thread 0x00000240e561b660 nmethod 535 0x00000240d4504990 code [0x00000240d4504b20, 0x00000240d4504c78]
Event: 5.808 Thread 0x00000240e561b660  536       3       java.lang.reflect.Modifier::isProtected (12 bytes)
Event: 5.808 Thread 0x00000240e561b660 nmethod 536 0x00000240d4504d10 code [0x00000240d4504ea0, 0x00000240d4504ff8]

GC Heap History (0 events):
No events

Dll operation events (8 events):
Event: 0.185 Loaded shared library c:\Users\55119\.vscode\extensions\redhat.java-1.33.0-win32-x64\jre\17.0.11-win32-x86_64\bin\java.dll
Event: 5.138 Loaded shared library c:\Users\55119\.vscode\extensions\redhat.java-1.33.0-win32-x64\jre\17.0.11-win32-x86_64\bin\zip.dll
Event: 5.210 Loaded shared library C:\Users\55119\.vscode\extensions\redhat.java-1.33.0-win32-x64\jre\17.0.11-win32-x86_64\bin\instrument.dll
Event: 5.265 Loaded shared library C:\Users\55119\.vscode\extensions\redhat.java-1.33.0-win32-x64\jre\17.0.11-win32-x86_64\bin\net.dll
Event: 5.296 Loaded shared library C:\Users\55119\.vscode\extensions\redhat.java-1.33.0-win32-x64\jre\17.0.11-win32-x86_64\bin\nio.dll
Event: 5.314 Loaded shared library C:\Users\55119\.vscode\extensions\redhat.java-1.33.0-win32-x64\jre\17.0.11-win32-x86_64\bin\zip.dll
Event: 5.367 Loaded shared library C:\Users\55119\.vscode\extensions\redhat.java-1.33.0-win32-x64\jre\17.0.11-win32-x86_64\bin\jimage.dll
Event: 5.545 Loaded shared library c:\Users\55119\.vscode\extensions\redhat.java-1.33.0-win32-x64\jre\17.0.11-win32-x86_64\bin\verify.dll

Deoptimization events (20 events):
Event: 5.756 Thread 0x00000240d17ab720 Uncommon trap: trap_request=0xffffffde fr.pc=0x00000240dbf37a2c relative=0x000000000000010c
Event: 5.756 Thread 0x00000240d17ab720 Uncommon trap: reason=class_check action=maybe_recompile pc=0x00000240dbf37a2c method=jdk.internal.misc.Unsafe.allocateUninitializedArray(Ljava/lang/Class;I)Ljava/lang/Object; @ 51 c2
Event: 5.756 Thread 0x00000240d17ab720 DEOPT PACKING pc=0x00000240dbf37a2c sp=0x000000c35a9fbb20
Event: 5.756 Thread 0x00000240d17ab720 DEOPT UNPACKING pc=0x00000240db9c9ea3 sp=0x000000c35a9fbaa8 mode 2
Event: 5.756 Thread 0x00000240d17ab720 Uncommon trap: trap_request=0xffffffde fr.pc=0x00000240dbf37a2c relative=0x000000000000010c
Event: 5.756 Thread 0x00000240d17ab720 Uncommon trap: reason=class_check action=maybe_recompile pc=0x00000240dbf37a2c method=jdk.internal.misc.Unsafe.allocateUninitializedArray(Ljava/lang/Class;I)Ljava/lang/Object; @ 51 c2
Event: 5.756 Thread 0x00000240d17ab720 DEOPT PACKING pc=0x00000240dbf37a2c sp=0x000000c35a9fbb20
Event: 5.756 Thread 0x00000240d17ab720 DEOPT UNPACKING pc=0x00000240db9c9ea3 sp=0x000000c35a9fbaa8 mode 2
Event: 5.756 Thread 0x00000240d17ab720 Uncommon trap: trap_request=0xffffffde fr.pc=0x00000240dbf37a2c relative=0x000000000000010c
Event: 5.756 Thread 0x00000240d17ab720 Uncommon trap: reason=class_check action=maybe_recompile pc=0x00000240dbf37a2c method=jdk.internal.misc.Unsafe.allocateUninitializedArray(Ljava/lang/Class;I)Ljava/lang/Object; @ 51 c2
Event: 5.756 Thread 0x00000240d17ab720 DEOPT PACKING pc=0x00000240dbf37a2c sp=0x000000c35a9fbb60
Event: 5.756 Thread 0x00000240d17ab720 DEOPT UNPACKING pc=0x00000240db9c9ea3 sp=0x000000c35a9fbae8 mode 2
Event: 5.766 Thread 0x00000240d17ab720 Uncommon trap: trap_request=0xffffff45 fr.pc=0x00000240dbf25f40 relative=0x00000000000000c0
Event: 5.766 Thread 0x00000240d17ab720 Uncommon trap: reason=unstable_if action=reinterpret pc=0x00000240dbf25f40 method=java.net.URI.match(CJJ)Z @ 45 c2
Event: 5.766 Thread 0x00000240d17ab720 DEOPT PACKING pc=0x00000240dbf25f40 sp=0x000000c35a9fcd50
Event: 5.766 Thread 0x00000240d17ab720 DEOPT UNPACKING pc=0x00000240db9c9ea3 sp=0x000000c35a9fccd8 mode 2
Event: 5.778 Thread 0x00000240d17ab720 Uncommon trap: trap_request=0xffffff45 fr.pc=0x00000240dbf383cc relative=0x00000000000005cc
Event: 5.778 Thread 0x00000240d17ab720 Uncommon trap: reason=unstable_if action=reinterpret pc=0x00000240dbf383cc method=java.lang.String.replace(Ljava/lang/CharSequence;Ljava/lang/CharSequence;)Ljava/lang/String; @ 48 c2
Event: 5.778 Thread 0x00000240d17ab720 DEOPT PACKING pc=0x00000240dbf383cc sp=0x000000c35a9fccd0
Event: 5.778 Thread 0x00000240d17ab720 DEOPT UNPACKING pc=0x00000240db9c9ea3 sp=0x000000c35a9fcc40 mode 2

Classes unloaded (0 events):
No events

Classes redefined (0 events):
No events

Internal exceptions (2 events):
Event: 5.066 Thread 0x00000240d17ab720 Exception <a 'java/lang/NoSuchMethodError'{0x00000000eacb4d80}: 'void java.lang.invoke.DirectMethodHandle$Holder.invokeStatic(java.lang.Object, java.lang.Object, java.lang.Object)'> (0x00000000eacb4d80) 
thrown [s\src\hotspot\share\interpreter\linkResolver.cpp, line 759]
Event: 5.586 Thread 0x00000240d17ab720 Exception <a 'java/lang/reflect/InvocationTargetException'{0x00000000eafe9470}> (0x00000000eafe9470) 
thrown [s\src\hotspot\share\runtime\reflection.cpp, line 1121]

VM Operations (6 events):
Event: 4.605 Executing VM operation: Cleanup
Event: 4.606 Executing VM operation: Cleanup done
Event: 5.096 Executing VM operation: HandshakeAllThreads
Event: 5.096 Executing VM operation: HandshakeAllThreads done
Event: 5.397 Executing VM operation: HandshakeAllThreads
Event: 5.397 Executing VM operation: HandshakeAllThreads done

Events (20 events):
Event: 5.813 loading class sun/security/provider/SHA2 done
Event: 5.813 loading class sun/security/provider/SHA2$SHA256 done
Event: 5.813 loading class java/security/MessageDigest$Delegate
Event: 5.813 loading class sun/security/util/MessageDigestSpi2
Event: 5.814 loading class sun/security/util/MessageDigestSpi2 done
Event: 5.814 loading class java/security/MessageDigest$Delegate done
Event: 5.814 loading class java/security/MessageDigest$Delegate$CloneableDelegate
Event: 5.814 loading class java/security/MessageDigest$Delegate$CloneableDelegate done
Event: 5.814 loading class sun/security/provider/ByteArrayAccess
Event: 5.815 loading class sun/security/provider/ByteArrayAccess done
Event: 5.815 loading class sun/security/provider/ByteArrayAccess$BE
Event: 5.815 loading class sun/security/provider/ByteArrayAccess$BE done
Event: 5.815 loading class java/lang/invoke/VarHandleByteArrayAsInts$ArrayHandle
Event: 5.815 loading class java/lang/invoke/VarHandleByteArrayAsInts$ByteArrayViewVarHandle
Event: 5.816 loading class java/lang/invoke/VarHandleByteArrayAsInts$ByteArrayViewVarHandle done
Event: 5.816 loading class java/lang/invoke/VarHandleByteArrayAsInts$ArrayHandle done
Event: 5.816 loading class java/lang/ArrayIndexOutOfBoundsException
Event: 5.816 loading class java/lang/IndexOutOfBoundsException
Event: 5.816 loading class java/lang/IndexOutOfBoundsException done
Event: 5.816 loading class java/lang/ArrayIndexOutOfBoundsException done


Dynamic libraries:
0x00007ff6cf6d0000 - 0x00007ff6cf6de000 	c:\Users\55119\.vscode\extensions\redhat.java-1.33.0-win32-x64\jre\17.0.11-win32-x86_64\bin\java.exe
0x00007ff89f840000 - 0x00007ff89fa49000 	C:\Windows\SYSTEM32\ntdll.dll
0x00007ff873fa0000 - 0x00007ff873fba000 	C:\Program Files\Avast Software\Avast\aswhook.dll
0x00007ff89e630000 - 0x00007ff89e6ed000 	C:\Windows\System32\KERNEL32.DLL
0x00007ff89d030000 - 0x00007ff89d3b4000 	C:\Windows\System32\KERNELBASE.dll
0x00007ff89cd50000 - 0x00007ff89ce61000 	C:\Windows\System32\ucrtbase.dll
0x00007ff891b10000 - 0x00007ff891b27000 	c:\Users\55119\.vscode\extensions\redhat.java-1.33.0-win32-x64\jre\17.0.11-win32-x86_64\bin\jli.dll
0x00007ff891a50000 - 0x00007ff891a6b000 	c:\Users\55119\.vscode\extensions\redhat.java-1.33.0-win32-x64\jre\17.0.11-win32-x86_64\bin\VCRUNTIME140.dll
0x00007ff889a60000 - 0x00007ff889d05000 	C:\Windows\WinSxS\amd64_microsoft.windows.common-controls_6595b64144ccf1df_6.0.22000.120_none_9d947278b86cc467\COMCTL32.dll
0x00007ff89f3b0000 - 0x00007ff89f55d000 	C:\Windows\System32\USER32.dll
0x00007ff89e900000 - 0x00007ff89e9a3000 	C:\Windows\System32\msvcrt.dll
0x00007ff89cf90000 - 0x00007ff89cfb6000 	C:\Windows\System32\win32u.dll
0x00007ff89d690000 - 0x00007ff89d6ba000 	C:\Windows\System32\GDI32.dll
0x00007ff89ce70000 - 0x00007ff89cf8e000 	C:\Windows\System32\gdi32full.dll
0x00007ff89d3c0000 - 0x00007ff89d45d000 	C:\Windows\System32\msvcp_win.dll
0x00007ff89e8c0000 - 0x00007ff89e8f1000 	C:\Windows\System32\IMM32.DLL
0x00007ff892900000 - 0x00007ff89290c000 	c:\Users\55119\.vscode\extensions\redhat.java-1.33.0-win32-x64\jre\17.0.11-win32-x86_64\bin\vcruntime140_1.dll
0x00007ff874570000 - 0x00007ff8745fd000 	c:\Users\55119\.vscode\extensions\redhat.java-1.33.0-win32-x64\jre\17.0.11-win32-x86_64\bin\msvcp140.dll
0x00007ff811540000 - 0x00007ff8121a2000 	c:\Users\55119\.vscode\extensions\redhat.java-1.33.0-win32-x64\jre\17.0.11-win32-x86_64\bin\server\jvm.dll
0x00007ff89db20000 - 0x00007ff89dbce000 	C:\Windows\System32\ADVAPI32.dll
0x00007ff89d8f0000 - 0x00007ff89d98e000 	C:\Windows\System32\sechost.dll
0x00007ff89dbd0000 - 0x00007ff89dcf1000 	C:\Windows\System32\RPCRT4.dll
0x00007ff89b760000 - 0x00007ff89b7ad000 	C:\Windows\SYSTEM32\POWRPROF.dll
0x00007ff887420000 - 0x00007ff887429000 	C:\Windows\SYSTEM32\WSOCK32.dll
0x00007ff89f5d0000 - 0x00007ff89f63f000 	C:\Windows\System32\WS2_32.dll
0x00007ff891f80000 - 0x00007ff891f8a000 	C:\Windows\SYSTEM32\VERSION.dll
0x00007ff893470000 - 0x00007ff8934a3000 	C:\Windows\SYSTEM32\WINMM.dll
0x00007ff89b740000 - 0x00007ff89b753000 	C:\Windows\SYSTEM32\UMPDC.dll
0x00007ff89be30000 - 0x00007ff89be48000 	C:\Windows\SYSTEM32\kernel.appcore.dll
0x00007ff890990000 - 0x00007ff89099a000 	c:\Users\55119\.vscode\extensions\redhat.java-1.33.0-win32-x64\jre\17.0.11-win32-x86_64\bin\jimage.dll
0x00007ff89a6e0000 - 0x00007ff89a901000 	C:\Windows\SYSTEM32\DBGHELP.DLL
0x00007ff891150000 - 0x00007ff891181000 	C:\Windows\SYSTEM32\dbgcore.DLL
0x00007ff89ccd0000 - 0x00007ff89cd4f000 	C:\Windows\System32\bcryptPrimitives.dll
0x00007ff88f070000 - 0x00007ff88f07e000 	c:\Users\55119\.vscode\extensions\redhat.java-1.33.0-win32-x64\jre\17.0.11-win32-x86_64\bin\instrument.dll
0x00007ff880ac0000 - 0x00007ff880ae5000 	c:\Users\55119\.vscode\extensions\redhat.java-1.33.0-win32-x64\jre\17.0.11-win32-x86_64\bin\java.dll
0x00007ff8809b0000 - 0x00007ff8809c8000 	c:\Users\55119\.vscode\extensions\redhat.java-1.33.0-win32-x64\jre\17.0.11-win32-x86_64\bin\zip.dll
0x00007ff89dd00000 - 0x00007ff89e4c5000 	C:\Windows\System32\SHELL32.dll
0x00007ff89ada0000 - 0x00007ff89b602000 	C:\Windows\SYSTEM32\windows.storage.dll
0x00007ff89ef40000 - 0x00007ff89f2b6000 	C:\Windows\System32\combase.dll
0x00007ff89ac30000 - 0x00007ff89ad97000 	C:\Windows\SYSTEM32\wintypes.dll
0x00007ff89e9c0000 - 0x00007ff89eaaa000 	C:\Windows\System32\SHCORE.dll
0x00007ff89f350000 - 0x00007ff89f3ad000 	C:\Windows\System32\shlwapi.dll
0x00007ff89cc00000 - 0x00007ff89cc25000 	C:\Windows\SYSTEM32\profapi.dll
0x00007ff87f5f0000 - 0x00007ff87f609000 	C:\Users\55119\.vscode\extensions\redhat.java-1.33.0-win32-x64\jre\17.0.11-win32-x86_64\bin\net.dll
0x00007ff8955c0000 - 0x00007ff8956d4000 	C:\Windows\SYSTEM32\WINHTTP.dll
0x00007ff89c2e0000 - 0x00007ff89c347000 	C:\Windows\system32\mswsock.dll
0x00007ff87c3b0000 - 0x00007ff87c3c6000 	C:\Users\55119\.vscode\extensions\redhat.java-1.33.0-win32-x64\jre\17.0.11-win32-x86_64\bin\nio.dll
0x00007ff889fc0000 - 0x00007ff889fd0000 	c:\Users\55119\.vscode\extensions\redhat.java-1.33.0-win32-x64\jre\17.0.11-win32-x86_64\bin\verify.dll

dbghelp: loaded successfully - version: 4.0.5 - missing functions: none
symbol engine: initialized successfully - sym options: 0x614 - pdb path: .;c:\Users\55119\.vscode\extensions\redhat.java-1.33.0-win32-x64\jre\17.0.11-win32-x86_64\bin;C:\Windows\SYSTEM32;C:\Program Files\Avast Software\Avast;C:\Windows\WinSxS\amd64_microsoft.windows.common-controls_6595b64144ccf1df_6.0.22000.120_none_9d947278b86cc467;c:\Users\55119\.vscode\extensions\redhat.java-1.33.0-win32-x64\jre\17.0.11-win32-x86_64\bin\server

VM Arguments:
jvm_args: --add-modules=ALL-SYSTEM --add-opens=java.base/java.util=ALL-UNNAMED --add-opens=java.base/java.lang=ALL-UNNAMED --add-opens=java.base/sun.nio.fs=ALL-UNNAMED -Declipse.application=org.eclipse.jdt.ls.core.id1 -Dosgi.bundles.defaultStartLevel=4 -Declipse.product=org.eclipse.jdt.ls.core.product -Djava.import.generatesMetadataFilesAtProjectRoot=false -DDetectVMInstallationsJob.disabled=true -Dfile.encoding=utf8 -XX:+UseParallelGC -XX:GCTimeRatio=4 -XX:AdaptiveSizePolicyWeight=90 -Dsun.zip.disableMemoryMapping=true -Xmx1G -Xms100m -Xlog:disable -javaagent:c:\Users\55119\.vscode\extensions\redhat.java-1.33.0-win32-x64\lombok\lombok-1.18.33.jar -XX:+HeapDumpOnOutOfMemoryError -XX:HeapDumpPath=c:\Users\55119\AppData\Roaming\Code\User\workspaceStorage\ed399de286a856b5668f17e944be6a14\redhat.java -Daether.dependencyCollector.impl=bf 
java_command: c:\Users\55119\.vscode\extensions\redhat.java-1.33.0-win32-x64\server\plugins\org.eclipse.equinox.launcher_1.6.900.v20240613-2009.jar -configuration c:\Users\55119\AppData\Roaming\Code\User\globalStorage\redhat.java\1.33.0\config_win -data c:\Users\55119\AppData\Roaming\Code\User\workspaceStorage\ed399de286a856b5668f17e944be6a14\redhat.java\jdt_ws --pipe=\\.\pipe\lsp-dd23ae31e862f4f9f6a9b7a20b337433-sock
java_class_path (initial): c:\Users\55119\.vscode\extensions\redhat.java-1.33.0-win32-x64\server\plugins\org.eclipse.equinox.launcher_1.6.900.v20240613-2009.jar
Launcher Type: SUN_STANDARD

[Global flags]
    uintx AdaptiveSizePolicyWeight                 = 90                                        {product} {command line}
     intx CICompilerCount                          = 3                                         {product} {ergonomic}
    uintx GCTimeRatio                              = 4                                         {product} {command line}
     bool HeapDumpOnOutOfMemoryError               = true                                   {manageable} {command line}
    ccstr HeapDumpPath                             = c:\Users\55119\AppData\Roaming\Code\User\workspaceStorage\ed399de286a856b5668f17e944be6a14\redhat.java         {manageable} {command line}
   size_t InitialHeapSize                          = 104857600                                 {product} {command line}
   size_t MaxHeapSize                              = 1073741824                                {product} {command line}
   size_t MaxNewSize                               = 357564416                                 {product} {ergonomic}
   size_t MinHeapDeltaBytes                        = 524288                                    {product} {ergonomic}
   size_t MinHeapSize                              = 104857600                                 {product} {command line}
   size_t NewSize                                  = 34603008                                  {product} {ergonomic}
    uintx NonNMethodCodeHeapSize                   = 5832780                                {pd product} {ergonomic}
    uintx NonProfiledCodeHeapSize                  = 122912730                              {pd product} {ergonomic}
   size_t OldSize                                  = 70254592                                  {product} {ergonomic}
    uintx ProfiledCodeHeapSize                     = 122912730                              {pd product} {ergonomic}
    uintx ReservedCodeCacheSize                    = 251658240                              {pd product} {ergonomic}
     bool SegmentedCodeCache                       = true                                      {product} {ergonomic}
   size_t SoftMaxHeapSize                          = 1073741824                             {manageable} {ergonomic}
     bool UseCompressedClassPointers               = true                           {product lp64_product} {ergonomic}
     bool UseCompressedOops                        = true                           {product lp64_product} {ergonomic}
     bool UseLargePagesIndividualAllocation        = false                                  {pd product} {ergonomic}
     bool UseParallelGC                            = true                                      {product} {command line}

Logging:
Log output configuration:
 #0: stdout all=off uptime,level,tags
 #1: stderr all=off uptime,level,tags

Environment Variables:
PATH=C:\Program Files\Common Files\Oracle\Java\javapath;C:\ProgramData\Oracle\Java\javapath;C:\Windows\system32;C:\Windows;C:\Windows\System32\Wbem;C:\Windows\System32\WindowsPowerShell\v1.0\;C:\Windows\System32\OpenSSH\;C:\Program Files\dotnet\;C:\Program Files\Git\cmd;C:\Program Files\PuTTY\;C:\Program Files\nodejs\;C:\php-8.2.20-nts-Win32-vs16-x64\;C:\composer;C:\Users\55119\AppData\Local\Microsoft\WindowsApps;C:\Users\55119\AppData\Local\Programs\Microsoft VS Code\bin;C:\Users\55119\AppData\Local\GitHubDesktop\bin;C:\Program Files\MySQL\MySQL Server 8.0\bin;C:\mongosh-1.8.2\bin;C:\Program Files\MongoDB\Server\6.0\bin;C:\Program Files (x86)\sqlite3;C:\Users\55119\AppData\Roaming\npm;C:\php-8.2.20-nts-Win32-vs16-x64\;C:\Users\55119\AppData\Roaming\Composer\vendor\bin
USERNAME=gabriel
OS=Windows_NT
PROCESSOR_IDENTIFIER=Intel64 Family 6 Model 140 Stepping 2, GenuineIntel
TMP=C:\Users\55119\AppData\Local\Temp
TEMP=C:\Users\55119\AppData\Local\Temp



Periodic native trim disabled


---------------  S Y S T E M  ---------------

OS:
 Windows 11 , 64 bit Build 22000 (10.0.22000.2538)
OS uptime: 0 days 7:52 hours

CPU: total 4 (initial active 4) (2 cores per cpu, 2 threads per core) family 6 model 140 stepping 2 microcode 0x26, cx8, cmov, fxsr, ht, mmx, 3dnowpref, sse, sse2, sse3, ssse3, sse4.1, sse4.2, popcnt, lzcnt, tsc, tscinvbit, avx, avx2, aes, erms, clmul, bmi1, bmi2, adx, avx512f, avx512dq, avx512cd, avx512bw, avx512vl, sha, fma, vzeroupper, avx512_vpopcntdq, avx512_vpclmulqdq, avx512_vaes, avx512_vnni, clflush, clflushopt, clwb, avx512_vbmi2, avx512_vbmi
Processor Information for all 4 processors :
  Max Mhz: 2995, Current Mhz: 2995, Mhz Limit: 2995

Memory: 4k page, system-wide physical 3879M (37M free)
TotalPageFile size 15655M (AvailPageFile size 0M)
current process WorkingSet (physical memory assigned to process): 43M, peak: 43M
current process commit charge ("private bytes"): 179M, peak: 179M

vm_info: OpenJDK 64-Bit Server VM (17.0.11+9) for windows-amd64 JRE (17.0.11+9), built on Apr 17 2024 06:07:48 by "admin" with MS VC++ 16.10 / 16.11 (VS2019)

END.
