#
# There is insufficient memory for the Java Runtime Environment to continue.
# Native memory allocation (malloc) failed to allocate 1277296 bytes. Error detail: Chunk::new
# Possible reasons:
#   The system is out of physical RAM or swap space
#   This process is running with CompressedOops enabled, and the Java Heap may be blocking the growth of the native heap
# Possible solutions:
#   Reduce memory load on the system
#   Increase physical memory or swap space
#   Check if swap backing store is full
#   Decrease Java heap size (-Xmx/-Xms)
#   Decrease number of Java threads
#   Decrease Java thread stack sizes (-Xss)
#   Set larger code cache with -XX:ReservedCodeCacheSize=
#   JVM is running with Unscaled Compressed Oops mode in which the Java heap is
#     placed in the first 4GB address space. The Java Heap base address is the
#     maximum limit for the native heap growth. Please use -XX:HeapBaseMinAddress
#     to set the Java Heap base and to place the Java Heap above 4GB virtual address.
# This output file may be truncated or incomplete.
#
#  Out of Memory Error (arena.cpp:191), pid=28648, tid=29180
#
# JRE version: OpenJDK Runtime Environment Temurin-17.0.11+9 (17.0.11+9) (build 17.0.11+9)
# Java VM: OpenJDK 64-Bit Server VM Temurin-17.0.11+9 (17.0.11+9, mixed mode, tiered, compressed oops, compressed class ptrs, parallel gc, windows-amd64)
# No core dump will be written. Minidumps are not enabled by default on client versions of Windows
#

---------------  S U M M A R Y ------------

Command Line: --add-modules=ALL-SYSTEM --add-opens=java.base/java.util=ALL-UNNAMED --add-opens=java.base/java.lang=ALL-UNNAMED --add-opens=java.base/sun.nio.fs=ALL-UNNAMED -Declipse.application=org.eclipse.jdt.ls.core.id1 -Dosgi.bundles.defaultStartLevel=4 -Declipse.product=org.eclipse.jdt.ls.core.product -Djava.import.generatesMetadataFilesAtProjectRoot=false -DDetectVMInstallationsJob.disabled=true -Dfile.encoding=utf8 -XX:+UseParallelGC -XX:GCTimeRatio=4 -XX:AdaptiveSizePolicyWeight=90 -Dsun.zip.disableMemoryMapping=true -Xmx1G -Xms100m -Xlog:disable -javaagent:c:\Users\55119\.vscode\extensions\redhat.java-1.33.0-win32-x64\lombok\lombok-1.18.33.jar -XX:+HeapDumpOnOutOfMemoryError -XX:HeapDumpPath=c:\Users\55119\AppData\Roaming\Code\User\workspaceStorage\ed399de286a856b5668f17e944be6a14\redhat.java -Daether.dependencyCollector.impl=bf c:\Users\55119\.vscode\extensions\redhat.java-1.33.0-win32-x64\server\plugins\org.eclipse.equinox.launcher_1.6.900.v20240613-2009.jar -configuration c:\Users\55119\AppData\Roaming\Code\User\globalStorage\redhat.java\1.33.0\config_win -data c:\Users\55119\AppData\Roaming\Code\User\workspaceStorage\ed399de286a856b5668f17e944be6a14\redhat.java\jdt_ws --pipe=\\.\pipe\lsp-e33956ba79d4071c51d8cf17a4bed9a7-sock

Host: 11th Gen Intel(R) Core(TM) i3-1115G4 @ 3.00GHz, 4 cores, 3G,  Windows 11 , 64 bit Build 22000 (10.0.22000.2538)
Time: Tue Aug 20 01:14:38 2024 Hora oficial do Brasil elapsed time: 94.539974 seconds (0d 0h 1m 34s)

---------------  T H R E A D  ---------------

Current thread (0x000001c01dc55600):  JavaThread "C2 CompilerThread0" daemon [_thread_in_native, id=29180, stack(0x0000002ec2400000,0x0000002ec2500000)]


Current CompileTask:
C2:  94540 12266       4       org.eclipse.jdt.internal.compiler.parser.Parser::consumeRule (7920 bytes)

Stack: [0x0000002ec2400000,0x0000002ec2500000]
Native frames: (J=compiled Java code, j=interpreted, Vv=VM code, C=native code)
V  [jvm.dll+0x67d429]
V  [jvm.dll+0x834b7a]
V  [jvm.dll+0x83663e]
V  [jvm.dll+0x836ca3]
V  [jvm.dll+0x247dbf]
V  [jvm.dll+0xac534]
V  [jvm.dll+0xacb7c]
V  [jvm.dll+0x3665f2]
V  [jvm.dll+0x330bba]
V  [jvm.dll+0x33005a]
V  [jvm.dll+0x21a471]
V  [jvm.dll+0x2198b1]
V  [jvm.dll+0x1a534d]
V  [jvm.dll+0x2295cd]
V  [jvm.dll+0x22779c]
V  [jvm.dll+0x7e9d07]
V  [jvm.dll+0x7e410a]
V  [jvm.dll+0x67c315]
C  [ucrtbase.dll+0x26c0c]
C  [KERNEL32.DLL+0x153e0]
C  [ntdll.dll+0x485b]


---------------  P R O C E S S  ---------------

Threads class SMR info:
_java_thread_list=0x000001c026118670, length=42, elements={
0x000001c009dda2a0, 0x000001c009e87f30, 0x000001c009e88c80, 0x000001c01dc47f20,
0x000001c01dc4a800, 0x000001c01dc4b870, 0x000001c01dc4fde0, 0x000001c01dc55600,
0x000001c01dc56370, 0x000001c01dc56890, 0x000001c022e766d0, 0x000001c023121a20,
0x000001c02371df50, 0x000001c023bc91b0, 0x000001c023bae9b0, 0x000001c023f232f0,
0x000001c023be7f10, 0x000001c023fec570, 0x000001c023feb130, 0x000001c023fedec0,
0x000001c023fecf90, 0x000001c023feb640, 0x000001c023fed4a0, 0x000001c023fee8e0,
0x000001c023febb50, 0x000001c023fec060, 0x000001c023feca80, 0x000001c02484bf90,
0x000001c02484cec0, 0x000001c02484ddf0, 0x000001c02484ed20, 0x000001c02484ba80,
0x000001c02484b570, 0x000001c02484e300, 0x000001c02484f230, 0x000001c024851ab0,
0x000001c024851090, 0x000001c02484d3d0, 0x000001c0248515a0, 0x000001c0248529e0,
0x000001c024001660, 0x000001c023ffe3c0
}

Java Threads: ( => current thread )
  0x000001c009dda2a0 JavaThread "main" [_thread_blocked, id=17768, stack(0x0000002ec1b00000,0x0000002ec1c00000)]
  0x000001c009e87f30 JavaThread "Reference Handler" daemon [_thread_blocked, id=25176, stack(0x0000002ec1e00000,0x0000002ec1f00000)]
  0x000001c009e88c80 JavaThread "Finalizer" daemon [_thread_blocked, id=31432, stack(0x0000002ec1f00000,0x0000002ec2000000)]
  0x000001c01dc47f20 JavaThread "Signal Dispatcher" daemon [_thread_blocked, id=24396, stack(0x0000002ec2000000,0x0000002ec2100000)]
  0x000001c01dc4a800 JavaThread "Attach Listener" daemon [_thread_blocked, id=25004, stack(0x0000002ec2100000,0x0000002ec2200000)]
  0x000001c01dc4b870 JavaThread "Service Thread" daemon [_thread_blocked, id=27524, stack(0x0000002ec2200000,0x0000002ec2300000)]
  0x000001c01dc4fde0 JavaThread "Monitor Deflation Thread" daemon [_thread_blocked, id=30636, stack(0x0000002ec2300000,0x0000002ec2400000)]
=>0x000001c01dc55600 JavaThread "C2 CompilerThread0" daemon [_thread_in_native, id=29180, stack(0x0000002ec2400000,0x0000002ec2500000)]
  0x000001c01dc56370 JavaThread "C1 CompilerThread0" daemon [_thread_blocked, id=9860, stack(0x0000002ec2500000,0x0000002ec2600000)]
  0x000001c01dc56890 JavaThread "Sweeper thread" daemon [_thread_blocked, id=21776, stack(0x0000002ec2600000,0x0000002ec2700000)]
  0x000001c022e766d0 JavaThread "Common-Cleaner" daemon [_thread_blocked, id=16212, stack(0x0000002ec2700000,0x0000002ec2800000)]
  0x000001c023121a20 JavaThread "Notification Thread" daemon [_thread_blocked, id=7504, stack(0x0000002ec2800000,0x0000002ec2900000)]
  0x000001c02371df50 JavaThread "Active Thread: Equinox Container: 0309f4d1-fad0-4b14-9805-071319f7329d" [_thread_blocked, id=28064, stack(0x0000002ec2d00000,0x0000002ec2e00000)]
  0x000001c023bc91b0 JavaThread "Framework Event Dispatcher: Equinox Container: 0309f4d1-fad0-4b14-9805-071319f7329d" daemon [_thread_blocked, id=5628, stack(0x0000002ec2e00000,0x0000002ec2f00000)]
  0x000001c023bae9b0 JavaThread "Start Level: Equinox Container: 0309f4d1-fad0-4b14-9805-071319f7329d" daemon [_thread_blocked, id=29580, stack(0x0000002ec2f00000,0x0000002ec3000000)]
  0x000001c023f232f0 JavaThread "Bundle File Closer" daemon [_thread_blocked, id=16652, stack(0x0000002ec3000000,0x0000002ec3100000)]
  0x000001c023be7f10 JavaThread "SCR Component Actor" daemon [_thread_blocked, id=22224, stack(0x0000002ec3100000,0x0000002ec3200000)]
  0x000001c023fec570 JavaThread "Worker-JM" [_thread_blocked, id=31252, stack(0x0000002ec3300000,0x0000002ec3400000)]
  0x000001c023feb130 JavaThread "JNA Cleaner" daemon [_thread_blocked, id=26616, stack(0x0000002ec3400000,0x0000002ec3500000)]
  0x000001c023fedec0 JavaThread "Worker-0" [_thread_blocked, id=28148, stack(0x0000002ec3500000,0x0000002ec3600000)]
  0x000001c023fecf90 JavaThread "Worker-1" [_thread_blocked, id=25304, stack(0x0000002ec3600000,0x0000002ec3700000)]
  0x000001c023feb640 JavaThread "Java indexing" daemon [_thread_blocked, id=31200, stack(0x0000002ec3700000,0x0000002ec3800000)]
  0x000001c023fed4a0 JavaThread "Thread-2" daemon [_thread_in_native, id=20812, stack(0x0000002ec3800000,0x0000002ec3900000)]
  0x000001c023fee8e0 JavaThread "Thread-3" daemon [_thread_in_native, id=30232, stack(0x0000002ec3900000,0x0000002ec3a00000)]
  0x000001c023febb50 JavaThread "Thread-4" daemon [_thread_in_native, id=22336, stack(0x0000002ec3a00000,0x0000002ec3b00000)]
  0x000001c023fec060 JavaThread "Thread-5" daemon [_thread_in_native, id=11036, stack(0x0000002ec3b00000,0x0000002ec3c00000)]
  0x000001c023feca80 JavaThread "Thread-6" daemon [_thread_in_native, id=30012, stack(0x0000002ec3c00000,0x0000002ec3d00000)]
  0x000001c02484bf90 JavaThread "pool-2-thread-1" [_thread_blocked, id=13280, stack(0x0000002ec3d00000,0x0000002ec3e00000)]
  0x000001c02484cec0 JavaThread "Worker-2" [_thread_blocked, id=28764, stack(0x0000002ec3e00000,0x0000002ec3f00000)]
  0x000001c02484ddf0 JavaThread "WorkspaceEventsHandler" [_thread_blocked, id=25188, stack(0x0000002ec3f00000,0x0000002ec4000000)]
  0x000001c02484ed20 JavaThread "pool-1-thread-1" [_thread_blocked, id=31680, stack(0x0000002ec4000000,0x0000002ec4100000)]
  0x000001c02484ba80 JavaThread "Worker-3" [_thread_blocked, id=31232, stack(0x0000002ec4100000,0x0000002ec4200000)]
  0x000001c02484b570 JavaThread "Worker-4" [_thread_blocked, id=26488, stack(0x0000002ec3200000,0x0000002ec3300000)]
  0x000001c02484e300 JavaThread "Compiler Source File Reader" daemon [_thread_blocked, id=25092, stack(0x0000002ec4200000,0x0000002ec4300000)]
  0x000001c02484f230 JavaThread "Compiler Source File Reader" daemon [_thread_blocked, id=31160, stack(0x0000002ec4300000,0x0000002ec4400000)]
  0x000001c024851ab0 JavaThread "ForkJoinPool.commonPool-worker-1" daemon [_thread_blocked, id=27796, stack(0x0000002ec4400000,0x0000002ec4500000)]
  0x000001c024851090 JavaThread "ForkJoinPool.commonPool-worker-2" daemon [_thread_blocked, id=20960, stack(0x0000002ec4500000,0x0000002ec4600000)]
  0x000001c02484d3d0 JavaThread "ForkJoinPool.commonPool-worker-3" daemon [_thread_blocked, id=30896, stack(0x0000002ec4600000,0x0000002ec4700000)]
  0x000001c0248515a0 JavaThread "Cleaner-0" daemon [_thread_blocked, id=29908, stack(0x0000002ec4800000,0x0000002ec4900000)]
  0x000001c0248529e0 JavaThread "Java Debug Server" daemon [_thread_in_native, id=16680, stack(0x0000002ec4b00000,0x0000002ec4c00000)]
  0x000001c024001660 JavaThread "RxSchedulerPurge-1" daemon [_thread_blocked, id=2432, stack(0x0000002ec4d00000,0x0000002ec4e00000)]
  0x000001c023ffe3c0 JavaThread "RxCachedWorkerPoolEvictor-1" daemon [_thread_blocked, id=3984, stack(0x0000002ec4e00000,0x0000002ec4f00000)]

Other Threads:
  0x000001c01dc0d080 VMThread "VM Thread" [stack: 0x0000002ec1d00000,0x0000002ec1e00000] [id=9088]
  0x000001c023121f00 WatcherThread [stack: 0x0000002ec2900000,0x0000002ec2a00000] [id=31312]
  0x000001c009deee10 GCTaskThread "GC Thread#0" [stack: 0x0000002ec1c00000,0x0000002ec1d00000] [id=30120]
  0x000001c0235472d0 GCTaskThread "GC Thread#1" [stack: 0x0000002ec2a00000,0x0000002ec2b00000] [id=16196]
  0x000001c02363b450 GCTaskThread "GC Thread#2" [stack: 0x0000002ec2b00000,0x0000002ec2c00000] [id=30396]
  0x000001c02363bb20 GCTaskThread "GC Thread#3" [stack: 0x0000002ec2c00000,0x0000002ec2d00000] [id=16668]

Threads with active compile tasks:
C2 CompilerThread0    94663 12266       4       org.eclipse.jdt.internal.compiler.parser.Parser::consumeRule (7920 bytes)

VM state: not at safepoint (normal execution)

VM Mutex/Monitor currently owned by a thread: None

Heap address: 0x00000000c0000000, size: 1024 MB, Compressed Oops mode: 32-bit

CDS archive(s) not mapped
Compressed class space mapped at: 0x0000000100000000-0x0000000140000000, reserved size: 1073741824
Narrow klass base: 0x0000000000000000, Narrow klass shift: 3, Narrow klass range: 0x140000000

GC Precious Log:
 CPUs: 4 total, 4 available
 Memory: 3879M
 Large Page Support: Disabled
 NUMA Support: Disabled
 Compressed Oops: Enabled (32-bit)
 Alignments: Space 512K, Generation 512K, Heap 2M
 Heap Min Capacity: 100M
 Heap Initial Capacity: 100M
 Heap Max Capacity: 1G
 Pre-touch: Disabled
 Parallel Workers: 4

Heap:
 PSYoungGen      total 16896K, used 12428K [0x00000000eab00000, 0x00000000ed180000, 0x0000000100000000)
  eden space 14848K, 70% used [0x00000000eab00000,0x00000000eb527368,0x00000000eb980000)
  from space 2048K, 99% used [0x00000000eb980000,0x00000000ebb7c060,0x00000000ebb80000)
  to   space 12288K, 0% used [0x00000000ec580000,0x00000000ec580000,0x00000000ed180000)
 ParOldGen       total 75264K, used 61466K [0x00000000c0000000, 0x00000000c4980000, 0x00000000eab00000)
  object space 75264K, 81% used [0x00000000c0000000,0x00000000c3c06858,0x00000000c4980000)
 Metaspace       used 78468K, committed 79872K, reserved 1179648K
  class space    used 8333K, committed 8960K, reserved 1048576K

Card table byte_map: [0x000001c009790000,0x000001c0099a0000] _byte_map_base: 0x000001c009190000

Marking Bits: (ParMarkBitMap*) 0x00007ff9cd8dd820
 Begin Bits: [0x000001c01ba70000, 0x000001c01ca70000)
 End Bits:   [0x000001c01ca70000, 0x000001c01da70000)

Polling page: 0x000001c007f60000

Metaspace:

Usage:
  Non-class:     68.49 MB used.
      Class:      8.14 MB used.
       Both:     76.63 MB used.

Virtual space:
  Non-class space:      128.00 MB reserved,      69.25 MB ( 54%) committed,  2 nodes.
      Class space:        1.00 GB reserved,       8.75 MB ( <1%) committed,  1 nodes.
             Both:        1.12 GB reserved,      78.00 MB (  7%) committed. 

Chunk freelists:
   Non-Class:  10.00 MB
       Class:  7.09 MB
        Both:  17.09 MB

MaxMetaspaceSize: unlimited
CompressedClassSpaceSize: 1.00 GB
Initial GC threshold: 21.00 MB
Current GC threshold: 116.19 MB
CDS: off
MetaspaceReclaimPolicy: balanced
 - commit_granule_bytes: 65536.
 - commit_granule_words: 8192.
 - virtual_space_node_default_size: 8388608.
 - enlarge_chunks_in_place: 1.
 - new_chunks_are_fully_committed: 0.
 - uncommit_free_chunks: 1.
 - use_allocation_guard: 0.
 - handle_deallocations: 1.


Internal statistics:

num_allocs_failed_limit: 9.
num_arena_births: 1042.
num_arena_deaths: 18.
num_vsnodes_births: 3.
num_vsnodes_deaths: 0.
num_space_committed: 1248.
num_space_uncommitted: 0.
num_chunks_returned_to_freelist: 29.
num_chunks_taken_from_freelist: 4365.
num_chunk_merges: 14.
num_chunk_splits: 2710.
num_chunks_enlarged: 1558.
num_inconsistent_stats: 0.

CodeHeap 'non-profiled nmethods': size=120000Kb used=6761Kb max_used=6761Kb free=113239Kb
 bounds [0x000001c014540000, 0x000001c014be0000, 0x000001c01ba70000]
CodeHeap 'profiled nmethods': size=120000Kb used=20726Kb max_used=21732Kb free=99273Kb
 bounds [0x000001c00ca70000, 0x000001c00dfb0000, 0x000001c013fa0000]
CodeHeap 'non-nmethods': size=5760Kb used=1412Kb max_used=1440Kb free=4347Kb
 bounds [0x000001c013fa0000, 0x000001c014210000, 0x000001c014540000]
 total_blobs=10816 nmethods=10052 adapters=678
 compilation: enabled
              stopped_count=0, restarted_count=0
 full_count=0

Compilation events (20 events):
Event: 94.469 Thread 0x000001c01dc56370 nmethod 12264 0x000001c00db0c810 code [0x000001c00db0cbc0, 0x000001c00db0eb78]
Event: 94.471 Thread 0x000001c01dc56370 12265       3       org.eclipse.jdt.internal.core.ModularClassFile::exists (53 bytes)
Event: 94.471 Thread 0x000001c01dc56370 nmethod 12265 0x000001c00db3f010 code [0x000001c00db3f240, 0x000001c00db3f9a8]
Event: 94.473 Thread 0x000001c01dc55600 12266       4       org.eclipse.jdt.internal.compiler.parser.Parser::consumeRule (7920 bytes)
Event: 94.476 Thread 0x000001c01dc56370 12267       3       org.eclipse.core.runtime.Path::removeTrailingSeparator (32 bytes)
Event: 94.476 Thread 0x000001c01dc56370 nmethod 12267 0x000001c00d9e8890 code [0x000001c00d9e8a40, 0x000001c00d9e8d28]
Event: 94.479 Thread 0x000001c01dc56370 12269       3       org.eclipse.jdt.internal.core.search.JavaSearchScope::convertInternalToExternalPath (48 bytes)
Event: 94.480 Thread 0x000001c01dc56370 nmethod 12269 0x000001c00dea3910 code [0x000001c00dea3b20, 0x000001c00dea4108]
Event: 94.482 Thread 0x000001c01dc56370 12270       3       org.eclipse.jdt.internal.core.search.JavaSearchScope::add (236 bytes)
Event: 94.483 Thread 0x000001c01dc56370 nmethod 12270 0x000001c00d5fd990 code [0x000001c00d5fdc80, 0x000001c00d5ff0d8]
Event: 94.483 Thread 0x000001c01dc56370 12271   !   3       org.eclipse.jdt.internal.core.JavaModelManager::getClasspathContainer (92 bytes)
Event: 94.484 Thread 0x000001c01dc56370 nmethod 12271 0x000001c00dacde90 code [0x000001c00dace0e0, 0x000001c00dacebe8]
Event: 94.485 Thread 0x000001c01dc56370 12273  s    3       org.eclipse.jdt.internal.core.search.indexing.IndexManager::computeIndexLocation (116 bytes)
Event: 94.490 Thread 0x000001c01dc56370 nmethod 12273 0x000001c00d5ecd90 code [0x000001c00d5ed280, 0x000001c00d5ef6a8]
Event: 94.490 Thread 0x000001c01dc56370 12274       3       java.util.concurrent.ForkJoinPool::externalSubmit (63 bytes)
Event: 94.491 Thread 0x000001c01dc56370 nmethod 12274 0x000001c00d2cb310 code [0x000001c00d2cb540, 0x000001c00d2cbc98]
Event: 94.491 Thread 0x000001c01dc56370 12275       3       org.eclipse.jdt.internal.core.search.PatternSearchJob$$Lambda$572/0x000000010076dd90::<init> (20 bytes)
Event: 94.491 Thread 0x000001c01dc56370 nmethod 12275 0x000001c00d692490 code [0x000001c00d692620, 0x000001c00d6927d8]
Event: 94.492 Thread 0x000001c01dc56370 12276       3       java.util.concurrent.ForkJoinPool::scan (235 bytes)
Event: 94.494 Thread 0x000001c01dc56370 nmethod 12276 0x000001c00d784f10 code [0x000001c00d785200, 0x000001c00d786438]

GC Heap History (20 events):
Event: 27.229 GC heap before
{Heap before GC invocations=97 (full 4):
 PSYoungGen      total 18944K, used 18701K [0x00000000eab00000, 0x00000000ec000000, 0x0000000100000000)
  eden space 16384K, 100% used [0x00000000eab00000,0x00000000ebb00000,0x00000000ebb00000)
  from space 2560K, 90% used [0x00000000ebb00000,0x00000000ebd437f0,0x00000000ebd80000)
  to   space 2560K, 0% used [0x00000000ebd80000,0x00000000ebd80000,0x00000000ec000000)
 ParOldGen       total 75264K, used 48328K [0x00000000c0000000, 0x00000000c4980000, 0x00000000eab00000)
  object space 75264K, 64% used [0x00000000c0000000,0x00000000c2f320c8,0x00000000c4980000)
 Metaspace       used 70733K, committed 71936K, reserved 1114112K
  class space    used 7383K, committed 7936K, reserved 1048576K
}
Event: 27.234 GC heap after
{Heap after GC invocations=97 (full 4):
 PSYoungGen      total 17920K, used 2560K [0x00000000eab00000, 0x00000000ec200000, 0x0000000100000000)
  eden space 15360K, 0% used [0x00000000eab00000,0x00000000eab00000,0x00000000eba00000)
  from space 2560K, 100% used [0x00000000ebd80000,0x00000000ec000000,0x00000000ec000000)
  to   space 3584K, 0% used [0x00000000eba00000,0x00000000eba00000,0x00000000ebd80000)
 ParOldGen       total 75264K, used 48836K [0x00000000c0000000, 0x00000000c4980000, 0x00000000eab00000)
  object space 75264K, 64% used [0x00000000c0000000,0x00000000c2fb10d8,0x00000000c4980000)
 Metaspace       used 70733K, committed 71936K, reserved 1114112K
  class space    used 7383K, committed 7936K, reserved 1048576K
}
Event: 28.813 GC heap before
{Heap before GC invocations=98 (full 4):
 PSYoungGen      total 17920K, used 17920K [0x00000000eab00000, 0x00000000ec200000, 0x0000000100000000)
  eden space 15360K, 100% used [0x00000000eab00000,0x00000000eba00000,0x00000000eba00000)
  from space 2560K, 100% used [0x00000000ebd80000,0x00000000ec000000,0x00000000ec000000)
  to   space 3584K, 0% used [0x00000000eba00000,0x00000000eba00000,0x00000000ebd80000)
 ParOldGen       total 75264K, used 48836K [0x00000000c0000000, 0x00000000c4980000, 0x00000000eab00000)
  object space 75264K, 64% used [0x00000000c0000000,0x00000000c2fb10d8,0x00000000c4980000)
 Metaspace       used 71044K, committed 72320K, reserved 1114112K
  class space    used 7418K, committed 8000K, reserved 1048576K
}
Event: 28.832 GC heap after
{Heap after GC invocations=98 (full 4):
 PSYoungGen      total 16384K, used 788K [0x00000000eab00000, 0x00000000ebe00000, 0x0000000100000000)
  eden space 15360K, 0% used [0x00000000eab00000,0x00000000eab00000,0x00000000eba00000)
  from space 1024K, 77% used [0x00000000eba00000,0x00000000ebac5220,0x00000000ebb00000)
  to   space 2048K, 0% used [0x00000000ebc00000,0x00000000ebc00000,0x00000000ebe00000)
 ParOldGen       total 75264K, used 51428K [0x00000000c0000000, 0x00000000c4980000, 0x00000000eab00000)
  object space 75264K, 68% used [0x00000000c0000000,0x00000000c32390d8,0x00000000c4980000)
 Metaspace       used 71044K, committed 72320K, reserved 1114112K
  class space    used 7418K, committed 8000K, reserved 1048576K
}
Event: 31.095 GC heap before
{Heap before GC invocations=99 (full 4):
 PSYoungGen      total 16384K, used 16144K [0x00000000eab00000, 0x00000000ebe00000, 0x0000000100000000)
  eden space 15360K, 99% used [0x00000000eab00000,0x00000000eb9fee68,0x00000000eba00000)
  from space 1024K, 77% used [0x00000000eba00000,0x00000000ebac5220,0x00000000ebb00000)
  to   space 2048K, 0% used [0x00000000ebc00000,0x00000000ebc00000,0x00000000ebe00000)
 ParOldGen       total 75264K, used 51428K [0x00000000c0000000, 0x00000000c4980000, 0x00000000eab00000)
  object space 75264K, 68% used [0x00000000c0000000,0x00000000c32390d8,0x00000000c4980000)
 Metaspace       used 72410K, committed 73792K, reserved 1179648K
  class space    used 7531K, committed 8128K, reserved 1048576K
}
Event: 31.111 GC heap after
{Heap after GC invocations=99 (full 4):
 PSYoungGen      total 17408K, used 1541K [0x00000000eab00000, 0x00000000ebe00000, 0x0000000100000000)
  eden space 15360K, 0% used [0x00000000eab00000,0x00000000eab00000,0x00000000eba00000)
  from space 2048K, 75% used [0x00000000ebc00000,0x00000000ebd81420,0x00000000ebe00000)
  to   space 2048K, 0% used [0x00000000eba00000,0x00000000eba00000,0x00000000ebc00000)
 ParOldGen       total 75264K, used 51436K [0x00000000c0000000, 0x00000000c4980000, 0x00000000eab00000)
  object space 75264K, 68% used [0x00000000c0000000,0x00000000c323b0d8,0x00000000c4980000)
 Metaspace       used 72410K, committed 73792K, reserved 1179648K
  class space    used 7531K, committed 8128K, reserved 1048576K
}
Event: 34.888 GC heap before
{Heap before GC invocations=100 (full 4):
 PSYoungGen      total 17408K, used 16901K [0x00000000eab00000, 0x00000000ebe00000, 0x0000000100000000)
  eden space 15360K, 100% used [0x00000000eab00000,0x00000000eba00000,0x00000000eba00000)
  from space 2048K, 75% used [0x00000000ebc00000,0x00000000ebd81420,0x00000000ebe00000)
  to   space 2048K, 0% used [0x00000000eba00000,0x00000000eba00000,0x00000000ebc00000)
 ParOldGen       total 75264K, used 51436K [0x00000000c0000000, 0x00000000c4980000, 0x00000000eab00000)
  object space 75264K, 68% used [0x00000000c0000000,0x00000000c323b0d8,0x00000000c4980000)
 Metaspace       used 73482K, committed 74880K, reserved 1179648K
  class space    used 7639K, committed 8256K, reserved 1048576K
}
Event: 34.920 GC heap after
{Heap after GC invocations=100 (full 4):
 PSYoungGen      total 17408K, used 2026K [0x00000000eab00000, 0x00000000ebf00000, 0x0000000100000000)
  eden space 15360K, 0% used [0x00000000eab00000,0x00000000eab00000,0x00000000eba00000)
  from space 2048K, 98% used [0x00000000eba00000,0x00000000ebbfa8f8,0x00000000ebc00000)
  to   space 2560K, 0% used [0x00000000ebc80000,0x00000000ebc80000,0x00000000ebf00000)
 ParOldGen       total 75264K, used 51500K [0x00000000c0000000, 0x00000000c4980000, 0x00000000eab00000)
  object space 75264K, 68% used [0x00000000c0000000,0x00000000c324b0d8,0x00000000c4980000)
 Metaspace       used 73482K, committed 74880K, reserved 1179648K
  class space    used 7639K, committed 8256K, reserved 1048576K
}
Event: 35.656 GC heap before
{Heap before GC invocations=101 (full 4):
 PSYoungGen      total 17408K, used 17386K [0x00000000eab00000, 0x00000000ebf00000, 0x0000000100000000)
  eden space 15360K, 100% used [0x00000000eab00000,0x00000000eba00000,0x00000000eba00000)
  from space 2048K, 98% used [0x00000000eba00000,0x00000000ebbfa8f8,0x00000000ebc00000)
  to   space 2560K, 0% used [0x00000000ebc80000,0x00000000ebc80000,0x00000000ebf00000)
 ParOldGen       total 75264K, used 51500K [0x00000000c0000000, 0x00000000c4980000, 0x00000000eab00000)
  object space 75264K, 68% used [0x00000000c0000000,0x00000000c324b0d8,0x00000000c4980000)
 Metaspace       used 73983K, committed 75392K, reserved 1179648K
  class space    used 7696K, committed 8320K, reserved 1048576K
}
Event: 35.664 GC heap after
{Heap after GC invocations=101 (full 4):
 PSYoungGen      total 17408K, used 1647K [0x00000000eab00000, 0x00000000ebe80000, 0x0000000100000000)
  eden space 15360K, 0% used [0x00000000eab00000,0x00000000eab00000,0x00000000eba00000)
  from space 2048K, 80% used [0x00000000ebc80000,0x00000000ebe1bfd8,0x00000000ebe80000)
  to   space 2048K, 0% used [0x00000000eba00000,0x00000000eba00000,0x00000000ebc00000)
 ParOldGen       total 75264K, used 52919K [0x00000000c0000000, 0x00000000c4980000, 0x00000000eab00000)
  object space 75264K, 70% used [0x00000000c0000000,0x00000000c33ade18,0x00000000c4980000)
 Metaspace       used 73983K, committed 75392K, reserved 1179648K
  class space    used 7696K, committed 8320K, reserved 1048576K
}
Event: 43.040 GC heap before
{Heap before GC invocations=102 (full 4):
 PSYoungGen      total 17408K, used 17007K [0x00000000eab00000, 0x00000000ebe80000, 0x0000000100000000)
  eden space 15360K, 100% used [0x00000000eab00000,0x00000000eba00000,0x00000000eba00000)
  from space 2048K, 80% used [0x00000000ebc80000,0x00000000ebe1bfd8,0x00000000ebe80000)
  to   space 2048K, 0% used [0x00000000eba00000,0x00000000eba00000,0x00000000ebc00000)
 ParOldGen       total 75264K, used 52919K [0x00000000c0000000, 0x00000000c4980000, 0x00000000eab00000)
  object space 75264K, 70% used [0x00000000c0000000,0x00000000c33ade18,0x00000000c4980000)
 Metaspace       used 74386K, committed 75776K, reserved 1179648K
  class space    used 7758K, committed 8384K, reserved 1048576K
}
Event: 43.084 GC heap after
{Heap after GC invocations=102 (full 4):
 PSYoungGen      total 16384K, used 972K [0x00000000eab00000, 0x00000000ebd00000, 0x0000000100000000)
  eden space 15360K, 0% used [0x00000000eab00000,0x00000000eab00000,0x00000000eba00000)
  from space 1024K, 94% used [0x00000000eba00000,0x00000000ebaf3250,0x00000000ebb00000)
  to   space 1536K, 0% used [0x00000000ebb80000,0x00000000ebb80000,0x00000000ebd00000)
 ParOldGen       total 75264K, used 52919K [0x00000000c0000000, 0x00000000c4980000, 0x00000000eab00000)
  object space 75264K, 70% used [0x00000000c0000000,0x00000000c33ade18,0x00000000c4980000)
 Metaspace       used 74386K, committed 75776K, reserved 1179648K
  class space    used 7758K, committed 8384K, reserved 1048576K
}
Event: 45.456 GC heap before
{Heap before GC invocations=103 (full 4):
 PSYoungGen      total 16384K, used 16332K [0x00000000eab00000, 0x00000000ebd00000, 0x0000000100000000)
  eden space 15360K, 100% used [0x00000000eab00000,0x00000000eba00000,0x00000000eba00000)
  from space 1024K, 94% used [0x00000000eba00000,0x00000000ebaf3250,0x00000000ebb00000)
  to   space 1536K, 0% used [0x00000000ebb80000,0x00000000ebb80000,0x00000000ebd00000)
 ParOldGen       total 75264K, used 52919K [0x00000000c0000000, 0x00000000c4980000, 0x00000000eab00000)
  object space 75264K, 70% used [0x00000000c0000000,0x00000000c33ade18,0x00000000c4980000)
 Metaspace       used 74994K, committed 76416K, reserved 1179648K
  class space    used 7826K, committed 8448K, reserved 1048576K
}
Event: 45.477 GC heap after
{Heap after GC invocations=103 (full 4):
 PSYoungGen      total 16896K, used 1064K [0x00000000eab00000, 0x00000000ebd00000, 0x0000000100000000)
  eden space 15360K, 0% used [0x00000000eab00000,0x00000000eab00000,0x00000000eba00000)
  from space 1536K, 69% used [0x00000000ebb80000,0x00000000ebc8a1e8,0x00000000ebd00000)
  to   space 1536K, 0% used [0x00000000eba00000,0x00000000eba00000,0x00000000ebb80000)
 ParOldGen       total 75264K, used 52919K [0x00000000c0000000, 0x00000000c4980000, 0x00000000eab00000)
  object space 75264K, 70% used [0x00000000c0000000,0x00000000c33ade18,0x00000000c4980000)
 Metaspace       used 74994K, committed 76416K, reserved 1179648K
  class space    used 7826K, committed 8448K, reserved 1048576K
}
Event: 46.031 GC heap before
{Heap before GC invocations=104 (full 4):
 PSYoungGen      total 16896K, used 16424K [0x00000000eab00000, 0x00000000ebd00000, 0x0000000100000000)
  eden space 15360K, 100% used [0x00000000eab00000,0x00000000eba00000,0x00000000eba00000)
  from space 1536K, 69% used [0x00000000ebb80000,0x00000000ebc8a1e8,0x00000000ebd00000)
  to   space 1536K, 0% used [0x00000000eba00000,0x00000000eba00000,0x00000000ebb80000)
 ParOldGen       total 75264K, used 52919K [0x00000000c0000000, 0x00000000c4980000, 0x00000000eab00000)
  object space 75264K, 70% used [0x00000000c0000000,0x00000000c33ade18,0x00000000c4980000)
 Metaspace       used 76648K, committed 78080K, reserved 1179648K
  class space    used 8075K, committed 8704K, reserved 1048576K
}
Event: 46.033 GC heap after
{Heap after GC invocations=104 (full 4):
 PSYoungGen      total 16896K, used 1309K [0x00000000eab00000, 0x00000000ebd00000, 0x0000000100000000)
  eden space 15360K, 0% used [0x00000000eab00000,0x00000000eab00000,0x00000000eba00000)
  from space 1536K, 85% used [0x00000000eba00000,0x00000000ebb476d0,0x00000000ebb80000)
  to   space 1536K, 0% used [0x00000000ebb80000,0x00000000ebb80000,0x00000000ebd00000)
 ParOldGen       total 75264K, used 52927K [0x00000000c0000000, 0x00000000c4980000, 0x00000000eab00000)
  object space 75264K, 70% used [0x00000000c0000000,0x00000000c33afe18,0x00000000c4980000)
 Metaspace       used 76648K, committed 78080K, reserved 1179648K
  class space    used 8075K, committed 8704K, reserved 1048576K
}
Event: 93.670 GC heap before
{Heap before GC invocations=105 (full 4):
 PSYoungGen      total 16896K, used 16669K [0x00000000eab00000, 0x00000000ebd00000, 0x0000000100000000)
  eden space 15360K, 100% used [0x00000000eab00000,0x00000000eba00000,0x00000000eba00000)
  from space 1536K, 85% used [0x00000000eba00000,0x00000000ebb476d0,0x00000000ebb80000)
  to   space 1536K, 0% used [0x00000000ebb80000,0x00000000ebb80000,0x00000000ebd00000)
 ParOldGen       total 75264K, used 52927K [0x00000000c0000000, 0x00000000c4980000, 0x00000000eab00000)
  object space 75264K, 70% used [0x00000000c0000000,0x00000000c33afe18,0x00000000c4980000)
 Metaspace       used 78081K, committed 79424K, reserved 1179648K
  class space    used 8295K, committed 8896K, reserved 1048576K
}
Event: 93.708 GC heap after
{Heap after GC invocations=105 (full 4):
 PSYoungGen      total 16384K, used 1533K [0x00000000eab00000, 0x00000000ebe00000, 0x0000000100000000)
  eden space 14848K, 0% used [0x00000000eab00000,0x00000000eab00000,0x00000000eb980000)
  from space 1536K, 99% used [0x00000000ebb80000,0x00000000ebcff6d0,0x00000000ebd00000)
  to   space 2048K, 0% used [0x00000000eb980000,0x00000000eb980000,0x00000000ebb80000)
 ParOldGen       total 75264K, used 53044K [0x00000000c0000000, 0x00000000c4980000, 0x00000000eab00000)
  object space 75264K, 70% used [0x00000000c0000000,0x00000000c33cd018,0x00000000c4980000)
 Metaspace       used 78081K, committed 79424K, reserved 1179648K
  class space    used 8295K, committed 8896K, reserved 1048576K
}
Event: 94.198 GC heap before
{Heap before GC invocations=106 (full 4):
 PSYoungGen      total 16384K, used 16381K [0x00000000eab00000, 0x00000000ebe00000, 0x0000000100000000)
  eden space 14848K, 100% used [0x00000000eab00000,0x00000000eb980000,0x00000000eb980000)
  from space 1536K, 99% used [0x00000000ebb80000,0x00000000ebcff6d0,0x00000000ebd00000)
  to   space 2048K, 0% used [0x00000000eb980000,0x00000000eb980000,0x00000000ebb80000)
 ParOldGen       total 75264K, used 53044K [0x00000000c0000000, 0x00000000c4980000, 0x00000000eab00000)
  object space 75264K, 70% used [0x00000000c0000000,0x00000000c33cd018,0x00000000c4980000)
 Metaspace       used 78299K, committed 79680K, reserved 1179648K
  class space    used 8320K, committed 8960K, reserved 1048576K
}
Event: 94.252 GC heap after
{Heap after GC invocations=106 (full 4):
 PSYoungGen      total 16896K, used 2032K [0x00000000eab00000, 0x00000000ed180000, 0x0000000100000000)
  eden space 14848K, 0% used [0x00000000eab00000,0x00000000eab00000,0x00000000eb980000)
  from space 2048K, 99% used [0x00000000eb980000,0x00000000ebb7c060,0x00000000ebb80000)
  to   space 12288K, 0% used [0x00000000ec580000,0x00000000ec580000,0x00000000ed180000)
 ParOldGen       total 75264K, used 61466K [0x00000000c0000000, 0x00000000c4980000, 0x00000000eab00000)
  object space 75264K, 81% used [0x00000000c0000000,0x00000000c3c06858,0x00000000c4980000)
 Metaspace       used 78299K, committed 79680K, reserved 1179648K
  class space    used 8320K, committed 8960K, reserved 1048576K
}

Dll operation events (11 events):
Event: 0.112 Loaded shared library c:\Users\55119\.vscode\extensions\redhat.java-1.33.0-win32-x64\jre\17.0.11-win32-x86_64\bin\java.dll
Event: 0.412 Loaded shared library c:\Users\55119\.vscode\extensions\redhat.java-1.33.0-win32-x64\jre\17.0.11-win32-x86_64\bin\zip.dll
Event: 0.416 Loaded shared library C:\Users\55119\.vscode\extensions\redhat.java-1.33.0-win32-x64\jre\17.0.11-win32-x86_64\bin\instrument.dll
Event: 0.433 Loaded shared library C:\Users\55119\.vscode\extensions\redhat.java-1.33.0-win32-x64\jre\17.0.11-win32-x86_64\bin\net.dll
Event: 0.440 Loaded shared library C:\Users\55119\.vscode\extensions\redhat.java-1.33.0-win32-x64\jre\17.0.11-win32-x86_64\bin\nio.dll
Event: 0.447 Loaded shared library C:\Users\55119\.vscode\extensions\redhat.java-1.33.0-win32-x64\jre\17.0.11-win32-x86_64\bin\zip.dll
Event: 0.464 Loaded shared library C:\Users\55119\.vscode\extensions\redhat.java-1.33.0-win32-x64\jre\17.0.11-win32-x86_64\bin\jimage.dll
Event: 0.543 Loaded shared library c:\Users\55119\.vscode\extensions\redhat.java-1.33.0-win32-x64\jre\17.0.11-win32-x86_64\bin\verify.dll
Event: 1.636 Loaded shared library C:\Users\55119\AppData\Roaming\Code\User\globalStorage\redhat.java\1.33.0\config_win\org.eclipse.equinox.launcher\org.eclipse.equinox.launcher.win32.win32.x86_64_1.2.1100.v20240722-2106\eclipse_11904.dll
Event: 3.628 Loaded shared library C:\Users\55119\AppData\Local\Temp\jna--205368346\jna14890591304420200065.dll
Event: 45.237 Loaded shared library C:\Users\55119\.vscode\extensions\redhat.java-1.33.0-win32-x64\jre\17.0.11-win32-x86_64\bin\extnet.dll

Deoptimization events (20 events):
Event: 94.108 Thread 0x000001c024851090 DEOPT PACKING pc=0x000001c014bd1e0c sp=0x0000002ec45fecf0
Event: 94.108 Thread 0x000001c024851090 DEOPT UNPACKING pc=0x000001c013ff9ea3 sp=0x0000002ec45fec90 mode 2
Event: 94.110 Thread 0x000001c024851090 Uncommon trap: trap_request=0xffffff45 fr.pc=0x000001c014a27a34 relative=0x0000000000000114
Event: 94.110 Thread 0x000001c024851090 Uncommon trap: reason=unstable_if action=reinterpret pc=0x000001c014a27a34 method=org.eclipse.jdt.internal.compiler.parser.ScannerHelper.toLowerCase(C)C @ 4 c2
Event: 94.110 Thread 0x000001c024851090 DEOPT PACKING pc=0x000001c014a27a34 sp=0x0000002ec45febe0
Event: 94.110 Thread 0x000001c024851090 DEOPT UNPACKING pc=0x000001c013ff9ea3 sp=0x0000002ec45feb70 mode 2
Event: 94.110 Thread 0x000001c024851090 Uncommon trap: trap_request=0xffffffde fr.pc=0x000001c014661ee8 relative=0x00000000000000c8
Event: 94.110 Thread 0x000001c024851090 Uncommon trap: reason=class_check action=maybe_recompile pc=0x000001c014661ee8 method=java.lang.Character.toLowerCase(I)I @ 5 c2
Event: 94.110 Thread 0x000001c024851090 DEOPT PACKING pc=0x000001c014661ee8 sp=0x0000002ec45feb70
Event: 94.110 Thread 0x000001c024851090 DEOPT UNPACKING pc=0x000001c013ff9ea3 sp=0x0000002ec45feaa8 mode 2
Event: 94.259 Thread 0x000001c024851090 DEOPT PACKING pc=0x000001c00dbbf5d5 sp=0x0000002ec45fec60
Event: 94.259 Thread 0x000001c024851090 DEOPT UNPACKING pc=0x000001c013ffa9e3 sp=0x0000002ec45fe200 mode 0
Event: 94.317 Thread 0x000001c02484d3d0 Uncommon trap: trap_request=0xffffffbe fr.pc=0x000001c014bc9e94 relative=0x0000000000000354
Event: 94.317 Thread 0x000001c02484d3d0 Uncommon trap: reason=profile_predicate action=maybe_recompile pc=0x000001c014bc9e94 method=java.util.Arrays.binarySearch0([Ljava/lang/Object;IILjava/lang/Object;)I @ 12 c2
Event: 94.317 Thread 0x000001c02484d3d0 DEOPT PACKING pc=0x000001c014bc9e94 sp=0x0000002ec46fdfb0
Event: 94.318 Thread 0x000001c02484d3d0 DEOPT UNPACKING pc=0x000001c013ff9ea3 sp=0x0000002ec46fdf30 mode 2
Event: 94.318 Thread 0x000001c02484d3d0 Uncommon trap: trap_request=0xffffffbe fr.pc=0x000001c014bc9e94 relative=0x0000000000000354
Event: 94.318 Thread 0x000001c02484d3d0 Uncommon trap: reason=profile_predicate action=maybe_recompile pc=0x000001c014bc9e94 method=java.util.Arrays.binarySearch0([Ljava/lang/Object;IILjava/lang/Object;)I @ 12 c2
Event: 94.318 Thread 0x000001c02484d3d0 DEOPT PACKING pc=0x000001c014bc9e94 sp=0x0000002ec46fdfb0
Event: 94.318 Thread 0x000001c02484d3d0 DEOPT UNPACKING pc=0x000001c013ff9ea3 sp=0x0000002ec46fdf30 mode 2

Classes unloaded (9 events):
Event: 4.879 Thread 0x000001c01dc0d080 Unloading class 0x000000010024a400 'java/lang/invoke/LambdaForm$MH+0x000000010024a400'
Event: 4.879 Thread 0x000001c01dc0d080 Unloading class 0x000000010024a000 'java/lang/invoke/LambdaForm$MH+0x000000010024a000'
Event: 4.879 Thread 0x000001c01dc0d080 Unloading class 0x0000000100249c00 'java/lang/invoke/LambdaForm$MH+0x0000000100249c00'
Event: 4.879 Thread 0x000001c01dc0d080 Unloading class 0x0000000100249800 'java/lang/invoke/LambdaForm$MH+0x0000000100249800'
Event: 4.879 Thread 0x000001c01dc0d080 Unloading class 0x0000000100249400 'java/lang/invoke/LambdaForm$BMH+0x0000000100249400'
Event: 4.879 Thread 0x000001c01dc0d080 Unloading class 0x0000000100249000 'java/lang/invoke/LambdaForm$DMH+0x0000000100249000'
Event: 4.879 Thread 0x000001c01dc0d080 Unloading class 0x0000000100244400 'java/lang/invoke/LambdaForm$DMH+0x0000000100244400'
Event: 25.046 Thread 0x000001c01dc0d080 Unloading class 0x000000010078d000 'java/lang/invoke/LambdaForm$MH+0x000000010078d000'
Event: 25.046 Thread 0x000001c01dc0d080 Unloading class 0x000000010078c800 'java/lang/invoke/LambdaForm$DMH+0x000000010078c800'

Classes redefined (0 events):
No events

Internal exceptions (20 events):
Event: 43.160 Thread 0x000001c024851ab0 Exception <a 'sun/nio/fs/WindowsException'{0x00000000eab37f78}> (0x00000000eab37f78) 
thrown [s\src\hotspot\share\prims\jni.cpp, line 516]
Event: 43.161 Thread 0x000001c024851ab0 Exception <a 'sun/nio/fs/WindowsException'{0x00000000eab38878}> (0x00000000eab38878) 
thrown [s\src\hotspot\share\prims\jni.cpp, line 516]
Event: 43.164 Thread 0x000001c024851ab0 Exception <a 'sun/nio/fs/WindowsException'{0x00000000eab395d8}> (0x00000000eab395d8) 
thrown [s\src\hotspot\share\prims\jni.cpp, line 516]
Event: 43.164 Thread 0x000001c024851ab0 Exception <a 'sun/nio/fs/WindowsException'{0x00000000eab39eb8}> (0x00000000eab39eb8) 
thrown [s\src\hotspot\share\prims\jni.cpp, line 516]
Event: 43.168 Thread 0x000001c024851ab0 Exception <a 'sun/nio/fs/WindowsException'{0x00000000eab3b6c0}> (0x00000000eab3b6c0) 
thrown [s\src\hotspot\share\prims\jni.cpp, line 516]
Event: 43.168 Thread 0x000001c024851ab0 Exception <a 'sun/nio/fs/WindowsException'{0x00000000eab3bcf8}> (0x00000000eab3bcf8) 
thrown [s\src\hotspot\share\prims\jni.cpp, line 516]
Event: 43.244 Thread 0x000001c024851ab0 Exception <a 'sun/nio/fs/WindowsException'{0x00000000eab57a78}> (0x00000000eab57a78) 
thrown [s\src\hotspot\share\prims\jni.cpp, line 516]
Event: 43.246 Thread 0x000001c024851ab0 Exception <a 'sun/nio/fs/WindowsException'{0x00000000eab58358}> (0x00000000eab58358) 
thrown [s\src\hotspot\share\prims\jni.cpp, line 516]
Event: 45.543 Thread 0x000001c024000730 Exception <a 'java/io/FileNotFoundException'{0x00000000eab77480}> (0x00000000eab77480) 
thrown [s\src\hotspot\share\prims\jni.cpp, line 516]
Event: 46.036 Thread 0x000001c024000730 Exception <a 'java/lang/NoSuchMethodError'{0x00000000eab24e20}: 'java.lang.Object java.lang.invoke.DirectMethodHandle$Holder.invokeVirtual(java.lang.Object, java.lang.Object, java.lang.Object, java.lang.Object)'> (0x00000000eab24e20) 
thrown [s\src\hotspot\share\interpreter\linkResolver.cpp, line 759]
Event: 46.111 Thread 0x000001c023fff800 Exception <a 'java/lang/NoSuchMethodError'{0x00000000eaf28480}: 'java.lang.Object java.lang.invoke.DirectMethodHandle$Holder.invokeStatic(java.lang.Object, long, java.lang.Object, java.lang.Object)'> (0x00000000eaf28480) 
thrown [s\src\hotspot\share\interpreter\linkResolver.cpp, line 759]
Event: 46.112 Thread 0x000001c023fff800 Exception <a 'java/lang/NoSuchMethodError'{0x00000000eaf2f260}: 'java.lang.Object java.lang.invoke.DirectMethodHandle$Holder.newInvokeSpecial(java.lang.Object, long)'> (0x00000000eaf2f260) 
thrown [s\src\hotspot\share\interpreter\linkResolver.cpp, line 759]
Event: 46.242 Thread 0x000001c023fff800 Exception <a 'sun/nio/fs/WindowsException'{0x00000000eafdc468}> (0x00000000eafdc468) 
thrown [s\src\hotspot\share\prims\jni.cpp, line 516]
Event: 46.244 Thread 0x000001c023fff800 Exception <a 'sun/nio/fs/WindowsException'{0x00000000eafdc748}> (0x00000000eafdc748) 
thrown [s\src\hotspot\share\prims\jni.cpp, line 516]
Event: 46.246 Thread 0x000001c023fff800 Exception <a 'sun/nio/fs/WindowsException'{0x00000000eafddab8}> (0x00000000eafddab8) 
thrown [s\src\hotspot\share\prims\jni.cpp, line 516]
Event: 46.246 Thread 0x000001c023fff800 Exception <a 'sun/nio/fs/WindowsException'{0x00000000eafddd88}> (0x00000000eafddd88) 
thrown [s\src\hotspot\share\prims\jni.cpp, line 516]
Event: 46.310 Thread 0x000001c023fff800 Exception <a 'java/lang/NoSuchMethodError'{0x00000000eb08c138}: 'void java.lang.invoke.DirectMethodHandle$Holder.invokeStatic(java.lang.Object, java.lang.Object, java.lang.Object, java.lang.Object, java.lang.Object, java.lang.Object, java.lang.Object)'> (0x00000000eb08c138) 
thrown [s\src\hotspot\share\interpreter\linkResolver.cpp, line 759]
Event: 75.813 Thread 0x000001c02484b570 Exception <a 'sun/nio/fs/WindowsException'{0x00000000eb201fb0}> (0x00000000eb201fb0) 
thrown [s\src\hotspot\share\prims\jni.cpp, line 516]
Event: 75.826 Thread 0x000001c02484b570 Exception <a 'sun/nio/fs/WindowsException'{0x00000000eb2025e8}> (0x00000000eb2025e8) 
thrown [s\src\hotspot\share\prims\jni.cpp, line 516]
Event: 93.451 Thread 0x000001c024851090 Exception <a 'java/lang/NoSuchMethodError'{0x00000000eb710f50}: 'java.lang.Object java.lang.invoke.DirectMethodHandle$Holder.invokeStatic(java.lang.Object, int, java.lang.Object)'> (0x00000000eb710f50) 
thrown [s\src\hotspot\share\interpreter\linkResolver.cpp, line 759]

VM Operations (20 events):
Event: 77.657 Executing VM operation: Cleanup
Event: 77.657 Executing VM operation: Cleanup done
Event: 78.658 Executing VM operation: Cleanup
Event: 78.664 Executing VM operation: Cleanup done
Event: 93.425 Executing VM operation: HandshakeAllThreads
Event: 93.429 Executing VM operation: HandshakeAllThreads done
Event: 93.429 Executing VM operation: Cleanup
Event: 93.430 Executing VM operation: Cleanup done
Event: 93.432 Executing VM operation: HandshakeAllThreads
Event: 93.434 Executing VM operation: HandshakeAllThreads done
Event: 93.476 Executing VM operation: HandshakeAllThreads
Event: 93.476 Executing VM operation: HandshakeAllThreads done
Event: 93.476 Executing VM operation: HandshakeAllThreads
Event: 93.477 Executing VM operation: HandshakeAllThreads done
Event: 93.479 Executing VM operation: HandshakeAllThreads
Event: 93.479 Executing VM operation: HandshakeAllThreads done
Event: 93.669 Executing VM operation: ParallelGCFailedAllocation
Event: 93.710 Executing VM operation: ParallelGCFailedAllocation done
Event: 94.198 Executing VM operation: ParallelGCFailedAllocation
Event: 94.252 Executing VM operation: ParallelGCFailedAllocation done

Events (20 events):
Event: 56.714 loading class java/lang/Throwable$PrintStreamOrWriter
Event: 56.720 loading class java/lang/Throwable$PrintStreamOrWriter done
Event: 56.722 loading class java/lang/Throwable$WrappedPrintWriter done
Event: 57.138 loading class jdk/internal/reflect/UnsafeByteFieldAccessorImpl
Event: 57.209 loading class jdk/internal/reflect/UnsafeByteFieldAccessorImpl done
Event: 59.007 Thread 0x000001c023fff800 Thread exited: 0x000001c023fff800
Event: 86.094 Thread 0x000001c024851fc0 Thread exited: 0x000001c024851fc0
Event: 89.028 Thread 0x000001c024000730 Thread exited: 0x000001c024000730
Event: 93.464 loading class java/util/stream/ReduceOps$2
Event: 93.467 loading class java/util/stream/ReduceOps$2 done
Event: 93.467 loading class java/util/stream/ReduceOps$2ReducingSink
Event: 93.467 loading class java/util/stream/ReduceOps$2ReducingSink done
Event: 93.635 Thread 0x000001c01dc56890 flushing nmethod 0x000001c00cea6290
Event: 93.659 Thread 0x000001c01dc56890 flushing nmethod 0x000001c00d26ba90
Event: 93.660 Thread 0x000001c01dc56890 flushing nmethod 0x000001c00d2a4810
Event: 93.711 Thread 0x000001c01dc56890 flushing nmethod 0x000001c00d474a90
Event: 93.712 Thread 0x000001c023ffb120 Thread exited: 0x000001c023ffb120
Event: 93.740 Thread 0x000001c01dc56890 flushing nmethod 0x000001c00dbb8710
Event: 94.398 loading class java/net/HttpURLConnection
Event: 94.400 loading class java/net/HttpURLConnection done


Dynamic libraries:
0x00007ff758050000 - 0x00007ff75805e000 	c:\Users\55119\.vscode\extensions\redhat.java-1.33.0-win32-x64\jre\17.0.11-win32-x86_64\bin\java.exe
0x00007ffa59da0000 - 0x00007ffa59fa9000 	C:\Windows\SYSTEM32\ntdll.dll
0x00007ffa09180000 - 0x00007ffa0919a000 	C:\Program Files\Avast Software\Avast\aswhook.dll
0x00007ffa59450000 - 0x00007ffa5950d000 	C:\Windows\System32\KERNEL32.DLL
0x00007ffa57860000 - 0x00007ffa57be4000 	C:\Windows\System32\KERNELBASE.dll
0x00007ffa57560000 - 0x00007ffa57671000 	C:\Windows\System32\ucrtbase.dll
0x00007ffa53450000 - 0x00007ffa53467000 	c:\Users\55119\.vscode\extensions\redhat.java-1.33.0-win32-x64\jre\17.0.11-win32-x86_64\bin\jli.dll
0x00007ffa52ca0000 - 0x00007ffa52cbb000 	c:\Users\55119\.vscode\extensions\redhat.java-1.33.0-win32-x64\jre\17.0.11-win32-x86_64\bin\VCRUNTIME140.dll
0x00007ffa59700000 - 0x00007ffa598ad000 	C:\Windows\System32\USER32.dll
0x00007ffa57680000 - 0x00007ffa576a6000 	C:\Windows\System32\win32u.dll
0x00007ffa442d0000 - 0x00007ffa44575000 	C:\Windows\WinSxS\amd64_microsoft.windows.common-controls_6595b64144ccf1df_6.0.22000.120_none_9d947278b86cc467\COMCTL32.dll
0x00007ffa59150000 - 0x00007ffa591f3000 	C:\Windows\System32\msvcrt.dll
0x00007ffa58450000 - 0x00007ffa5847a000 	C:\Windows\System32\GDI32.dll
0x00007ffa57440000 - 0x00007ffa5755e000 	C:\Windows\System32\gdi32full.dll
0x00007ffa573a0000 - 0x00007ffa5743d000 	C:\Windows\System32\msvcp_win.dll
0x00007ffa59600000 - 0x00007ffa59631000 	C:\Windows\System32\IMM32.DLL
0x00007ffa4b9d0000 - 0x00007ffa4b9dc000 	c:\Users\55119\.vscode\extensions\redhat.java-1.33.0-win32-x64\jre\17.0.11-win32-x86_64\bin\vcruntime140_1.dll
0x00007ffa31f20000 - 0x00007ffa31fad000 	c:\Users\55119\.vscode\extensions\redhat.java-1.33.0-win32-x64\jre\17.0.11-win32-x86_64\bin\msvcp140.dll
0x00007ff9ccd40000 - 0x00007ff9cd9a2000 	c:\Users\55119\.vscode\extensions\redhat.java-1.33.0-win32-x64\jre\17.0.11-win32-x86_64\bin\server\jvm.dll
0x00007ffa59280000 - 0x00007ffa5932e000 	C:\Windows\System32\ADVAPI32.dll
0x00007ffa57bf0000 - 0x00007ffa57c8e000 	C:\Windows\System32\sechost.dll
0x00007ffa59bc0000 - 0x00007ffa59ce1000 	C:\Windows\System32\RPCRT4.dll
0x00007ffa419d0000 - 0x00007ffa419d9000 	C:\Windows\SYSTEM32\WSOCK32.dll
0x00007ffa55e30000 - 0x00007ffa55e7d000 	C:\Windows\SYSTEM32\POWRPROF.dll
0x00007ffa4d7b0000 - 0x00007ffa4d7ba000 	C:\Windows\SYSTEM32\VERSION.dll
0x00007ffa58480000 - 0x00007ffa584ef000 	C:\Windows\System32\WS2_32.dll
0x00007ffa4d830000 - 0x00007ffa4d863000 	C:\Windows\SYSTEM32\WINMM.dll
0x00007ffa55ce0000 - 0x00007ffa55cf3000 	C:\Windows\SYSTEM32\UMPDC.dll
0x00007ffa56390000 - 0x00007ffa563a8000 	C:\Windows\SYSTEM32\kernel.appcore.dll
0x00007ffa4b990000 - 0x00007ffa4b99a000 	c:\Users\55119\.vscode\extensions\redhat.java-1.33.0-win32-x64\jre\17.0.11-win32-x86_64\bin\jimage.dll
0x00007ffa52db0000 - 0x00007ffa52fd1000 	C:\Windows\SYSTEM32\DBGHELP.DLL
0x00007ffa4b830000 - 0x00007ffa4b861000 	C:\Windows\SYSTEM32\dbgcore.DLL
0x00007ffa577e0000 - 0x00007ffa5785f000 	C:\Windows\System32\bcryptPrimitives.dll
0x00007ffa4b880000 - 0x00007ffa4b88e000 	c:\Users\55119\.vscode\extensions\redhat.java-1.33.0-win32-x64\jre\17.0.11-win32-x86_64\bin\instrument.dll
0x00007ffa4afe0000 - 0x00007ffa4b005000 	c:\Users\55119\.vscode\extensions\redhat.java-1.33.0-win32-x64\jre\17.0.11-win32-x86_64\bin\java.dll
0x00007ffa48f70000 - 0x00007ffa48f88000 	c:\Users\55119\.vscode\extensions\redhat.java-1.33.0-win32-x64\jre\17.0.11-win32-x86_64\bin\zip.dll
0x00007ffa58980000 - 0x00007ffa59145000 	C:\Windows\System32\SHELL32.dll
0x00007ffa55300000 - 0x00007ffa55b62000 	C:\Windows\SYSTEM32\windows.storage.dll
0x00007ffa57f20000 - 0x00007ffa58296000 	C:\Windows\System32\combase.dll
0x00007ffa55190000 - 0x00007ffa552f7000 	C:\Windows\SYSTEM32\wintypes.dll
0x00007ffa57e30000 - 0x00007ffa57f1a000 	C:\Windows\System32\SHCORE.dll
0x00007ffa59200000 - 0x00007ffa5925d000 	C:\Windows\System32\shlwapi.dll
0x00007ffa57160000 - 0x00007ffa57185000 	C:\Windows\SYSTEM32\profapi.dll
0x00007ffa48d90000 - 0x00007ffa48da9000 	C:\Users\55119\.vscode\extensions\redhat.java-1.33.0-win32-x64\jre\17.0.11-win32-x86_64\bin\net.dll
0x00007ffa4fc00000 - 0x00007ffa4fd14000 	C:\Windows\SYSTEM32\WINHTTP.dll
0x00007ffa56840000 - 0x00007ffa568a7000 	C:\Windows\system32\mswsock.dll
0x00007ffa43f10000 - 0x00007ffa43f26000 	C:\Users\55119\.vscode\extensions\redhat.java-1.33.0-win32-x64\jre\17.0.11-win32-x86_64\bin\nio.dll
0x00007ffa4b800000 - 0x00007ffa4b810000 	c:\Users\55119\.vscode\extensions\redhat.java-1.33.0-win32-x64\jre\17.0.11-win32-x86_64\bin\verify.dll
0x00007ffa29200000 - 0x00007ffa29245000 	C:\Users\55119\AppData\Roaming\Code\User\globalStorage\redhat.java\1.33.0\config_win\org.eclipse.equinox.launcher\org.eclipse.equinox.launcher.win32.win32.x86_64_1.2.1100.v20240722-2106\eclipse_11904.dll
0x00007ffa57c90000 - 0x00007ffa57e2a000 	C:\Windows\System32\ole32.dll
0x00007ffa56a80000 - 0x00007ffa56a98000 	C:\Windows\SYSTEM32\CRYPTSP.dll
0x00007ffa562f0000 - 0x00007ffa56325000 	C:\Windows\system32\rsaenh.dll
0x00007ffa56930000 - 0x00007ffa5695c000 	C:\Windows\SYSTEM32\USERENV.dll
0x00007ffa56c50000 - 0x00007ffa56c77000 	C:\Windows\SYSTEM32\bcrypt.dll
0x00007ffa56aa0000 - 0x00007ffa56aac000 	C:\Windows\SYSTEM32\CRYPTBASE.dll
0x00007ffa55f40000 - 0x00007ffa55f6d000 	C:\Windows\SYSTEM32\IPHLPAPI.DLL
0x00007ffa59510000 - 0x00007ffa59519000 	C:\Windows\System32\NSI.dll
0x00007ffa4fbe0000 - 0x00007ffa4fbf9000 	C:\Windows\SYSTEM32\dhcpcsvc6.DLL
0x00007ffa4fed0000 - 0x00007ffa4feee000 	C:\Windows\SYSTEM32\dhcpcsvc.DLL
0x00007ffa55f70000 - 0x00007ffa56057000 	C:\Windows\SYSTEM32\DNSAPI.dll
0x00007ffa234a0000 - 0x00007ffa234e5000 	C:\Users\55119\AppData\Local\Temp\jna--205368346\jna14890591304420200065.dll
0x00007ffa58970000 - 0x00007ffa58978000 	C:\Windows\System32\PSAPI.DLL
0x00007ffa4b180000 - 0x00007ffa4b189000 	C:\Users\55119\.vscode\extensions\redhat.java-1.33.0-win32-x64\jre\17.0.11-win32-x86_64\bin\extnet.dll

dbghelp: loaded successfully - version: 4.0.5 - missing functions: none
symbol engine: initialized successfully - sym options: 0x614 - pdb path: .;c:\Users\55119\.vscode\extensions\redhat.java-1.33.0-win32-x64\jre\17.0.11-win32-x86_64\bin;C:\Windows\SYSTEM32;C:\Program Files\Avast Software\Avast;C:\Windows\WinSxS\amd64_microsoft.windows.common-controls_6595b64144ccf1df_6.0.22000.120_none_9d947278b86cc467;c:\Users\55119\.vscode\extensions\redhat.java-1.33.0-win32-x64\jre\17.0.11-win32-x86_64\bin\server;C:\Users\55119\AppData\Roaming\Code\User\globalStorage\redhat.java\1.33.0\config_win\org.eclipse.equinox.launcher\org.eclipse.equinox.launcher.win32.win32.x86_64_1.2.1100.v20240722-2106;C:\Users\55119\AppData\Local\Temp\jna--205368346

VM Arguments:
jvm_args: --add-modules=ALL-SYSTEM --add-opens=java.base/java.util=ALL-UNNAMED --add-opens=java.base/java.lang=ALL-UNNAMED --add-opens=java.base/sun.nio.fs=ALL-UNNAMED -Declipse.application=org.eclipse.jdt.ls.core.id1 -Dosgi.bundles.defaultStartLevel=4 -Declipse.product=org.eclipse.jdt.ls.core.product -Djava.import.generatesMetadataFilesAtProjectRoot=false -DDetectVMInstallationsJob.disabled=true -Dfile.encoding=utf8 -XX:+UseParallelGC -XX:GCTimeRatio=4 -XX:AdaptiveSizePolicyWeight=90 -Dsun.zip.disableMemoryMapping=true -Xmx1G -Xms100m -Xlog:disable -javaagent:c:\Users\55119\.vscode\extensions\redhat.java-1.33.0-win32-x64\lombok\lombok-1.18.33.jar -XX:+HeapDumpOnOutOfMemoryError -XX:HeapDumpPath=c:\Users\55119\AppData\Roaming\Code\User\workspaceStorage\ed399de286a856b5668f17e944be6a14\redhat.java -Daether.dependencyCollector.impl=bf 
java_command: c:\Users\55119\.vscode\extensions\redhat.java-1.33.0-win32-x64\server\plugins\org.eclipse.equinox.launcher_1.6.900.v20240613-2009.jar -configuration c:\Users\55119\AppData\Roaming\Code\User\globalStorage\redhat.java\1.33.0\config_win -data c:\Users\55119\AppData\Roaming\Code\User\workspaceStorage\ed399de286a856b5668f17e944be6a14\redhat.java\jdt_ws --pipe=\\.\pipe\lsp-e33956ba79d4071c51d8cf17a4bed9a7-sock
java_class_path (initial): c:\Users\55119\.vscode\extensions\redhat.java-1.33.0-win32-x64\server\plugins\org.eclipse.equinox.launcher_1.6.900.v20240613-2009.jar
Launcher Type: SUN_STANDARD

[Global flags]
    uintx AdaptiveSizePolicyWeight                 = 90                                        {product} {command line}
     intx CICompilerCount                          = 3                                         {product} {ergonomic}
    uintx GCTimeRatio                              = 4                                         {product} {command line}
     bool HeapDumpOnOutOfMemoryError               = true                                   {manageable} {command line}
    ccstr HeapDumpPath                             = c:\Users\55119\AppData\Roaming\Code\User\workspaceStorage\ed399de286a856b5668f17e944be6a14\redhat.java         {manageable} {command line}
   size_t InitialHeapSize                          = 104857600                                 {product} {command line}
   size_t MaxHeapSize                              = 1073741824                                {product} {command line}
   size_t MaxNewSize                               = 357564416                                 {product} {ergonomic}
   size_t MinHeapDeltaBytes                        = 524288                                    {product} {ergonomic}
   size_t MinHeapSize                              = 104857600                                 {product} {command line}
   size_t NewSize                                  = 34603008                                  {product} {ergonomic}
    uintx NonNMethodCodeHeapSize                   = 5832780                                {pd product} {ergonomic}
    uintx NonProfiledCodeHeapSize                  = 122912730                              {pd product} {ergonomic}
   size_t OldSize                                  = 70254592                                  {product} {ergonomic}
    uintx ProfiledCodeHeapSize                     = 122912730                              {pd product} {ergonomic}
    uintx ReservedCodeCacheSize                    = 251658240                              {pd product} {ergonomic}
     bool SegmentedCodeCache                       = true                                      {product} {ergonomic}
   size_t SoftMaxHeapSize                          = 1073741824                             {manageable} {ergonomic}
     bool UseCompressedClassPointers               = true                           {product lp64_product} {ergonomic}
     bool UseCompressedOops                        = true                           {product lp64_product} {ergonomic}
     bool UseLargePagesIndividualAllocation        = false                                  {pd product} {ergonomic}
     bool UseParallelGC                            = true                                      {product} {command line}

Logging:
Log output configuration:
 #0: stdout all=off uptime,level,tags
 #1: stderr all=off uptime,level,tags

Environment Variables:
PATH=C:\Program Files\Common Files\Oracle\Java\javapath;C:\ProgramData\Oracle\Java\javapath;C:\Windows\system32;C:\Windows;C:\Windows\System32\Wbem;C:\Windows\System32\WindowsPowerShell\v1.0\;C:\Windows\System32\OpenSSH\;C:\Program Files\dotnet\;C:\Program Files\Git\cmd;C:\Program Files\PuTTY\;C:\Program Files\nodejs\;C:\php-8.2.20-nts-Win32-vs16-x64\;C:\composer;C:\Users\55119\AppData\Local\Microsoft\WindowsApps;C:\Users\55119\AppData\Local\Programs\Microsoft VS Code\bin;C:\Users\55119\AppData\Local\GitHubDesktop\bin;C:\Program Files\MySQL\MySQL Server 8.0\bin;C:\mongosh-1.8.2\bin;C:\Program Files\MongoDB\Server\6.0\bin;C:\Program Files (x86)\sqlite3;C:\Users\55119\AppData\Roaming\npm;C:\php-8.2.20-nts-Win32-vs16-x64\;C:\Users\55119\AppData\Roaming\Composer\vendor\bin
USERNAME=gabriel
OS=Windows_NT
PROCESSOR_IDENTIFIER=Intel64 Family 6 Model 140 Stepping 2, GenuineIntel
TMP=C:\Users\55119\AppData\Local\Temp
TEMP=C:\Users\55119\AppData\Local\Temp



Periodic native trim disabled


---------------  S Y S T E M  ---------------

OS:
 Windows 11 , 64 bit Build 22000 (10.0.22000.2538)
OS uptime: 0 days 13:31 hours

CPU: total 4 (initial active 4) (2 cores per cpu, 2 threads per core) family 6 model 140 stepping 2 microcode 0x26, cx8, cmov, fxsr, ht, mmx, 3dnowpref, sse, sse2, sse3, ssse3, sse4.1, sse4.2, popcnt, lzcnt, tsc, tscinvbit, avx, avx2, aes, erms, clmul, bmi1, bmi2, adx, avx512f, avx512dq, avx512cd, avx512bw, avx512vl, sha, fma, vzeroupper, avx512_vpopcntdq, avx512_vpclmulqdq, avx512_vaes, avx512_vnni, clflush, clflushopt, clwb, avx512_vbmi2, avx512_vbmi
Processor Information for all 4 processors :
  Max Mhz: 2995, Current Mhz: 2995, Mhz Limit: 2995

Memory: 4k page, system-wide physical 3879M (79M free)
TotalPageFile size 15655M (AvailPageFile size 2M)
current process WorkingSet (physical memory assigned to process): 153M, peak: 247M
current process commit charge ("private bytes"): 330M, peak: 331M

vm_info: OpenJDK 64-Bit Server VM (17.0.11+9) for windows-amd64 JRE (17.0.11+9), built on Apr 17 2024 06:07:48 by "admin" with MS VC++ 16.10 / 16.11 (VS2019)

END.
