#
# There is insufficient memory for the Java Runtime Environment to continue.
# Native memory allocation (malloc) failed to allocate 2097152 bytes. Error detail: AllocateHeap
# Possible reasons:
#   The system is out of physical RAM or swap space
#   This process is running with CompressedOops enabled, and the Java Heap may be blocking the growth of the native heap
# Possible solutions:
#   Reduce memory load on the system
#   Increase physical memory or swap space
#   Check if swap backing store is full
#   Decrease Java heap size (-Xmx/-Xms)
#   Decrease number of Java threads
#   Decrease Java thread stack sizes (-Xss)
#   Set larger code cache with -XX:ReservedCodeCacheSize=
#   JVM is running with Unscaled Compressed Oops mode in which the Java heap is
#     placed in the first 4GB address space. The Java Heap base address is the
#     maximum limit for the native heap growth. Please use -XX:HeapBaseMinAddress
#     to set the Java Heap base and to place the Java Heap above 4GB virtual address.
# This output file may be truncated or incomplete.
#
#  Out of Memory Error (allocation.cpp:44), pid=19632, tid=24960
#
# JRE version: OpenJDK Runtime Environment Temurin-17.0.11+9 (17.0.11+9) (build 17.0.11+9)
# Java VM: OpenJDK 64-Bit Server VM Temurin-17.0.11+9 (17.0.11+9, mixed mode, emulated-client, tiered, compressed oops, compressed class ptrs, g1 gc, windows-amd64)
# No core dump will be written. Minidumps are not enabled by default on client versions of Windows
#

---------------  S U M M A R Y ------------

Command Line: -Xmx1024m -Dsts.lsp.client=vscode -Dsts.log.file=/dev/null -XX:TieredStopAtLevel=1 -Xlog:jni+resolve=off -Dspring.config.location=file:c:\Users\55119\.vscode\extensions\vmware.vscode-spring-boot-1.56.0\language-server\BOOT-INF\classes\application.properties org.springframework.ide.vscode.boot.app.BootLanguageServerBootApp

Host: 11th Gen Intel(R) Core(TM) i3-1115G4 @ 3.00GHz, 4 cores, 3G,  Windows 11 , 64 bit Build 22000 (10.0.22000.2538)
Time: Sun Aug 18 17:54:25 2024 Hora oficial do Brasil elapsed time: 1936.454884 seconds (0d 0h 32m 16s)

---------------  T H R E A D  ---------------

Current thread (0x0000016cc4760760):  VMThread "VM Thread" [stack: 0x0000000fae400000,0x0000000fae500000] [id=24960]

Stack: [0x0000000fae400000,0x0000000fae500000]
Native frames: (J=compiled Java code, j=interpreted, Vv=VM code, C=native code)
V  [jvm.dll+0x67d429]
V  [jvm.dll+0x834b7a]
V  [jvm.dll+0x83663e]
V  [jvm.dll+0x836ca3]
V  [jvm.dll+0x247dbf]
V  [jvm.dll+0xa6cb3]
V  [jvm.dll+0x2f8b61]
V  [jvm.dll+0x2f4750]
V  [jvm.dll+0x2dcf67]
V  [jvm.dll+0x31fb67]
V  [jvm.dll+0x83b19b]
V  [jvm.dll+0x83bed2]
V  [jvm.dll+0x83c3ed]
V  [jvm.dll+0x83c7c4]
V  [jvm.dll+0x83c890]
V  [jvm.dll+0x7e410a]
V  [jvm.dll+0x67c315]
C  [ucrtbase.dll+0x26c0c]
C  [KERNEL32.DLL+0x153e0]
C  [ntdll.dll+0x485b]

VM_Operation (0x0000000faf4fed20): G1CollectFull, mode: safepoint, requested by thread 0x0000016cca35ce70


---------------  P R O C E S S  ---------------

Threads class SMR info:
_java_thread_list=0x0000016ccb503640, length=23, elements={
0x0000016cc47b2030, 0x0000016cc47b2800, 0x0000016cc47daa30, 0x0000016cc47daf10,
0x0000016cc47db3f0, 0x0000016cc47e18f0, 0x0000016cc47e1e80, 0x0000016cc481e7c0,
0x0000016cc4b2ad60, 0x0000016cc4b2d6a0, 0x0000016cca1ddde0, 0x0000016cca35ce70,
0x0000016cca43d030, 0x0000016cba25c6f0, 0x0000016cca446470, 0x0000016cca527d90,
0x0000016cca55d690, 0x0000016cca569b20, 0x0000016cca568bf0, 0x0000016cca569100,
0x0000016cca56a540, 0x0000016cca5dcd50, 0x0000016cca5e0f20
}

Java Threads: ( => current thread )
  0x0000016cc47b2030 JavaThread "Reference Handler" daemon [_thread_blocked, id=22152, stack(0x0000000fae500000,0x0000000fae600000)]
  0x0000016cc47b2800 JavaThread "Finalizer" daemon [_thread_blocked, id=23556, stack(0x0000000fae600000,0x0000000fae700000)]
  0x0000016cc47daa30 JavaThread "Signal Dispatcher" daemon [_thread_blocked, id=24592, stack(0x0000000fae700000,0x0000000fae800000)]
  0x0000016cc47daf10 JavaThread "Attach Listener" daemon [_thread_blocked, id=4392, stack(0x0000000fae800000,0x0000000fae900000)]
  0x0000016cc47db3f0 JavaThread "Service Thread" daemon [_thread_blocked, id=27380, stack(0x0000000fae900000,0x0000000faea00000)]
  0x0000016cc47e18f0 JavaThread "Monitor Deflation Thread" daemon [_thread_blocked, id=27280, stack(0x0000000faea00000,0x0000000faeb00000)]
  0x0000016cc47e1e80 JavaThread "C1 CompilerThread0" daemon [_thread_blocked, id=16888, stack(0x0000000faeb00000,0x0000000faec00000)]
  0x0000016cc481e7c0 JavaThread "Sweeper thread" daemon [_thread_blocked, id=10256, stack(0x0000000faec00000,0x0000000faed00000)]
  0x0000016cc4b2ad60 JavaThread "Notification Thread" daemon [_thread_blocked, id=21904, stack(0x0000000faed00000,0x0000000faee00000)]
  0x0000016cc4b2d6a0 JavaThread "Common-Cleaner" daemon [_thread_blocked, id=14472, stack(0x0000000faef00000,0x0000000faf000000)]
  0x0000016cca1ddde0 JavaThread "boundedElastic-evictor-1" daemon [_thread_blocked, id=27404, stack(0x0000000faf300000,0x0000000faf400000)]
  0x0000016cca35ce70 JavaThread "pool-13-thread-1" [_thread_blocked, id=8768, stack(0x0000000faf400000,0x0000000faf500000)]
  0x0000016cca43d030 JavaThread "LanguageServerApp-lifecycle" [_thread_blocked, id=2464, stack(0x0000000faf500000,0x0000000faf600000)]
  0x0000016cba25c6f0 JavaThread "DestroyJavaVM" [_thread_blocked, id=2208, stack(0x0000000fade00000,0x0000000fadf00000)]
  0x0000016cca446470 JavaThread "pool-14-thread-1" [_thread_in_native, id=27152, stack(0x0000000faf600000,0x0000000faf700000)]
  0x0000016cca527d90 JavaThread "Simple-Language-Server main thread" daemon [_thread_blocked, id=11556, stack(0x0000000faf700000,0x0000000faf800000)]
  0x0000016cca55d690 JavaThread "pool-8-thread-1" [_thread_blocked, id=20248, stack(0x0000000fafa00000,0x0000000fafb00000)]
  0x0000016cca569b20 JavaThread "parallel-1" daemon [_thread_blocked, id=20808, stack(0x0000000fafb00000,0x0000000fafc00000)]
  0x0000016cca568bf0 JavaThread "pool-6-thread-1" [_thread_blocked, id=6860, stack(0x0000000fafc00000,0x0000000fafd00000)]
  0x0000016cca569100 JavaThread "parallel-2" daemon [_thread_blocked, id=12504, stack(0x0000000fafd00000,0x0000000fafe00000)]
  0x0000016cca56a540 JavaThread "parallel-3" daemon [_thread_blocked, id=22296, stack(0x0000000fafe00000,0x0000000faff00000)]
  0x0000016cca5dcd50 JavaThread "parallel-4" daemon [_thread_blocked, id=8228, stack(0x0000000fb0500000,0x0000000fb0600000)]
  0x0000016cca5e0f20 JavaThread "Reconciler-1" daemon [_thread_blocked, id=22948, stack(0x0000000fb0700000,0x0000000fb0800000)]

Other Threads:
=>0x0000016cc4760760 VMThread "VM Thread" [stack: 0x0000000fae400000,0x0000000fae500000] [id=24960]
  0x0000016cc4b2b240 WatcherThread [stack: 0x0000000faee00000,0x0000000faef00000] [id=2160]
  0x0000016cba298f70 GCTaskThread "GC Thread#0" [stack: 0x0000000fadf00000,0x0000000fae000000] [id=27372]
  0x0000016cc9085830 GCTaskThread "GC Thread#1" [stack: 0x0000000faf000000,0x0000000faf100000] [id=14728]
  0x0000016cc94468b0 GCTaskThread "GC Thread#2" [stack: 0x0000000faf100000,0x0000000faf200000] [id=17396]
  0x0000016cc4ad17e0 GCTaskThread "GC Thread#3" [stack: 0x0000000faf200000,0x0000000faf300000] [id=2700]
  0x0000016cba2a1ec0 ConcurrentGCThread "G1 Main Marker" [stack: 0x0000000fae000000,0x0000000fae100000] [id=8976]
  0x0000016cba2a3220 ConcurrentGCThread "G1 Conc#0" [stack: 0x0000000fae100000,0x0000000fae200000] [id=26188]
  0x0000016cba2e7580 ConcurrentGCThread "G1 Refine#0" [stack: 0x0000000fae200000,0x0000000fae300000] [id=25088]
  0x0000016cba2e8bd0 ConcurrentGCThread "G1 Service" [stack: 0x0000000fae300000,0x0000000fae400000] [id=22724]

Threads with active compile tasks:

VM state: at safepoint (normal execution)

VM Mutex/Monitor currently owned by a thread:  ([mutex/lock_event])
[0x0000016cb8143530] Threads_lock - owner thread: 0x0000016cc4760760
[0x0000016cba259850] Heap_lock - owner thread: 0x0000016cca35ce70

Heap address: 0x00000000c0000000, size: 1024 MB, Compressed Oops mode: 32-bit

CDS archive(s) not mapped
Compressed class space mapped at: 0x0000000100000000-0x0000000140000000, reserved size: 1073741824
Narrow klass base: 0x0000000000000000, Narrow klass shift: 3, Narrow klass range: 0x140000000

GC Precious Log:
 CPUs: 4 total, 4 available
 Memory: 3879M
 Large Page Support: Disabled
 NUMA Support: Disabled
 Compressed Oops: Enabled (32-bit)
 Heap Region Size: 1M
 Heap Min Capacity: 8M
 Heap Initial Capacity: 62M
 Heap Max Capacity: 1G
 Pre-touch: Disabled
 Parallel Workers: 4
 Concurrent Workers: 1
 Concurrent Refinement Workers: 4
 Periodic GC: Disabled

Heap:
 garbage-first heap   total 86016K, used 36358K [0x00000000c0000000, 0x0000000100000000)
  region size 1024K, 1 young (1024K), 0 survivors (0K)
 Metaspace       used 61136K, committed 61504K, reserved 1114112K
  class space    used 7443K, committed 7616K, reserved 1048576K

Heap Regions: E=young(eden), S=young(survivor), O=old, HS=humongous(starts), HC=humongous(continues), CS=collection set, F=free, OA=open archive, CA=closed archive, TAMS=top-at-mark-start (previous, next)
|   0|0x00000000c0000000, 0x00000000c0100000, 0x00000000c0100000|100%|HS|  |TAMS 0x00000000c0100000, 0x00000000c0000000| Untracked 
|   1|0x00000000c0100000, 0x00000000c0200000, 0x00000000c0200000|100%|HC|  |TAMS 0x00000000c0200000, 0x00000000c0100000| Untracked 
|   2|0x00000000c0200000, 0x00000000c0300000, 0x00000000c0300000|100%|HC|  |TAMS 0x00000000c0300000, 0x00000000c0200000| Untracked 
|   3|0x00000000c0300000, 0x00000000c0400000, 0x00000000c0400000|100%|HC|  |TAMS 0x00000000c0400000, 0x00000000c0300000| Untracked 
|   4|0x00000000c0400000, 0x00000000c0500000, 0x00000000c0500000|100%| O|  |TAMS 0x00000000c0500000, 0x00000000c0400000| Untracked 
|   5|0x00000000c0500000, 0x00000000c05ffff8, 0x00000000c0600000| 99%| O|  |TAMS 0x00000000c05ffff8, 0x00000000c0500000| Untracked 
|   6|0x00000000c0600000, 0x00000000c06ffb38, 0x00000000c0700000| 99%| O|  |TAMS 0x00000000c06ffb38, 0x00000000c0600000| Untracked 
|   7|0x00000000c0700000, 0x00000000c0800000, 0x00000000c0800000|100%| O|  |TAMS 0x00000000c0800000, 0x00000000c0700000| Untracked 
|   8|0x00000000c0800000, 0x00000000c0900000, 0x00000000c0900000|100%| O|  |TAMS 0x00000000c0900000, 0x00000000c0800000| Untracked 
|   9|0x00000000c0900000, 0x00000000c09ffff8, 0x00000000c0a00000| 99%| O|  |TAMS 0x00000000c09ffff8, 0x00000000c0900000| Untracked 
|  10|0x00000000c0a00000, 0x00000000c0b00000, 0x00000000c0b00000|100%|HS|  |TAMS 0x00000000c0b00000, 0x00000000c0a00000| Untracked 
|  11|0x00000000c0b00000, 0x00000000c0c00000, 0x00000000c0c00000|100%|HC|  |TAMS 0x00000000c0c00000, 0x00000000c0b00000| Untracked 
|  12|0x00000000c0c00000, 0x00000000c0d00000, 0x00000000c0d00000|100%| O|  |TAMS 0x00000000c0d00000, 0x00000000c0c00000| Untracked 
|  13|0x00000000c0d00000, 0x00000000c0dffff8, 0x00000000c0e00000| 99%| O|  |TAMS 0x00000000c0dffff8, 0x00000000c0d00000| Untracked 
|  14|0x00000000c0e00000, 0x00000000c0f00000, 0x00000000c0f00000|100%| O|  |TAMS 0x00000000c0f00000, 0x00000000c0e00000| Untracked 
|  15|0x00000000c0f00000, 0x00000000c0ffffd8, 0x00000000c1000000| 99%| O|  |TAMS 0x00000000c0ffffd8, 0x00000000c0f00000| Untracked 
|  16|0x00000000c1000000, 0x00000000c1100000, 0x00000000c1100000|100%| O|  |TAMS 0x00000000c1100000, 0x00000000c1000000| Untracked 
|  17|0x00000000c1100000, 0x00000000c11ffff0, 0x00000000c1200000| 99%| O|  |TAMS 0x00000000c11ffff0, 0x00000000c1100000| Untracked 
|  18|0x00000000c1200000, 0x00000000c12fffd8, 0x00000000c1300000| 99%| O|  |TAMS 0x00000000c12fffd8, 0x00000000c1200000| Untracked 
|  19|0x00000000c1300000, 0x00000000c13ffff0, 0x00000000c1400000| 99%| O|  |TAMS 0x00000000c13ffff0, 0x00000000c1300000| Untracked 
|  20|0x00000000c1400000, 0x00000000c14ffd18, 0x00000000c1500000| 99%| O|  |TAMS 0x00000000c14ffd18, 0x00000000c1400000| Untracked 
|  21|0x00000000c1500000, 0x00000000c15fffa0, 0x00000000c1600000| 99%| O|  |TAMS 0x00000000c15fffa0, 0x00000000c1500000| Untracked 
|  22|0x00000000c1600000, 0x00000000c16fb948, 0x00000000c1700000| 98%| O|  |TAMS 0x00000000c16fb948, 0x00000000c1600000| Untracked 
|  23|0x00000000c1700000, 0x00000000c17fcdf8, 0x00000000c1800000| 98%| O|  |TAMS 0x00000000c17fcdf8, 0x00000000c1700000| Untracked 
|  24|0x00000000c1800000, 0x00000000c18fffe8, 0x00000000c1900000| 99%| O|  |TAMS 0x00000000c18fffe8, 0x00000000c1800000| Untracked 
|  25|0x00000000c1900000, 0x00000000c19ffff0, 0x00000000c1a00000| 99%| O|  |TAMS 0x00000000c19ffff0, 0x00000000c1900000| Untracked 
|  26|0x00000000c1a00000, 0x00000000c1afffd0, 0x00000000c1b00000| 99%| O|  |TAMS 0x00000000c1afffd0, 0x00000000c1a00000| Untracked 
|  27|0x00000000c1b00000, 0x00000000c1bffff8, 0x00000000c1c00000| 99%| O|  |TAMS 0x00000000c1bffff8, 0x00000000c1b00000| Untracked 
|  28|0x00000000c1c00000, 0x00000000c1cfe120, 0x00000000c1d00000| 99%| O|  |TAMS 0x00000000c1cfe120, 0x00000000c1c00000| Untracked 
|  29|0x00000000c1d00000, 0x00000000c1dfffe8, 0x00000000c1e00000| 99%| O|  |TAMS 0x00000000c1dfffe8, 0x00000000c1d00000| Untracked 
|  30|0x00000000c1e00000, 0x00000000c1f00000, 0x00000000c1f00000|100%| O|  |TAMS 0x00000000c1f00000, 0x00000000c1e00000| Untracked 
|  31|0x00000000c1f00000, 0x00000000c1f8bff8, 0x00000000c2000000| 54%| O|  |TAMS 0x00000000c1f00000, 0x00000000c1f00000| Untracked 
|  32|0x00000000c2000000, 0x00000000c20ffff8, 0x00000000c2100000| 99%| O|  |TAMS 0x00000000c20ffff8, 0x00000000c2000000| Untracked 
|  33|0x00000000c2100000, 0x00000000c2100000, 0x00000000c2200000|  0%| F|  |TAMS 0x00000000c2100000, 0x00000000c2100000| Untracked 
|  34|0x00000000c2200000, 0x00000000c2300000, 0x00000000c2300000|100%|HS|  |TAMS 0x00000000c2300000, 0x00000000c2200000| Untracked 
|  35|0x00000000c2300000, 0x00000000c2300000, 0x00000000c2400000|  0%| F|  |TAMS 0x00000000c2300000, 0x00000000c2300000| Untracked 
|  36|0x00000000c2400000, 0x00000000c24ffaf0, 0x00000000c2500000| 99%| O|  |TAMS 0x00000000c24ffaf0, 0x00000000c2400000| Untracked 
|  37|0x00000000c2500000, 0x00000000c2600000, 0x00000000c2600000|100%| O|  |TAMS 0x00000000c2600000, 0x00000000c2500000| Untracked 
|  38|0x00000000c2600000, 0x00000000c2600000, 0x00000000c2700000|  0%| F|  |TAMS 0x00000000c2600000, 0x00000000c2600000| Untracked 
|  39|0x00000000c2700000, 0x00000000c2700000, 0x00000000c2800000|  0%| F|  |TAMS 0x00000000c2700000, 0x00000000c2700000| Untracked 
|  40|0x00000000c2800000, 0x00000000c2800000, 0x00000000c2900000|  0%| F|  |TAMS 0x00000000c2800000, 0x00000000c2800000| Untracked 
|  41|0x00000000c2900000, 0x00000000c2900000, 0x00000000c2a00000|  0%| F|  |TAMS 0x00000000c2900000, 0x00000000c2900000| Untracked 
|  42|0x00000000c2a00000, 0x00000000c2a00000, 0x00000000c2b00000|  0%| F|  |TAMS 0x00000000c2a00000, 0x00000000c2a00000| Untracked 
|  43|0x00000000c2b00000, 0x00000000c2b00000, 0x00000000c2c00000|  0%| F|  |TAMS 0x00000000c2b00000, 0x00000000c2b00000| Untracked 
|  44|0x00000000c2c00000, 0x00000000c2c00000, 0x00000000c2d00000|  0%| F|  |TAMS 0x00000000c2c00000, 0x00000000c2c00000| Untracked 
|  45|0x00000000c2d00000, 0x00000000c2d00000, 0x00000000c2e00000|  0%| F|  |TAMS 0x00000000c2d00000, 0x00000000c2d00000| Untracked 
|  46|0x00000000c2e00000, 0x00000000c2e00000, 0x00000000c2f00000|  0%| F|  |TAMS 0x00000000c2e00000, 0x00000000c2e00000| Untracked 
|  47|0x00000000c2f00000, 0x00000000c2f00000, 0x00000000c3000000|  0%| F|  |TAMS 0x00000000c2f00000, 0x00000000c2f00000| Untracked 
|  48|0x00000000c3000000, 0x00000000c3000000, 0x00000000c3100000|  0%| F|  |TAMS 0x00000000c3000000, 0x00000000c3000000| Untracked 
|  49|0x00000000c3100000, 0x00000000c3100000, 0x00000000c3200000|  0%| F|  |TAMS 0x00000000c3100000, 0x00000000c3100000| Untracked 
|  50|0x00000000c3200000, 0x00000000c3200000, 0x00000000c3300000|  0%| F|  |TAMS 0x00000000c3200000, 0x00000000c3200000| Untracked 
|  51|0x00000000c3300000, 0x00000000c3300000, 0x00000000c3400000|  0%| F|  |TAMS 0x00000000c3300000, 0x00000000c3300000| Untracked 
|  52|0x00000000c3400000, 0x00000000c3400000, 0x00000000c3500000|  0%| F|  |TAMS 0x00000000c3400000, 0x00000000c3400000| Untracked 
|  53|0x00000000c3500000, 0x00000000c3500000, 0x00000000c3600000|  0%| F|  |TAMS 0x00000000c3500000, 0x00000000c3500000| Untracked 
|  54|0x00000000c3600000, 0x00000000c3600000, 0x00000000c3700000|  0%| F|  |TAMS 0x00000000c3600000, 0x00000000c3600000| Untracked 
|  55|0x00000000c3700000, 0x00000000c3700000, 0x00000000c3800000|  0%| F|  |TAMS 0x00000000c3700000, 0x00000000c3700000| Untracked 
|  56|0x00000000c3800000, 0x00000000c3800000, 0x00000000c3900000|  0%| F|  |TAMS 0x00000000c3800000, 0x00000000c3800000| Untracked 
|  57|0x00000000c3900000, 0x00000000c3900000, 0x00000000c3a00000|  0%| F|  |TAMS 0x00000000c3900000, 0x00000000c3900000| Untracked 
|  58|0x00000000c3a00000, 0x00000000c3a00000, 0x00000000c3b00000|  0%| F|  |TAMS 0x00000000c3a00000, 0x00000000c3a00000| Untracked 
|  59|0x00000000c3b00000, 0x00000000c3b00000, 0x00000000c3c00000|  0%| F|  |TAMS 0x00000000c3b00000, 0x00000000c3b00000| Untracked 
|  60|0x00000000c3c00000, 0x00000000c3c00000, 0x00000000c3d00000|  0%| F|  |TAMS 0x00000000c3c00000, 0x00000000c3c00000| Untracked 
|  61|0x00000000c3d00000, 0x00000000c3d00000, 0x00000000c3e00000|  0%| F|  |TAMS 0x00000000c3d00000, 0x00000000c3d00000| Untracked 
|  62|0x00000000c3e00000, 0x00000000c3e00000, 0x00000000c3f00000|  0%| F|  |TAMS 0x00000000c3e00000, 0x00000000c3e00000| Untracked 
|  63|0x00000000c3f00000, 0x00000000c3f00000, 0x00000000c4000000|  0%| F|  |TAMS 0x00000000c3f00000, 0x00000000c3f00000| Untracked 
|  64|0x00000000c4000000, 0x00000000c4000000, 0x00000000c4100000|  0%| F|  |TAMS 0x00000000c4000000, 0x00000000c4000000| Untracked 
|  65|0x00000000c4100000, 0x00000000c4100000, 0x00000000c4200000|  0%| F|  |TAMS 0x00000000c4100000, 0x00000000c4100000| Untracked 
|  66|0x00000000c4200000, 0x00000000c4200000, 0x00000000c4300000|  0%| F|  |TAMS 0x00000000c4200000, 0x00000000c4200000| Untracked 
|  67|0x00000000c4300000, 0x00000000c4300000, 0x00000000c4400000|  0%| F|  |TAMS 0x00000000c4300000, 0x00000000c4300000| Untracked 
|  68|0x00000000c4400000, 0x00000000c4400000, 0x00000000c4500000|  0%| F|  |TAMS 0x00000000c4400000, 0x00000000c4400000| Untracked 
|  69|0x00000000c4500000, 0x00000000c4500000, 0x00000000c4600000|  0%| F|  |TAMS 0x00000000c4500000, 0x00000000c4500000| Untracked 
|  70|0x00000000c4600000, 0x00000000c4600000, 0x00000000c4700000|  0%| F|  |TAMS 0x00000000c4600000, 0x00000000c4600000| Untracked 
|  71|0x00000000c4700000, 0x00000000c4700000, 0x00000000c4800000|  0%| F|  |TAMS 0x00000000c4700000, 0x00000000c4700000| Untracked 
|  72|0x00000000c4800000, 0x00000000c4800000, 0x00000000c4900000|  0%| F|  |TAMS 0x00000000c4800000, 0x00000000c4800000| Untracked 
|  73|0x00000000c4900000, 0x00000000c4900000, 0x00000000c4a00000|  0%| F|  |TAMS 0x00000000c4900000, 0x00000000c4900000| Untracked 
|  74|0x00000000c4a00000, 0x00000000c4a00000, 0x00000000c4b00000|  0%| F|  |TAMS 0x00000000c4a00000, 0x00000000c4a00000| Untracked 
|  75|0x00000000c4b00000, 0x00000000c4b00000, 0x00000000c4c00000|  0%| F|  |TAMS 0x00000000c4b00000, 0x00000000c4b00000| Untracked 
|  76|0x00000000c4c00000, 0x00000000c4c00000, 0x00000000c4d00000|  0%| F|  |TAMS 0x00000000c4c00000, 0x00000000c4c00000| Untracked 
|  77|0x00000000c4d00000, 0x00000000c4d00000, 0x00000000c4e00000|  0%| F|  |TAMS 0x00000000c4d00000, 0x00000000c4d00000| Untracked 
|  78|0x00000000c4e00000, 0x00000000c4e00000, 0x00000000c4f00000|  0%| F|  |TAMS 0x00000000c4e00000, 0x00000000c4e00000| Untracked 
|  79|0x00000000c4f00000, 0x00000000c4f00000, 0x00000000c5000000|  0%| F|  |TAMS 0x00000000c4f00000, 0x00000000c4f00000| Untracked 
|  80|0x00000000c5000000, 0x00000000c5000000, 0x00000000c5100000|  0%| F|  |TAMS 0x00000000c5000000, 0x00000000c5000000| Untracked 
|  81|0x00000000c5100000, 0x00000000c5100000, 0x00000000c5200000|  0%| F|  |TAMS 0x00000000c5100000, 0x00000000c5100000| Untracked 
|  82|0x00000000c5200000, 0x00000000c5200000, 0x00000000c5300000|  0%| F|  |TAMS 0x00000000c5200000, 0x00000000c5200000| Untracked 
|  83|0x00000000c5300000, 0x00000000c53299c8, 0x00000000c5400000| 16%| E|  |TAMS 0x00000000c5300000, 0x00000000c5300000| Complete 

Card table byte_map: [0x0000016cbfef0000,0x0000016cc00f0000] _byte_map_base: 0x0000016cbf8f0000

Marking Bits (Prev, Next): (CMBitMap*) 0x0000016cba2995d0, (CMBitMap*) 0x0000016cba299590
 Prev Bits: [0x0000016cc12f0000, 0x0000016cc22f0000)
 Next Bits: [0x0000016cc02f0000, 0x0000016cc12f0000)

Polling page: 0x0000016cb8210000

Metaspace:

Usage:
  Non-class:     52.43 MB used.
      Class:      7.27 MB used.
       Both:     59.70 MB used.

Virtual space:
  Non-class space:       64.00 MB reserved,      52.62 MB ( 82%) committed,  1 nodes.
      Class space:        1.00 GB reserved,       7.44 MB ( <1%) committed,  1 nodes.
             Both:        1.06 GB reserved,      60.06 MB (  6%) committed. 

Chunk freelists:
   Non-Class:  10.76 MB
       Class:  8.45 MB
        Both:  19.21 MB

MaxMetaspaceSize: unlimited
CompressedClassSpaceSize: 1.00 GB
Initial GC threshold: 21.00 MB
Current GC threshold: 99.94 MB
CDS: off
MetaspaceReclaimPolicy: balanced
 - commit_granule_bytes: 65536.
 - commit_granule_words: 8192.
 - virtual_space_node_default_size: 8388608.
 - enlarge_chunks_in_place: 1.
 - new_chunks_are_fully_committed: 0.
 - uncommit_free_chunks: 1.
 - use_allocation_guard: 0.
 - handle_deallocations: 1.


Internal statistics:

num_allocs_failed_limit: 6.
num_arena_births: 686.
num_arena_deaths: 240.
num_vsnodes_births: 2.
num_vsnodes_deaths: 0.
num_space_committed: 960.
num_space_uncommitted: 0.
num_chunks_returned_to_freelist: 289.
num_chunks_taken_from_freelist: 2723.
num_chunk_merges: 94.
num_chunk_splits: 1802.
num_chunks_enlarged: 1384.
num_inconsistent_stats: 0.

CodeCache: size=49152Kb used=10783Kb max_used=10783Kb free=38368Kb
 bounds [0x0000016cbcef0000, 0x0000016cbd980000, 0x0000016cbfef0000]
 total_blobs=6560 nmethods=5881 adapters=606
 compilation: enabled
              stopped_count=0, restarted_count=0
 full_count=0

Compilation events (20 events):
Event: 1530.201 Thread 0x0000016cc47e1e80 5874  s    1       java.io.BufferedOutputStream::write (67 bytes)
Event: 1530.255 Thread 0x0000016cc47e1e80 nmethod 5874 0x0000016cbd975310 code [0x0000016cbd9754e0, 0x0000016cbd975898]
Event: 1530.261 Thread 0x0000016cc47e1e80 5875       1       org.eclipse.lsp4j.jsonrpc.messages.RequestMessage::getMethod (5 bytes)
Event: 1530.675 Thread 0x0000016cc47e1e80 nmethod 5875 0x0000016cbd975a10 code [0x0000016cbd975ba0, 0x0000016cbd975c78]
Event: 1609.112 Thread 0x0000016cc47e1e80 5876       1       java.lang.Runtime::getRuntime (4 bytes)
Event: 1609.121 Thread 0x0000016cc47e1e80 nmethod 5876 0x0000016cbd975d10 code [0x0000016cbd975ea0, 0x0000016cbd975f58]
Event: 1724.830 Thread 0x0000016cc47e1e80 5877       1       java.io.FileInputStream::<init> (59 bytes)
Event: 1724.865 Thread 0x0000016cc47e1e80 nmethod 5877 0x0000016cbd976010 code [0x0000016cbd976200, 0x0000016cbd9766c8]
Event: 1724.865 Thread 0x0000016cc47e1e80 5878       1       java.lang.Process$PipeInputStream::<init> (6 bytes)
Event: 1724.865 Thread 0x0000016cc47e1e80 nmethod 5878 0x0000016cbd976910 code [0x0000016cbd976aa0, 0x0000016cbd976b88]
Event: 1725.013 Thread 0x0000016cc47e1e80 5879       1       java.lang.ProcessImpl::exitValue (28 bytes)
Event: 1725.041 Thread 0x0000016cc47e1e80 nmethod 5879 0x0000016cbd976c10 code [0x0000016cbd976dc0, 0x0000016cbd976f18]
Event: 1725.042 Thread 0x0000016cc47e1e80 5882   !   1       com.google.common.io.Closeables::closeQuietly (19 bytes)
Event: 1725.047 Thread 0x0000016cc47e1e80 nmethod 5882 0x0000016cbd977010 code [0x0000016cbd9771c0, 0x0000016cbd977338]
Event: 1725.048 Thread 0x0000016cc47e1e80 5880       1       java.lang.ProcessImpl::getInputStream (5 bytes)
Event: 1725.048 Thread 0x0000016cc47e1e80 nmethod 5880 0x0000016cbd977410 code [0x0000016cbd9775a0, 0x0000016cbd977678]
Event: 1725.048 Thread 0x0000016cc47e1e80 5881       1       java.lang.ProcessImpl::getErrorStream (5 bytes)
Event: 1725.048 Thread 0x0000016cc47e1e80 nmethod 5881 0x0000016cbd977710 code [0x0000016cbd9778a0, 0x0000016cbd977978]
Event: 1725.048 Thread 0x0000016cc47e1e80 5883       1       java.lang.ProcessImpl::getOutputStream (5 bytes)
Event: 1725.049 Thread 0x0000016cc47e1e80 nmethod 5883 0x0000016cbd977a10 code [0x0000016cbd977ba0, 0x0000016cbd977c78]

GC Heap History (20 events):
Event: 1823.735 GC heap before
{Heap before GC invocations=165 (full 136):
 garbage-first heap   total 86016K, used 36358K [0x00000000c0000000, 0x0000000100000000)
  region size 1024K, 1 young (1024K), 0 survivors (0K)
 Metaspace       used 61136K, committed 61504K, reserved 1114112K
  class space    used 7443K, committed 7616K, reserved 1048576K
}
Event: 1824.080 GC heap after
{Heap after GC invocations=166 (full 137):
 garbage-first heap   total 86016K, used 36358K [0x00000000c0000000, 0x0000000100000000)
  region size 1024K, 0 young (0K), 0 survivors (0K)
 Metaspace       used 61136K, committed 61504K, reserved 1114112K
  class space    used 7443K, committed 7616K, reserved 1048576K
}
Event: 1835.207 GC heap before
{Heap before GC invocations=166 (full 137):
 garbage-first heap   total 86016K, used 36358K [0x00000000c0000000, 0x0000000100000000)
  region size 1024K, 1 young (1024K), 0 survivors (0K)
 Metaspace       used 61136K, committed 61504K, reserved 1114112K
  class space    used 7443K, committed 7616K, reserved 1048576K
}
Event: 1835.603 GC heap after
{Heap after GC invocations=167 (full 138):
 garbage-first heap   total 86016K, used 36358K [0x00000000c0000000, 0x0000000100000000)
  region size 1024K, 0 young (0K), 0 survivors (0K)
 Metaspace       used 61136K, committed 61504K, reserved 1114112K
  class space    used 7443K, committed 7616K, reserved 1048576K
}
Event: 1846.025 GC heap before
{Heap before GC invocations=167 (full 138):
 garbage-first heap   total 86016K, used 36358K [0x00000000c0000000, 0x0000000100000000)
  region size 1024K, 1 young (1024K), 0 survivors (0K)
 Metaspace       used 61136K, committed 61504K, reserved 1114112K
  class space    used 7443K, committed 7616K, reserved 1048576K
}
Event: 1846.324 GC heap after
{Heap after GC invocations=168 (full 139):
 garbage-first heap   total 86016K, used 36358K [0x00000000c0000000, 0x0000000100000000)
  region size 1024K, 0 young (0K), 0 survivors (0K)
 Metaspace       used 61136K, committed 61504K, reserved 1114112K
  class space    used 7443K, committed 7616K, reserved 1048576K
}
Event: 1856.639 GC heap before
{Heap before GC invocations=168 (full 139):
 garbage-first heap   total 86016K, used 36358K [0x00000000c0000000, 0x0000000100000000)
  region size 1024K, 1 young (1024K), 0 survivors (0K)
 Metaspace       used 61136K, committed 61504K, reserved 1114112K
  class space    used 7443K, committed 7616K, reserved 1048576K
}
Event: 1856.704 GC heap after
{Heap after GC invocations=169 (full 140):
 garbage-first heap   total 86016K, used 36358K [0x00000000c0000000, 0x0000000100000000)
  region size 1024K, 0 young (0K), 0 survivors (0K)
 Metaspace       used 61136K, committed 61504K, reserved 1114112K
  class space    used 7443K, committed 7616K, reserved 1048576K
}
Event: 1867.297 GC heap before
{Heap before GC invocations=169 (full 140):
 garbage-first heap   total 86016K, used 36358K [0x00000000c0000000, 0x0000000100000000)
  region size 1024K, 1 young (1024K), 0 survivors (0K)
 Metaspace       used 61136K, committed 61504K, reserved 1114112K
  class space    used 7443K, committed 7616K, reserved 1048576K
}
Event: 1867.614 GC heap after
{Heap after GC invocations=170 (full 141):
 garbage-first heap   total 86016K, used 36358K [0x00000000c0000000, 0x0000000100000000)
  region size 1024K, 0 young (0K), 0 survivors (0K)
 Metaspace       used 61136K, committed 61504K, reserved 1114112K
  class space    used 7443K, committed 7616K, reserved 1048576K
}
Event: 1878.309 GC heap before
{Heap before GC invocations=170 (full 141):
 garbage-first heap   total 86016K, used 36358K [0x00000000c0000000, 0x0000000100000000)
  region size 1024K, 1 young (1024K), 0 survivors (0K)
 Metaspace       used 61136K, committed 61504K, reserved 1114112K
  class space    used 7443K, committed 7616K, reserved 1048576K
}
Event: 1878.706 GC heap after
{Heap after GC invocations=171 (full 142):
 garbage-first heap   total 86016K, used 36358K [0x00000000c0000000, 0x0000000100000000)
  region size 1024K, 0 young (0K), 0 survivors (0K)
 Metaspace       used 61136K, committed 61504K, reserved 1114112K
  class space    used 7443K, committed 7616K, reserved 1048576K
}
Event: 1889.641 GC heap before
{Heap before GC invocations=171 (full 142):
 garbage-first heap   total 86016K, used 36358K [0x00000000c0000000, 0x0000000100000000)
  region size 1024K, 1 young (1024K), 0 survivors (0K)
 Metaspace       used 61136K, committed 61504K, reserved 1114112K
  class space    used 7443K, committed 7616K, reserved 1048576K
}
Event: 1890.195 GC heap after
{Heap after GC invocations=172 (full 143):
 garbage-first heap   total 86016K, used 36358K [0x00000000c0000000, 0x0000000100000000)
  region size 1024K, 0 young (0K), 0 survivors (0K)
 Metaspace       used 61136K, committed 61504K, reserved 1114112K
  class space    used 7443K, committed 7616K, reserved 1048576K
}
Event: 1900.771 GC heap before
{Heap before GC invocations=172 (full 143):
 garbage-first heap   total 86016K, used 36358K [0x00000000c0000000, 0x0000000100000000)
  region size 1024K, 1 young (1024K), 0 survivors (0K)
 Metaspace       used 61136K, committed 61504K, reserved 1114112K
  class space    used 7443K, committed 7616K, reserved 1048576K
}
Event: 1901.113 GC heap after
{Heap after GC invocations=173 (full 144):
 garbage-first heap   total 86016K, used 36358K [0x00000000c0000000, 0x0000000100000000)
  region size 1024K, 0 young (0K), 0 survivors (0K)
 Metaspace       used 61136K, committed 61504K, reserved 1114112K
  class space    used 7443K, committed 7616K, reserved 1048576K
}
Event: 1912.396 GC heap before
{Heap before GC invocations=173 (full 144):
 garbage-first heap   total 86016K, used 36358K [0x00000000c0000000, 0x0000000100000000)
  region size 1024K, 1 young (1024K), 0 survivors (0K)
 Metaspace       used 61136K, committed 61504K, reserved 1114112K
  class space    used 7443K, committed 7616K, reserved 1048576K
}
Event: 1912.787 GC heap after
{Heap after GC invocations=174 (full 145):
 garbage-first heap   total 86016K, used 36358K [0x00000000c0000000, 0x0000000100000000)
  region size 1024K, 0 young (0K), 0 survivors (0K)
 Metaspace       used 61136K, committed 61504K, reserved 1114112K
  class space    used 7443K, committed 7616K, reserved 1048576K
}
Event: 1923.609 GC heap before
{Heap before GC invocations=174 (full 145):
 garbage-first heap   total 86016K, used 36358K [0x00000000c0000000, 0x0000000100000000)
  region size 1024K, 1 young (1024K), 0 survivors (0K)
 Metaspace       used 61136K, committed 61504K, reserved 1114112K
  class space    used 7443K, committed 7616K, reserved 1048576K
}
Event: 1924.027 GC heap after
{Heap after GC invocations=175 (full 146):
 garbage-first heap   total 86016K, used 36358K [0x00000000c0000000, 0x0000000100000000)
  region size 1024K, 0 young (0K), 0 survivors (0K)
 Metaspace       used 61136K, committed 61504K, reserved 1114112K
  class space    used 7443K, committed 7616K, reserved 1048576K
}

Dll operation events (10 events):
Event: 0.011 Loaded shared library c:\Users\55119\.vscode\extensions\redhat.java-1.33.0-win32-x64\jre\17.0.11-win32-x86_64\bin\java.dll
Event: 0.365 Loaded shared library C:\Users\55119\.vscode\extensions\redhat.java-1.33.0-win32-x64\jre\17.0.11-win32-x86_64\bin\net.dll
Event: 0.367 Loaded shared library C:\Users\55119\.vscode\extensions\redhat.java-1.33.0-win32-x64\jre\17.0.11-win32-x86_64\bin\nio.dll
Event: 0.398 Loaded shared library C:\Users\55119\.vscode\extensions\redhat.java-1.33.0-win32-x64\jre\17.0.11-win32-x86_64\bin\zip.dll
Event: 10.096 Loaded shared library C:\Users\55119\.vscode\extensions\redhat.java-1.33.0-win32-x64\jre\17.0.11-win32-x86_64\bin\jimage.dll
Event: 19.586 Loaded shared library c:\Users\55119\.vscode\extensions\redhat.java-1.33.0-win32-x64\jre\17.0.11-win32-x86_64\bin\verify.dll
Event: 21.901 Loaded shared library C:\Users\55119\.vscode\extensions\redhat.java-1.33.0-win32-x64\jre\17.0.11-win32-x86_64\bin\management.dll
Event: 21.908 Loaded shared library C:\Users\55119\.vscode\extensions\redhat.java-1.33.0-win32-x64\jre\17.0.11-win32-x86_64\bin\management_ext.dll
Event: 23.263 Loaded shared library C:\Users\55119\.vscode\extensions\redhat.java-1.33.0-win32-x64\jre\17.0.11-win32-x86_64\bin\sunmscapi.dll
Event: 23.596 Loaded shared library C:\Users\55119\.vscode\extensions\redhat.java-1.33.0-win32-x64\jre\17.0.11-win32-x86_64\bin\extnet.dll

Deoptimization events (8 events):
Event: 22.220 Thread 0x0000016cca446470 DEOPT PACKING pc=0x0000016cbd321401 sp=0x0000000faf6fe020
Event: 22.220 Thread 0x0000016cca446470 DEOPT UNPACKING pc=0x0000016cbcf4ace3 sp=0x0000000faf6fd4b0 mode 3
Event: 22.248 Thread 0x0000016cca527d90 DEOPT PACKING pc=0x0000016cbd301397 sp=0x0000000faf7feed0
Event: 22.248 Thread 0x0000016cca527d90 DEOPT UNPACKING pc=0x0000016cbcf4ace3 sp=0x0000000faf7fe328 mode 3
Event: 23.348 Thread 0x0000016cca5db400 DEOPT PACKING pc=0x0000016cbd05320c sp=0x0000000fb08fa930
Event: 23.348 Thread 0x0000016cca5db400 DEOPT UNPACKING pc=0x0000016cbcf4ace3 sp=0x0000000fb08f9df8 mode 0
Event: 647.144 Thread 0x0000016cca446470 DEOPT PACKING pc=0x0000016cbd3e29d4 sp=0x0000000faf6ff320
Event: 647.145 Thread 0x0000016cca446470 DEOPT UNPACKING pc=0x0000016cbcf4ace3 sp=0x0000000faf6fe7c8 mode 0

Classes unloaded (20 events):
Event: 82.772 Thread 0x0000016cc4760760 Unloading class 0x0000000100094c00 'java/lang/invoke/LambdaForm$MH+0x0000000100094c00'
Event: 82.772 Thread 0x0000016cc4760760 Unloading class 0x0000000100094800 'java/lang/invoke/LambdaForm$MH+0x0000000100094800'
Event: 82.772 Thread 0x0000016cc4760760 Unloading class 0x0000000100094400 'java/lang/invoke/LambdaForm$MH+0x0000000100094400'
Event: 82.772 Thread 0x0000016cc4760760 Unloading class 0x000000010008e800 'java/lang/invoke/LambdaForm$MH+0x000000010008e800'
Event: 82.772 Thread 0x0000016cc4760760 Unloading class 0x000000010008e400 'java/lang/invoke/LambdaForm$MH+0x000000010008e400'
Event: 82.772 Thread 0x0000016cc4760760 Unloading class 0x000000010008e000 'java/lang/invoke/LambdaForm$MH+0x000000010008e000'
Event: 82.772 Thread 0x0000016cc4760760 Unloading class 0x000000010008dc00 'java/lang/invoke/LambdaForm$MH+0x000000010008dc00'
Event: 82.772 Thread 0x0000016cc4760760 Unloading class 0x000000010008d800 'java/lang/invoke/LambdaForm$MH+0x000000010008d800'
Event: 82.772 Thread 0x0000016cc4760760 Unloading class 0x000000010008d400 'java/lang/invoke/LambdaForm$MH+0x000000010008d400'
Event: 82.772 Thread 0x0000016cc4760760 Unloading class 0x000000010008cc00 'java/lang/invoke/LambdaForm$MH+0x000000010008cc00'
Event: 82.772 Thread 0x0000016cc4760760 Unloading class 0x000000010008c800 'java/lang/invoke/LambdaForm$MH+0x000000010008c800'
Event: 82.772 Thread 0x0000016cc4760760 Unloading class 0x000000010008c000 'java/lang/invoke/LambdaForm$MH+0x000000010008c000'
Event: 82.772 Thread 0x0000016cc4760760 Unloading class 0x000000010008bc00 'java/lang/invoke/LambdaForm$MH+0x000000010008bc00'
Event: 82.772 Thread 0x0000016cc4760760 Unloading class 0x0000000100088400 'java/lang/invoke/LambdaForm$MH+0x0000000100088400'
Event: 733.796 Thread 0x0000016cc4760760 Unloading class 0x000000010054c000 'java/lang/invoke/LambdaForm$MH+0x000000010054c000'
Event: 733.796 Thread 0x0000016cc4760760 Unloading class 0x0000000100561000 'java/lang/invoke/LambdaForm$MH+0x0000000100561000'
Event: 733.796 Thread 0x0000016cc4760760 Unloading class 0x0000000100561800 'java/lang/invoke/LambdaForm$MH+0x0000000100561800'
Event: 795.156 Thread 0x0000016cc4760760 Unloading class 0x0000000100561800 'java/lang/invoke/LambdaForm$MH+0x0000000100561800'
Event: 795.156 Thread 0x0000016cc4760760 Unloading class 0x0000000100561000 'java/lang/invoke/LambdaForm$MH+0x0000000100561000'
Event: 795.156 Thread 0x0000016cc4760760 Unloading class 0x000000010054c000 'java/lang/invoke/LambdaForm$MH+0x000000010054c000'

Classes redefined (0 events):
No events

Internal exceptions (20 events):
Event: 23.767 Thread 0x0000016cca568bf0 Exception <a 'sun/nio/fs/WindowsException'{0x00000000c4e17e00}> (0x00000000c4e17e00) 
thrown [s\src\hotspot\share\prims\jni.cpp, line 516]
Event: 23.767 Thread 0x0000016cca568bf0 Exception <a 'sun/nio/fs/WindowsException'{0x00000000c4e18848}> (0x00000000c4e18848) 
thrown [s\src\hotspot\share\prims\jni.cpp, line 516]
Event: 23.767 Thread 0x0000016cca568bf0 Exception <a 'sun/nio/fs/WindowsException'{0x00000000c4e19270}> (0x00000000c4e19270) 
thrown [s\src\hotspot\share\prims\jni.cpp, line 516]
Event: 23.767 Thread 0x0000016cca568bf0 Exception <a 'sun/nio/fs/WindowsException'{0x00000000c4e19cb8}> (0x00000000c4e19cb8) 
thrown [s\src\hotspot\share\prims\jni.cpp, line 516]
Event: 23.767 Thread 0x0000016cca568bf0 Exception <a 'sun/nio/fs/WindowsException'{0x00000000c4e1a800}> (0x00000000c4e1a800) 
thrown [s\src\hotspot\share\prims\jni.cpp, line 516]
Event: 23.767 Thread 0x0000016cca568bf0 Exception <a 'sun/nio/fs/WindowsException'{0x00000000c4e1b3b0}> (0x00000000c4e1b3b0) 
thrown [s\src\hotspot\share\prims\jni.cpp, line 516]
Event: 61.943 Thread 0x0000016cca35ce70 Exception <a 'java/lang/NoSuchMethodError'{0x00000000c43dc990}: 'void java.lang.invoke.DirectMethodHandle$Holder.invokeStatic(java.lang.Object, long)'> (0x00000000c43dc990) 
thrown [s\src\hotspot\share\interpreter\linkResolver.cpp, line 759]
Event: 61.943 Thread 0x0000016cca35ce70 Exception <a 'java/lang/NoSuchMethodError'{0x00000000c43e1d40}: 'java.lang.Object java.lang.invoke.DirectMethodHandle$Holder.newInvokeSpecial(java.lang.Object, long)'> (0x00000000c43e1d40) 
thrown [s\src\hotspot\share\interpreter\linkResolver.cpp, line 759]
Event: 324.609 Thread 0x0000016cca5de6a0 Exception <a 'java/io/IOException'{0x00000000c536b040}> (0x00000000c536b040) 
thrown [s\src\hotspot\share\prims\jni.cpp, line 516]
Event: 324.726 Thread 0x0000016cca5dfae0 Exception <a 'java/io/IOException'{0x00000000c53762c0}> (0x00000000c53762c0) 
thrown [s\src\hotspot\share\prims\jni.cpp, line 516]
Event: 325.322 Thread 0x0000016cca5db910 Exception <a 'java/io/IOException'{0x00000000c5380328}> (0x00000000c5380328) 
thrown [s\src\hotspot\share\prims\jni.cpp, line 516]
Event: 689.254 Thread 0x0000016cca5dd260 Implicit null exception at 0x0000016cbd77e806 to 0x0000016cbd77e888
Event: 689.264 Thread 0x0000016cca5dd260 Exception <a 'java/lang/NullPointerException'{0x00000000c50a0b30}> (0x00000000c50a0b30) 
thrown [s\src\hotspot\share\runtime\sharedRuntime.cpp, line 631]
Event: 689.271 Thread 0x0000016cca5de6a0 Implicit null exception at 0x0000016cbd77e806 to 0x0000016cbd77e888
Event: 689.272 Thread 0x0000016cca5de6a0 Exception <a 'java/lang/NullPointerException'{0x00000000c515a140}> (0x00000000c515a140) 
thrown [s\src\hotspot\share\runtime\sharedRuntime.cpp, line 631]
Event: 689.663 Thread 0x0000016cca5ddc80 Exception <a 'java/lang/NoSuchMethodError'{0x00000000c4bd8f18}: 'java.lang.Object java.lang.invoke.DirectMethodHandle$Holder.newInvokeSpecial(java.lang.Object, java.lang.Object, int, java.lang.Object)'> (0x00000000c4bd8f18) 
thrown [s\src\hotspot\share\interpreter\linkResolver.cpp, line 759]
Event: 689.665 Thread 0x0000016cca5ddc80 Exception <a 'java/lang/NoSuchMethodError'{0x00000000c4bdcae0}: 'java.lang.Object java.lang.invoke.Invokers$Holder.linkToTargetMethod(java.lang.Object, int, java.lang.Object, java.lang.Object)'> (0x00000000c4bdcae0) 
thrown [s\src\hotspot\share\interpreter\linkResolver.cpp, line 759]
Event: 689.669 Thread 0x0000016cca5ddc80 Exception <a 'java/lang/NoSuchMethodError'{0x00000000c4be04b0}: 'void java.lang.invoke.DirectMethodHandle$Holder.invokeStatic(java.lang.Object, int, java.lang.Object)'> (0x00000000c4be04b0) 
thrown [s\src\hotspot\share\interpreter\linkResolver.cpp, line 759]
Event: 1023.780 Thread 0x0000016cca527d90 Exception <a 'sun/nio/fs/WindowsException'{0x00000000c53d7698}> (0x00000000c53d7698) 
thrown [s\src\hotspot\share\prims\jni.cpp, line 516]
Event: 1023.785 Thread 0x0000016cca527d90 Exception <a 'sun/nio/fs/WindowsException'{0x00000000c53d7d70}> (0x00000000c53d7d70) 
thrown [s\src\hotspot\share\prims\jni.cpp, line 516]

VM Operations (20 events):
Event: 1824.081 Executing VM operation: G1CollectFull done
Event: 1835.193 Executing VM operation: G1CollectFull
Event: 1835.605 Executing VM operation: G1CollectFull done
Event: 1846.012 Executing VM operation: G1CollectFull
Event: 1846.325 Executing VM operation: G1CollectFull done
Event: 1856.638 Executing VM operation: G1CollectFull
Event: 1856.705 Executing VM operation: G1CollectFull done
Event: 1867.283 Executing VM operation: G1CollectFull
Event: 1867.616 Executing VM operation: G1CollectFull done
Event: 1878.298 Executing VM operation: G1CollectFull
Event: 1878.708 Executing VM operation: G1CollectFull done
Event: 1889.627 Executing VM operation: G1CollectFull
Event: 1890.197 Executing VM operation: G1CollectFull done
Event: 1900.761 Executing VM operation: G1CollectFull
Event: 1901.116 Executing VM operation: G1CollectFull done
Event: 1912.387 Executing VM operation: G1CollectFull
Event: 1912.789 Executing VM operation: G1CollectFull done
Event: 1923.598 Executing VM operation: G1CollectFull
Event: 1924.029 Executing VM operation: G1CollectFull done
Event: 1936.411 Executing VM operation: G1CollectFull

Events (20 events):
Event: 689.140 Thread 0x0000016cca5de6a0 Thread added: 0x0000016cca5de6a0
Event: 689.270 Thread 0x0000016cca5debb0 Thread added: 0x0000016cca5debb0
Event: 689.279 loading class java/util/logging/LogRecord
Event: 689.400 loading class java/util/logging/LogRecord done
Event: 689.429 Thread 0x0000016cca5dc330 Thread added: 0x0000016cca5dc330
Event: 689.431 Thread 0x0000016cca5e1430 Thread added: 0x0000016cca5e1430
Event: 749.433 Thread 0x0000016cca5e1e50 Thread exited: 0x0000016cca5e1e50
Event: 749.435 Thread 0x0000016cca5de6a0 Thread exited: 0x0000016cca5de6a0
Event: 796.036 Thread 0x0000016cca5e1430 Thread exited: 0x0000016cca5e1430
Event: 796.036 Thread 0x0000016cca5dc330 Thread exited: 0x0000016cca5dc330
Event: 797.523 Thread 0x0000016cca5ddc80 Thread exited: 0x0000016cca5ddc80
Event: 797.936 Thread 0x0000016cca5debb0 Thread exited: 0x0000016cca5debb0
Event: 797.936 Thread 0x0000016cca5dd260 Thread exited: 0x0000016cca5dd260
Event: 797.940 Thread 0x0000016cca5dd770 Thread exited: 0x0000016cca5dd770
Event: 857.944 Thread 0x0000016cca5dfae0 Thread exited: 0x0000016cca5dfae0
Event: 917.946 Thread 0x0000016cca5de190 Thread exited: 0x0000016cca5de190
Event: 968.345 Thread 0x0000016cca5e0500 Thread added: 0x0000016cca5e0500
Event: 1041.910 Thread 0x0000016cca5e0500 Thread exited: 0x0000016cca5e0500
Event: 1464.806 Thread 0x0000016cca5e0a10 Thread added: 0x0000016cca5e0a10
Event: 1602.227 Thread 0x0000016cca5e0a10 Thread exited: 0x0000016cca5e0a10


Dynamic libraries:
0x00007ff6eb270000 - 0x00007ff6eb27e000 	c:\Users\55119\.vscode\extensions\redhat.java-1.33.0-win32-x64\jre\17.0.11-win32-x86_64\bin\java.exe
0x00007ffd877a0000 - 0x00007ffd879a9000 	C:\Windows\SYSTEM32\ntdll.dll
0x00007ffd5fb70000 - 0x00007ffd5fb8a000 	C:\Program Files\Avast Software\Avast\aswhook.dll
0x00007ffd86260000 - 0x00007ffd8631d000 	C:\Windows\System32\KERNEL32.DLL
0x00007ffd85260000 - 0x00007ffd855e4000 	C:\Windows\System32\KERNELBASE.dll
0x00007ffd84ee0000 - 0x00007ffd84ff1000 	C:\Windows\System32\ucrtbase.dll
0x00007ffd80590000 - 0x00007ffd805ab000 	c:\Users\55119\.vscode\extensions\redhat.java-1.33.0-win32-x64\jre\17.0.11-win32-x86_64\bin\VCRUNTIME140.dll
0x00007ffd805f0000 - 0x00007ffd80607000 	c:\Users\55119\.vscode\extensions\redhat.java-1.33.0-win32-x64\jre\17.0.11-win32-x86_64\bin\jli.dll
0x00007ffd873e0000 - 0x00007ffd8758d000 	C:\Windows\System32\USER32.dll
0x00007ffd85230000 - 0x00007ffd85256000 	C:\Windows\System32\win32u.dll
0x00007ffd71230000 - 0x00007ffd714d5000 	C:\Windows\WinSxS\amd64_microsoft.windows.common-controls_6595b64144ccf1df_6.0.22000.120_none_9d947278b86cc467\COMCTL32.dll
0x00007ffd87050000 - 0x00007ffd8707a000 	C:\Windows\System32\GDI32.dll
0x00007ffd87080000 - 0x00007ffd87123000 	C:\Windows\System32\msvcrt.dll
0x00007ffd84cb0000 - 0x00007ffd84dce000 	C:\Windows\System32\gdi32full.dll
0x00007ffd84dd0000 - 0x00007ffd84e6d000 	C:\Windows\System32\msvcp_win.dll
0x00007ffd87720000 - 0x00007ffd87751000 	C:\Windows\System32\IMM32.DLL
0x00007ffd81480000 - 0x00007ffd8148c000 	c:\Users\55119\.vscode\extensions\redhat.java-1.33.0-win32-x64\jre\17.0.11-win32-x86_64\bin\vcruntime140_1.dll
0x00007ffd6b610000 - 0x00007ffd6b69d000 	c:\Users\55119\.vscode\extensions\redhat.java-1.33.0-win32-x64\jre\17.0.11-win32-x86_64\bin\msvcp140.dll
0x00007ffcf7ab0000 - 0x00007ffcf8712000 	c:\Users\55119\.vscode\extensions\redhat.java-1.33.0-win32-x64\jre\17.0.11-win32-x86_64\bin\server\jvm.dll
0x00007ffd86e90000 - 0x00007ffd86f3e000 	C:\Windows\System32\ADVAPI32.dll
0x00007ffd87140000 - 0x00007ffd871de000 	C:\Windows\System32\sechost.dll
0x00007ffd86540000 - 0x00007ffd86661000 	C:\Windows\System32\RPCRT4.dll
0x00007ffd83860000 - 0x00007ffd838ad000 	C:\Windows\SYSTEM32\POWRPROF.dll
0x00007ffd6f4b0000 - 0x00007ffd6f4b9000 	C:\Windows\SYSTEM32\WSOCK32.dll
0x00007ffd861f0000 - 0x00007ffd8625f000 	C:\Windows\System32\WS2_32.dll
0x00007ffd7a270000 - 0x00007ffd7a27a000 	C:\Windows\SYSTEM32\VERSION.dll
0x00007ffd7b350000 - 0x00007ffd7b383000 	C:\Windows\SYSTEM32\WINMM.dll
0x00007ffd837c0000 - 0x00007ffd837d3000 	C:\Windows\SYSTEM32\UMPDC.dll
0x00007ffd83d90000 - 0x00007ffd83da8000 	C:\Windows\SYSTEM32\kernel.appcore.dll
0x00007ffd805c0000 - 0x00007ffd805ca000 	c:\Users\55119\.vscode\extensions\redhat.java-1.33.0-win32-x64\jre\17.0.11-win32-x86_64\bin\jimage.dll
0x00007ffd82180000 - 0x00007ffd823a1000 	C:\Windows\SYSTEM32\DBGHELP.DLL
0x00007ffd79280000 - 0x00007ffd792b1000 	C:\Windows\SYSTEM32\dbgcore.DLL
0x00007ffd84c30000 - 0x00007ffd84caf000 	C:\Windows\System32\bcryptPrimitives.dll
0x00007ffd80550000 - 0x00007ffd80575000 	c:\Users\55119\.vscode\extensions\redhat.java-1.33.0-win32-x64\jre\17.0.11-win32-x86_64\bin\java.dll
0x00007ffd79230000 - 0x00007ffd79248000 	c:\Users\55119\.vscode\extensions\redhat.java-1.33.0-win32-x64\jre\17.0.11-win32-x86_64\bin\zip.dll
0x00007ffd85a00000 - 0x00007ffd861c5000 	C:\Windows\System32\SHELL32.dll
0x00007ffd82d00000 - 0x00007ffd83562000 	C:\Windows\SYSTEM32\windows.storage.dll
0x00007ffd85610000 - 0x00007ffd85986000 	C:\Windows\System32\combase.dll
0x00007ffd82b90000 - 0x00007ffd82cf7000 	C:\Windows\SYSTEM32\wintypes.dll
0x00007ffd86920000 - 0x00007ffd86a0a000 	C:\Windows\System32\SHCORE.dll
0x00007ffd864e0000 - 0x00007ffd8653d000 	C:\Windows\System32\shlwapi.dll
0x00007ffd84b60000 - 0x00007ffd84b85000 	C:\Windows\SYSTEM32\profapi.dll
0x00007ffd78c90000 - 0x00007ffd78ca9000 	C:\Users\55119\.vscode\extensions\redhat.java-1.33.0-win32-x64\jre\17.0.11-win32-x86_64\bin\net.dll
0x00007ffd7d600000 - 0x00007ffd7d714000 	C:\Windows\SYSTEM32\WINHTTP.dll
0x00007ffd84240000 - 0x00007ffd842a7000 	C:\Windows\system32\mswsock.dll
0x00007ffd78c30000 - 0x00007ffd78c46000 	C:\Users\55119\.vscode\extensions\redhat.java-1.33.0-win32-x64\jre\17.0.11-win32-x86_64\bin\nio.dll
0x00007ffd7a9b0000 - 0x00007ffd7a9c0000 	c:\Users\55119\.vscode\extensions\redhat.java-1.33.0-win32-x64\jre\17.0.11-win32-x86_64\bin\verify.dll
0x00007ffd84480000 - 0x00007ffd84498000 	C:\Windows\SYSTEM32\CRYPTSP.dll
0x00007ffd83cf0000 - 0x00007ffd83d25000 	C:\Windows\system32\rsaenh.dll
0x00007ffd84330000 - 0x00007ffd8435c000 	C:\Windows\SYSTEM32\USERENV.dll
0x00007ffd84600000 - 0x00007ffd84627000 	C:\Windows\SYSTEM32\bcrypt.dll
0x00007ffd844a0000 - 0x00007ffd844ac000 	C:\Windows\SYSTEM32\CRYPTBASE.dll
0x00007ffd838b0000 - 0x00007ffd838dd000 	C:\Windows\SYSTEM32\IPHLPAPI.DLL
0x00007ffd86f40000 - 0x00007ffd86f49000 	C:\Windows\System32\NSI.dll
0x00007ffd7d5e0000 - 0x00007ffd7d5f9000 	C:\Windows\SYSTEM32\dhcpcsvc6.DLL
0x00007ffd7d8d0000 - 0x00007ffd7d8ee000 	C:\Windows\SYSTEM32\dhcpcsvc.DLL
0x00007ffd83920000 - 0x00007ffd83a07000 	C:\Windows\SYSTEM32\DNSAPI.dll
0x00007ffd79660000 - 0x00007ffd79669000 	C:\Users\55119\.vscode\extensions\redhat.java-1.33.0-win32-x64\jre\17.0.11-win32-x86_64\bin\management.dll
0x00007ffd79210000 - 0x00007ffd7921b000 	C:\Users\55119\.vscode\extensions\redhat.java-1.33.0-win32-x64\jre\17.0.11-win32-x86_64\bin\management_ext.dll
0x00007ffd85600000 - 0x00007ffd85608000 	C:\Windows\System32\PSAPI.DLL
0x00007ffd7a970000 - 0x00007ffd7a97e000 	C:\Users\55119\.vscode\extensions\redhat.java-1.33.0-win32-x64\jre\17.0.11-win32-x86_64\bin\sunmscapi.dll
0x00007ffd850c0000 - 0x00007ffd85222000 	C:\Windows\System32\CRYPT32.dll
0x00007ffd845d0000 - 0x00007ffd845f8000 	C:\Windows\SYSTEM32\ncrypt.dll
0x00007ffd84590000 - 0x00007ffd845c7000 	C:\Windows\SYSTEM32\NTASN1.dll
0x00007ffd79b30000 - 0x00007ffd79b3a000 	C:\Windows\System32\rasadhlp.dll
0x00007ffd79f50000 - 0x00007ffd79fd1000 	C:\Windows\System32\fwpuclnt.dll
0x00007ffd7a950000 - 0x00007ffd7a959000 	C:\Users\55119\.vscode\extensions\redhat.java-1.33.0-win32-x64\jre\17.0.11-win32-x86_64\bin\extnet.dll

dbghelp: loaded successfully - version: 4.0.5 - missing functions: none
symbol engine: initialized successfully - sym options: 0x614 - pdb path: .;c:\Users\55119\.vscode\extensions\redhat.java-1.33.0-win32-x64\jre\17.0.11-win32-x86_64\bin;C:\Windows\SYSTEM32;C:\Program Files\Avast Software\Avast;C:\Windows\WinSxS\amd64_microsoft.windows.common-controls_6595b64144ccf1df_6.0.22000.120_none_9d947278b86cc467;c:\Users\55119\.vscode\extensions\redhat.java-1.33.0-win32-x64\jre\17.0.11-win32-x86_64\bin\server

VM Arguments:
jvm_args: -Xmx1024m -Dsts.lsp.client=vscode -Dsts.log.file=/dev/null -XX:TieredStopAtLevel=1 -Xlog:jni+resolve=off -Dspring.config.location=file:c:\Users\55119\.vscode\extensions\vmware.vscode-spring-boot-1.56.0\language-server\BOOT-INF\classes\application.properties 
java_command: org.springframework.ide.vscode.boot.app.BootLanguageServerBootApp
java_class_path (initial): c:\Users\55119\.vscode\extensions\vmware.vscode-spring-boot-1.56.0\language-server\BOOT-INF\classes;c:\Users\55119\.vscode\extensions\vmware.vscode-spring-boot-1.56.0\language-server\BOOT-INF\lib\annotations-24.1.0.jar;c:\Users\55119\.vscode\extensions\vmware.vscode-spring-boot-1.56.0\language-server\BOOT-INF\lib\antlr4-runtime-4.13.1.jar;c:\Users\55119\.vscode\extensions\vmware.vscode-spring-boot-1.56.0\language-server\BOOT-INF\lib\asm-9.7.jar;c:\Users\55119\.vscode\extensions\vmware.vscode-spring-boot-1.56.0\language-server\BOOT-INF\lib\asm-analysis-9.7.jar;c:\Users\55119\.vscode\extensions\vmware.vscode-spring-boot-1.56.0\language-server\BOOT-INF\lib\asm-tree-9.7.jar;c:\Users\55119\.vscode\extensions\vmware.vscode-spring-boot-1.56.0\language-server\BOOT-INF\lib\asm-util-9.7.jar;c:\Users\55119\.vscode\extensions\vmware.vscode-spring-boot-1.56.0\language-server\BOOT-INF\lib\caffeine-3.1.8.jar;c:\Users\55119\.vscode\extensions\vmware.vscode-spring-boot-1.56.0\language-server\BOOT-INF\lib\checker-qual-3.12.0.jar;c:\Users\55119\.vscode\extensions\vmware.vscode-spring-boot-1.56.0\language-server\BOOT-INF\lib\classgraph-4.8.149.jar;c:\Users\55119\.vscode\extensions\vmware.vscode-spring-boot-1.56.0\language-server\BOOT-INF\lib\commons-codec-1.16.1.jar;c:\Users\55119\.vscode\extensions\vmware.vscode-spring-boot-1.56.0\language-server\BOOT-INF\lib\commons-compress-1.26.2.jar;c:\Users\55119\.vscode\extensions\vmware.vscode-spring-boot-1.56.0\language-server\BOOT-INF\lib\commons-io-2.16.1.jar;c:\Users\55119\.vscode\extensions\vmware.vscode-spring-boot-1.56.0\language-server\BOOT-INF\lib\commons-java-1.56.0-SNAPSHOT.jar;c:\Users\55119\.vscode\extensions\vmware.vscode-spring-boot-1.56.0\language-server\BOOT-INF\lib\commons-lang3-3.14.0.jar;c:\Users\55119\.vscode\extensions\vmware.vscode-spring-boot-1.56.0\language-server\BOOT-INF\lib\commons-language-server-1.56.0-SNAPSHOT.jar;c:\Users\55119\.vscode\extensions\vmware.vscode-spring-boot-1.56.0\langu
Launcher Type: SUN_STANDARD

[Global flags]
     intx CICompilerCount                          = 3                                         {product} {ergonomic}
     uint ConcGCThreads                            = 1                                         {product} {ergonomic}
     uint G1ConcRefinementThreads                  = 4                                         {product} {ergonomic}
   size_t G1HeapRegionSize                         = 1048576                                   {product} {ergonomic}
    uintx GCDrainStackTargetSize                   = 64                                        {product} {ergonomic}
   size_t InitialHeapSize                          = 65011712                                  {product} {ergonomic}
   size_t MarkStackSize                            = 4194304                                   {product} {ergonomic}
   size_t MaxHeapSize                              = 1073741824                                {product} {command line}
   size_t MaxNewSize                               = 643825664                                 {product} {ergonomic}
   size_t MinHeapDeltaBytes                        = 1048576                                   {product} {ergonomic}
   size_t MinHeapSize                              = 8388608                                   {product} {ergonomic}
    uintx NonProfiledCodeHeapSize                  = 0                                      {pd product} {ergonomic}
     bool ProfileInterpreter                       = false                                  {pd product} {command line}
    uintx ProfiledCodeHeapSize                     = 0                                      {pd product} {ergonomic}
   size_t SoftMaxHeapSize                          = 1073741824                             {manageable} {ergonomic}
     intx TieredStopAtLevel                        = 1                                         {product} {command line}
     bool UseCompressedClassPointers               = true                           {product lp64_product} {ergonomic}
     bool UseCompressedOops                        = true                           {product lp64_product} {ergonomic}
     bool UseG1GC                                  = true                                      {product} {ergonomic}
     bool UseLargePagesIndividualAllocation        = false                                  {pd product} {ergonomic}

Logging:
Log output configuration:
 #0: stdout all=warning,jni+resolve=off uptime,level,tags
 #1: stderr all=off uptime,level,tags

Environment Variables:
PATH=C:\Program Files\Common Files\Oracle\Java\javapath;C:\ProgramData\Oracle\Java\javapath;C:\Windows\system32;C:\Windows;C:\Windows\System32\Wbem;C:\Windows\System32\WindowsPowerShell\v1.0\;C:\Windows\System32\OpenSSH\;C:\Program Files\dotnet\;C:\Program Files\Git\cmd;C:\Program Files\PuTTY\;C:\Program Files\nodejs\;C:\php-8.2.20-nts-Win32-vs16-x64\;C:\composer;C:\Users\55119\AppData\Local\Microsoft\WindowsApps;C:\Users\55119\AppData\Local\Programs\Microsoft VS Code\bin;C:\Users\55119\AppData\Local\GitHubDesktop\bin;C:\Program Files\MySQL\MySQL Server 8.0\bin;C:\mongosh-1.8.2\bin;C:\Program Files\MongoDB\Server\6.0\bin;C:\Program Files (x86)\sqlite3;C:\Users\55119\AppData\Roaming\npm;C:\php-8.2.20-nts-Win32-vs16-x64\;C:\Users\55119\AppData\Roaming\Composer\vendor\bin
USERNAME=gabriel
OS=Windows_NT
PROCESSOR_IDENTIFIER=Intel64 Family 6 Model 140 Stepping 2, GenuineIntel
TMP=C:\Users\55119\AppData\Local\Temp
TEMP=C:\Users\55119\AppData\Local\Temp



Periodic native trim disabled


---------------  S Y S T E M  ---------------

OS:
 Windows 11 , 64 bit Build 22000 (10.0.22000.2538)
OS uptime: 1 days 5:56 hours

CPU: total 4 (initial active 4) (2 cores per cpu, 2 threads per core) family 6 model 140 stepping 2 microcode 0x26, cx8, cmov, fxsr, ht, mmx, 3dnowpref, sse, sse2, sse3, ssse3, sse4.1, sse4.2, popcnt, lzcnt, tsc, tscinvbit, avx, avx2, aes, erms, clmul, bmi1, bmi2, adx, avx512f, avx512dq, avx512cd, avx512bw, avx512vl, sha, fma, vzeroupper, avx512_vpopcntdq, avx512_vpclmulqdq, avx512_vaes, avx512_vnni, clflush, clflushopt, clwb, avx512_vbmi2, avx512_vbmi
Processor Information for all 4 processors :
  Max Mhz: 2995, Current Mhz: 2995, Mhz Limit: 2995

Memory: 4k page, system-wide physical 3879M (94M free)
TotalPageFile size 15655M (AvailPageFile size 9M)
current process WorkingSet (physical memory assigned to process): 6M, peak: 212M
current process commit charge ("private bytes"): 248M, peak: 252M

vm_info: OpenJDK 64-Bit Server VM (17.0.11+9) for windows-amd64 JRE (17.0.11+9), built on Apr 17 2024 06:07:48 by "admin" with MS VC++ 16.10 / 16.11 (VS2019)

END.
