#
# There is insufficient memory for the Java Runtime Environment to continue.
# Native memory allocation (malloc) failed to allocate 2097152 bytes. Error detail: AllocateHeap
# Possible reasons:
#   The system is out of physical RAM or swap space
#   This process is running with CompressedOops enabled, and the Java Heap may be blocking the growth of the native heap
# Possible solutions:
#   Reduce memory load on the system
#   Increase physical memory or swap space
#   Check if swap backing store is full
#   Decrease Java heap size (-Xmx/-Xms)
#   Decrease number of Java threads
#   Decrease Java thread stack sizes (-Xss)
#   Set larger code cache with -XX:ReservedCodeCacheSize=
#   JVM is running with Unscaled Compressed Oops mode in which the Java heap is
#     placed in the first 4GB address space. The Java Heap base address is the
#     maximum limit for the native heap growth. Please use -XX:HeapBaseMinAddress
#     to set the Java Heap base and to place the Java Heap above 4GB virtual address.
# This output file may be truncated or incomplete.
#
#  Out of Memory Error (allocation.cpp:44), pid=38652, tid=37068
#
# JRE version: OpenJDK Runtime Environment Temurin-17.0.11+9 (17.0.11+9) (build 17.0.11+9)
# Java VM: OpenJDK 64-Bit Server VM Temurin-17.0.11+9 (17.0.11+9, mixed mode, emulated-client, tiered, compressed oops, compressed class ptrs, g1 gc, windows-amd64)
# No core dump will be written. Minidumps are not enabled by default on client versions of Windows
#

---------------  S U M M A R Y ------------

Command Line: -Xmx1024m -Dsts.lsp.client=vscode -Dsts.log.file=/dev/null -XX:TieredStopAtLevel=1 -Xlog:jni+resolve=off -Dspring.config.location=file:c:\Users\55119\.vscode\extensions\vmware.vscode-spring-boot-1.56.0\language-server\BOOT-INF\classes\application.properties org.springframework.ide.vscode.boot.app.BootLanguageServerBootApp

Host: 11th Gen Intel(R) Core(TM) i3-1115G4 @ 3.00GHz, 4 cores, 3G,  Windows 11 , 64 bit Build 22000 (10.0.22000.2538)
Time: Tue Aug 13 17:28:33 2024 Hora oficial do Brasil elapsed time: 156.140698 seconds (0d 0h 2m 36s)

---------------  T H R E A D  ---------------

Current thread (0x000002a3fef810b0):  VMThread "VM Thread" [stack: 0x000000cd69a00000,0x000000cd69b00000] [id=37068]

Stack: [0x000000cd69a00000,0x000000cd69b00000]
Native frames: (J=compiled Java code, j=interpreted, Vv=VM code, C=native code)
V  [jvm.dll+0x67d429]
V  [jvm.dll+0x834b7a]
V  [jvm.dll+0x83663e]
V  [jvm.dll+0x836ca3]
V  [jvm.dll+0x247dbf]
V  [jvm.dll+0xa6cb3]
V  [jvm.dll+0x2f8b61]
V  [jvm.dll+0x2f4750]
V  [jvm.dll+0x2dcf67]
V  [jvm.dll+0x31fb67]
V  [jvm.dll+0x83b19b]
V  [jvm.dll+0x83bed2]
V  [jvm.dll+0x83c3ed]
V  [jvm.dll+0x83c7c4]
V  [jvm.dll+0x83c890]
V  [jvm.dll+0x7e410a]
V  [jvm.dll+0x67c315]
C  [ucrtbase.dll+0x26c0c]
C  [KERNEL32.DLL+0x153e0]
C  [ntdll.dll+0x485b]

VM_Operation (0x000000cd6aafee70): G1CollectFull, mode: safepoint, requested by thread 0x000002a3ff271440


---------------  P R O C E S S  ---------------

Threads class SMR info:
_java_thread_list=0x000002a387c8c130, length=28, elements={
0x000002a3fef98390, 0x000002a3fef98e60, 0x000002a3ff10a130, 0x000002a3ff10aa00,
0x000002a3ff10b2d0, 0x000002a3ff10dbb0, 0x000002a3ff10e480, 0x000002a3fefcb240,
0x000002a3ff2ff5b0, 0x000002a3ff305f00, 0x000002a3864a3850, 0x000002a3ff271440,
0x000002a386c42050, 0x000002a3f69fb840, 0x000002a3ffb07b10, 0x000002a386a5fa80,
0x000002a386d2d790, 0x000002a386d2dca0, 0x000002a386d2af10, 0x000002a386d2cd70,
0x000002a386d2a4f0, 0x000002a386d2aa00, 0x000002a386d2c860, 0x000002a386fc7840,
0x000002a386fc4ab0, 0x000002a386fc6910, 0x000002a386fca5d0, 0x000002a386fc6e20
}

Java Threads: ( => current thread )
  0x000002a3fef98390 JavaThread "Reference Handler" daemon [_thread_blocked, id=37176, stack(0x000000cd69b00000,0x000000cd69c00000)]
  0x000002a3fef98e60 JavaThread "Finalizer" daemon [_thread_blocked, id=37960, stack(0x000000cd69c00000,0x000000cd69d00000)]
  0x000002a3ff10a130 JavaThread "Signal Dispatcher" daemon [_thread_blocked, id=37920, stack(0x000000cd69d00000,0x000000cd69e00000)]
  0x000002a3ff10aa00 JavaThread "Attach Listener" daemon [_thread_blocked, id=37616, stack(0x000000cd69e00000,0x000000cd69f00000)]
  0x000002a3ff10b2d0 JavaThread "Service Thread" daemon [_thread_blocked, id=38844, stack(0x000000cd69f00000,0x000000cd6a000000)]
  0x000002a3ff10dbb0 JavaThread "Monitor Deflation Thread" daemon [_thread_blocked, id=36212, stack(0x000000cd6a000000,0x000000cd6a100000)]
  0x000002a3ff10e480 JavaThread "C1 CompilerThread0" daemon [_thread_blocked, id=38108, stack(0x000000cd6a100000,0x000000cd6a200000)]
  0x000002a3fefcb240 JavaThread "Sweeper thread" daemon [_thread_blocked, id=37824, stack(0x000000cd6a200000,0x000000cd6a300000)]
  0x000002a3ff2ff5b0 JavaThread "Notification Thread" daemon [_thread_blocked, id=32560, stack(0x000000cd6a300000,0x000000cd6a400000)]
  0x000002a3ff305f00 JavaThread "Common-Cleaner" daemon [_thread_blocked, id=14544, stack(0x000000cd6a500000,0x000000cd6a600000)]
  0x000002a3864a3850 JavaThread "boundedElastic-evictor-1" daemon [_thread_blocked, id=7788, stack(0x000000cd6a900000,0x000000cd6aa00000)]
  0x000002a3ff271440 JavaThread "pool-13-thread-1" [_thread_blocked, id=38440, stack(0x000000cd6aa00000,0x000000cd6ab00000)]
  0x000002a386c42050 JavaThread "LanguageServerApp-lifecycle" [_thread_blocked, id=38752, stack(0x000000cd6ab00000,0x000000cd6ac00000)]
  0x000002a3f69fb840 JavaThread "DestroyJavaVM" [_thread_blocked, id=36912, stack(0x000000cd69400000,0x000000cd69500000)]
  0x000002a3ffb07b10 JavaThread "pool-14-thread-1" [_thread_in_native, id=38612, stack(0x000000cd6ac00000,0x000000cd6ad00000)]
  0x000002a386a5fa80 JavaThread "Simple-Language-Server main thread" daemon [_thread_blocked, id=35612, stack(0x000000cd6ad00000,0x000000cd6ae00000)]
  0x000002a386d2d790 JavaThread "pool-8-thread-1" [_thread_blocked, id=36060, stack(0x000000cd6af00000,0x000000cd6b000000)]
  0x000002a386d2dca0 JavaThread "parallel-1" daemon [_thread_blocked, id=34804, stack(0x000000cd6b000000,0x000000cd6b100000)]
  0x000002a386d2af10 JavaThread "pool-6-thread-1" [_thread_blocked, id=38572, stack(0x000000cd6b100000,0x000000cd6b200000)]
  0x000002a386d2cd70 JavaThread "parallel-2" daemon [_thread_blocked, id=36556, stack(0x000000cd6b200000,0x000000cd6b300000)]
  0x000002a386d2a4f0 JavaThread "parallel-3" daemon [_thread_blocked, id=38444, stack(0x000000cd6b300000,0x000000cd6b400000)]
  0x000002a386d2aa00 JavaThread "ForkJoinPool.commonPool-worker-1" daemon [_thread_blocked, id=36580, stack(0x000000cd6b500000,0x000000cd6b600000)]
  0x000002a386d2c860 JavaThread "parallel-4" daemon [_thread_blocked, id=38560, stack(0x000000cd6ba00000,0x000000cd6bb00000)]
  0x000002a386fc7840 JavaThread "Reconciler-1" daemon [_thread_blocked, id=28276, stack(0x000000cd6bc00000,0x000000cd6bd00000)]
  0x000002a386fc4ab0 JavaThread "OkHttp api.spring.io" daemon [_thread_in_native, id=34004, stack(0x000000cd6bf00000,0x000000cd6c000000)]
  0x000002a386fc6910 JavaThread "OkHttp api.spring.io" daemon [_thread_in_native, id=36116, stack(0x000000cd6c000000,0x000000cd6c100000)]
  0x000002a386fca5d0 JavaThread "OkHttp TaskRunner" daemon [_thread_blocked, id=37880, stack(0x000000cd6c300000,0x000000cd6c400000)]
  0x000002a386fc6e20 JavaThread "OkHttp api.spring.io" daemon [_thread_in_native, id=37040, stack(0x000000cd6c400000,0x000000cd6c500000)]

Other Threads:
=>0x000002a3fef810b0 VMThread "VM Thread" [stack: 0x000000cd69a00000,0x000000cd69b00000] [id=37068]
  0x000002a3ff2ffa90 WatcherThread [stack: 0x000000cd6a400000,0x000000cd6a500000] [id=35868]
  0x000002a3f6a390d0 GCTaskThread "GC Thread#0" [stack: 0x000000cd69500000,0x000000cd69600000] [id=38228]
  0x000002a3ff8f7dd0 GCTaskThread "GC Thread#1" [stack: 0x000000cd6a600000,0x000000cd6a700000] [id=38476]
  0x000002a3ff969dc0 GCTaskThread "GC Thread#2" [stack: 0x000000cd6a700000,0x000000cd6a800000] [id=2240]
  0x000002a38604bc70 GCTaskThread "GC Thread#3" [stack: 0x000000cd6a800000,0x000000cd6a900000] [id=38804]
  0x000002a3f6a41f30 ConcurrentGCThread "G1 Main Marker" [stack: 0x000000cd69600000,0x000000cd69700000] [id=36300]
  0x000002a3f6a42860 ConcurrentGCThread "G1 Conc#0" [stack: 0x000000cd69700000,0x000000cd69800000] [id=38272]
  0x000002a3f6a82100 ConcurrentGCThread "G1 Refine#0" [stack: 0x000000cd69800000,0x000000cd69900000] [id=22116]
  0x000002a3f6a86b20 ConcurrentGCThread "G1 Service" [stack: 0x000000cd69900000,0x000000cd69a00000] [id=38528]

Threads with active compile tasks:

VM state: at safepoint (normal execution)

VM Mutex/Monitor currently owned by a thread:  ([mutex/lock_event])
[0x000002a3f4874420] Threads_lock - owner thread: 0x000002a3fef810b0
[0x000002a3f486f0f0] Heap_lock - owner thread: 0x000002a3ff271440

Heap address: 0x00000000c0000000, size: 1024 MB, Compressed Oops mode: 32-bit

CDS archive(s) not mapped
Compressed class space mapped at: 0x0000000100000000-0x0000000140000000, reserved size: 1073741824
Narrow klass base: 0x0000000000000000, Narrow klass shift: 3, Narrow klass range: 0x140000000

GC Precious Log:
 CPUs: 4 total, 4 available
 Memory: 3879M
 Large Page Support: Disabled
 NUMA Support: Disabled
 Compressed Oops: Enabled (32-bit)
 Heap Region Size: 1M
 Heap Min Capacity: 8M
 Heap Initial Capacity: 62M
 Heap Max Capacity: 1G
 Pre-touch: Disabled
 Parallel Workers: 4
 Concurrent Workers: 1
 Concurrent Refinement Workers: 4
 Periodic GC: Disabled

Heap:
 garbage-first heap   total 76800K, used 35251K [0x00000000c0000000, 0x0000000100000000)
  region size 1024K, 1 young (1024K), 0 survivors (0K)
 Metaspace       used 60686K, committed 61376K, reserved 1114112K
  class space    used 7351K, committed 7616K, reserved 1048576K

Heap Regions: E=young(eden), S=young(survivor), O=old, HS=humongous(starts), HC=humongous(continues), CS=collection set, F=free, OA=open archive, CA=closed archive, TAMS=top-at-mark-start (previous, next)
|   0|0x00000000c0000000, 0x00000000c0100000, 0x00000000c0100000|100%|HS|  |TAMS 0x00000000c0100000, 0x00000000c0000000| Untracked 
|   1|0x00000000c0100000, 0x00000000c0200000, 0x00000000c0200000|100%|HC|  |TAMS 0x00000000c0200000, 0x00000000c0100000| Untracked 
|   2|0x00000000c0200000, 0x00000000c0300000, 0x00000000c0300000|100%|HC|  |TAMS 0x00000000c0300000, 0x00000000c0200000| Untracked 
|   3|0x00000000c0300000, 0x00000000c0400000, 0x00000000c0400000|100%|HC|  |TAMS 0x00000000c0400000, 0x00000000c0300000| Untracked 
|   4|0x00000000c0400000, 0x00000000c0500000, 0x00000000c0500000|100%| O|  |TAMS 0x00000000c0500000, 0x00000000c0400000| Untracked 
|   5|0x00000000c0500000, 0x00000000c0600000, 0x00000000c0600000|100%| O|  |TAMS 0x00000000c0600000, 0x00000000c0500000| Untracked 
|   6|0x00000000c0600000, 0x00000000c06ffbe8, 0x00000000c0700000| 99%| O|  |TAMS 0x00000000c06ffbe8, 0x00000000c0600000| Untracked 
|   7|0x00000000c0700000, 0x00000000c0800000, 0x00000000c0800000|100%| O|  |TAMS 0x00000000c0800000, 0x00000000c0700000| Untracked 
|   8|0x00000000c0800000, 0x00000000c0900000, 0x00000000c0900000|100%| O|  |TAMS 0x00000000c0900000, 0x00000000c0800000| Untracked 
|   9|0x00000000c0900000, 0x00000000c0a00000, 0x00000000c0a00000|100%| O|  |TAMS 0x00000000c0a00000, 0x00000000c0900000| Untracked 
|  10|0x00000000c0a00000, 0x00000000c0b00000, 0x00000000c0b00000|100%|HS|  |TAMS 0x00000000c0b00000, 0x00000000c0a00000| Untracked 
|  11|0x00000000c0b00000, 0x00000000c0c00000, 0x00000000c0c00000|100%|HC|  |TAMS 0x00000000c0c00000, 0x00000000c0b00000| Untracked 
|  12|0x00000000c0c00000, 0x00000000c0d00000, 0x00000000c0d00000|100%| O|  |TAMS 0x00000000c0d00000, 0x00000000c0c00000| Untracked 
|  13|0x00000000c0d00000, 0x00000000c0dfffb0, 0x00000000c0e00000| 99%| O|  |TAMS 0x00000000c0dfffb0, 0x00000000c0d00000| Untracked 
|  14|0x00000000c0e00000, 0x00000000c0effff8, 0x00000000c0f00000| 99%| O|  |TAMS 0x00000000c0effff8, 0x00000000c0e00000| Untracked 
|  15|0x00000000c0f00000, 0x00000000c0fffe98, 0x00000000c1000000| 99%| O|  |TAMS 0x00000000c0fffe98, 0x00000000c0f00000| Untracked 
|  16|0x00000000c1000000, 0x00000000c10fffe8, 0x00000000c1100000| 99%| O|  |TAMS 0x00000000c10fffe8, 0x00000000c1000000| Untracked 
|  17|0x00000000c1100000, 0x00000000c11fffe8, 0x00000000c1200000| 99%| O|  |TAMS 0x00000000c11fffe8, 0x00000000c1100000| Untracked 
|  18|0x00000000c1200000, 0x00000000c12fa9a0, 0x00000000c1300000| 97%| O|  |TAMS 0x00000000c12fa9a0, 0x00000000c1200000| Untracked 
|  19|0x00000000c1300000, 0x00000000c13ff350, 0x00000000c1400000| 99%| O|  |TAMS 0x00000000c13ff350, 0x00000000c1300000| Untracked 
|  20|0x00000000c1400000, 0x00000000c14fffd0, 0x00000000c1500000| 99%| O|  |TAMS 0x00000000c14fffd0, 0x00000000c1400000| Untracked 
|  21|0x00000000c1500000, 0x00000000c15fffc0, 0x00000000c1600000| 99%| O|  |TAMS 0x00000000c15fffc0, 0x00000000c1500000| Untracked 
|  22|0x00000000c1600000, 0x00000000c16fb740, 0x00000000c1700000| 98%| O|  |TAMS 0x00000000c16fb740, 0x00000000c1600000| Untracked 
|  23|0x00000000c1700000, 0x00000000c17ffff0, 0x00000000c1800000| 99%| O|  |TAMS 0x00000000c17ffff0, 0x00000000c1700000| Untracked 
|  24|0x00000000c1800000, 0x00000000c1900000, 0x00000000c1900000|100%| O|  |TAMS 0x00000000c1900000, 0x00000000c1800000| Untracked 
|  25|0x00000000c1900000, 0x00000000c19fc428, 0x00000000c1a00000| 98%| O|  |TAMS 0x00000000c19fc428, 0x00000000c1900000| Untracked 
|  26|0x00000000c1a00000, 0x00000000c1afffe8, 0x00000000c1b00000| 99%| O|  |TAMS 0x00000000c1afffe8, 0x00000000c1a00000| Untracked 
|  27|0x00000000c1b00000, 0x00000000c1bfffe8, 0x00000000c1c00000| 99%| O|  |TAMS 0x00000000c1bfffe8, 0x00000000c1b00000| Untracked 
|  28|0x00000000c1c00000, 0x00000000c1d00000, 0x00000000c1d00000|100%| O|  |TAMS 0x00000000c1d00000, 0x00000000c1c00000| Untracked 
|  29|0x00000000c1d00000, 0x00000000c1dfffc0, 0x00000000c1e00000| 99%| O|  |TAMS 0x00000000c1dfffc0, 0x00000000c1d00000| Untracked 
|  30|0x00000000c1e00000, 0x00000000c1effff0, 0x00000000c1f00000| 99%| O|  |TAMS 0x00000000c1effff0, 0x00000000c1e00000| Untracked 
|  31|0x00000000c1f00000, 0x00000000c1f81948, 0x00000000c2000000| 50%| O|  |TAMS 0x00000000c1f00000, 0x00000000c1f00000| Untracked 
|  32|0x00000000c2000000, 0x00000000c20fd160, 0x00000000c2100000| 98%| O|  |TAMS 0x00000000c20fd160, 0x00000000c2000000| Untracked 
|  33|0x00000000c2100000, 0x00000000c2200000, 0x00000000c2200000|100%| O|  |TAMS 0x00000000c2200000, 0x00000000c2100000| Untracked 
|  34|0x00000000c2200000, 0x00000000c2200000, 0x00000000c2300000|  0%| F|  |TAMS 0x00000000c2200000, 0x00000000c2200000| Untracked 
|  35|0x00000000c2300000, 0x00000000c23fd128, 0x00000000c2400000| 98%| O|  |TAMS 0x00000000c23fd128, 0x00000000c2300000| Untracked 
|  36|0x00000000c2400000, 0x00000000c2400000, 0x00000000c2500000|  0%| F|  |TAMS 0x00000000c2400000, 0x00000000c2400000| Untracked 
|  37|0x00000000c2500000, 0x00000000c2500000, 0x00000000c2600000|  0%| F|  |TAMS 0x00000000c2500000, 0x00000000c2500000| Untracked 
|  38|0x00000000c2600000, 0x00000000c2600000, 0x00000000c2700000|  0%| F|  |TAMS 0x00000000c2600000, 0x00000000c2600000| Untracked 
|  39|0x00000000c2700000, 0x00000000c2700000, 0x00000000c2800000|  0%| F|  |TAMS 0x00000000c2700000, 0x00000000c2700000| Untracked 
|  40|0x00000000c2800000, 0x00000000c2800000, 0x00000000c2900000|  0%| F|  |TAMS 0x00000000c2800000, 0x00000000c2800000| Untracked 
|  41|0x00000000c2900000, 0x00000000c2900000, 0x00000000c2a00000|  0%| F|  |TAMS 0x00000000c2900000, 0x00000000c2900000| Untracked 
|  42|0x00000000c2a00000, 0x00000000c2a00000, 0x00000000c2b00000|  0%| F|  |TAMS 0x00000000c2a00000, 0x00000000c2a00000| Untracked 
|  43|0x00000000c2b00000, 0x00000000c2b00000, 0x00000000c2c00000|  0%| F|  |TAMS 0x00000000c2b00000, 0x00000000c2b00000| Untracked 
|  44|0x00000000c2c00000, 0x00000000c2c00000, 0x00000000c2d00000|  0%| F|  |TAMS 0x00000000c2c00000, 0x00000000c2c00000| Untracked 
|  45|0x00000000c2d00000, 0x00000000c2d00000, 0x00000000c2e00000|  0%| F|  |TAMS 0x00000000c2d00000, 0x00000000c2d00000| Untracked 
|  46|0x00000000c2e00000, 0x00000000c2e00000, 0x00000000c2f00000|  0%| F|  |TAMS 0x00000000c2e00000, 0x00000000c2e00000| Untracked 
|  47|0x00000000c2f00000, 0x00000000c2f00000, 0x00000000c3000000|  0%| F|  |TAMS 0x00000000c2f00000, 0x00000000c2f00000| Untracked 
|  48|0x00000000c3000000, 0x00000000c3000000, 0x00000000c3100000|  0%| F|  |TAMS 0x00000000c3000000, 0x00000000c3000000| Untracked 
|  49|0x00000000c3100000, 0x00000000c3100000, 0x00000000c3200000|  0%| F|  |TAMS 0x00000000c3100000, 0x00000000c3100000| Untracked 
|  50|0x00000000c3200000, 0x00000000c3200000, 0x00000000c3300000|  0%| F|  |TAMS 0x00000000c3200000, 0x00000000c3200000| Untracked 
|  51|0x00000000c3300000, 0x00000000c3300000, 0x00000000c3400000|  0%| F|  |TAMS 0x00000000c3300000, 0x00000000c3300000| Untracked 
|  52|0x00000000c3400000, 0x00000000c3400000, 0x00000000c3500000|  0%| F|  |TAMS 0x00000000c3400000, 0x00000000c3400000| Untracked 
|  53|0x00000000c3500000, 0x00000000c3500000, 0x00000000c3600000|  0%| F|  |TAMS 0x00000000c3500000, 0x00000000c3500000| Untracked 
|  54|0x00000000c3600000, 0x00000000c3600000, 0x00000000c3700000|  0%| F|  |TAMS 0x00000000c3600000, 0x00000000c3600000| Untracked 
|  55|0x00000000c3700000, 0x00000000c3700000, 0x00000000c3800000|  0%| F|  |TAMS 0x00000000c3700000, 0x00000000c3700000| Untracked 
|  56|0x00000000c3800000, 0x00000000c3800000, 0x00000000c3900000|  0%| F|  |TAMS 0x00000000c3800000, 0x00000000c3800000| Untracked 
|  57|0x00000000c3900000, 0x00000000c3900000, 0x00000000c3a00000|  0%| F|  |TAMS 0x00000000c3900000, 0x00000000c3900000| Untracked 
|  58|0x00000000c3a00000, 0x00000000c3a00000, 0x00000000c3b00000|  0%| F|  |TAMS 0x00000000c3a00000, 0x00000000c3a00000| Untracked 
|  59|0x00000000c3b00000, 0x00000000c3b00000, 0x00000000c3c00000|  0%| F|  |TAMS 0x00000000c3b00000, 0x00000000c3b00000| Untracked 
|  60|0x00000000c3c00000, 0x00000000c3c00000, 0x00000000c3d00000|  0%| F|  |TAMS 0x00000000c3c00000, 0x00000000c3c00000| Untracked 
|  61|0x00000000c3d00000, 0x00000000c3d00000, 0x00000000c3e00000|  0%| F|  |TAMS 0x00000000c3d00000, 0x00000000c3d00000| Untracked 
|  62|0x00000000c3e00000, 0x00000000c3e00000, 0x00000000c3f00000|  0%| F|  |TAMS 0x00000000c3e00000, 0x00000000c3e00000| Untracked 
|  63|0x00000000c3f00000, 0x00000000c3f00000, 0x00000000c4000000|  0%| F|  |TAMS 0x00000000c3f00000, 0x00000000c3f00000| Untracked 
|  64|0x00000000c4000000, 0x00000000c4000000, 0x00000000c4100000|  0%| F|  |TAMS 0x00000000c4000000, 0x00000000c4000000| Untracked 
|  65|0x00000000c4100000, 0x00000000c4100000, 0x00000000c4200000|  0%| F|  |TAMS 0x00000000c4100000, 0x00000000c4100000| Untracked 
|  66|0x00000000c4200000, 0x00000000c4200000, 0x00000000c4300000|  0%| F|  |TAMS 0x00000000c4200000, 0x00000000c4200000| Untracked 
|  67|0x00000000c4300000, 0x00000000c4300000, 0x00000000c4400000|  0%| F|  |TAMS 0x00000000c4300000, 0x00000000c4300000| Untracked 
|  68|0x00000000c4400000, 0x00000000c4400000, 0x00000000c4500000|  0%| F|  |TAMS 0x00000000c4400000, 0x00000000c4400000| Untracked 
|  69|0x00000000c4500000, 0x00000000c4500000, 0x00000000c4600000|  0%| F|  |TAMS 0x00000000c4500000, 0x00000000c4500000| Untracked 
|  70|0x00000000c4600000, 0x00000000c4600000, 0x00000000c4700000|  0%| F|  |TAMS 0x00000000c4600000, 0x00000000c4600000| Untracked 
|  71|0x00000000c4700000, 0x00000000c4700000, 0x00000000c4800000|  0%| F|  |TAMS 0x00000000c4700000, 0x00000000c4700000| Untracked 
|  72|0x00000000c4800000, 0x00000000c4800000, 0x00000000c4900000|  0%| F|  |TAMS 0x00000000c4800000, 0x00000000c4800000| Untracked 
|  73|0x00000000c4900000, 0x00000000c4900000, 0x00000000c4a00000|  0%| F|  |TAMS 0x00000000c4900000, 0x00000000c4900000| Untracked 
|  74|0x00000000c4a00000, 0x00000000c4a299c8, 0x00000000c4b00000| 16%| E|  |TAMS 0x00000000c4a00000, 0x00000000c4a00000| Complete 

Card table byte_map: [0x000002a3fc690000,0x000002a3fc890000] _byte_map_base: 0x000002a3fc090000

Marking Bits (Prev, Next): (CMBitMap*) 0x000002a3f6a39600, (CMBitMap*) 0x000002a3f6a39640
 Prev Bits: [0x000002a3fca90000, 0x000002a3fda90000)
 Next Bits: [0x000002a3fda90000, 0x000002a3fea90000)

Polling page: 0x000002a3f4960000

Metaspace:

Usage:
  Non-class:     52.09 MB used.
      Class:      7.18 MB used.
       Both:     59.26 MB used.

Virtual space:
  Non-class space:       64.00 MB reserved,      52.50 MB ( 82%) committed,  1 nodes.
      Class space:        1.00 GB reserved,       7.44 MB ( <1%) committed,  1 nodes.
             Both:        1.06 GB reserved,      59.94 MB (  6%) committed. 

Chunk freelists:
   Non-Class:  11.32 MB
       Class:  8.56 MB
        Both:  19.88 MB

MaxMetaspaceSize: unlimited
CompressedClassSpaceSize: 1.00 GB
Initial GC threshold: 21.00 MB
Current GC threshold: 99.94 MB
CDS: off
MetaspaceReclaimPolicy: balanced
 - commit_granule_bytes: 65536.
 - commit_granule_words: 8192.
 - virtual_space_node_default_size: 8388608.
 - enlarge_chunks_in_place: 1.
 - new_chunks_are_fully_committed: 0.
 - uncommit_free_chunks: 1.
 - use_allocation_guard: 0.
 - handle_deallocations: 1.


Internal statistics:

num_allocs_failed_limit: 6.
num_arena_births: 636.
num_arena_deaths: 226.
num_vsnodes_births: 2.
num_vsnodes_deaths: 0.
num_space_committed: 958.
num_space_uncommitted: 0.
num_chunks_returned_to_freelist: 269.
num_chunks_taken_from_freelist: 2541.
num_chunk_merges: 92.
num_chunk_splits: 1784.
num_chunks_enlarged: 1368.
num_inconsistent_stats: 0.

CodeCache: size=49152Kb used=9579Kb max_used=9579Kb free=39572Kb
 bounds [0x000002a3f9690000, 0x000002a3f9ff0000, 0x000002a3fc690000]
 total_blobs=5848 nmethods=5169 adapters=606
 compilation: enabled
              stopped_count=0, restarted_count=0
 full_count=0

Compilation events (20 events):
Event: 28.233 Thread 0x000002a3ff10e480 5164       1       com.fasterxml.jackson.databind.util.internal.PrivateMaxEntriesMap::recordRead (44 bytes)
Event: 28.234 Thread 0x000002a3ff10e480 nmethod 5164 0x000002a3f9fe7190 code [0x000002a3f9fe73e0, 0x000002a3f9fe7b68]
Event: 28.234 Thread 0x000002a3ff10e480 5165       1       com.fasterxml.jackson.databind.util.internal.PrivateMaxEntriesMap::drainOnReadIfNeeded (55 bytes)
Event: 28.234 Thread 0x000002a3ff10e480 nmethod 5165 0x000002a3f9fe8210 code [0x000002a3f9fe83c0, 0x000002a3f9fe85e8]
Event: 28.234 Thread 0x000002a3ff10e480 5163       1       com.fasterxml.jackson.databind.introspect.Annotated::<init> (5 bytes)
Event: 28.234 Thread 0x000002a3ff10e480 nmethod 5163 0x000002a3f9fe8810 code [0x000002a3f9fe89a0, 0x000002a3f9fe8a58]
Event: 28.234 Thread 0x000002a3ff10e480 5162       1       com.fasterxml.jackson.databind.type.TypeBase::getInterfaces (66 bytes)
Event: 28.234 Thread 0x000002a3ff10e480 nmethod 5162 0x000002a3f9fe8b10 code [0x000002a3f9fe8ce0, 0x000002a3f9fe9088]
Event: 28.234 Thread 0x000002a3ff10e480 5166       1       com.fasterxml.jackson.databind.deser.impl.FieldProperty::getMember (5 bytes)
Event: 28.234 Thread 0x000002a3ff10e480 nmethod 5166 0x000002a3f9fe9210 code [0x000002a3f9fe93a0, 0x000002a3f9fe9478]
Event: 28.234 Thread 0x000002a3ff10e480 5168       1       org.springframework.ide.vscode.commons.languageserver.util.Settings::getRawProperty (37 bytes)
Event: 28.234 Thread 0x000002a3ff10e480 nmethod 5168 0x000002a3f9fe9510 code [0x000002a3f9fe96e0, 0x000002a3f9fe9998]
Event: 96.844 Thread 0x000002a3ff10e480 5171       1       java.io.OutputStream::flush (1 bytes)
Event: 96.892 Thread 0x000002a3ff10e480 nmethod 5171 0x000002a3f9fea190 code [0x000002a3f9fea320, 0x000002a3f9fea3d8]
Event: 113.180 Thread 0x000002a3ff10e480 5172       1       java.util.concurrent.ThreadPoolExecutor::runStateAtLeast (11 bytes)
Event: 113.182 Thread 0x000002a3ff10e480 nmethod 5172 0x000002a3f9fea490 code [0x000002a3f9fea620, 0x000002a3f9fea6d8]
Event: 118.313 Thread 0x000002a3ff10e480 5173       1       jdk.internal.misc.Unsafe::putReferenceOpaque (9 bytes)
Event: 118.316 Thread 0x000002a3ff10e480 nmethod 5173 0x000002a3f9fea790 code [0x000002a3f9fea920, 0x000002a3f9feaa38]
Event: 128.913 Thread 0x000002a3ff10e480 5174       1       java.util.concurrent.locks.AbstractQueuedSynchronizer::release (19 bytes)
Event: 128.930 Thread 0x000002a3ff10e480 nmethod 5174 0x000002a3f9feaa90 code [0x000002a3f9feac40, 0x000002a3f9feae38]

GC Heap History (20 events):
Event: 26.412 GC heap before
{Heap before GC invocations=24 (full 0):
 garbage-first heap   total 71680K, used 57536K [0x00000000c0000000, 0x0000000100000000)
  region size 1024K, 18 young (18432K), 1 survivors (1024K)
 Metaspace       used 53448K, committed 53952K, reserved 1114112K
  class space    used 6496K, committed 6720K, reserved 1048576K
}
Event: 26.414 GC heap after
{Heap after GC invocations=25 (full 0):
 garbage-first heap   total 71680K, used 41569K [0x00000000c0000000, 0x0000000100000000)
  region size 1024K, 3 young (3072K), 3 survivors (3072K)
 Metaspace       used 53448K, committed 53952K, reserved 1114112K
  class space    used 6496K, committed 6720K, reserved 1048576K
}
Event: 26.692 GC heap before
{Heap before GC invocations=26 (full 0):
 garbage-first heap   total 76800K, used 55905K [0x00000000c0000000, 0x0000000100000000)
  region size 1024K, 18 young (18432K), 3 survivors (3072K)
 Metaspace       used 57381K, committed 57856K, reserved 1114112K
  class space    used 6932K, committed 7168K, reserved 1048576K
}
Event: 26.697 GC heap after
{Heap after GC invocations=27 (full 0):
 garbage-first heap   total 76800K, used 43017K [0x00000000c0000000, 0x0000000100000000)
  region size 1024K, 3 young (3072K), 3 survivors (3072K)
 Metaspace       used 57381K, committed 57856K, reserved 1114112K
  class space    used 6932K, committed 7168K, reserved 1048576K
}
Event: 64.501 GC heap before
{Heap before GC invocations=27 (full 0):
 garbage-first heap   total 76800K, used 58377K [0x00000000c0000000, 0x0000000100000000)
  region size 1024K, 20 young (20480K), 3 survivors (3072K)
 Metaspace       used 60935K, committed 61376K, reserved 1114112K
  class space    used 7408K, committed 7616K, reserved 1048576K
}
Event: 64.849 GC heap after
{Heap after GC invocations=28 (full 1):
 garbage-first heap   total 76800K, used 40230K [0x00000000c0000000, 0x0000000100000000)
  region size 1024K, 0 young (0K), 0 survivors (0K)
 Metaspace       used 60933K, committed 61376K, reserved 1114112K
  class space    used 7407K, committed 7616K, reserved 1048576K
}
Event: 75.668 GC heap before
{Heap before GC invocations=28 (full 1):
 garbage-first heap   total 76800K, used 40230K [0x00000000c0000000, 0x0000000100000000)
  region size 1024K, 1 young (1024K), 0 survivors (0K)
 Metaspace       used 60933K, committed 61376K, reserved 1114112K
  class space    used 7407K, committed 7616K, reserved 1048576K
}
Event: 76.156 GC heap after
{Heap after GC invocations=29 (full 2):
 garbage-first heap   total 76800K, used 35251K [0x00000000c0000000, 0x0000000100000000)
  region size 1024K, 0 young (0K), 0 survivors (0K)
 Metaspace       used 60686K, committed 61376K, reserved 1114112K
  class space    used 7351K, committed 7616K, reserved 1048576K
}
Event: 86.490 GC heap before
{Heap before GC invocations=29 (full 2):
 garbage-first heap   total 76800K, used 35251K [0x00000000c0000000, 0x0000000100000000)
  region size 1024K, 1 young (1024K), 0 survivors (0K)
 Metaspace       used 60686K, committed 61376K, reserved 1114112K
  class space    used 7351K, committed 7616K, reserved 1048576K
}
Event: 86.623 GC heap after
{Heap after GC invocations=30 (full 3):
 garbage-first heap   total 76800K, used 35251K [0x00000000c0000000, 0x0000000100000000)
  region size 1024K, 0 young (0K), 0 survivors (0K)
 Metaspace       used 60686K, committed 61376K, reserved 1114112K
  class space    used 7351K, committed 7616K, reserved 1048576K
}
Event: 96.845 GC heap before
{Heap before GC invocations=30 (full 3):
 garbage-first heap   total 76800K, used 35251K [0x00000000c0000000, 0x0000000100000000)
  region size 1024K, 1 young (1024K), 0 survivors (0K)
 Metaspace       used 60686K, committed 61376K, reserved 1114112K
  class space    used 7351K, committed 7616K, reserved 1048576K
}
Event: 96.891 GC heap after
{Heap after GC invocations=31 (full 4):
 garbage-first heap   total 76800K, used 35251K [0x00000000c0000000, 0x0000000100000000)
  region size 1024K, 0 young (0K), 0 survivors (0K)
 Metaspace       used 60686K, committed 61376K, reserved 1114112K
  class space    used 7351K, committed 7616K, reserved 1048576K
}
Event: 107.464 GC heap before
{Heap before GC invocations=31 (full 4):
 garbage-first heap   total 76800K, used 35251K [0x00000000c0000000, 0x0000000100000000)
  region size 1024K, 1 young (1024K), 0 survivors (0K)
 Metaspace       used 60686K, committed 61376K, reserved 1114112K
  class space    used 7351K, committed 7616K, reserved 1048576K
}
Event: 107.708 GC heap after
{Heap after GC invocations=32 (full 5):
 garbage-first heap   total 76800K, used 35251K [0x00000000c0000000, 0x0000000100000000)
  region size 1024K, 0 young (0K), 0 survivors (0K)
 Metaspace       used 60686K, committed 61376K, reserved 1114112K
  class space    used 7351K, committed 7616K, reserved 1048576K
}
Event: 118.155 GC heap before
{Heap before GC invocations=32 (full 5):
 garbage-first heap   total 76800K, used 35251K [0x00000000c0000000, 0x0000000100000000)
  region size 1024K, 1 young (1024K), 0 survivors (0K)
 Metaspace       used 60686K, committed 61376K, reserved 1114112K
  class space    used 7351K, committed 7616K, reserved 1048576K
}
Event: 118.311 GC heap after
{Heap after GC invocations=33 (full 6):
 garbage-first heap   total 76800K, used 35251K [0x00000000c0000000, 0x0000000100000000)
  region size 1024K, 0 young (0K), 0 survivors (0K)
 Metaspace       used 60686K, committed 61376K, reserved 1114112K
  class space    used 7351K, committed 7616K, reserved 1048576K
}
Event: 128.744 GC heap before
{Heap before GC invocations=33 (full 6):
 garbage-first heap   total 76800K, used 35251K [0x00000000c0000000, 0x0000000100000000)
  region size 1024K, 1 young (1024K), 0 survivors (0K)
 Metaspace       used 60686K, committed 61376K, reserved 1114112K
  class space    used 7351K, committed 7616K, reserved 1048576K
}
Event: 128.911 GC heap after
{Heap after GC invocations=34 (full 7):
 garbage-first heap   total 76800K, used 35251K [0x00000000c0000000, 0x0000000100000000)
  region size 1024K, 0 young (0K), 0 survivors (0K)
 Metaspace       used 60686K, committed 61376K, reserved 1114112K
  class space    used 7351K, committed 7616K, reserved 1048576K
}
Event: 139.286 GC heap before
{Heap before GC invocations=34 (full 7):
 garbage-first heap   total 76800K, used 35251K [0x00000000c0000000, 0x0000000100000000)
  region size 1024K, 1 young (1024K), 0 survivors (0K)
 Metaspace       used 60686K, committed 61376K, reserved 1114112K
  class space    used 7351K, committed 7616K, reserved 1048576K
}
Event: 139.411 GC heap after
{Heap after GC invocations=35 (full 8):
 garbage-first heap   total 76800K, used 35251K [0x00000000c0000000, 0x0000000100000000)
  region size 1024K, 0 young (0K), 0 survivors (0K)
 Metaspace       used 60686K, committed 61376K, reserved 1114112K
  class space    used 7351K, committed 7616K, reserved 1048576K
}

Dll operation events (10 events):
Event: 0.020 Loaded shared library c:\Users\55119\.vscode\extensions\redhat.java-1.33.0-win32-x64\jre\17.0.11-win32-x86_64\bin\java.dll
Event: 0.744 Loaded shared library C:\Users\55119\.vscode\extensions\redhat.java-1.33.0-win32-x64\jre\17.0.11-win32-x86_64\bin\net.dll
Event: 0.748 Loaded shared library C:\Users\55119\.vscode\extensions\redhat.java-1.33.0-win32-x64\jre\17.0.11-win32-x86_64\bin\nio.dll
Event: 0.768 Loaded shared library C:\Users\55119\.vscode\extensions\redhat.java-1.33.0-win32-x64\jre\17.0.11-win32-x86_64\bin\zip.dll
Event: 1.783 Loaded shared library C:\Users\55119\.vscode\extensions\redhat.java-1.33.0-win32-x64\jre\17.0.11-win32-x86_64\bin\jimage.dll
Event: 6.337 Loaded shared library c:\Users\55119\.vscode\extensions\redhat.java-1.33.0-win32-x64\jre\17.0.11-win32-x86_64\bin\verify.dll
Event: 23.528 Loaded shared library C:\Users\55119\.vscode\extensions\redhat.java-1.33.0-win32-x64\jre\17.0.11-win32-x86_64\bin\management.dll
Event: 23.538 Loaded shared library C:\Users\55119\.vscode\extensions\redhat.java-1.33.0-win32-x64\jre\17.0.11-win32-x86_64\bin\management_ext.dll
Event: 25.876 Loaded shared library C:\Users\55119\.vscode\extensions\redhat.java-1.33.0-win32-x64\jre\17.0.11-win32-x86_64\bin\sunmscapi.dll
Event: 26.489 Loaded shared library C:\Users\55119\.vscode\extensions\redhat.java-1.33.0-win32-x64\jre\17.0.11-win32-x86_64\bin\extnet.dll

Deoptimization events (10 events):
Event: 24.560 Thread 0x000002a3ffb07b10 DEOPT PACKING pc=0x000002a3f9ab3c81 sp=0x000000cd6acfdcc0
Event: 24.560 Thread 0x000002a3ffb07b10 DEOPT UNPACKING pc=0x000002a3f96eace3 sp=0x000000cd6acfd150 mode 3
Event: 24.590 Thread 0x000002a386a5fa80 DEOPT PACKING pc=0x000002a3f9a94517 sp=0x000000cd6adff150
Event: 24.590 Thread 0x000002a386a5fa80 DEOPT UNPACKING pc=0x000002a3f96eace3 sp=0x000000cd6adfe5a8 mode 3
Event: 26.013 Thread 0x000002a386fc54d0 DEOPT PACKING pc=0x000002a3f97f4f8c sp=0x000000cd6bdfac40
Event: 26.014 Thread 0x000002a386fc54d0 DEOPT UNPACKING pc=0x000002a3f96eace3 sp=0x000000cd6bdfa108 mode 0
Event: 26.716 Thread 0x000002a386d2b420 DEOPT PACKING pc=0x000002a3f9d1a2a4 sp=0x000000cd6b4fed60
Event: 26.716 Thread 0x000002a386d2b930 DEOPT PACKING pc=0x000002a3f9d1a2a4 sp=0x000000cd6b6feeb0
Event: 26.716 Thread 0x000002a386d2b420 DEOPT UNPACKING pc=0x000002a3f96eace3 sp=0x000000cd6b4fe248 mode 0
Event: 26.716 Thread 0x000002a386d2b930 DEOPT UNPACKING pc=0x000002a3f96eace3 sp=0x000000cd6b6fe398 mode 0

Classes unloaded (20 events):
Event: 75.762 Thread 0x000002a3fef810b0 Unloading class 0x0000000100094800 'java/lang/invoke/LambdaForm$MH+0x0000000100094800'
Event: 75.762 Thread 0x000002a3fef810b0 Unloading class 0x0000000100094400 'java/lang/invoke/LambdaForm$MH+0x0000000100094400'
Event: 75.762 Thread 0x000002a3fef810b0 Unloading class 0x000000010008e800 'java/lang/invoke/LambdaForm$MH+0x000000010008e800'
Event: 75.763 Thread 0x000002a3fef810b0 Unloading class 0x000000010008e400 'java/lang/invoke/LambdaForm$MH+0x000000010008e400'
Event: 75.763 Thread 0x000002a3fef810b0 Unloading class 0x000000010008e000 'java/lang/invoke/LambdaForm$MH+0x000000010008e000'
Event: 75.763 Thread 0x000002a3fef810b0 Unloading class 0x000000010008dc00 'java/lang/invoke/LambdaForm$MH+0x000000010008dc00'
Event: 75.763 Thread 0x000002a3fef810b0 Unloading class 0x000000010008d800 'java/lang/invoke/LambdaForm$MH+0x000000010008d800'
Event: 75.763 Thread 0x000002a3fef810b0 Unloading class 0x000000010008d400 'java/lang/invoke/LambdaForm$MH+0x000000010008d400'
Event: 75.763 Thread 0x000002a3fef810b0 Unloading class 0x000000010008cc00 'java/lang/invoke/LambdaForm$MH+0x000000010008cc00'
Event: 75.763 Thread 0x000002a3fef810b0 Unloading class 0x000000010008c800 'java/lang/invoke/LambdaForm$MH+0x000000010008c800'
Event: 75.763 Thread 0x000002a3fef810b0 Unloading class 0x000000010008c000 'java/lang/invoke/LambdaForm$MH+0x000000010008c000'
Event: 75.763 Thread 0x000002a3fef810b0 Unloading class 0x000000010008bc00 'java/lang/invoke/LambdaForm$MH+0x000000010008bc00'
Event: 75.763 Thread 0x000002a3fef810b0 Unloading class 0x000000010008ac00 'java/lang/invoke/LambdaForm$MH+0x000000010008ac00'
Event: 75.763 Thread 0x000002a3fef810b0 Unloading class 0x000000010008a400 'java/lang/invoke/LambdaForm$MH+0x000000010008a400'
Event: 75.763 Thread 0x000002a3fef810b0 Unloading class 0x000000010008a000 'java/lang/invoke/LambdaForm$MH+0x000000010008a000'
Event: 75.763 Thread 0x000002a3fef810b0 Unloading class 0x0000000100089c00 'java/lang/invoke/LambdaForm$MH+0x0000000100089c00'
Event: 75.763 Thread 0x000002a3fef810b0 Unloading class 0x0000000100089800 'java/lang/invoke/LambdaForm$MH+0x0000000100089800'
Event: 75.763 Thread 0x000002a3fef810b0 Unloading class 0x0000000100089400 'java/lang/invoke/LambdaForm$MH+0x0000000100089400'
Event: 75.763 Thread 0x000002a3fef810b0 Unloading class 0x0000000100088c00 'java/lang/invoke/LambdaForm$MH+0x0000000100088c00'
Event: 75.763 Thread 0x000002a3fef810b0 Unloading class 0x0000000100088400 'java/lang/invoke/LambdaForm$MH+0x0000000100088400'

Classes redefined (0 events):
No events

Internal exceptions (20 events):
Event: 26.310 Thread 0x000002a386d2af10 Exception <a 'java/lang/IncompatibleClassChangeError'{0x00000000c454f7b0}: Found class java.lang.Object, but interface was expected> (0x00000000c454f7b0) 
thrown [s\src\hotspot\share\interpreter\linkResolver.cpp, line 826]
Event: 26.310 Thread 0x000002a386d2c350 Exception <a 'java/lang/IncompatibleClassChangeError'{0x00000000c4525600}: Found class java.lang.Object, but interface was expected> (0x00000000c4525600) 
thrown [s\src\hotspot\share\interpreter\linkResolver.cpp, line 826]
Event: 26.346 Thread 0x000002a386d2af10 Exception <a 'java/lang/NoSuchMethodError'{0x00000000c377b8a0}: 'int java.lang.invoke.DirectMethodHandle$Holder.invokeSpecialIFC(java.lang.Object, java.lang.Object, java.lang.Object)'> (0x00000000c377b8a0) 
thrown [s\src\hotspot\share\interpreter\linkResolver.cpp, line 759]
Event: 26.346 Thread 0x000002a386d2c350 Exception <a 'java/lang/NoSuchMethodError'{0x00000000c38e2960}: 'int java.lang.invoke.DirectMethodHandle$Holder.invokeSpecialIFC(java.lang.Object, java.lang.Object, java.lang.Object)'> (0x00000000c38e2960) 
thrown [s\src\hotspot\share\interpreter\linkResolver.cpp, line 759]
Event: 26.496 Thread 0x000002a386d2c350 Exception <a 'java/lang/NoSuchMethodError'{0x00000000c48dcba0}: 'int java.lang.invoke.DirectMethodHandle$Holder.invokeStatic(java.lang.Object, int, java.lang.Object)'> (0x00000000c48dcba0) 
thrown [s\src\hotspot\share\interpreter\linkResolver.cpp, line 759]
Event: 26.624 Thread 0x000002a386d2d280 Exception <a 'java/lang/NoSuchMethodError'{0x00000000c40e27f8}: 'void java.lang.invoke.DirectMethodHandle$Holder.invokeStatic(java.lang.Object, java.lang.Object, java.lang.Object, java.lang.Object, java.lang.Object, java.lang.Object, java.lang.Object)'> (0x00000000c40e27f8) 
thrown [s\src\hotspot\share\interpreter\linkResolver.cpp, line 759]
Event: 26.865 Thread 0x000002a386d2af10 Exception <a 'sun/nio/fs/WindowsException'{0x00000000c459b800}> (0x00000000c459b800) 
thrown [s\src\hotspot\share\prims\jni.cpp, line 516]
Event: 26.865 Thread 0x000002a386d2af10 Exception <a 'sun/nio/fs/WindowsException'{0x00000000c459c248}> (0x00000000c459c248) 
thrown [s\src\hotspot\share\prims\jni.cpp, line 516]
Event: 26.865 Thread 0x000002a386d2af10 Exception <a 'sun/nio/fs/WindowsException'{0x00000000c459cc70}> (0x00000000c459cc70) 
thrown [s\src\hotspot\share\prims\jni.cpp, line 516]
Event: 26.865 Thread 0x000002a386d2af10 Exception <a 'sun/nio/fs/WindowsException'{0x00000000c459d6b8}> (0x00000000c459d6b8) 
thrown [s\src\hotspot\share\prims\jni.cpp, line 516]
Event: 26.865 Thread 0x000002a386d2af10 Exception <a 'sun/nio/fs/WindowsException'{0x00000000c459e200}> (0x00000000c459e200) 
thrown [s\src\hotspot\share\prims\jni.cpp, line 516]
Event: 26.866 Thread 0x000002a386d2af10 Exception <a 'sun/nio/fs/WindowsException'{0x00000000c459edb0}> (0x00000000c459edb0) 
thrown [s\src\hotspot\share\prims\jni.cpp, line 516]
Event: 26.867 Thread 0x000002a386d2af10 Exception <a 'sun/nio/fs/WindowsException'{0x00000000c45bd658}> (0x00000000c45bd658) 
thrown [s\src\hotspot\share\prims\jni.cpp, line 516]
Event: 26.867 Thread 0x000002a386d2af10 Exception <a 'sun/nio/fs/WindowsException'{0x00000000c45be0a0}> (0x00000000c45be0a0) 
thrown [s\src\hotspot\share\prims\jni.cpp, line 516]
Event: 26.867 Thread 0x000002a386d2af10 Exception <a 'sun/nio/fs/WindowsException'{0x00000000c45beac8}> (0x00000000c45beac8) 
thrown [s\src\hotspot\share\prims\jni.cpp, line 516]
Event: 26.867 Thread 0x000002a386d2af10 Exception <a 'sun/nio/fs/WindowsException'{0x00000000c45bf510}> (0x00000000c45bf510) 
thrown [s\src\hotspot\share\prims\jni.cpp, line 516]
Event: 26.867 Thread 0x000002a386d2af10 Exception <a 'sun/nio/fs/WindowsException'{0x00000000c45c0058}> (0x00000000c45c0058) 
thrown [s\src\hotspot\share\prims\jni.cpp, line 516]
Event: 26.867 Thread 0x000002a386d2af10 Exception <a 'sun/nio/fs/WindowsException'{0x00000000c45c0c08}> (0x00000000c45c0c08) 
thrown [s\src\hotspot\share\prims\jni.cpp, line 516]
Event: 63.618 Thread 0x000002a3ff271440 Exception <a 'java/lang/NoSuchMethodError'{0x00000000c379d9c8}: 'void java.lang.invoke.DirectMethodHandle$Holder.invokeStatic(java.lang.Object, long)'> (0x00000000c379d9c8) 
thrown [s\src\hotspot\share\interpreter\linkResolver.cpp, line 759]
Event: 63.625 Thread 0x000002a3ff271440 Exception <a 'java/lang/NoSuchMethodError'{0x00000000c37a2d78}: 'java.lang.Object java.lang.invoke.DirectMethodHandle$Holder.newInvokeSpecial(java.lang.Object, long)'> (0x00000000c37a2d78) 
thrown [s\src\hotspot\share\interpreter\linkResolver.cpp, line 759]

VM Operations (20 events):
Event: 63.687 Executing VM operation: HandshakeAllThreads done
Event: 64.499 Executing VM operation: G1CollectFull
Event: 64.850 Executing VM operation: G1CollectFull done
Event: 75.663 Executing VM operation: G1CollectFull
Event: 76.157 Executing VM operation: G1CollectFull done
Event: 86.489 Executing VM operation: G1CollectFull
Event: 86.623 Executing VM operation: G1CollectFull done
Event: 96.844 Executing VM operation: G1CollectFull
Event: 96.892 Executing VM operation: G1CollectFull done
Event: 107.456 Executing VM operation: G1CollectFull
Event: 107.710 Executing VM operation: G1CollectFull done
Event: 118.145 Executing VM operation: G1CollectFull
Event: 118.312 Executing VM operation: G1CollectFull done
Event: 128.732 Executing VM operation: G1CollectFull
Event: 128.912 Executing VM operation: G1CollectFull done
Event: 133.914 Executing VM operation: Cleanup
Event: 133.914 Executing VM operation: Cleanup done
Event: 139.285 Executing VM operation: G1CollectFull
Event: 139.411 Executing VM operation: G1CollectFull done
Event: 156.107 Executing VM operation: G1CollectFull

Events (20 events):
Event: 63.504 loading class java/lang/ProcessBuilder
Event: 63.539 loading class java/lang/ProcessBuilder done
Event: 63.541 loading class java/lang/ProcessImpl
Event: 63.549 loading class java/lang/ProcessImpl done
Event: 63.667 loading class java/lang/ProcessImpl$2
Event: 63.668 loading class java/lang/ProcessImpl$2 done
Event: 63.671 loading class java/lang/Process$PipeInputStream
Event: 63.671 loading class java/lang/Process$PipeInputStream done
Event: 63.687 loading class jdk/internal/event/ProcessStartEvent
Event: 63.689 loading class jdk/internal/event/ProcessStartEvent done
Event: 86.625 Thread 0x000002a386d2c350 Thread exited: 0x000002a386d2c350
Event: 86.633 Thread 0x000002a386d2be40 Thread exited: 0x000002a386d2be40
Event: 86.668 Thread 0x000002a386d2d280 Thread exited: 0x000002a386d2d280
Event: 86.733 Thread 0x000002a386d2b930 Thread exited: 0x000002a386d2b930
Event: 86.757 Thread 0x000002a386d2b420 Thread exited: 0x000002a386d2b420
Event: 86.880 Thread 0x000002a386a5ff60 Thread exited: 0x000002a386a5ff60
Event: 88.073 Thread 0x000002a386fc9bb0 Thread exited: 0x000002a386fc9bb0
Event: 88.233 Thread 0x000002a386fc6400 Thread exited: 0x000002a386fc6400
Event: 88.233 Thread 0x000002a386fcaff0 Thread exited: 0x000002a386fcaff0
Event: 146.674 Thread 0x000002a386fc4fc0 Thread exited: 0x000002a386fc4fc0


Dynamic libraries:
0x00007ff79cd10000 - 0x00007ff79cd1e000 	c:\Users\55119\.vscode\extensions\redhat.java-1.33.0-win32-x64\jre\17.0.11-win32-x86_64\bin\java.exe
0x00007ffe57360000 - 0x00007ffe57569000 	C:\Windows\SYSTEM32\ntdll.dll
0x00007ffe2e050000 - 0x00007ffe2e06a000 	C:\Program Files\Avast Software\Avast\aswhook.dll
0x00007ffe56120000 - 0x00007ffe561dd000 	C:\Windows\System32\KERNEL32.DLL
0x00007ffe54b00000 - 0x00007ffe54e84000 	C:\Windows\System32\KERNELBASE.dll
0x00007ffe547f0000 - 0x00007ffe54901000 	C:\Windows\System32\ucrtbase.dll
0x00007ffe50e00000 - 0x00007ffe50e17000 	c:\Users\55119\.vscode\extensions\redhat.java-1.33.0-win32-x64\jre\17.0.11-win32-x86_64\bin\jli.dll
0x00007ffe552d0000 - 0x00007ffe5547d000 	C:\Windows\System32\USER32.dll
0x00007ffe550e0000 - 0x00007ffe55106000 	C:\Windows\System32\win32u.dll
0x00007ffe571c0000 - 0x00007ffe571ea000 	C:\Windows\System32\GDI32.dll
0x00007ffe54e90000 - 0x00007ffe54fae000 	C:\Windows\System32\gdi32full.dll
0x00007ffe55110000 - 0x00007ffe551ad000 	C:\Windows\System32\msvcp_win.dll
0x00007ffe44010000 - 0x00007ffe4402b000 	c:\Users\55119\.vscode\extensions\redhat.java-1.33.0-win32-x64\jre\17.0.11-win32-x86_64\bin\VCRUNTIME140.dll
0x00007ffe41170000 - 0x00007ffe41415000 	C:\Windows\WinSxS\amd64_microsoft.windows.common-controls_6595b64144ccf1df_6.0.22000.120_none_9d947278b86cc467\COMCTL32.dll
0x00007ffe55fb0000 - 0x00007ffe56053000 	C:\Windows\System32\msvcrt.dll
0x00007ffe55cf0000 - 0x00007ffe55d21000 	C:\Windows\System32\IMM32.DLL
0x00007ffe4f9b0000 - 0x00007ffe4f9bc000 	c:\Users\55119\.vscode\extensions\redhat.java-1.33.0-win32-x64\jre\17.0.11-win32-x86_64\bin\vcruntime140_1.dll
0x00007ffe37ae0000 - 0x00007ffe37b6d000 	c:\Users\55119\.vscode\extensions\redhat.java-1.33.0-win32-x64\jre\17.0.11-win32-x86_64\bin\msvcp140.dll
0x00007ffdf8a50000 - 0x00007ffdf96b2000 	c:\Users\55119\.vscode\extensions\redhat.java-1.33.0-win32-x64\jre\17.0.11-win32-x86_64\bin\server\jvm.dll
0x00007ffe57260000 - 0x00007ffe5730e000 	C:\Windows\System32\ADVAPI32.dll
0x00007ffe56da0000 - 0x00007ffe56e3e000 	C:\Windows\System32\sechost.dll
0x00007ffe55b20000 - 0x00007ffe55c41000 	C:\Windows\System32\RPCRT4.dll
0x00007ffe535d0000 - 0x00007ffe5361d000 	C:\Windows\SYSTEM32\POWRPROF.dll
0x00007ffe3ee70000 - 0x00007ffe3ee79000 	C:\Windows\SYSTEM32\WSOCK32.dll
0x00007ffe571f0000 - 0x00007ffe5725f000 	C:\Windows\System32\WS2_32.dll
0x00007ffe4adf0000 - 0x00007ffe4ae23000 	C:\Windows\SYSTEM32\WINMM.dll
0x00007ffe45720000 - 0x00007ffe4572a000 	C:\Windows\SYSTEM32\VERSION.dll
0x00007ffe53470000 - 0x00007ffe53483000 	C:\Windows\SYSTEM32\UMPDC.dll
0x00007ffe53950000 - 0x00007ffe53968000 	C:\Windows\SYSTEM32\kernel.appcore.dll
0x00007ffe465e0000 - 0x00007ffe465ea000 	c:\Users\55119\.vscode\extensions\redhat.java-1.33.0-win32-x64\jre\17.0.11-win32-x86_64\bin\jimage.dll
0x00007ffe521c0000 - 0x00007ffe523e1000 	C:\Windows\SYSTEM32\DBGHELP.DLL
0x00007ffe44b50000 - 0x00007ffe44b81000 	C:\Windows\SYSTEM32\dbgcore.DLL
0x00007ffe54910000 - 0x00007ffe5498f000 	C:\Windows\System32\bcryptPrimitives.dll
0x00007ffe388a0000 - 0x00007ffe388c5000 	c:\Users\55119\.vscode\extensions\redhat.java-1.33.0-win32-x64\jre\17.0.11-win32-x86_64\bin\java.dll
0x00007ffe43b40000 - 0x00007ffe43b58000 	c:\Users\55119\.vscode\extensions\redhat.java-1.33.0-win32-x64\jre\17.0.11-win32-x86_64\bin\zip.dll
0x00007ffe564b0000 - 0x00007ffe56c75000 	C:\Windows\System32\SHELL32.dll
0x00007ffe528c0000 - 0x00007ffe53122000 	C:\Windows\SYSTEM32\windows.storage.dll
0x00007ffe56e40000 - 0x00007ffe571b6000 	C:\Windows\System32\combase.dll
0x00007ffe52750000 - 0x00007ffe528b7000 	C:\Windows\SYSTEM32\wintypes.dll
0x00007ffe561e0000 - 0x00007ffe562ca000 	C:\Windows\System32\SHCORE.dll
0x00007ffe55da0000 - 0x00007ffe55dfd000 	C:\Windows\System32\shlwapi.dll
0x00007ffe54720000 - 0x00007ffe54745000 	C:\Windows\SYSTEM32\profapi.dll
0x00007ffe40320000 - 0x00007ffe40339000 	C:\Users\55119\.vscode\extensions\redhat.java-1.33.0-win32-x64\jre\17.0.11-win32-x86_64\bin\net.dll
0x00007ffe4d320000 - 0x00007ffe4d434000 	C:\Windows\SYSTEM32\WINHTTP.dll
0x00007ffe53e00000 - 0x00007ffe53e67000 	C:\Windows\system32\mswsock.dll
0x00007ffe402e0000 - 0x00007ffe402f6000 	C:\Users\55119\.vscode\extensions\redhat.java-1.33.0-win32-x64\jre\17.0.11-win32-x86_64\bin\nio.dll
0x00007ffe404e0000 - 0x00007ffe404f0000 	c:\Users\55119\.vscode\extensions\redhat.java-1.33.0-win32-x64\jre\17.0.11-win32-x86_64\bin\verify.dll
0x00007ffe54040000 - 0x00007ffe54058000 	C:\Windows\SYSTEM32\CRYPTSP.dll
0x00007ffe538b0000 - 0x00007ffe538e5000 	C:\Windows\system32\rsaenh.dll
0x00007ffe53ef0000 - 0x00007ffe53f1c000 	C:\Windows\SYSTEM32\USERENV.dll
0x00007ffe541c0000 - 0x00007ffe541e7000 	C:\Windows\SYSTEM32\bcrypt.dll
0x00007ffe54060000 - 0x00007ffe5406c000 	C:\Windows\SYSTEM32\CRYPTBASE.dll
0x00007ffe53440000 - 0x00007ffe5346d000 	C:\Windows\SYSTEM32\IPHLPAPI.DLL
0x00007ffe564a0000 - 0x00007ffe564a9000 	C:\Windows\System32\NSI.dll
0x00007ffe4d300000 - 0x00007ffe4d319000 	C:\Windows\SYSTEM32\dhcpcsvc6.DLL
0x00007ffe4d540000 - 0x00007ffe4d55e000 	C:\Windows\SYSTEM32\dhcpcsvc.DLL
0x00007ffe53490000 - 0x00007ffe53577000 	C:\Windows\SYSTEM32\DNSAPI.dll
0x00007ffe4fa30000 - 0x00007ffe4fa39000 	C:\Users\55119\.vscode\extensions\redhat.java-1.33.0-win32-x64\jre\17.0.11-win32-x86_64\bin\management.dll
0x00007ffe4fa20000 - 0x00007ffe4fa2b000 	C:\Users\55119\.vscode\extensions\redhat.java-1.33.0-win32-x64\jre\17.0.11-win32-x86_64\bin\management_ext.dll
0x00007ffe55fa0000 - 0x00007ffe55fa8000 	C:\Windows\System32\PSAPI.DLL
0x00007ffe4d1b0000 - 0x00007ffe4d1be000 	C:\Users\55119\.vscode\extensions\redhat.java-1.33.0-win32-x64\jre\17.0.11-win32-x86_64\bin\sunmscapi.dll
0x00007ffe54990000 - 0x00007ffe54af2000 	C:\Windows\System32\CRYPT32.dll
0x00007ffe54190000 - 0x00007ffe541b8000 	C:\Windows\SYSTEM32\ncrypt.dll
0x00007ffe54150000 - 0x00007ffe54187000 	C:\Windows\SYSTEM32\NTASN1.dll
0x00007ffe454e0000 - 0x00007ffe454ea000 	C:\Windows\System32\rasadhlp.dll
0x00007ffe46390000 - 0x00007ffe46411000 	C:\Windows\System32\fwpuclnt.dll
0x00007ffe4d1a0000 - 0x00007ffe4d1a9000 	C:\Users\55119\.vscode\extensions\redhat.java-1.33.0-win32-x64\jre\17.0.11-win32-x86_64\bin\extnet.dll

dbghelp: loaded successfully - version: 4.0.5 - missing functions: none
symbol engine: initialized successfully - sym options: 0x614 - pdb path: .;c:\Users\55119\.vscode\extensions\redhat.java-1.33.0-win32-x64\jre\17.0.11-win32-x86_64\bin;C:\Windows\SYSTEM32;C:\Program Files\Avast Software\Avast;C:\Windows\WinSxS\amd64_microsoft.windows.common-controls_6595b64144ccf1df_6.0.22000.120_none_9d947278b86cc467;c:\Users\55119\.vscode\extensions\redhat.java-1.33.0-win32-x64\jre\17.0.11-win32-x86_64\bin\server

VM Arguments:
jvm_args: -Xmx1024m -Dsts.lsp.client=vscode -Dsts.log.file=/dev/null -XX:TieredStopAtLevel=1 -Xlog:jni+resolve=off -Dspring.config.location=file:c:\Users\55119\.vscode\extensions\vmware.vscode-spring-boot-1.56.0\language-server\BOOT-INF\classes\application.properties 
java_command: org.springframework.ide.vscode.boot.app.BootLanguageServerBootApp
java_class_path (initial): c:\Users\55119\.vscode\extensions\vmware.vscode-spring-boot-1.56.0\language-server\BOOT-INF\classes;c:\Users\55119\.vscode\extensions\vmware.vscode-spring-boot-1.56.0\language-server\BOOT-INF\lib\annotations-24.1.0.jar;c:\Users\55119\.vscode\extensions\vmware.vscode-spring-boot-1.56.0\language-server\BOOT-INF\lib\antlr4-runtime-4.13.1.jar;c:\Users\55119\.vscode\extensions\vmware.vscode-spring-boot-1.56.0\language-server\BOOT-INF\lib\asm-9.7.jar;c:\Users\55119\.vscode\extensions\vmware.vscode-spring-boot-1.56.0\language-server\BOOT-INF\lib\asm-analysis-9.7.jar;c:\Users\55119\.vscode\extensions\vmware.vscode-spring-boot-1.56.0\language-server\BOOT-INF\lib\asm-tree-9.7.jar;c:\Users\55119\.vscode\extensions\vmware.vscode-spring-boot-1.56.0\language-server\BOOT-INF\lib\asm-util-9.7.jar;c:\Users\55119\.vscode\extensions\vmware.vscode-spring-boot-1.56.0\language-server\BOOT-INF\lib\caffeine-3.1.8.jar;c:\Users\55119\.vscode\extensions\vmware.vscode-spring-boot-1.56.0\language-server\BOOT-INF\lib\checker-qual-3.12.0.jar;c:\Users\55119\.vscode\extensions\vmware.vscode-spring-boot-1.56.0\language-server\BOOT-INF\lib\classgraph-4.8.149.jar;c:\Users\55119\.vscode\extensions\vmware.vscode-spring-boot-1.56.0\language-server\BOOT-INF\lib\commons-codec-1.16.1.jar;c:\Users\55119\.vscode\extensions\vmware.vscode-spring-boot-1.56.0\language-server\BOOT-INF\lib\commons-compress-1.26.2.jar;c:\Users\55119\.vscode\extensions\vmware.vscode-spring-boot-1.56.0\language-server\BOOT-INF\lib\commons-io-2.16.1.jar;c:\Users\55119\.vscode\extensions\vmware.vscode-spring-boot-1.56.0\language-server\BOOT-INF\lib\commons-java-1.56.0-SNAPSHOT.jar;c:\Users\55119\.vscode\extensions\vmware.vscode-spring-boot-1.56.0\language-server\BOOT-INF\lib\commons-lang3-3.14.0.jar;c:\Users\55119\.vscode\extensions\vmware.vscode-spring-boot-1.56.0\language-server\BOOT-INF\lib\commons-language-server-1.56.0-SNAPSHOT.jar;c:\Users\55119\.vscode\extensions\vmware.vscode-spring-boot-1.56.0\langu
Launcher Type: SUN_STANDARD

[Global flags]
     intx CICompilerCount                          = 3                                         {product} {ergonomic}
     uint ConcGCThreads                            = 1                                         {product} {ergonomic}
     uint G1ConcRefinementThreads                  = 4                                         {product} {ergonomic}
   size_t G1HeapRegionSize                         = 1048576                                   {product} {ergonomic}
    uintx GCDrainStackTargetSize                   = 64                                        {product} {ergonomic}
   size_t InitialHeapSize                          = 65011712                                  {product} {ergonomic}
   size_t MarkStackSize                            = 4194304                                   {product} {ergonomic}
   size_t MaxHeapSize                              = 1073741824                                {product} {command line}
   size_t MaxNewSize                               = 643825664                                 {product} {ergonomic}
   size_t MinHeapDeltaBytes                        = 1048576                                   {product} {ergonomic}
   size_t MinHeapSize                              = 8388608                                   {product} {ergonomic}
    uintx NonProfiledCodeHeapSize                  = 0                                      {pd product} {ergonomic}
     bool ProfileInterpreter                       = false                                  {pd product} {command line}
    uintx ProfiledCodeHeapSize                     = 0                                      {pd product} {ergonomic}
   size_t SoftMaxHeapSize                          = 1073741824                             {manageable} {ergonomic}
     intx TieredStopAtLevel                        = 1                                         {product} {command line}
     bool UseCompressedClassPointers               = true                           {product lp64_product} {ergonomic}
     bool UseCompressedOops                        = true                           {product lp64_product} {ergonomic}
     bool UseG1GC                                  = true                                      {product} {ergonomic}
     bool UseLargePagesIndividualAllocation        = false                                  {pd product} {ergonomic}

Logging:
Log output configuration:
 #0: stdout all=warning,jni+resolve=off uptime,level,tags
 #1: stderr all=off uptime,level,tags

Environment Variables:
PATH=C:\Program Files\Common Files\Oracle\Java\javapath;C:\ProgramData\Oracle\Java\javapath;C:\Windows\system32;C:\Windows;C:\Windows\System32\Wbem;C:\Windows\System32\WindowsPowerShell\v1.0\;C:\Windows\System32\OpenSSH\;C:\Program Files\dotnet\;C:\Program Files\Git\cmd;C:\Program Files\PuTTY\;C:\Program Files\nodejs\;C:\php-8.2.20-nts-Win32-vs16-x64\;C:\composer;C:\Users\55119\AppData\Local\Microsoft\WindowsApps;C:\Users\55119\AppData\Local\Programs\Microsoft VS Code\bin;C:\Users\55119\AppData\Local\GitHubDesktop\bin;C:\Program Files\MySQL\MySQL Server 8.0\bin;C:\mongosh-1.8.2\bin;C:\Program Files\MongoDB\Server\6.0\bin;C:\Program Files (x86)\sqlite3;C:\Users\55119\AppData\Roaming\npm;C:\php-8.2.20-nts-Win32-vs16-x64\;C:\Users\55119\AppData\Roaming\Composer\vendor\bin
USERNAME=gabriel
OS=Windows_NT
PROCESSOR_IDENTIFIER=Intel64 Family 6 Model 140 Stepping 2, GenuineIntel
TMP=C:\Users\55119\AppData\Local\Temp
TEMP=C:\Users\55119\AppData\Local\Temp



Periodic native trim disabled


---------------  S Y S T E M  ---------------

OS:
 Windows 11 , 64 bit Build 22000 (10.0.22000.2538)
OS uptime: 0 days 3:15 hours

CPU: total 4 (initial active 4) (2 cores per cpu, 2 threads per core) family 6 model 140 stepping 2 microcode 0x26, cx8, cmov, fxsr, ht, mmx, 3dnowpref, sse, sse2, sse3, ssse3, sse4.1, sse4.2, popcnt, lzcnt, tsc, tscinvbit, avx, avx2, aes, erms, clmul, bmi1, bmi2, adx, avx512f, avx512dq, avx512cd, avx512bw, avx512vl, sha, fma, vzeroupper, avx512_vpopcntdq, avx512_vpclmulqdq, avx512_vaes, avx512_vnni, clflush, clflushopt, clwb, avx512_vbmi2, avx512_vbmi
Processor Information for all 4 processors :
  Max Mhz: 2995, Current Mhz: 2995, Mhz Limit: 2995

Memory: 4k page, system-wide physical 3879M (82M free)
TotalPageFile size 15655M (AvailPageFile size 11M)
current process WorkingSet (physical memory assigned to process): 7M, peak: 169M
current process commit charge ("private bytes"): 232M, peak: 240M

vm_info: OpenJDK 64-Bit Server VM (17.0.11+9) for windows-amd64 JRE (17.0.11+9), built on Apr 17 2024 06:07:48 by "admin" with MS VC++ 16.10 / 16.11 (VS2019)

END.
