#
# There is insufficient memory for the Java Runtime Environment to continue.
# Native memory allocation (malloc) failed to allocate 1048576 bytes. Error detail: AllocateHeap
# Possible reasons:
#   The system is out of physical RAM or swap space
#   This process is running with CompressedOops enabled, and the Java Heap may be blocking the growth of the native heap
# Possible solutions:
#   Reduce memory load on the system
#   Increase physical memory or swap space
#   Check if swap backing store is full
#   Decrease Java heap size (-Xmx/-Xms)
#   Decrease number of Java threads
#   Decrease Java thread stack sizes (-Xss)
#   Set larger code cache with -XX:ReservedCodeCacheSize=
#   JVM is running with Unscaled Compressed Oops mode in which the Java heap is
#     placed in the first 4GB address space. The Java Heap base address is the
#     maximum limit for the native heap growth. Please use -XX:HeapBaseMinAddress
#     to set the Java Heap base and to place the Java Heap above 4GB virtual address.
# This output file may be truncated or incomplete.
#
#  Out of Memory Error (allocation.cpp:44), pid=14300, tid=23376
#
# JRE version: OpenJDK Runtime Environment Temurin-17.0.11+9 (17.0.11+9) (build 17.0.11+9)
# Java VM: OpenJDK 64-Bit Server VM Temurin-17.0.11+9 (17.0.11+9, mixed mode, emulated-client, tiered, compressed oops, compressed class ptrs, g1 gc, windows-amd64)
# No core dump will be written. Minidumps are not enabled by default on client versions of Windows
#

---------------  S U M M A R Y ------------

Command Line: -Xmx1024m -Dsts.lsp.client=vscode -Dsts.log.file=/dev/null -XX:TieredStopAtLevel=1 -Xlog:jni+resolve=off -Dspring.config.location=file:c:\Users\55119\.vscode\extensions\vmware.vscode-spring-boot-1.56.0\language-server\BOOT-INF\classes\application.properties org.springframework.ide.vscode.boot.app.BootLanguageServerBootApp

Host: 11th Gen Intel(R) Core(TM) i3-1115G4 @ 3.00GHz, 4 cores, 3G,  Windows 11 , 64 bit Build 22000 (10.0.22000.2538)
Time: Wed Aug 14 22:04:29 2024 Hora oficial do Brasil elapsed time: 27592.890508 seconds (0d 7h 39m 52s)

---------------  T H R E A D  ---------------

Current thread (0x000001e156e8b9b0):  VMThread "VM Thread" [stack: 0x0000002521300000,0x0000002521400000] [id=23376]

Stack: [0x0000002521300000,0x0000002521400000]
Native frames: (J=compiled Java code, j=interpreted, Vv=VM code, C=native code)
V  [jvm.dll+0x67d429]
V  [jvm.dll+0x834b7a]
V  [jvm.dll+0x83663e]
V  [jvm.dll+0x836ca3]
V  [jvm.dll+0x247dbf]
V  [jvm.dll+0xa6cb3]
V  [jvm.dll+0x2f8ad3]
V  [jvm.dll+0x2f4750]
V  [jvm.dll+0x2dcf67]
V  [jvm.dll+0x31fb67]
V  [jvm.dll+0x83b19b]
V  [jvm.dll+0x83bed2]
V  [jvm.dll+0x83c3ed]
V  [jvm.dll+0x83c7c4]
V  [jvm.dll+0x83c890]
V  [jvm.dll+0x7e410a]
V  [jvm.dll+0x67c315]
C  [ucrtbase.dll+0x26c0c]
C  [KERNEL32.DLL+0x153e0]
C  [ntdll.dll+0x485b]

VM_Operation (0x00000025223fea50): G1CollectFull, mode: safepoint, requested by thread 0x000001e15c1fde90


---------------  P R O C E S S  ---------------

Threads class SMR info:
_java_thread_list=0x000001e15dc46b90, length=29, elements={
0x000001e156ea14a0, 0x000001e156e6cd80, 0x000001e156ed9960, 0x000001e156eda230,
0x000001e156edab00, 0x000001e156edb3d0, 0x000001e156eddcb0, 0x000001e156ede5c0,
0x000001e15b3077e0, 0x000001e15b30d130, 0x000001e15cac0070, 0x000001e15c1fde90,
0x000001e15cafc0b0, 0x000001e14c94bcf0, 0x000001e15cbc4060, 0x000001e15c609270,
0x000001e15cb86070, 0x000001e15cb874b0, 0x000001e15cb86580, 0x000001e15cb86a90,
0x000001e15cb86fa0, 0x000001e15cd21980, 0x000001e15cd232d0, 0x000001e15cd228b0,
0x000001e15cd1f100, 0x000001e15cd20a50, 0x000001e15cd1dcc0, 0x000001e15cd21470,
0x000001e15cd23cf0
}

Java Threads: ( => current thread )
  0x000001e156ea14a0 JavaThread "Reference Handler" daemon [_thread_blocked, id=10944, stack(0x0000002521400000,0x0000002521500000)]
  0x000001e156e6cd80 JavaThread "Finalizer" daemon [_thread_blocked, id=17732, stack(0x0000002521500000,0x0000002521600000)]
  0x000001e156ed9960 JavaThread "Signal Dispatcher" daemon [_thread_blocked, id=10188, stack(0x0000002521600000,0x0000002521700000)]
  0x000001e156eda230 JavaThread "Attach Listener" daemon [_thread_blocked, id=13236, stack(0x0000002521700000,0x0000002521800000)]
  0x000001e156edab00 JavaThread "Service Thread" daemon [_thread_blocked, id=10996, stack(0x0000002521800000,0x0000002521900000)]
  0x000001e156edb3d0 JavaThread "Monitor Deflation Thread" daemon [_thread_blocked, id=8476, stack(0x0000002521900000,0x0000002521a00000)]
  0x000001e156eddcb0 JavaThread "C1 CompilerThread0" daemon [_thread_blocked, id=6308, stack(0x0000002521a00000,0x0000002521b00000)]
  0x000001e156ede5c0 JavaThread "Sweeper thread" daemon [_thread_blocked, id=6236, stack(0x0000002521b00000,0x0000002521c00000)]
  0x000001e15b3077e0 JavaThread "Notification Thread" daemon [_thread_blocked, id=7864, stack(0x0000002521c00000,0x0000002521d00000)]
  0x000001e15b30d130 JavaThread "Common-Cleaner" daemon [_thread_blocked, id=16632, stack(0x0000002521e00000,0x0000002521f00000)]
  0x000001e15cac0070 JavaThread "boundedElastic-evictor-1" daemon [_thread_blocked, id=19804, stack(0x0000002522200000,0x0000002522300000)]
  0x000001e15c1fde90 JavaThread "pool-13-thread-1" [_thread_blocked, id=6756, stack(0x0000002522300000,0x0000002522400000)]
  0x000001e15cafc0b0 JavaThread "LanguageServerApp-lifecycle" [_thread_blocked, id=13956, stack(0x0000002522400000,0x0000002522500000)]
  0x000001e14c94bcf0 JavaThread "DestroyJavaVM" [_thread_blocked, id=11460, stack(0x0000002520d00000,0x0000002520e00000)]
  0x000001e15cbc4060 JavaThread "pool-14-thread-1" [_thread_blocked, id=8504, stack(0x0000002522500000,0x0000002522600000)]
  0x000001e15c609270 JavaThread "Simple-Language-Server main thread" daemon [_thread_blocked, id=8200, stack(0x0000002522600000,0x0000002522700000)]
  0x000001e15cb86070 JavaThread "pool-8-thread-1" [_thread_blocked, id=17764, stack(0x0000002522900000,0x0000002522a00000)]
  0x000001e15cb874b0 JavaThread "parallel-1" daemon [_thread_blocked, id=4192, stack(0x0000002522a00000,0x0000002522b00000)]
  0x000001e15cb86580 JavaThread "pool-6-thread-1" [_thread_blocked, id=13024, stack(0x0000002522b00000,0x0000002522c00000)]
  0x000001e15cb86a90 JavaThread "parallel-2" daemon [_thread_blocked, id=16724, stack(0x0000002522c00000,0x0000002522d00000)]
  0x000001e15cb86fa0 JavaThread "parallel-3" daemon [_thread_blocked, id=20016, stack(0x0000002522d00000,0x0000002522e00000)]
  0x000001e15cd21980 JavaThread "parallel-4" daemon [_thread_blocked, id=23492, stack(0x0000002523300000,0x0000002523400000)]
  0x000001e15cd232d0 JavaThread "Reconciler-1" daemon [_thread_blocked, id=10840, stack(0x0000002523500000,0x0000002523600000)]
  0x000001e15cd228b0 JavaThread "CompletableFutureDelayScheduler" daemon [_thread_blocked, id=22164, stack(0x0000002523700000,0x0000002523800000)]
  0x000001e15cd1f100 JavaThread "ForkJoinPool.commonPool-worker-27" daemon [_thread_blocked, id=27220, stack(0x0000002523000000,0x0000002523100000)]
  0x000001e15cd20a50 JavaThread "ForkJoinPool.commonPool-worker-28" daemon [_thread_blocked, id=28292, stack(0x0000002523900000,0x0000002523a00000)]
  0x000001e15cd1dcc0 JavaThread "pool-5-thread-78" [_thread_blocked, id=28712, stack(0x0000002523b00000,0x0000002523c00000)]
  0x000001e15cd21470 JavaThread "pool-5-thread-76" [_thread_blocked, id=28152, stack(0x0000002523c00000,0x0000002523d00000)]
  0x000001e15cd23cf0 JavaThread "pool-5-thread-80" [_thread_blocked, id=20784, stack(0x0000002520a00000,0x0000002520b00000)]

Other Threads:
=>0x000001e156e8b9b0 VMThread "VM Thread" [stack: 0x0000002521300000,0x0000002521400000] [id=23376]
  0x000001e15b307cc0 WatcherThread [stack: 0x0000002521d00000,0x0000002521e00000] [id=7788]
  0x000001e14c989300 GCTaskThread "GC Thread#0" [stack: 0x0000002520e00000,0x0000002520f00000] [id=23352]
  0x000001e15b8f9e80 GCTaskThread "GC Thread#1" [stack: 0x0000002521f00000,0x0000002522000000] [id=5784]
  0x000001e15b968ec0 GCTaskThread "GC Thread#2" [stack: 0x0000002522000000,0x0000002522100000] [id=664]
  0x000001e15bcf4e40 GCTaskThread "GC Thread#3" [stack: 0x0000002522100000,0x0000002522200000] [id=15228]
  0x000001e14c992840 ConcurrentGCThread "G1 Main Marker" [stack: 0x0000002520f00000,0x0000002521000000] [id=6328]
  0x000001e14c993910 ConcurrentGCThread "G1 Conc#0" [stack: 0x0000002521000000,0x0000002521100000] [id=7592]
  0x000001e14c9d1530 ConcurrentGCThread "G1 Refine#0" [stack: 0x0000002521100000,0x0000002521200000] [id=23132]
  0x000001e14c9d1e70 ConcurrentGCThread "G1 Service" [stack: 0x0000002521200000,0x0000002521300000] [id=13604]

Threads with active compile tasks:

VM state: at safepoint (normal execution)

VM Mutex/Monitor currently owned by a thread:  ([mutex/lock_event])
[0x000001e14a8427b0] Threads_lock - owner thread: 0x000001e156e8b9b0
[0x000001e14c948280] Heap_lock - owner thread: 0x000001e15c1fde90

Heap address: 0x00000000c0000000, size: 1024 MB, Compressed Oops mode: 32-bit

CDS archive(s) not mapped
Compressed class space mapped at: 0x0000000100000000-0x0000000140000000, reserved size: 1073741824
Narrow klass base: 0x0000000000000000, Narrow klass shift: 3, Narrow klass range: 0x140000000

GC Precious Log:
 CPUs: 4 total, 4 available
 Memory: 3879M
 Large Page Support: Disabled
 NUMA Support: Disabled
 Compressed Oops: Enabled (32-bit)
 Heap Region Size: 1M
 Heap Min Capacity: 8M
 Heap Initial Capacity: 62M
 Heap Max Capacity: 1G
 Pre-touch: Disabled
 Parallel Workers: 4
 Concurrent Workers: 1
 Concurrent Refinement Workers: 4
 Periodic GC: Disabled

Heap:
 garbage-first heap   total 106496K, used 34131K [0x00000000c0000000, 0x0000000100000000)
  region size 1024K, 1 young (1024K), 0 survivors (0K)
 Metaspace       used 62066K, committed 62528K, reserved 1114112K
  class space    used 7595K, committed 7808K, reserved 1048576K

Heap Regions: E=young(eden), S=young(survivor), O=old, HS=humongous(starts), HC=humongous(continues), CS=collection set, F=free, OA=open archive, CA=closed archive, TAMS=top-at-mark-start (previous, next)
|   0|0x00000000c0000000, 0x00000000c0100000, 0x00000000c0100000|100%|HS|  |TAMS 0x00000000c0100000, 0x00000000c0000000| Untracked 
|   1|0x00000000c0100000, 0x00000000c0200000, 0x00000000c0200000|100%|HC|  |TAMS 0x00000000c0200000, 0x00000000c0100000| Untracked 
|   2|0x00000000c0200000, 0x00000000c0300000, 0x00000000c0300000|100%|HC|  |TAMS 0x00000000c0300000, 0x00000000c0200000| Untracked 
|   3|0x00000000c0300000, 0x00000000c0400000, 0x00000000c0400000|100%|HC|  |TAMS 0x00000000c0400000, 0x00000000c0300000| Untracked 
|   4|0x00000000c0400000, 0x00000000c0500000, 0x00000000c0500000|100%| O|  |TAMS 0x00000000c0500000, 0x00000000c0400000| Untracked 
|   5|0x00000000c0500000, 0x00000000c0600000, 0x00000000c0600000|100%| O|  |TAMS 0x00000000c0600000, 0x00000000c0500000| Untracked 
|   6|0x00000000c0600000, 0x00000000c06ffff0, 0x00000000c0700000| 99%| O|  |TAMS 0x00000000c06ffff0, 0x00000000c0600000| Untracked 
|   7|0x00000000c0700000, 0x00000000c07ffff8, 0x00000000c0800000| 99%| O|  |TAMS 0x00000000c07ffff8, 0x00000000c0700000| Untracked 
|   8|0x00000000c0800000, 0x00000000c08fff28, 0x00000000c0900000| 99%| O|  |TAMS 0x00000000c08fff28, 0x00000000c0800000| Untracked 
|   9|0x00000000c0900000, 0x00000000c0a00000, 0x00000000c0a00000|100%| O|  |TAMS 0x00000000c0a00000, 0x00000000c0900000| Untracked 
|  10|0x00000000c0a00000, 0x00000000c0b00000, 0x00000000c0b00000|100%|HS|  |TAMS 0x00000000c0b00000, 0x00000000c0a00000| Untracked 
|  11|0x00000000c0b00000, 0x00000000c0c00000, 0x00000000c0c00000|100%|HC|  |TAMS 0x00000000c0c00000, 0x00000000c0b00000| Untracked 
|  12|0x00000000c0c00000, 0x00000000c0d00000, 0x00000000c0d00000|100%| O|  |TAMS 0x00000000c0d00000, 0x00000000c0c00000| Untracked 
|  13|0x00000000c0d00000, 0x00000000c0dff7a0, 0x00000000c0e00000| 99%| O|  |TAMS 0x00000000c0dff7a0, 0x00000000c0d00000| Untracked 
|  14|0x00000000c0e00000, 0x00000000c0efffe0, 0x00000000c0f00000| 99%| O|  |TAMS 0x00000000c0efffe0, 0x00000000c0e00000| Untracked 
|  15|0x00000000c0f00000, 0x00000000c0ffffe8, 0x00000000c1000000| 99%| O|  |TAMS 0x00000000c0ffffe8, 0x00000000c0f00000| Untracked 
|  16|0x00000000c1000000, 0x00000000c10fffe8, 0x00000000c1100000| 99%| O|  |TAMS 0x00000000c10fffe8, 0x00000000c1000000| Untracked 
|  17|0x00000000c1100000, 0x00000000c11ffff8, 0x00000000c1200000| 99%| O|  |TAMS 0x00000000c11ffff8, 0x00000000c1100000| Untracked 
|  18|0x00000000c1200000, 0x00000000c12ffff8, 0x00000000c1300000| 99%| O|  |TAMS 0x00000000c12ffff8, 0x00000000c1200000| Untracked 
|  19|0x00000000c1300000, 0x00000000c13f9ea8, 0x00000000c1400000| 97%| O|  |TAMS 0x00000000c13f9ea8, 0x00000000c1300000| Untracked 
|  20|0x00000000c1400000, 0x00000000c14fdeb8, 0x00000000c1500000| 99%| O|  |TAMS 0x00000000c14fdeb8, 0x00000000c1400000| Untracked 
|  21|0x00000000c1500000, 0x00000000c15fffd8, 0x00000000c1600000| 99%| O|  |TAMS 0x00000000c15fffd8, 0x00000000c1500000| Untracked 
|  22|0x00000000c1600000, 0x00000000c16fffe8, 0x00000000c1700000| 99%| O|  |TAMS 0x00000000c16fffe8, 0x00000000c1600000| Untracked 
|  23|0x00000000c1700000, 0x00000000c17ffff0, 0x00000000c1800000| 99%| O|  |TAMS 0x00000000c17ffff0, 0x00000000c1700000| Untracked 
|  24|0x00000000c1800000, 0x00000000c18fffb0, 0x00000000c1900000| 99%| O|  |TAMS 0x00000000c18fffb0, 0x00000000c1800000| Untracked 
|  25|0x00000000c1900000, 0x00000000c19ffff0, 0x00000000c1a00000| 99%| O|  |TAMS 0x00000000c19ffff0, 0x00000000c1900000| Untracked 
|  26|0x00000000c1a00000, 0x00000000c1b00000, 0x00000000c1b00000|100%| O|  |TAMS 0x00000000c1b00000, 0x00000000c1a00000| Untracked 
|  27|0x00000000c1b00000, 0x00000000c1bfffd0, 0x00000000c1c00000| 99%| O|  |TAMS 0x00000000c1bfffd0, 0x00000000c1b00000| Untracked 
|  28|0x00000000c1c00000, 0x00000000c1cfff98, 0x00000000c1d00000| 99%| O|  |TAMS 0x00000000c1cfff98, 0x00000000c1c00000| Untracked 
|  29|0x00000000c1d00000, 0x00000000c1dfdc78, 0x00000000c1e00000| 99%| O|  |TAMS 0x00000000c1dfdc78, 0x00000000c1d00000| Untracked 
|  30|0x00000000c1e00000, 0x00000000c1ef4a60, 0x00000000c1f00000| 95%| O|  |TAMS 0x00000000c1ef4a60, 0x00000000c1e00000| Untracked 
|  31|0x00000000c1f00000, 0x00000000c1ffb120, 0x00000000c2000000| 98%| O|  |TAMS 0x00000000c1ffb120, 0x00000000c1f00000| Untracked 
|  32|0x00000000c2000000, 0x00000000c2070408, 0x00000000c2100000| 43%| O|  |TAMS 0x00000000c2000000, 0x00000000c2000000| Untracked 
|  33|0x00000000c2100000, 0x00000000c21ffff8, 0x00000000c2200000| 99%| O|  |TAMS 0x00000000c21ffff8, 0x00000000c2100000| Untracked 
|  34|0x00000000c2200000, 0x00000000c2200000, 0x00000000c2300000|  0%| F|  |TAMS 0x00000000c2200000, 0x00000000c2200000| Untracked 
|  35|0x00000000c2300000, 0x00000000c2300000, 0x00000000c2400000|  0%| F|  |TAMS 0x00000000c2300000, 0x00000000c2300000| Untracked 
|  36|0x00000000c2400000, 0x00000000c2400000, 0x00000000c2500000|  0%| F|  |TAMS 0x00000000c2400000, 0x00000000c2400000| Untracked 
|  37|0x00000000c2500000, 0x00000000c2500000, 0x00000000c2600000|  0%| F|  |TAMS 0x00000000c2500000, 0x00000000c2500000| Untracked 
|  38|0x00000000c2600000, 0x00000000c2600000, 0x00000000c2700000|  0%| F|  |TAMS 0x00000000c2600000, 0x00000000c2600000| Untracked 
|  39|0x00000000c2700000, 0x00000000c2700000, 0x00000000c2800000|  0%| F|  |TAMS 0x00000000c2700000, 0x00000000c2700000| Untracked 
|  40|0x00000000c2800000, 0x00000000c2800000, 0x00000000c2900000|  0%| F|  |TAMS 0x00000000c2800000, 0x00000000c2800000| Untracked 
|  41|0x00000000c2900000, 0x00000000c2900000, 0x00000000c2a00000|  0%| F|  |TAMS 0x00000000c2900000, 0x00000000c2900000| Untracked 
|  42|0x00000000c2a00000, 0x00000000c2a00000, 0x00000000c2b00000|  0%| F|  |TAMS 0x00000000c2a00000, 0x00000000c2a00000| Untracked 
|  43|0x00000000c2b00000, 0x00000000c2b00000, 0x00000000c2c00000|  0%| F|  |TAMS 0x00000000c2b00000, 0x00000000c2b00000| Untracked 
|  44|0x00000000c2c00000, 0x00000000c2c00000, 0x00000000c2d00000|  0%| F|  |TAMS 0x00000000c2c00000, 0x00000000c2c00000| Untracked 
|  45|0x00000000c2d00000, 0x00000000c2d00000, 0x00000000c2e00000|  0%| F|  |TAMS 0x00000000c2d00000, 0x00000000c2d00000| Untracked 
|  46|0x00000000c2e00000, 0x00000000c2e00000, 0x00000000c2f00000|  0%| F|  |TAMS 0x00000000c2e00000, 0x00000000c2e00000| Untracked 
|  47|0x00000000c2f00000, 0x00000000c2f00000, 0x00000000c3000000|  0%| F|  |TAMS 0x00000000c2f00000, 0x00000000c2f00000| Untracked 
|  48|0x00000000c3000000, 0x00000000c3000000, 0x00000000c3100000|  0%| F|  |TAMS 0x00000000c3000000, 0x00000000c3000000| Untracked 
|  49|0x00000000c3100000, 0x00000000c3100000, 0x00000000c3200000|  0%| F|  |TAMS 0x00000000c3100000, 0x00000000c3100000| Untracked 
|  50|0x00000000c3200000, 0x00000000c3200000, 0x00000000c3300000|  0%| F|  |TAMS 0x00000000c3200000, 0x00000000c3200000| Untracked 
|  51|0x00000000c3300000, 0x00000000c3300068, 0x00000000c3400000|  0%| O|  |TAMS 0x00000000c3300000, 0x00000000c3300000| Untracked 
|  52|0x00000000c3400000, 0x00000000c3400000, 0x00000000c3500000|  0%| F|  |TAMS 0x00000000c3400000, 0x00000000c3400000| Untracked 
|  53|0x00000000c3500000, 0x00000000c3500000, 0x00000000c3600000|  0%| F|  |TAMS 0x00000000c3500000, 0x00000000c3500000| Untracked 
|  54|0x00000000c3600000, 0x00000000c3600000, 0x00000000c3700000|  0%| F|  |TAMS 0x00000000c3600000, 0x00000000c3600000| Untracked 
|  55|0x00000000c3700000, 0x00000000c3700000, 0x00000000c3800000|  0%| F|  |TAMS 0x00000000c3700000, 0x00000000c3700000| Untracked 
|  56|0x00000000c3800000, 0x00000000c3800000, 0x00000000c3900000|  0%| F|  |TAMS 0x00000000c3800000, 0x00000000c3800000| Untracked 
|  57|0x00000000c3900000, 0x00000000c3900000, 0x00000000c3a00000|  0%| F|  |TAMS 0x00000000c3900000, 0x00000000c3900000| Untracked 
|  58|0x00000000c3a00000, 0x00000000c3a00000, 0x00000000c3b00000|  0%| F|  |TAMS 0x00000000c3a00000, 0x00000000c3a00000| Untracked 
|  59|0x00000000c3b00000, 0x00000000c3b00000, 0x00000000c3c00000|  0%| F|  |TAMS 0x00000000c3b00000, 0x00000000c3b00000| Untracked 
|  60|0x00000000c3c00000, 0x00000000c3c00000, 0x00000000c3d00000|  0%| F|  |TAMS 0x00000000c3c00000, 0x00000000c3c00000| Untracked 
|  61|0x00000000c3d00000, 0x00000000c3d00000, 0x00000000c3e00000|  0%| F|  |TAMS 0x00000000c3d00000, 0x00000000c3d00000| Untracked 
|  62|0x00000000c3e00000, 0x00000000c3e00000, 0x00000000c3f00000|  0%| F|  |TAMS 0x00000000c3e00000, 0x00000000c3e00000| Untracked 
|  63|0x00000000c3f00000, 0x00000000c3f00000, 0x00000000c4000000|  0%| F|  |TAMS 0x00000000c3f00000, 0x00000000c3f00000| Untracked 
|  64|0x00000000c4000000, 0x00000000c4000000, 0x00000000c4100000|  0%| F|  |TAMS 0x00000000c4000000, 0x00000000c4000000| Untracked 
|  65|0x00000000c4100000, 0x00000000c4100000, 0x00000000c4200000|  0%| F|  |TAMS 0x00000000c4100000, 0x00000000c4100000| Untracked 
|  66|0x00000000c4200000, 0x00000000c4200000, 0x00000000c4300000|  0%| F|  |TAMS 0x00000000c4200000, 0x00000000c4200000| Untracked 
|  67|0x00000000c4300000, 0x00000000c4300000, 0x00000000c4400000|  0%| F|  |TAMS 0x00000000c4300000, 0x00000000c4300000| Untracked 
|  68|0x00000000c4400000, 0x00000000c4400000, 0x00000000c4500000|  0%| F|  |TAMS 0x00000000c4400000, 0x00000000c4400000| Untracked 
|  69|0x00000000c4500000, 0x00000000c4500000, 0x00000000c4600000|  0%| F|  |TAMS 0x00000000c4500000, 0x00000000c4500000| Untracked 
|  70|0x00000000c4600000, 0x00000000c4600000, 0x00000000c4700000|  0%| F|  |TAMS 0x00000000c4600000, 0x00000000c4600000| Untracked 
|  71|0x00000000c4700000, 0x00000000c4700000, 0x00000000c4800000|  0%| F|  |TAMS 0x00000000c4700000, 0x00000000c4700000| Untracked 
|  72|0x00000000c4800000, 0x00000000c4800000, 0x00000000c4900000|  0%| F|  |TAMS 0x00000000c4800000, 0x00000000c4800000| Untracked 
|  73|0x00000000c4900000, 0x00000000c4900000, 0x00000000c4a00000|  0%| F|  |TAMS 0x00000000c4900000, 0x00000000c4900000| Untracked 
|  74|0x00000000c4a00000, 0x00000000c4a00000, 0x00000000c4b00000|  0%| F|  |TAMS 0x00000000c4a00000, 0x00000000c4a00000| Untracked 
|  75|0x00000000c4b00000, 0x00000000c4b00000, 0x00000000c4c00000|  0%| F|  |TAMS 0x00000000c4b00000, 0x00000000c4b00000| Untracked 
|  76|0x00000000c4c00000, 0x00000000c4c00000, 0x00000000c4d00000|  0%| F|  |TAMS 0x00000000c4c00000, 0x00000000c4c00000| Untracked 
|  77|0x00000000c4d00000, 0x00000000c4d00000, 0x00000000c4e00000|  0%| F|  |TAMS 0x00000000c4d00000, 0x00000000c4d00000| Untracked 
|  78|0x00000000c4e00000, 0x00000000c4e00000, 0x00000000c4f00000|  0%| F|  |TAMS 0x00000000c4e00000, 0x00000000c4e00000| Untracked 
|  79|0x00000000c4f00000, 0x00000000c4f00000, 0x00000000c5000000|  0%| F|  |TAMS 0x00000000c4f00000, 0x00000000c4f00000| Untracked 
|  80|0x00000000c5000000, 0x00000000c5000000, 0x00000000c5100000|  0%| F|  |TAMS 0x00000000c5000000, 0x00000000c5000000| Untracked 
|  81|0x00000000c5100000, 0x00000000c5100000, 0x00000000c5200000|  0%| F|  |TAMS 0x00000000c5100000, 0x00000000c5100000| Untracked 
|  82|0x00000000c5200000, 0x00000000c5200000, 0x00000000c5300000|  0%| F|  |TAMS 0x00000000c5200000, 0x00000000c5200000| Untracked 
|  83|0x00000000c5300000, 0x00000000c5300000, 0x00000000c5400000|  0%| F|  |TAMS 0x00000000c5300000, 0x00000000c5300000| Untracked 
|  84|0x00000000c5400000, 0x00000000c5400000, 0x00000000c5500000|  0%| F|  |TAMS 0x00000000c5400000, 0x00000000c5400000| Untracked 
|  85|0x00000000c5500000, 0x00000000c5500000, 0x00000000c5600000|  0%| F|  |TAMS 0x00000000c5500000, 0x00000000c5500000| Untracked 
|  86|0x00000000c5600000, 0x00000000c5600000, 0x00000000c5700000|  0%| F|  |TAMS 0x00000000c5600000, 0x00000000c5600000| Untracked 
|  87|0x00000000c5700000, 0x00000000c5700000, 0x00000000c5800000|  0%| F|  |TAMS 0x00000000c5700000, 0x00000000c5700000| Untracked 
|  88|0x00000000c5800000, 0x00000000c5800000, 0x00000000c5900000|  0%| F|  |TAMS 0x00000000c5800000, 0x00000000c5800000| Untracked 
|  89|0x00000000c5900000, 0x00000000c5900000, 0x00000000c5a00000|  0%| F|  |TAMS 0x00000000c5900000, 0x00000000c5900000| Untracked 
|  90|0x00000000c5a00000, 0x00000000c5a00000, 0x00000000c5b00000|  0%| F|  |TAMS 0x00000000c5a00000, 0x00000000c5a00000| Untracked 
|  91|0x00000000c5b00000, 0x00000000c5b00000, 0x00000000c5c00000|  0%| F|  |TAMS 0x00000000c5b00000, 0x00000000c5b00000| Untracked 
|  92|0x00000000c5c00000, 0x00000000c5c00000, 0x00000000c5d00000|  0%| F|  |TAMS 0x00000000c5c00000, 0x00000000c5c00000| Untracked 
|  93|0x00000000c5d00000, 0x00000000c5d00000, 0x00000000c5e00000|  0%| F|  |TAMS 0x00000000c5d00000, 0x00000000c5d00000| Untracked 
|  94|0x00000000c5e00000, 0x00000000c5e00000, 0x00000000c5f00000|  0%| F|  |TAMS 0x00000000c5e00000, 0x00000000c5e00000| Untracked 
|  95|0x00000000c5f00000, 0x00000000c5f00000, 0x00000000c6000000|  0%| F|  |TAMS 0x00000000c5f00000, 0x00000000c5f00000| Untracked 
|  96|0x00000000c6000000, 0x00000000c6000000, 0x00000000c6100000|  0%| F|  |TAMS 0x00000000c6000000, 0x00000000c6000000| Untracked 
|  97|0x00000000c6100000, 0x00000000c6100000, 0x00000000c6200000|  0%| F|  |TAMS 0x00000000c6100000, 0x00000000c6100000| Untracked 
|  98|0x00000000c6200000, 0x00000000c6200000, 0x00000000c6300000|  0%| F|  |TAMS 0x00000000c6200000, 0x00000000c6200000| Untracked 
|  99|0x00000000c6300000, 0x00000000c6300000, 0x00000000c6400000|  0%| F|  |TAMS 0x00000000c6300000, 0x00000000c6300000| Untracked 
| 100|0x00000000c6400000, 0x00000000c6400000, 0x00000000c6500000|  0%| F|  |TAMS 0x00000000c6400000, 0x00000000c6400000| Untracked 
| 101|0x00000000c6500000, 0x00000000c6500000, 0x00000000c6600000|  0%| F|  |TAMS 0x00000000c6500000, 0x00000000c6500000| Untracked 
| 102|0x00000000c6600000, 0x00000000c6600000, 0x00000000c6700000|  0%| F|  |TAMS 0x00000000c6600000, 0x00000000c6600000| Untracked 
| 103|0x00000000c6700000, 0x00000000c67058a8, 0x00000000c6800000|  2%| E|  |TAMS 0x00000000c6700000, 0x00000000c6700000| Complete 

Card table byte_map: [0x000001e1525e0000,0x000001e1527e0000] _byte_map_base: 0x000001e151fe0000

Marking Bits (Prev, Next): (CMBitMap*) 0x000001e14c989870, (CMBitMap*) 0x000001e14c989830
 Prev Bits: [0x000001e1539e0000, 0x000001e1549e0000)
 Next Bits: [0x000001e1529e0000, 0x000001e1539e0000)

Polling page: 0x000001e14aac0000

Metaspace:

Usage:
  Non-class:     53.19 MB used.
      Class:      7.42 MB used.
       Both:     60.61 MB used.

Virtual space:
  Non-class space:       64.00 MB reserved,      53.44 MB ( 83%) committed,  1 nodes.
      Class space:        1.00 GB reserved,       7.62 MB ( <1%) committed,  1 nodes.
             Both:        1.06 GB reserved,      61.06 MB (  6%) committed. 

Chunk freelists:
   Non-Class:  10.42 MB
       Class:  8.37 MB
        Both:  18.80 MB

MaxMetaspaceSize: unlimited
CompressedClassSpaceSize: 1.00 GB
Initial GC threshold: 21.00 MB
Current GC threshold: 101.81 MB
CDS: off
MetaspaceReclaimPolicy: balanced
 - commit_granule_bytes: 65536.
 - commit_granule_words: 8192.
 - virtual_space_node_default_size: 8388608.
 - enlarge_chunks_in_place: 1.
 - new_chunks_are_fully_committed: 0.
 - uncommit_free_chunks: 1.
 - use_allocation_guard: 0.
 - handle_deallocations: 1.


Internal statistics:

num_allocs_failed_limit: 8.
num_arena_births: 806.
num_arena_deaths: 290.
num_vsnodes_births: 2.
num_vsnodes_deaths: 0.
num_space_committed: 976.
num_space_uncommitted: 0.
num_chunks_returned_to_freelist: 358.
num_chunks_taken_from_freelist: 2919.
num_chunk_merges: 119.
num_chunk_splits: 1905.
num_chunks_enlarged: 1415.
num_inconsistent_stats: 0.

CodeCache: size=49152Kb used=15388Kb max_used=15388Kb free=33763Kb
 bounds [0x000001e14f5e0000, 0x000001e1504f0000, 0x000001e1525e0000]
 total_blobs=8940 nmethods=8259 adapters=607
 compilation: enabled
              stopped_count=0, restarted_count=0
 full_count=0

Compilation events (20 events):
Event: 16103.194 Thread 0x000001e156eddcb0 8316       1       org.eclipse.jdt.core.dom.PackageDeclaration::getNodeType0 (3 bytes)
Event: 16103.194 Thread 0x000001e156eddcb0 nmethod 8316 0x000001e1504e4810 code [0x000001e1504e49a0, 0x000001e1504e4a78]
Event: 16103.279 Thread 0x000001e156eddcb0 8317       1       org.springframework.ide.vscode.boot.java.utils.DocumentDescriptor::getDocURI (5 bytes)
Event: 16103.280 Thread 0x000001e156eddcb0 nmethod 8317 0x000001e1504e4b10 code [0x000001e1504e4ca0, 0x000001e1504e4d78]
Event: 16103.659 Thread 0x000001e156eddcb0 8318       1       org.springframework.ide.vscode.boot.index.cache.AbstractIndexCacheable::getDocURI (5 bytes)
Event: 16103.659 Thread 0x000001e156eddcb0 nmethod 8318 0x000001e1504e4e10 code [0x000001e1504e4fa0, 0x000001e1504e5078]
Event: 16103.736 Thread 0x000001e156eddcb0 8319       1       com.google.gson.internal.bind.TypeAdapters$EnumTypeAdapter::write (10 bytes)
Event: 16103.740 Thread 0x000001e156eddcb0 nmethod 8319 0x000001e1504e5110 code [0x000001e1504e52c0, 0x000001e1504e5458]
Event: 16103.740 Thread 0x000001e156eddcb0 8320       1       com.google.gson.internal.bind.TypeAdapters$EnumTypeAdapter::write (27 bytes)
Event: 16103.742 Thread 0x000001e156eddcb0 nmethod 8320 0x000001e1504e5590 code [0x000001e1504e5740, 0x000001e1504e58b8]
Event: 16104.129 Thread 0x000001e156eddcb0 8321       1       com.google.gson.internal.bind.SerializationDelegatingTypeAdapter::<init> (5 bytes)
Event: 16104.130 Thread 0x000001e156eddcb0 nmethod 8321 0x000001e1504e5990 code [0x000001e1504e5b20, 0x000001e1504e5bd8]
Event: 16104.154 Thread 0x000001e156eddcb0 8322       1       java.util.HashMap$KeySpliterator::characteristics (30 bytes)
Event: 16104.160 Thread 0x000001e156eddcb0 nmethod 8322 0x000001e1504e5c90 code [0x000001e1504e5e20, 0x000001e1504e5f18]
Event: 16104.283 Thread 0x000001e156eddcb0 8323       1       java.io.IOException::<init> (6 bytes)
Event: 16104.284 Thread 0x000001e156eddcb0 nmethod 8323 0x000001e1504e5f90 code [0x000001e1504e6120, 0x000001e1504e6208]
Event: 16104.285 Thread 0x000001e156eddcb0 8324       1       java.util.Collections::reverse (125 bytes)
Event: 16104.289 Thread 0x000001e156eddcb0 nmethod 8324 0x000001e1504e6290 code [0x000001e1504e64c0, 0x000001e1504e6868]
Event: 16105.320 Thread 0x000001e156eddcb0 8325       1       java.util.TreeMap::rotateLeft (96 bytes)
Event: 16105.321 Thread 0x000001e156eddcb0 nmethod 8325 0x000001e1504e6b10 code [0x000001e1504e6cc0, 0x000001e1504e70b8]

GC Heap History (20 events):
Event: 27450.671 GC heap before
{Heap before GC invocations=1680 (full 1648):
 garbage-first heap   total 106496K, used 34131K [0x00000000c0000000, 0x0000000100000000)
  region size 1024K, 1 young (1024K), 0 survivors (0K)
 Metaspace       used 62066K, committed 62528K, reserved 1114112K
  class space    used 7595K, committed 7808K, reserved 1048576K
}
Event: 27451.305 GC heap after
{Heap after GC invocations=1681 (full 1649):
 garbage-first heap   total 106496K, used 34131K [0x00000000c0000000, 0x0000000100000000)
  region size 1024K, 0 young (0K), 0 survivors (0K)
 Metaspace       used 62066K, committed 62528K, reserved 1114112K
  class space    used 7595K, committed 7808K, reserved 1048576K
}
Event: 27461.552 GC heap before
{Heap before GC invocations=1681 (full 1649):
 garbage-first heap   total 106496K, used 34131K [0x00000000c0000000, 0x0000000100000000)
  region size 1024K, 1 young (1024K), 0 survivors (0K)
 Metaspace       used 62066K, committed 62528K, reserved 1114112K
  class space    used 7595K, committed 7808K, reserved 1048576K
}
Event: 27461.584 GC heap after
{Heap after GC invocations=1682 (full 1650):
 garbage-first heap   total 106496K, used 34131K [0x00000000c0000000, 0x0000000100000000)
  region size 1024K, 0 young (0K), 0 survivors (0K)
 Metaspace       used 62066K, committed 62528K, reserved 1114112K
  class space    used 7595K, committed 7808K, reserved 1048576K
}
Event: 27472.645 GC heap before
{Heap before GC invocations=1682 (full 1650):
 garbage-first heap   total 106496K, used 34131K [0x00000000c0000000, 0x0000000100000000)
  region size 1024K, 1 young (1024K), 0 survivors (0K)
 Metaspace       used 62066K, committed 62528K, reserved 1114112K
  class space    used 7595K, committed 7808K, reserved 1048576K
}
Event: 27473.358 GC heap after
{Heap after GC invocations=1683 (full 1651):
 garbage-first heap   total 106496K, used 34131K [0x00000000c0000000, 0x0000000100000000)
  region size 1024K, 0 young (0K), 0 survivors (0K)
 Metaspace       used 62066K, committed 62528K, reserved 1114112K
  class space    used 7595K, committed 7808K, reserved 1048576K
}
Event: 27484.360 GC heap before
{Heap before GC invocations=1683 (full 1651):
 garbage-first heap   total 106496K, used 34131K [0x00000000c0000000, 0x0000000100000000)
  region size 1024K, 1 young (1024K), 0 survivors (0K)
 Metaspace       used 62066K, committed 62528K, reserved 1114112K
  class space    used 7595K, committed 7808K, reserved 1048576K
}
Event: 27485.041 GC heap after
{Heap after GC invocations=1684 (full 1652):
 garbage-first heap   total 106496K, used 34131K [0x00000000c0000000, 0x0000000100000000)
  region size 1024K, 0 young (0K), 0 survivors (0K)
 Metaspace       used 62066K, committed 62528K, reserved 1114112K
  class space    used 7595K, committed 7808K, reserved 1048576K
}
Event: 27495.858 GC heap before
{Heap before GC invocations=1684 (full 1652):
 garbage-first heap   total 106496K, used 34131K [0x00000000c0000000, 0x0000000100000000)
  region size 1024K, 1 young (1024K), 0 survivors (0K)
 Metaspace       used 62066K, committed 62528K, reserved 1114112K
  class space    used 7595K, committed 7808K, reserved 1048576K
}
Event: 27496.511 GC heap after
{Heap after GC invocations=1685 (full 1653):
 garbage-first heap   total 106496K, used 34131K [0x00000000c0000000, 0x0000000100000000)
  region size 1024K, 0 young (0K), 0 survivors (0K)
 Metaspace       used 62066K, committed 62528K, reserved 1114112K
  class space    used 7595K, committed 7808K, reserved 1048576K
}
Event: 27520.679 GC heap before
{Heap before GC invocations=1685 (full 1653):
 garbage-first heap   total 106496K, used 34131K [0x00000000c0000000, 0x0000000100000000)
  region size 1024K, 1 young (1024K), 0 survivors (0K)
 Metaspace       used 62066K, committed 62528K, reserved 1114112K
  class space    used 7595K, committed 7808K, reserved 1048576K
}
Event: 27521.580 GC heap after
{Heap after GC invocations=1686 (full 1654):
 garbage-first heap   total 106496K, used 34131K [0x00000000c0000000, 0x0000000100000000)
  region size 1024K, 0 young (0K), 0 survivors (0K)
 Metaspace       used 62066K, committed 62528K, reserved 1114112K
  class space    used 7595K, committed 7808K, reserved 1048576K
}
Event: 27533.300 GC heap before
{Heap before GC invocations=1686 (full 1654):
 garbage-first heap   total 106496K, used 34131K [0x00000000c0000000, 0x0000000100000000)
  region size 1024K, 1 young (1024K), 0 survivors (0K)
 Metaspace       used 62066K, committed 62528K, reserved 1114112K
  class space    used 7595K, committed 7808K, reserved 1048576K
}
Event: 27534.240 GC heap after
{Heap after GC invocations=1687 (full 1655):
 garbage-first heap   total 106496K, used 34131K [0x00000000c0000000, 0x0000000100000000)
  region size 1024K, 0 young (0K), 0 survivors (0K)
 Metaspace       used 62066K, committed 62528K, reserved 1114112K
  class space    used 7595K, committed 7808K, reserved 1048576K
}
Event: 27549.917 GC heap before
{Heap before GC invocations=1687 (full 1655):
 garbage-first heap   total 106496K, used 34131K [0x00000000c0000000, 0x0000000100000000)
  region size 1024K, 1 young (1024K), 0 survivors (0K)
 Metaspace       used 62066K, committed 62528K, reserved 1114112K
  class space    used 7595K, committed 7808K, reserved 1048576K
}
Event: 27550.625 GC heap after
{Heap after GC invocations=1688 (full 1656):
 garbage-first heap   total 106496K, used 34131K [0x00000000c0000000, 0x0000000100000000)
  region size 1024K, 0 young (0K), 0 survivors (0K)
 Metaspace       used 62066K, committed 62528K, reserved 1114112K
  class space    used 7595K, committed 7808K, reserved 1048576K
}
Event: 27567.300 GC heap before
{Heap before GC invocations=1688 (full 1656):
 garbage-first heap   total 106496K, used 34131K [0x00000000c0000000, 0x0000000100000000)
  region size 1024K, 1 young (1024K), 0 survivors (0K)
 Metaspace       used 62066K, committed 62528K, reserved 1114112K
  class space    used 7595K, committed 7808K, reserved 1048576K
}
Event: 27568.066 GC heap after
{Heap after GC invocations=1689 (full 1657):
 garbage-first heap   total 106496K, used 34131K [0x00000000c0000000, 0x0000000100000000)
  region size 1024K, 0 young (0K), 0 survivors (0K)
 Metaspace       used 62066K, committed 62528K, reserved 1114112K
  class space    used 7595K, committed 7808K, reserved 1048576K
}
Event: 27579.962 GC heap before
{Heap before GC invocations=1689 (full 1657):
 garbage-first heap   total 106496K, used 34131K [0x00000000c0000000, 0x0000000100000000)
  region size 1024K, 1 young (1024K), 0 survivors (0K)
 Metaspace       used 62066K, committed 62528K, reserved 1114112K
  class space    used 7595K, committed 7808K, reserved 1048576K
}
Event: 27580.604 GC heap after
{Heap after GC invocations=1690 (full 1658):
 garbage-first heap   total 106496K, used 34131K [0x00000000c0000000, 0x0000000100000000)
  region size 1024K, 0 young (0K), 0 survivors (0K)
 Metaspace       used 62066K, committed 62528K, reserved 1114112K
  class space    used 7595K, committed 7808K, reserved 1048576K
}

Dll operation events (10 events):
Event: 0.031 Loaded shared library c:\Users\55119\.vscode\extensions\redhat.java-1.33.0-win32-x64\jre\17.0.11-win32-x86_64\bin\java.dll
Event: 0.509 Loaded shared library C:\Users\55119\.vscode\extensions\redhat.java-1.33.0-win32-x64\jre\17.0.11-win32-x86_64\bin\net.dll
Event: 0.513 Loaded shared library C:\Users\55119\.vscode\extensions\redhat.java-1.33.0-win32-x64\jre\17.0.11-win32-x86_64\bin\nio.dll
Event: 0.527 Loaded shared library C:\Users\55119\.vscode\extensions\redhat.java-1.33.0-win32-x64\jre\17.0.11-win32-x86_64\bin\zip.dll
Event: 1.363 Loaded shared library C:\Users\55119\.vscode\extensions\redhat.java-1.33.0-win32-x64\jre\17.0.11-win32-x86_64\bin\jimage.dll
Event: 2.442 Loaded shared library c:\Users\55119\.vscode\extensions\redhat.java-1.33.0-win32-x64\jre\17.0.11-win32-x86_64\bin\verify.dll
Event: 4.353 Loaded shared library C:\Users\55119\.vscode\extensions\redhat.java-1.33.0-win32-x64\jre\17.0.11-win32-x86_64\bin\management.dll
Event: 4.377 Loaded shared library C:\Users\55119\.vscode\extensions\redhat.java-1.33.0-win32-x64\jre\17.0.11-win32-x86_64\bin\management_ext.dll
Event: 5.637 Loaded shared library C:\Users\55119\.vscode\extensions\redhat.java-1.33.0-win32-x64\jre\17.0.11-win32-x86_64\bin\sunmscapi.dll
Event: 6.028 Loaded shared library C:\Users\55119\.vscode\extensions\redhat.java-1.33.0-win32-x64\jre\17.0.11-win32-x86_64\bin\extnet.dll

Deoptimization events (18 events):
Event: 4.785 Thread 0x000001e15cbc4060 DEOPT PACKING pc=0x000001e14f9eae81 sp=0x00000025225fdac0
Event: 4.785 Thread 0x000001e15cbc4060 DEOPT UNPACKING pc=0x000001e14f63ace3 sp=0x00000025225fcf50 mode 3
Event: 4.799 Thread 0x000001e15c609270 DEOPT PACKING pc=0x000001e14f9caa97 sp=0x00000025226fed80
Event: 4.799 Thread 0x000001e15c609270 DEOPT UNPACKING pc=0x000001e14f63ace3 sp=0x00000025226fe1d8 mode 3
Event: 5.713 Thread 0x000001e15cd237e0 DEOPT PACKING pc=0x000001e14f74230c sp=0x00000025236fae20
Event: 5.713 Thread 0x000001e15cd237e0 DEOPT UNPACKING pc=0x000001e14f63ace3 sp=0x00000025236fa2e8 mode 0
Event: 5.915 Thread 0x000001e15cd20540 DEOPT PACKING pc=0x000001e14fb99ba4 sp=0x00000025231ff3c0
Event: 5.915 Thread 0x000001e15cd20030 DEOPT PACKING pc=0x000001e14fb99ba4 sp=0x0000002522efefd0
Event: 5.915 Thread 0x000001e15cd20540 DEOPT UNPACKING pc=0x000001e14f63ace3 sp=0x00000025231fe8a8 mode 0
Event: 5.915 Thread 0x000001e15cd20030 DEOPT UNPACKING pc=0x000001e14f63ace3 sp=0x0000002522efe4b8 mode 0
Event: 323.467 Thread 0x000001e15cbc4060 DEOPT PACKING pc=0x000001e14fab4454 sp=0x00000025225fedc0
Event: 323.468 Thread 0x000001e15cbc4060 DEOPT UNPACKING pc=0x000001e14f63ace3 sp=0x00000025225fe268 mode 0
Event: 15964.605 Thread 0x000001e15cd232d0 DEOPT PACKING pc=0x000001e1502cdd34 sp=0x00000025235fd190
Event: 15964.605 Thread 0x000001e15cd21470 DEOPT PACKING pc=0x000001e1502cdd34 sp=0x0000002523cfcd80
Event: 15964.608 Thread 0x000001e15cd232d0 DEOPT UNPACKING pc=0x000001e14f63ace3 sp=0x00000025235fc730 mode 0
Event: 15964.609 Thread 0x000001e15cd21470 DEOPT UNPACKING pc=0x000001e14f63ace3 sp=0x0000002523cfc320 mode 0
Event: 16055.845 Thread 0x000001e15cd1ebf0 DEOPT PACKING pc=0x000001e1501a0fd4 sp=0x0000002522efea70
Event: 16055.846 Thread 0x000001e15cd1ebf0 DEOPT UNPACKING pc=0x000001e14f63ace3 sp=0x0000002522efdfb0 mode 0

Classes unloaded (20 events):
Event: 10986.741 Thread 0x000001e156e8b9b0 Unloading class 0x000000010078dc00 'java/lang/invoke/LambdaForm$MH+0x000000010078dc00'
Event: 16136.620 Thread 0x000001e156e8b9b0 Unloading class 0x0000000100790c00 'java/lang/invoke/LambdaForm$MH+0x0000000100790c00'
Event: 16136.621 Thread 0x000001e156e8b9b0 Unloading class 0x0000000100790800 'java/lang/invoke/LambdaForm$MH+0x0000000100790800'
Event: 16136.621 Thread 0x000001e156e8b9b0 Unloading class 0x0000000100790400 'java/lang/invoke/LambdaForm$MH+0x0000000100790400'
Event: 16136.621 Thread 0x000001e156e8b9b0 Unloading class 0x0000000100790000 'java/lang/invoke/LambdaForm$MH+0x0000000100790000'
Event: 16170.589 Thread 0x000001e156e8b9b0 Unloading class 0x00000001007a0000 'jdk/internal/reflect/GeneratedConstructorAccessor67'
Event: 16170.590 Thread 0x000001e156e8b9b0 Unloading class 0x0000000100798c00 'jdk/internal/reflect/GeneratedConstructorAccessor66'
Event: 16170.590 Thread 0x000001e156e8b9b0 Unloading class 0x0000000100798800 'jdk/internal/reflect/GeneratedConstructorAccessor65'
Event: 16170.591 Thread 0x000001e156e8b9b0 Unloading class 0x0000000100798400 'jdk/internal/reflect/GeneratedMethodAccessor27'
Event: 16170.591 Thread 0x000001e156e8b9b0 Unloading class 0x0000000100798000 'jdk/internal/reflect/GeneratedConstructorAccessor64'
Event: 16170.591 Thread 0x000001e156e8b9b0 Unloading class 0x0000000100793c00 'jdk/internal/reflect/GeneratedMethodAccessor26'
Event: 16170.591 Thread 0x000001e156e8b9b0 Unloading class 0x0000000100793800 'jdk/internal/reflect/GeneratedConstructorAccessor63'
Event: 16170.591 Thread 0x000001e156e8b9b0 Unloading class 0x0000000100793400 'jdk/internal/reflect/GeneratedMethodAccessor25'
Event: 16170.591 Thread 0x000001e156e8b9b0 Unloading class 0x0000000100793000 'jdk/internal/reflect/GeneratedMethodAccessor24'
Event: 16170.591 Thread 0x000001e156e8b9b0 Unloading class 0x0000000100792c00 'jdk/internal/reflect/GeneratedMethodAccessor23'
Event: 16170.591 Thread 0x000001e156e8b9b0 Unloading class 0x0000000100792800 'jdk/internal/reflect/GeneratedConstructorAccessor62'
Event: 16170.591 Thread 0x000001e156e8b9b0 Unloading class 0x0000000100792400 'jdk/internal/reflect/GeneratedConstructorAccessor61'
Event: 16170.592 Thread 0x000001e156e8b9b0 Unloading class 0x0000000100792000 'jdk/internal/reflect/GeneratedConstructorAccessor60'
Event: 16170.592 Thread 0x000001e156e8b9b0 Unloading class 0x0000000100791800 'jdk/internal/reflect/GeneratedConstructorAccessor58'
Event: 16170.592 Thread 0x000001e156e8b9b0 Unloading class 0x0000000100791400 'jdk/internal/reflect/GeneratedConstructorAccessor57'

Classes redefined (0 events):
No events

Internal exceptions (20 events):
Event: 16092.629 Thread 0x000001e15cb86580 Exception <a 'sun/nio/fs/WindowsException'{0x00000000c55a92b0}> (0x00000000c55a92b0) 
thrown [s\src\hotspot\share\prims\jni.cpp, line 516]
Event: 16092.629 Thread 0x000001e15cb86580 Exception <a 'sun/nio/fs/WindowsException'{0x00000000c55a9df8}> (0x00000000c55a9df8) 
thrown [s\src\hotspot\share\prims\jni.cpp, line 516]
Event: 16092.630 Thread 0x000001e15cb86580 Exception <a 'sun/nio/fs/WindowsException'{0x00000000c55aa9a8}> (0x00000000c55aa9a8) 
thrown [s\src\hotspot\share\prims\jni.cpp, line 516]
Event: 16102.673 Thread 0x000001e15c609270 Exception <a 'sun/nio/fs/WindowsException'{0x00000000c46b20a0}> (0x00000000c46b20a0) 
thrown [s\src\hotspot\share\prims\jni.cpp, line 516]
Event: 16102.690 Thread 0x000001e15c609270 Exception <a 'sun/nio/fs/WindowsException'{0x00000000c46c5628}> (0x00000000c46c5628) 
thrown [s\src\hotspot\share\prims\jni.cpp, line 516]
Event: 16102.690 Thread 0x000001e15c609270 Exception <a 'sun/nio/fs/WindowsException'{0x00000000c46c6020}> (0x00000000c46c6020) 
thrown [s\src\hotspot\share\prims\jni.cpp, line 516]
Event: 16102.690 Thread 0x000001e15c609270 Exception <a 'sun/nio/fs/WindowsException'{0x00000000c46c67d8}> (0x00000000c46c67d8) 
thrown [s\src\hotspot\share\prims\jni.cpp, line 516]
Event: 16103.922 Thread 0x000001e15cb86580 Exception <a 'sun/nio/fs/WindowsException'{0x00000000c423e518}> (0x00000000c423e518) 
thrown [s\src\hotspot\share\prims\jni.cpp, line 516]
Event: 16103.925 Thread 0x000001e15cb86580 Exception <a 'sun/nio/fs/WindowsException'{0x00000000c423ef60}> (0x00000000c423ef60) 
thrown [s\src\hotspot\share\prims\jni.cpp, line 516]
Event: 16103.927 Thread 0x000001e15cb86580 Exception <a 'sun/nio/fs/WindowsException'{0x00000000c423f988}> (0x00000000c423f988) 
thrown [s\src\hotspot\share\prims\jni.cpp, line 516]
Event: 16103.931 Thread 0x000001e15cb86580 Exception <a 'sun/nio/fs/WindowsException'{0x00000000c42403d0}> (0x00000000c42403d0) 
thrown [s\src\hotspot\share\prims\jni.cpp, line 516]
Event: 16103.933 Thread 0x000001e15cb86580 Exception <a 'sun/nio/fs/WindowsException'{0x00000000c4240f18}> (0x00000000c4240f18) 
thrown [s\src\hotspot\share\prims\jni.cpp, line 516]
Event: 16103.933 Thread 0x000001e15cb86580 Exception <a 'sun/nio/fs/WindowsException'{0x00000000c4241ac8}> (0x00000000c4241ac8) 
thrown [s\src\hotspot\share\prims\jni.cpp, line 516]
Event: 16104.283 Thread 0x000001e15cb86580 Exception <a 'sun/nio/fs/WindowsException'{0x00000000c42d5698}> (0x00000000c42d5698) 
thrown [s\src\hotspot\share\prims\jni.cpp, line 516]
Event: 16104.284 Thread 0x000001e15cb86580 Exception <a 'sun/nio/fs/WindowsException'{0x00000000c42d60e0}> (0x00000000c42d60e0) 
thrown [s\src\hotspot\share\prims\jni.cpp, line 516]
Event: 16104.284 Thread 0x000001e15cb86580 Exception <a 'sun/nio/fs/WindowsException'{0x00000000c42d6b08}> (0x00000000c42d6b08) 
thrown [s\src\hotspot\share\prims\jni.cpp, line 516]
Event: 16104.284 Thread 0x000001e15cb86580 Exception <a 'sun/nio/fs/WindowsException'{0x00000000c42d7550}> (0x00000000c42d7550) 
thrown [s\src\hotspot\share\prims\jni.cpp, line 516]
Event: 16104.284 Thread 0x000001e15cb86580 Exception <a 'sun/nio/fs/WindowsException'{0x00000000c42d8098}> (0x00000000c42d8098) 
thrown [s\src\hotspot\share\prims\jni.cpp, line 516]
Event: 16104.284 Thread 0x000001e15cb86580 Exception <a 'sun/nio/fs/WindowsException'{0x00000000c42d8c48}> (0x00000000c42d8c48) 
thrown [s\src\hotspot\share\prims\jni.cpp, line 516]
Event: 16105.343 Thread 0x000001e15cd1e6e0 Exception <a 'java/io/FileNotFoundException'{0x00000000c41b8268}> (0x00000000c41b8268) 
thrown [s\src\hotspot\share\prims\jni.cpp, line 516]

VM Operations (20 events):
Event: 27451.305 Executing VM operation: G1CollectFull done
Event: 27461.551 Executing VM operation: G1CollectFull
Event: 27461.584 Executing VM operation: G1CollectFull done
Event: 27472.620 Executing VM operation: G1CollectFull
Event: 27473.360 Executing VM operation: G1CollectFull done
Event: 27484.343 Executing VM operation: G1CollectFull
Event: 27485.043 Executing VM operation: G1CollectFull done
Event: 27495.813 Executing VM operation: G1CollectFull
Event: 27496.513 Executing VM operation: G1CollectFull done
Event: 27520.651 Executing VM operation: G1CollectFull
Event: 27521.582 Executing VM operation: G1CollectFull done
Event: 27533.282 Executing VM operation: G1CollectFull
Event: 27534.241 Executing VM operation: G1CollectFull done
Event: 27549.893 Executing VM operation: G1CollectFull
Event: 27550.627 Executing VM operation: G1CollectFull done
Event: 27567.276 Executing VM operation: G1CollectFull
Event: 27568.068 Executing VM operation: G1CollectFull done
Event: 27579.938 Executing VM operation: G1CollectFull
Event: 27580.607 Executing VM operation: G1CollectFull done
Event: 27592.835 Executing VM operation: G1CollectFull

Events (20 events):
Event: 15979.693 Thread 0x000001e15cd1d2a0 Thread exited: 0x000001e15cd1d2a0
Event: 16008.863 Thread 0x000001e15cd23cf0 Thread added: 0x000001e15cd23cf0
Event: 16062.896 Thread 0x000001e15cd20030 Thread added: 0x000001e15cd20030
Event: 16062.928 Thread 0x000001e15cd22dc0 Thread added: 0x000001e15cd22dc0
Event: 16104.151 Thread 0x000001e15cd21e90 Thread added: 0x000001e15cd21e90
Event: 16104.264 Thread 0x000001e15cd1e6e0 Thread added: 0x000001e15cd1e6e0
Event: 16105.122 loading class java/io/CharArrayWriter
Event: 16105.134 loading class java/io/CharArrayWriter done
Event: 16105.320 loading class java/util/Collections$UnmodifiableSortedMap
Event: 16105.328 loading class java/util/Collections$UnmodifiableSortedMap done
Event: 16122.922 Thread 0x000001e15cd1d7b0 Thread exited: 0x000001e15cd1d7b0
Event: 16162.920 Thread 0x000001e15cd20030 Thread exited: 0x000001e15cd20030
Event: 16162.922 Thread 0x000001e15cd22dc0 Thread exited: 0x000001e15cd22dc0
Event: 16163.155 Thread 0x000001e15cd1fb20 Thread exited: 0x000001e15cd1fb20
Event: 16163.189 Thread 0x000001e15cd24200 Thread exited: 0x000001e15cd24200
Event: 16163.433 Thread 0x000001e15cd1ebf0 Thread exited: 0x000001e15cd1ebf0
Event: 16164.153 Thread 0x000001e15cd223a0 Thread exited: 0x000001e15cd223a0
Event: 16164.281 Thread 0x000001e15cd21e90 Thread exited: 0x000001e15cd21e90
Event: 16164.282 Thread 0x000001e15cd1cd90 Thread exited: 0x000001e15cd1cd90
Event: 16165.348 Thread 0x000001e15cd1e6e0 Thread exited: 0x000001e15cd1e6e0


Dynamic libraries:
0x00007ff76ff80000 - 0x00007ff76ff8e000 	c:\Users\55119\.vscode\extensions\redhat.java-1.33.0-win32-x64\jre\17.0.11-win32-x86_64\bin\java.exe
0x00007ffac50a0000 - 0x00007ffac52a9000 	C:\Windows\SYSTEM32\ntdll.dll
0x00007ffaad190000 - 0x00007ffaad1aa000 	C:\Program Files\Avast Software\Avast\aswhook.dll
0x00007ffac3db0000 - 0x00007ffac3e6d000 	C:\Windows\System32\KERNEL32.DLL
0x00007ffac2530000 - 0x00007ffac28b4000 	C:\Windows\System32\KERNELBASE.dll
0x00007ffac2a60000 - 0x00007ffac2b71000 	C:\Windows\System32\ucrtbase.dll
0x00007ffabf730000 - 0x00007ffabf747000 	c:\Users\55119\.vscode\extensions\redhat.java-1.33.0-win32-x64\jre\17.0.11-win32-x86_64\bin\jli.dll
0x00007ffabde30000 - 0x00007ffabde4b000 	c:\Users\55119\.vscode\extensions\redhat.java-1.33.0-win32-x64\jre\17.0.11-win32-x86_64\bin\VCRUNTIME140.dll
0x00007ffac3ad0000 - 0x00007ffac3c7d000 	C:\Windows\System32\USER32.dll
0x00007ffac28c0000 - 0x00007ffac28e6000 	C:\Windows\System32\win32u.dll
0x00007ffac3970000 - 0x00007ffac399a000 	C:\Windows\System32\GDI32.dll
0x00007ffac2b80000 - 0x00007ffac2c9e000 	C:\Windows\System32\gdi32full.dll
0x00007ffac2d10000 - 0x00007ffac2dad000 	C:\Windows\System32\msvcp_win.dll
0x00007ffaaf470000 - 0x00007ffaaf715000 	C:\Windows\WinSxS\amd64_microsoft.windows.common-controls_6595b64144ccf1df_6.0.22000.120_none_9d947278b86cc467\COMCTL32.dll
0x00007ffac44d0000 - 0x00007ffac4573000 	C:\Windows\System32\msvcrt.dll
0x00007ffac3a00000 - 0x00007ffac3a31000 	C:\Windows\System32\IMM32.DLL
0x00007ffaba1e0000 - 0x00007ffaba1ec000 	c:\Users\55119\.vscode\extensions\redhat.java-1.33.0-win32-x64\jre\17.0.11-win32-x86_64\bin\vcruntime140_1.dll
0x00007ffa93960000 - 0x00007ffa939ed000 	c:\Users\55119\.vscode\extensions\redhat.java-1.33.0-win32-x64\jre\17.0.11-win32-x86_64\bin\msvcp140.dll
0x00007ffa50600000 - 0x00007ffa51262000 	c:\Users\55119\.vscode\extensions\redhat.java-1.33.0-win32-x64\jre\17.0.11-win32-x86_64\bin\server\jvm.dll
0x00007ffac42f0000 - 0x00007ffac439e000 	C:\Windows\System32\ADVAPI32.dll
0x00007ffac33b0000 - 0x00007ffac344e000 	C:\Windows\System32\sechost.dll
0x00007ffac3c80000 - 0x00007ffac3da1000 	C:\Windows\System32\RPCRT4.dll
0x00007ffac10c0000 - 0x00007ffac110d000 	C:\Windows\SYSTEM32\POWRPROF.dll
0x00007ffaba1a0000 - 0x00007ffaba1d3000 	C:\Windows\SYSTEM32\WINMM.dll
0x00007ffab81a0000 - 0x00007ffab81aa000 	C:\Windows\SYSTEM32\VERSION.dll
0x00007ffaacd30000 - 0x00007ffaacd39000 	C:\Windows\SYSTEM32\WSOCK32.dll
0x00007ffac4620000 - 0x00007ffac468f000 	C:\Windows\System32\WS2_32.dll
0x00007ffac0fe0000 - 0x00007ffac0ff3000 	C:\Windows\SYSTEM32\UMPDC.dll
0x00007ffac1690000 - 0x00007ffac16a8000 	C:\Windows\SYSTEM32\kernel.appcore.dll
0x00007ffab6f60000 - 0x00007ffab6f6a000 	c:\Users\55119\.vscode\extensions\redhat.java-1.33.0-win32-x64\jre\17.0.11-win32-x86_64\bin\jimage.dll
0x00007ffabff00000 - 0x00007ffac0121000 	C:\Windows\SYSTEM32\DBGHELP.DLL
0x00007ffab7020000 - 0x00007ffab7051000 	C:\Windows\SYSTEM32\dbgcore.DLL
0x00007ffac2db0000 - 0x00007ffac2e2f000 	C:\Windows\System32\bcryptPrimitives.dll
0x00007ffa9fbb0000 - 0x00007ffa9fbd5000 	c:\Users\55119\.vscode\extensions\redhat.java-1.33.0-win32-x64\jre\17.0.11-win32-x86_64\bin\java.dll
0x00007ffaae410000 - 0x00007ffaae428000 	c:\Users\55119\.vscode\extensions\redhat.java-1.33.0-win32-x64\jre\17.0.11-win32-x86_64\bin\zip.dll
0x00007ffac4690000 - 0x00007ffac4e55000 	C:\Windows\System32\SHELL32.dll
0x00007ffac0600000 - 0x00007ffac0e62000 	C:\Windows\SYSTEM32\windows.storage.dll
0x00007ffac3450000 - 0x00007ffac37c6000 	C:\Windows\System32\combase.dll
0x00007ffac0490000 - 0x00007ffac05f7000 	C:\Windows\SYSTEM32\wintypes.dll
0x00007ffac4e60000 - 0x00007ffac4f4a000 	C:\Windows\System32\SHCORE.dll
0x00007ffac31d0000 - 0x00007ffac322d000 	C:\Windows\System32\shlwapi.dll
0x00007ffac2460000 - 0x00007ffac2485000 	C:\Windows\SYSTEM32\profapi.dll
0x00007ffa9fb90000 - 0x00007ffa9fba9000 	C:\Users\55119\.vscode\extensions\redhat.java-1.33.0-win32-x64\jre\17.0.11-win32-x86_64\bin\net.dll
0x00007ffabaec0000 - 0x00007ffabafd4000 	C:\Windows\SYSTEM32\WINHTTP.dll
0x00007ffac1b40000 - 0x00007ffac1ba7000 	C:\Windows\system32\mswsock.dll
0x00007ffa9cf50000 - 0x00007ffa9cf66000 	C:\Users\55119\.vscode\extensions\redhat.java-1.33.0-win32-x64\jre\17.0.11-win32-x86_64\bin\nio.dll
0x00007ffab66d0000 - 0x00007ffab66e0000 	c:\Users\55119\.vscode\extensions\redhat.java-1.33.0-win32-x64\jre\17.0.11-win32-x86_64\bin\verify.dll
0x00007ffac1d80000 - 0x00007ffac1d98000 	C:\Windows\SYSTEM32\CRYPTSP.dll
0x00007ffac15f0000 - 0x00007ffac1625000 	C:\Windows\system32\rsaenh.dll
0x00007ffac1c30000 - 0x00007ffac1c5c000 	C:\Windows\SYSTEM32\USERENV.dll
0x00007ffac1f00000 - 0x00007ffac1f27000 	C:\Windows\SYSTEM32\bcrypt.dll
0x00007ffac1da0000 - 0x00007ffac1dac000 	C:\Windows\SYSTEM32\CRYPTBASE.dll
0x00007ffac1240000 - 0x00007ffac126d000 	C:\Windows\SYSTEM32\IPHLPAPI.DLL
0x00007ffac4f50000 - 0x00007ffac4f59000 	C:\Windows\System32\NSI.dll
0x00007ffabae30000 - 0x00007ffabae49000 	C:\Windows\SYSTEM32\dhcpcsvc6.DLL
0x00007ffabb0e0000 - 0x00007ffabb0fe000 	C:\Windows\SYSTEM32\dhcpcsvc.DLL
0x00007ffac1270000 - 0x00007ffac1357000 	C:\Windows\SYSTEM32\DNSAPI.dll
0x00007ffaae480000 - 0x00007ffaae489000 	C:\Users\55119\.vscode\extensions\redhat.java-1.33.0-win32-x64\jre\17.0.11-win32-x86_64\bin\management.dll
0x00007ffa9fd20000 - 0x00007ffa9fd2b000 	C:\Users\55119\.vscode\extensions\redhat.java-1.33.0-win32-x64\jre\17.0.11-win32-x86_64\bin\management_ext.dll
0x00007ffac44c0000 - 0x00007ffac44c8000 	C:\Windows\System32\PSAPI.DLL
0x00007ffaaf180000 - 0x00007ffaaf18e000 	C:\Users\55119\.vscode\extensions\redhat.java-1.33.0-win32-x64\jre\17.0.11-win32-x86_64\bin\sunmscapi.dll
0x00007ffac28f0000 - 0x00007ffac2a52000 	C:\Windows\System32\CRYPT32.dll
0x00007ffac1ed0000 - 0x00007ffac1ef8000 	C:\Windows\SYSTEM32\ncrypt.dll
0x00007ffac1e90000 - 0x00007ffac1ec7000 	C:\Windows\SYSTEM32\NTASN1.dll
0x00007ffab70c0000 - 0x00007ffab70ca000 	C:\Windows\System32\rasadhlp.dll
0x00007ffab7a10000 - 0x00007ffab7a91000 	C:\Windows\System32\fwpuclnt.dll
0x00007ffa9fd00000 - 0x00007ffa9fd09000 	C:\Users\55119\.vscode\extensions\redhat.java-1.33.0-win32-x64\jre\17.0.11-win32-x86_64\bin\extnet.dll

dbghelp: loaded successfully - version: 4.0.5 - missing functions: none
symbol engine: initialized successfully - sym options: 0x614 - pdb path: .;c:\Users\55119\.vscode\extensions\redhat.java-1.33.0-win32-x64\jre\17.0.11-win32-x86_64\bin;C:\Windows\SYSTEM32;C:\Program Files\Avast Software\Avast;C:\Windows\WinSxS\amd64_microsoft.windows.common-controls_6595b64144ccf1df_6.0.22000.120_none_9d947278b86cc467;c:\Users\55119\.vscode\extensions\redhat.java-1.33.0-win32-x64\jre\17.0.11-win32-x86_64\bin\server

VM Arguments:
jvm_args: -Xmx1024m -Dsts.lsp.client=vscode -Dsts.log.file=/dev/null -XX:TieredStopAtLevel=1 -Xlog:jni+resolve=off -Dspring.config.location=file:c:\Users\55119\.vscode\extensions\vmware.vscode-spring-boot-1.56.0\language-server\BOOT-INF\classes\application.properties 
java_command: org.springframework.ide.vscode.boot.app.BootLanguageServerBootApp
java_class_path (initial): c:\Users\55119\.vscode\extensions\vmware.vscode-spring-boot-1.56.0\language-server\BOOT-INF\classes;c:\Users\55119\.vscode\extensions\vmware.vscode-spring-boot-1.56.0\language-server\BOOT-INF\lib\annotations-24.1.0.jar;c:\Users\55119\.vscode\extensions\vmware.vscode-spring-boot-1.56.0\language-server\BOOT-INF\lib\antlr4-runtime-4.13.1.jar;c:\Users\55119\.vscode\extensions\vmware.vscode-spring-boot-1.56.0\language-server\BOOT-INF\lib\asm-9.7.jar;c:\Users\55119\.vscode\extensions\vmware.vscode-spring-boot-1.56.0\language-server\BOOT-INF\lib\asm-analysis-9.7.jar;c:\Users\55119\.vscode\extensions\vmware.vscode-spring-boot-1.56.0\language-server\BOOT-INF\lib\asm-tree-9.7.jar;c:\Users\55119\.vscode\extensions\vmware.vscode-spring-boot-1.56.0\language-server\BOOT-INF\lib\asm-util-9.7.jar;c:\Users\55119\.vscode\extensions\vmware.vscode-spring-boot-1.56.0\language-server\BOOT-INF\lib\caffeine-3.1.8.jar;c:\Users\55119\.vscode\extensions\vmware.vscode-spring-boot-1.56.0\language-server\BOOT-INF\lib\checker-qual-3.12.0.jar;c:\Users\55119\.vscode\extensions\vmware.vscode-spring-boot-1.56.0\language-server\BOOT-INF\lib\classgraph-4.8.149.jar;c:\Users\55119\.vscode\extensions\vmware.vscode-spring-boot-1.56.0\language-server\BOOT-INF\lib\commons-codec-1.16.1.jar;c:\Users\55119\.vscode\extensions\vmware.vscode-spring-boot-1.56.0\language-server\BOOT-INF\lib\commons-compress-1.26.2.jar;c:\Users\55119\.vscode\extensions\vmware.vscode-spring-boot-1.56.0\language-server\BOOT-INF\lib\commons-io-2.16.1.jar;c:\Users\55119\.vscode\extensions\vmware.vscode-spring-boot-1.56.0\language-server\BOOT-INF\lib\commons-java-1.56.0-SNAPSHOT.jar;c:\Users\55119\.vscode\extensions\vmware.vscode-spring-boot-1.56.0\language-server\BOOT-INF\lib\commons-lang3-3.14.0.jar;c:\Users\55119\.vscode\extensions\vmware.vscode-spring-boot-1.56.0\language-server\BOOT-INF\lib\commons-language-server-1.56.0-SNAPSHOT.jar;c:\Users\55119\.vscode\extensions\vmware.vscode-spring-boot-1.56.0\langu
Launcher Type: SUN_STANDARD

[Global flags]
     intx CICompilerCount                          = 3                                         {product} {ergonomic}
     uint ConcGCThreads                            = 1                                         {product} {ergonomic}
     uint G1ConcRefinementThreads                  = 4                                         {product} {ergonomic}
   size_t G1HeapRegionSize                         = 1048576                                   {product} {ergonomic}
    uintx GCDrainStackTargetSize                   = 64                                        {product} {ergonomic}
   size_t InitialHeapSize                          = 65011712                                  {product} {ergonomic}
   size_t MarkStackSize                            = 4194304                                   {product} {ergonomic}
   size_t MaxHeapSize                              = 1073741824                                {product} {command line}
   size_t MaxNewSize                               = 643825664                                 {product} {ergonomic}
   size_t MinHeapDeltaBytes                        = 1048576                                   {product} {ergonomic}
   size_t MinHeapSize                              = 8388608                                   {product} {ergonomic}
    uintx NonProfiledCodeHeapSize                  = 0                                      {pd product} {ergonomic}
     bool ProfileInterpreter                       = false                                  {pd product} {command line}
    uintx ProfiledCodeHeapSize                     = 0                                      {pd product} {ergonomic}
   size_t SoftMaxHeapSize                          = 1073741824                             {manageable} {ergonomic}
     intx TieredStopAtLevel                        = 1                                         {product} {command line}
     bool UseCompressedClassPointers               = true                           {product lp64_product} {ergonomic}
     bool UseCompressedOops                        = true                           {product lp64_product} {ergonomic}
     bool UseG1GC                                  = true                                      {product} {ergonomic}
     bool UseLargePagesIndividualAllocation        = false                                  {pd product} {ergonomic}

Logging:
Log output configuration:
 #0: stdout all=warning,jni+resolve=off uptime,level,tags
 #1: stderr all=off uptime,level,tags

Environment Variables:
PATH=C:\Program Files\Common Files\Oracle\Java\javapath;C:\ProgramData\Oracle\Java\javapath;C:\Windows\system32;C:\Windows;C:\Windows\System32\Wbem;C:\Windows\System32\WindowsPowerShell\v1.0\;C:\Windows\System32\OpenSSH\;C:\Program Files\dotnet\;C:\Program Files\Git\cmd;C:\Program Files\PuTTY\;C:\Program Files\nodejs\;C:\php-8.2.20-nts-Win32-vs16-x64\;C:\composer;C:\Users\55119\AppData\Local\Microsoft\WindowsApps;C:\Users\55119\AppData\Local\Programs\Microsoft VS Code\bin;C:\Users\55119\AppData\Local\GitHubDesktop\bin;C:\Program Files\MySQL\MySQL Server 8.0\bin;C:\mongosh-1.8.2\bin;C:\Program Files\MongoDB\Server\6.0\bin;C:\Program Files (x86)\sqlite3;C:\Users\55119\AppData\Roaming\npm;C:\php-8.2.20-nts-Win32-vs16-x64\;C:\Users\55119\AppData\Roaming\Composer\vendor\bin
USERNAME=gabriel
OS=Windows_NT
PROCESSOR_IDENTIFIER=Intel64 Family 6 Model 140 Stepping 2, GenuineIntel
TMP=C:\Users\55119\AppData\Local\Temp
TEMP=C:\Users\55119\AppData\Local\Temp



Periodic native trim disabled


---------------  S Y S T E M  ---------------

OS:
 Windows 11 , 64 bit Build 22000 (10.0.22000.2538)
OS uptime: 0 days 9:51 hours

CPU: total 4 (initial active 4) (2 cores per cpu, 2 threads per core) family 6 model 140 stepping 2 microcode 0x26, cx8, cmov, fxsr, ht, mmx, 3dnowpref, sse, sse2, sse3, ssse3, sse4.1, sse4.2, popcnt, lzcnt, tsc, tscinvbit, avx, avx2, aes, erms, clmul, bmi1, bmi2, adx, avx512f, avx512dq, avx512cd, avx512bw, avx512vl, sha, fma, vzeroupper, avx512_vpopcntdq, avx512_vpclmulqdq, avx512_vaes, avx512_vnni, clflush, clflushopt, clwb, avx512_vbmi2, avx512_vbmi
Processor Information for all 4 processors :
  Max Mhz: 2995, Current Mhz: 2995, Mhz Limit: 2995

Memory: 4k page, system-wide physical 3879M (33M free)
TotalPageFile size 15655M (AvailPageFile size 6M)
current process WorkingSet (physical memory assigned to process): 6M, peak: 253M
current process commit charge ("private bytes"): 272M, peak: 301M

vm_info: OpenJDK 64-Bit Server VM (17.0.11+9) for windows-amd64 JRE (17.0.11+9), built on Apr 17 2024 06:07:48 by "admin" with MS VC++ 16.10 / 16.11 (VS2019)

END.
