#
# There is insufficient memory for the Java Runtime Environment to continue.
# Native memory allocation (mmap) failed to map 65011712 bytes for G1 virtual space
# Possible reasons:
#   The system is out of physical RAM or swap space
#   The process is running with CompressedOops enabled, and the Java Heap may be blocking the growth of the native heap
# Possible solutions:
#   Reduce memory load on the system
#   Increase physical memory or swap space
#   Check if swap backing store is full
#   Decrease Java heap size (-Xmx/-Xms)
#   Decrease number of Java threads
#   Decrease Java thread stack sizes (-Xss)
#   Set larger code cache with -XX:ReservedCodeCacheSize=
#   JVM is running with Unscaled Compressed Oops mode in which the Java heap is
#     placed in the first 4GB address space. The Java Heap base address is the
#     maximum limit for the native heap growth. Please use -XX:HeapBaseMinAddress
#     to set the Java Heap base and to place the Java Heap above 4GB virtual address.
# This output file may be truncated or incomplete.
#
#  Out of Memory Error (os_windows.cpp:3550), pid=25056, tid=23792
#
# JRE version:  (17.0.7+8) (build )
# Java VM: Java HotSpot(TM) 64-Bit Server VM (17.0.7+8-LTS-224, mixed mode, sharing, tiered, compressed oops, compressed class ptrs, g1 gc, windows-amd64)
# No core dump will be written. Minidumps are not enabled by default on client versions of Windows
#

---------------  S U M M A R Y ------------

Command Line: -XX:+ShowCodeDetailsInExceptionMessages lacopet.demo.DemoApplication

Host: 11th Gen Intel(R) Core(TM) i3-1115G4 @ 3.00GHz, 4 cores, 3G,  Windows 11 , 64 bit Build 22000 (10.0.22000.2538)
Time: Tue Aug 20 20:11:22 2024 Hora oficial do Brasil elapsed time: 0.160921 seconds (0d 0h 0m 0s)

---------------  T H R E A D  ---------------

Current thread (0x0000020004668eb0):  JavaThread "Unknown thread" [_thread_in_vm, id=23792, stack(0x000000f725000000,0x000000f725100000)]

Stack: [0x000000f725000000,0x000000f725100000]
Native frames: (J=compiled Java code, j=interpreted, Vv=VM code, C=native code)
V  [jvm.dll+0x676a4a]
V  [jvm.dll+0x7d74f4]
V  [jvm.dll+0x7d8c9e]
V  [jvm.dll+0x7d9303]
V  [jvm.dll+0x2452c5]
V  [jvm.dll+0x6738f9]
V  [jvm.dll+0x668232]
V  [jvm.dll+0x302826]
V  [jvm.dll+0x309da6]
V  [jvm.dll+0x35952e]
V  [jvm.dll+0x35975f]
V  [jvm.dll+0x2d9a38]
V  [jvm.dll+0x2da9a4]
V  [jvm.dll+0x7a8fb1]
V  [jvm.dll+0x3670e1]
V  [jvm.dll+0x788359]
V  [jvm.dll+0x3ea5ef]
V  [jvm.dll+0x3ec071]
C  [jli.dll+0x5297]
C  [ucrtbase.dll+0x26c0c]
C  [KERNEL32.DLL+0x153e0]
C  [ntdll.dll+0x485b]


---------------  P R O C E S S  ---------------

Threads class SMR info:
_java_thread_list=0x00007ffc7a1d4998, length=0, elements={
}

Java Threads: ( => current thread )

Other Threads:
  0x00000200046acdb0 GCTaskThread "GC Thread#0" [stack: 0x000000f725100000,0x000000f725200000] [id=14968]
  0x00000200046b5ea0 ConcurrentGCThread "G1 Main Marker" [stack: 0x000000f725200000,0x000000f725300000] [id=26888]
  0x00000200046b68b0 ConcurrentGCThread "G1 Conc#0" [stack: 0x000000f725300000,0x000000f725400000] [id=2592]

[error occurred during error reporting (printing all threads), id 0xc0000005, EXCEPTION_ACCESS_VIOLATION (0xc0000005) at pc=0x00007ffc79a0a697]

VM state: not at safepoint (not fully initialized)

VM Mutex/Monitor currently owned by a thread:  ([mutex/lock_event])
[0x00000200046643f0] Heap_lock - owner thread: 0x0000020004668eb0

Heap address: 0x00000000c3600000, size: 970 MB, Compressed Oops mode: 32-bit

CDS archive(s) mapped at: [0x0000000000000000-0x0000000000000000-0x0000000000000000), size 0, SharedBaseAddress: 0x0000000800000000, ArchiveRelocationMode: 0.
Narrow klass base: 0x0000000000000000, Narrow klass shift: 0, Narrow klass range: 0x0

GC Precious Log:
<Empty>

Heap:
 garbage-first heap   total 0K, used 0K [0x00000000c3600000, 0x0000000100000000)
  region size 1024K, 0 young (0K), 0 survivors (0K)

[error occurred during error reporting (printing heap information), id 0xc0000005, EXCEPTION_ACCESS_VIOLATION (0xc0000005) at pc=0x00007ffc79df00b9]

GC Heap History (0 events):
No events

Deoptimization events (0 events):
No events

Classes unloaded (0 events):
No events

Classes redefined (0 events):
No events

Internal exceptions (0 events):
No events

VM Operations (0 events):
No events

Events (1 events):
Event: 0.115 Loaded shared library C:\Program Files\Java\jdk-17\bin\java.dll


Dynamic libraries:
0x00007ff778020000 - 0x00007ff778030000 	C:\Program Files\Java\jdk-17\bin\java.exe
0x00007ffd3e000000 - 0x00007ffd3e209000 	C:\Windows\SYSTEM32\ntdll.dll
0x00007ffceafa0000 - 0x00007ffceafba000 	C:\Program Files\Avast Software\Avast\aswhook.dll
0x00007ffd3cf90000 - 0x00007ffd3d04d000 	C:\Windows\System32\KERNEL32.DLL
0x00007ffd3b7c0000 - 0x00007ffd3bb44000 	C:\Windows\System32\KERNELBASE.dll
0x00007ffd3bb50000 - 0x00007ffd3bc61000 	C:\Windows\System32\ucrtbase.dll
0x00007ffcf2a90000 - 0x00007ffcf2aab000 	C:\Program Files\Java\jdk-17\bin\VCRUNTIME140.dll
0x00007ffcebe40000 - 0x00007ffcebe59000 	C:\Program Files\Java\jdk-17\bin\jli.dll
0x00007ffd3c540000 - 0x00007ffd3c5ee000 	C:\Windows\System32\ADVAPI32.dll
0x00007ffd3d960000 - 0x00007ffd3da03000 	C:\Windows\System32\msvcrt.dll
0x00007ffd3de30000 - 0x00007ffd3dece000 	C:\Windows\System32\sechost.dll
0x00007ffd3dd00000 - 0x00007ffd3de21000 	C:\Windows\System32\RPCRT4.dll
0x00007ffd3c5f0000 - 0x00007ffd3c79d000 	C:\Windows\System32\USER32.dll
0x00007ffd3b670000 - 0x00007ffd3b696000 	C:\Windows\System32\win32u.dll
0x00007ffd3c3b0000 - 0x00007ffd3c3da000 	C:\Windows\System32\GDI32.dll
0x00007ffd27460000 - 0x00007ffd27705000 	C:\Windows\WinSxS\amd64_microsoft.windows.common-controls_6595b64144ccf1df_6.0.22000.120_none_9d947278b86cc467\COMCTL32.dll
0x00007ffd3bd30000 - 0x00007ffd3be4e000 	C:\Windows\System32\gdi32full.dll
0x00007ffd3b6a0000 - 0x00007ffd3b73d000 	C:\Windows\System32\msvcp_win.dll
0x00007ffd32dd0000 - 0x00007ffd32dda000 	C:\Windows\SYSTEM32\VERSION.dll
0x00007ffd3c370000 - 0x00007ffd3c3a1000 	C:\Windows\System32\IMM32.DLL
0x00007ffcfd5b0000 - 0x00007ffcfd5bc000 	C:\Program Files\Java\jdk-17\bin\vcruntime140_1.dll
0x00007ffcca480000 - 0x00007ffcca50e000 	C:\Program Files\Java\jdk-17\bin\msvcp140.dll
0x00007ffc79720000 - 0x00007ffc7a2fd000 	C:\Program Files\Java\jdk-17\bin\server\jvm.dll
0x00007ffd3da80000 - 0x00007ffd3da88000 	C:\Windows\System32\PSAPI.DLL
0x00007ffd314a0000 - 0x00007ffd314d3000 	C:\Windows\SYSTEM32\WINMM.dll
0x00007ffd25ec0000 - 0x00007ffd25ec9000 	C:\Windows\SYSTEM32\WSOCK32.dll
0x00007ffd3cf20000 - 0x00007ffd3cf8f000 	C:\Windows\System32\ws2_32.DLL
0x00007ffd3a5f0000 - 0x00007ffd3a608000 	C:\Windows\SYSTEM32\kernel.appcore.dll
0x00007ffcfbcf0000 - 0x00007ffcfbcfa000 	C:\Program Files\Java\jdk-17\bin\jimage.dll
0x00007ffd38810000 - 0x00007ffd38a31000 	C:\Windows\SYSTEM32\DBGHELP.DLL
0x00007ffd2b8f0000 - 0x00007ffd2b921000 	C:\Windows\SYSTEM32\dbgcore.DLL
0x00007ffd3b740000 - 0x00007ffd3b7bf000 	C:\Windows\System32\bcryptPrimitives.dll
0x00007ffccdb00000 - 0x00007ffccdb25000 	C:\Program Files\Java\jdk-17\bin\java.dll

dbghelp: loaded successfully - version: 4.0.5 - missing functions: none
symbol engine: initialized successfully - sym options: 0x614 - pdb path: .;C:\Program Files\Java\jdk-17\bin;C:\Windows\SYSTEM32;C:\Program Files\Avast Software\Avast;C:\Windows\WinSxS\amd64_microsoft.windows.common-controls_6595b64144ccf1df_6.0.22000.120_none_9d947278b86cc467;C:\Program Files\Java\jdk-17\bin\server

VM Arguments:
jvm_args: -XX:+ShowCodeDetailsInExceptionMessages 
java_command: lacopet.demo.DemoApplication
java_class_path (initial): C:\Users\55119\Music\Projeto-tcc\Server\demo\target\classes;C:\Users\55119\.m2\repository\org\springframework\boot\spring-boot-starter-mail\3.3.2\spring-boot-starter-mail-3.3.2.jar;C:\Users\55119\.m2\repository\org\springframework\boot\spring-boot-starter\3.3.2\spring-boot-starter-3.3.2.jar;C:\Users\55119\.m2\repository\org\springframework\boot\spring-boot\3.3.2\spring-boot-3.3.2.jar;C:\Users\55119\.m2\repository\org\springframework\boot\spring-boot-autoconfigure\3.3.2\spring-boot-autoconfigure-3.3.2.jar;C:\Users\55119\.m2\repository\org\springframework\boot\spring-boot-starter-logging\3.3.2\spring-boot-starter-logging-3.3.2.jar;C:\Users\55119\.m2\repository\ch\qos\logback\logback-classic\1.5.6\logback-classic-1.5.6.jar;C:\Users\55119\.m2\repository\ch\qos\logback\logback-core\1.5.6\logback-core-1.5.6.jar;C:\Users\55119\.m2\repository\org\apache\logging\log4j\log4j-to-slf4j\2.23.1\log4j-to-slf4j-2.23.1.jar;C:\Users\55119\.m2\repository\org\apache\logging\log4j\log4j-api\2.23.1\log4j-api-2.23.1.jar;C:\Users\55119\.m2\repository\org\slf4j\jul-to-slf4j\2.0.13\jul-to-slf4j-2.0.13.jar;C:\Users\55119\.m2\repository\jakarta\annotation\jakarta.annotation-api\2.1.1\jakarta.annotation-api-2.1.1.jar;C:\Users\55119\.m2\repository\org\yaml\snakeyaml\2.2\snakeyaml-2.2.jar;C:\Users\55119\.m2\repository\org\springframework\spring-context-support\6.1.11\spring-context-support-6.1.11.jar;C:\Users\55119\.m2\repository\org\springframework\spring-beans\6.1.11\spring-beans-6.1.11.jar;C:\Users\55119\.m2\repository\org\springframework\spring-context\6.1.11\spring-context-6.1.11.jar;C:\Users\55119\.m2\repository\org\eclipse\angus\jakarta.mail\2.0.3\jakarta.mail-2.0.3.jar;C:\Users\55119\.m2\repository\jakarta\activation\jakarta.activation-api\2.1.3\jakarta.activation-api-2.1.3.jar;C:\Users\55119\.m2\repository\org\eclipse\angus\angus-activation\2.0.2\angus-activation-2.0.2.jar;C:\Users\55119\.m2\repository\org\springframework\boot\spring-boot-starter-web\3.3.2\sp
Launcher Type: SUN_STANDARD

[Global flags]
     intx CICompilerCount                          = 3                                         {product} {ergonomic}
     uint ConcGCThreads                            = 1                                         {product} {ergonomic}
     uint G1ConcRefinementThreads                  = 4                                         {product} {ergonomic}
   size_t G1HeapRegionSize                         = 1048576                                   {product} {ergonomic}
    uintx GCDrainStackTargetSize                   = 64                                        {product} {ergonomic}
   size_t InitialHeapSize                          = 65011712                                  {product} {ergonomic}
   size_t MarkStackSize                            = 4194304                                   {product} {ergonomic}
   size_t MaxHeapSize                              = 1017118720                                {product} {ergonomic}
   size_t MinHeapDeltaBytes                        = 1048576                                   {product} {ergonomic}
   size_t MinHeapSize                              = 8388608                                   {product} {ergonomic}
    uintx NonNMethodCodeHeapSize                   = 5832780                                {pd product} {ergonomic}
    uintx NonProfiledCodeHeapSize                  = 122912730                              {pd product} {ergonomic}
    uintx ProfiledCodeHeapSize                     = 122912730                              {pd product} {ergonomic}
    uintx ReservedCodeCacheSize                    = 251658240                              {pd product} {ergonomic}
     bool SegmentedCodeCache                       = true                                      {product} {ergonomic}
     bool ShowCodeDetailsInExceptionMessages       = true                                   {manageable} {command line}
   size_t SoftMaxHeapSize                          = 1017118720                             {manageable} {ergonomic}
     bool UseCompressedClassPointers               = true                           {product lp64_product} {ergonomic}
     bool UseCompressedOops                        = true                           {product lp64_product} {ergonomic}
     bool UseG1GC                                  = true                                      {product} {ergonomic}
     bool UseLargePagesIndividualAllocation        = false                                  {pd product} {ergonomic}

Logging:
Log output configuration:
 #0: stdout all=warning uptime,level,tags
 #1: stderr all=off uptime,level,tags

Environment Variables:
PATH=C:\Program Files\Common Files\Oracle\Java\javapath;C:\ProgramData\Oracle\Java\javapath;C:\Windows\system32;C:\Windows;C:\Windows\System32\Wbem;C:\Windows\System32\WindowsPowerShell\v1.0\;C:\Windows\System32\OpenSSH\;C:\Program Files\dotnet\;C:\Program Files\Git\cmd;C:\Program Files\PuTTY\;C:\Program Files\nodejs\;C:\php-8.2.20-nts-Win32-vs16-x64\;C:\composer;C:\Users\55119\AppData\Local\Microsoft\WindowsApps;C:\Users\55119\AppData\Local\Programs\Microsoft VS Code\bin;C:\Users\55119\AppData\Local\GitHubDesktop\bin;C:\Program Files\MySQL\MySQL Server 8.0\bin;C:\mongosh-1.8.2\bin;C:\Program Files\MongoDB\Server\6.0\bin;C:\Program Files (x86)\sqlite3;C:\Users\55119\AppData\Roaming\npm;C:\php-8.2.20-nts-Win32-vs16-x64\;C:\Users\55119\AppData\Roaming\Composer\vendor\bin
USERNAME=gabriel
LANG=pt_BR.UTF-8
OS=Windows_NT
PROCESSOR_IDENTIFIER=Intel64 Family 6 Model 140 Stepping 2, GenuineIntel



---------------  S Y S T E M  ---------------

OS:
 Windows 11 , 64 bit Build 22000 (10.0.22000.2538)
OS uptime: 0 days 2:49 hours

CPU: total 4 (initial active 4) (2 cores per cpu, 2 threads per core) family 6 model 140 stepping 2 microcode 0x26, cx8, cmov, fxsr, ht, mmx, 3dnowpref, sse, sse2, sse3, ssse3, sse4.1, sse4.2, popcnt, lzcnt, tsc, tscinvbit, avx, avx2, aes, erms, clmul, bmi1, bmi2, adx, avx512f, avx512dq, avx512cd, avx512bw, avx512vl, sha, fma, vzeroupper, avx512_vpopcntdq, avx512_vpclmulqdq, avx512_vaes, avx512_vnni, clflush, clflushopt, clwb, avx512_vbmi2, avx512_vbmi

Memory: 4k page, system-wide physical 3879M (59M free)
TotalPageFile size 15655M (AvailPageFile size 44M)
current process WorkingSet (physical memory assigned to process): 10M, peak: 10M
current process commit charge ("private bytes"): 51M, peak: 113M

vm_info: Java HotSpot(TM) 64-Bit Server VM (17.0.7+8-LTS-224) for windows-amd64 JRE (17.0.7+8-LTS-224), built on Feb 28 2023 23:03:02 by "mach5one" with MS VC++ 17.1 (VS2022)

END.
